[0.085s] Invoking command in '/home/bilal/trail_tracer/build/nav2_common': CMAKE_PREFIX_PATH=${CMAKE_PREFIX_PATH}:/home/bilal/trail_tracer/install/web_gui:/home/bilal/trail_tracer/install/nav2_simple_commander:/home/bilal/learn_ros2_ws/install/web_gui:/home/bilal/learn_ros2_ws/install/nav2_simple_commander:/home/bilal/ros2_ws/install/web_gui:/home/bilal/ros2_ws/install/opencv_tools:/home/bilal/ros2_ws/install/biy1_ros360_py:/opt/ros/humble /usr/bin/cmake --build /home/bilal/trail_tracer/build/nav2_common -- -j12 -l12
[0.243s] Built target ament_cmake_python_copy_nav2_common
[0.643s] running egg_info
[0.644s] writing nav2_common.egg-info/PKG-INFO
[0.644s] writing dependency_links to nav2_common.egg-info/dependency_links.txt
[0.644s] writing top-level names to nav2_common.egg-info/top_level.txt
[0.648s] reading manifest file 'nav2_common.egg-info/SOURCES.txt'
[0.649s] writing manifest file 'nav2_common.egg-info/SOURCES.txt'
[0.689s] Built target ament_cmake_python_build_nav2_common_egg
[0.737s] Invoked command in '/home/bilal/trail_tracer/build/nav2_common' returned '0': CMAKE_PREFIX_PATH=${CMAKE_PREFIX_PATH}:/home/bilal/trail_tracer/install/web_gui:/home/bilal/trail_tracer/install/nav2_simple_commander:/home/bilal/learn_ros2_ws/install/web_gui:/home/bilal/learn_ros2_ws/install/nav2_simple_commander:/home/bilal/ros2_ws/install/web_gui:/home/bilal/ros2_ws/install/opencv_tools:/home/bilal/ros2_ws/install/biy1_ros360_py:/opt/ros/humble /usr/bin/cmake --build /home/bilal/trail_tracer/build/nav2_common -- -j12 -l12
[0.815s] Invoking command in '/home/bilal/trail_tracer/build/nav2_common': CMAKE_PREFIX_PATH=${CMAKE_PREFIX_PATH}:/home/bilal/trail_tracer/install/web_gui:/home/bilal/trail_tracer/install/nav2_simple_commander:/home/bilal/learn_ros2_ws/install/web_gui:/home/bilal/learn_ros2_ws/install/nav2_simple_commander:/home/bilal/ros2_ws/install/web_gui:/home/bilal/ros2_ws/install/opencv_tools:/home/bilal/ros2_ws/install/biy1_ros360_py:/opt/ros/humble /usr/bin/cmake --install /home/bilal/trail_tracer/build/nav2_common
[0.838s] -- Install configuration: ""
[0.838s] -- Up-to-date: /home/bilal/trail_tracer/install/nav2_common/share/nav2_common/environment/pythonpath.sh
[0.838s] -- Up-to-date: /home/bilal/trail_tracer/install/nav2_common/share/nav2_common/environment/pythonpath.dsv
[0.838s] -- Up-to-date: /home/bilal/trail_tracer/install/nav2_common/local/lib/python3.10/dist-packages/nav2_common-1.1.13-py3.10.egg-info
[0.839s] -- Installing: /home/bilal/trail_tracer/install/nav2_common/local/lib/python3.10/dist-packages/nav2_common-1.1.13-py3.10.egg-info/PKG-INFO
[0.839s] -- Installing: /home/bilal/trail_tracer/install/nav2_common/local/lib/python3.10/dist-packages/nav2_common-1.1.13-py3.10.egg-info/top_level.txt
[0.839s] -- Installing: /home/bilal/trail_tracer/install/nav2_common/local/lib/python3.10/dist-packages/nav2_common-1.1.13-py3.10.egg-info/dependency_links.txt
[0.839s] -- Installing: /home/bilal/trail_tracer/install/nav2_common/local/lib/python3.10/dist-packages/nav2_common-1.1.13-py3.10.egg-info/SOURCES.txt
[0.839s] -- Up-to-date: /home/bilal/trail_tracer/install/nav2_common/local/lib/python3.10/dist-packages/nav2_common
[0.839s] -- Up-to-date: /home/bilal/trail_tracer/install/nav2_common/local/lib/python3.10/dist-packages/nav2_common/__init__.py
[0.840s] -- Up-to-date: /home/bilal/trail_tracer/install/nav2_common/local/lib/python3.10/dist-packages/nav2_common/launch
[0.840s] -- Up-to-date: /home/bilal/trail_tracer/install/nav2_common/local/lib/python3.10/dist-packages/nav2_common/launch/parse_multirobot_pose.py
[0.840s] -- Up-to-date: /home/bilal/trail_tracer/install/nav2_common/local/lib/python3.10/dist-packages/nav2_common/launch/has_node_params.py
[0.840s] -- Up-to-date: /home/bilal/trail_tracer/install/nav2_common/local/lib/python3.10/dist-packages/nav2_common/launch/rewritten_yaml.py
[0.840s] -- Up-to-date: /home/bilal/trail_tracer/install/nav2_common/local/lib/python3.10/dist-packages/nav2_common/launch/__init__.py
[0.840s] -- Up-to-date: /home/bilal/trail_tracer/install/nav2_common/local/lib/python3.10/dist-packages/nav2_common/launch/replace_string.py
[0.885s] Listing '/home/bilal/trail_tracer/install/nav2_common/local/lib/python3.10/dist-packages/nav2_common'...
[0.885s] Listing '/home/bilal/trail_tracer/install/nav2_common/local/lib/python3.10/dist-packages/nav2_common/launch'...
[0.889s] -- Up-to-date: /home/bilal/trail_tracer/install/nav2_common/share/ament_index/resource_index/package_run_dependencies/nav2_common
[0.890s] -- Up-to-date: /home/bilal/trail_tracer/install/nav2_common/share/ament_index/resource_index/parent_prefix_path/nav2_common
[0.890s] -- Up-to-date: /home/bilal/trail_tracer/install/nav2_common/share/nav2_common/environment/ament_prefix_path.sh
[0.890s] -- Up-to-date: /home/bilal/trail_tracer/install/nav2_common/share/nav2_common/environment/ament_prefix_path.dsv
[0.890s] -- Up-to-date: /home/bilal/trail_tracer/install/nav2_common/share/nav2_common/environment/path.sh
[0.890s] -- Up-to-date: /home/bilal/trail_tracer/install/nav2_common/share/nav2_common/environment/path.dsv
[0.890s] -- Up-to-date: /home/bilal/trail_tracer/install/nav2_common/share/nav2_common/local_setup.bash
[0.890s] -- Up-to-date: /home/bilal/trail_tracer/install/nav2_common/share/nav2_common/local_setup.sh
[0.890s] -- Up-to-date: /home/bilal/trail_tracer/install/nav2_common/share/nav2_common/local_setup.zsh
[0.890s] -- Up-to-date: /home/bilal/trail_tracer/install/nav2_common/share/nav2_common/local_setup.dsv
[0.890s] -- Installing: /home/bilal/trail_tracer/install/nav2_common/share/nav2_common/package.dsv
[0.891s] -- Up-to-date: /home/bilal/trail_tracer/install/nav2_common/share/ament_index/resource_index/packages/nav2_common
[0.891s] -- Up-to-date: /home/bilal/trail_tracer/install/nav2_common/share/nav2_common/cmake/nav2_common-extras.cmake
[0.891s] -- Up-to-date: /home/bilal/trail_tracer/install/nav2_common/share/nav2_common/cmake/nav2_commonConfig.cmake
[0.891s] -- Up-to-date: /home/bilal/trail_tracer/install/nav2_common/share/nav2_common/cmake/nav2_commonConfig-version.cmake
[0.891s] -- Up-to-date: /home/bilal/trail_tracer/install/nav2_common/share/nav2_common/package.xml
[0.891s] -- Up-to-date: /home/bilal/trail_tracer/install/nav2_common/share/nav2_common/cmake
[0.891s] -- Up-to-date: /home/bilal/trail_tracer/install/nav2_common/share/nav2_common/cmake/nav2_package.cmake
[0.893s] Invoked command in '/home/bilal/trail_tracer/build/nav2_common' returned '0': CMAKE_PREFIX_PATH=${CMAKE_PREFIX_PATH}:/home/bilal/trail_tracer/install/web_gui:/home/bilal/trail_tracer/install/nav2_simple_commander:/home/bilal/learn_ros2_ws/install/web_gui:/home/bilal/learn_ros2_ws/install/nav2_simple_commander:/home/bilal/ros2_ws/install/web_gui:/home/bilal/ros2_ws/install/opencv_tools:/home/bilal/ros2_ws/install/biy1_ros360_py:/opt/ros/humble /usr/bin/cmake --install /home/bilal/trail_tracer/build/nav2_common
