-- Install configuration: ""
-- Up-to-date: /home/bilal/trail_tracer/install/argo_sim/share/argo_sim/description
-- Up-to-date: /home/bilal/trail_tracer/install/argo_sim/share/argo_sim/description/urdf
-- Up-to-date: /home/bilal/trail_tracer/install/argo_sim/share/argo_sim/description/urdf/argo.urdf.xacro
-- Up-to-date: /home/bilal/trail_tracer/install/argo_sim/share/argo_sim/launch
-- Up-to-date: /home/bilal/trail_tracer/install/argo_sim/share/argo_sim/launch/argo.launch.py
-- Up-to-date: /home/bilal/trail_tracer/install/argo_sim/share/argo_sim/launch/rtabmap.launch
-- Up-to-date: /home/bilal/trail_tracer/install/argo_sim/share/argo_sim/launch/navsat_tranform.launch.py
-- Up-to-date: /home/bilal/trail_tracer/install/argo_sim/share/argo_sim/launch/gazebo.launch.py
-- Up-to-date: /home/bilal/trail_tracer/install/argo_sim/share/argo_sim/launch/argo_sim.rviz
-- Up-to-date: /home/bilal/trail_tracer/install/argo_sim/share/argo_sim/launch/display.launch
-- Up-to-date: /home/bilal/trail_tracer/install/argo_sim/share/argo_sim/launch/navsat.launch
-- Up-to-date: /home/bilal/trail_tracer/install/argo_sim/share/argo_sim/config
-- Installing: /home/bilal/trail_tracer/install/argo_sim/share/argo_sim/config/nav2_teb_planner_params.yaml
-- Installing: /home/bilal/trail_tracer/install/argo_sim/share/argo_sim/config/laser_filter_config.yaml
-- Installing: /home/bilal/trail_tracer/install/argo_sim/share/argo_sim/config/global_costmap_params.yaml
-- Installing: /home/bilal/trail_tracer/install/argo_sim/share/argo_sim/config/local_costmap_params.yaml
-- Up-to-date: /home/bilal/trail_tracer/install/argo_sim/share/argo_sim/config/nav2
-- Up-to-date: /home/bilal/trail_tracer/install/argo_sim/share/argo_sim/config/nav2/global_costmap_params.yaml
-- Up-to-date: /home/bilal/trail_tracer/install/argo_sim/share/argo_sim/config/nav2/nav2_params.yaml
-- Installing: /home/bilal/trail_tracer/install/argo_sim/share/argo_sim/config/base_local_planner_params.yaml
-- Installing: /home/bilal/trail_tracer/install/argo_sim/share/argo_sim/config/costmap_common_params.yaml
-- Up-to-date: /home/bilal/trail_tracer/install/argo_sim/share/argo_sim/config/blank_map.png
-- Up-to-date: /home/bilal/trail_tracer/install/argo_sim/share/argo_sim/maps
-- Installing: /home/bilal/trail_tracer/install/argo_sim/share/argo_sim/maps/blankMap.pgm
-- Installing: /home/bilal/trail_tracer/install/argo_sim/share/argo_sim/maps/dummy_map.yaml
-- Up-to-date: /home/bilal/trail_tracer/install/argo_sim/share/argo_sim/gazebo
-- Up-to-date: /home/bilal/trail_tracer/install/argo_sim/share/argo_sim/gazebo/materials
-- Up-to-date: /home/bilal/trail_tracer/install/argo_sim/share/argo_sim/gazebo/materials/scripts
-- Up-to-date: /home/bilal/trail_tracer/install/argo_sim/share/argo_sim/gazebo/materials/scripts/grass.material
-- Up-to-date: /home/bilal/trail_tracer/install/argo_sim/share/argo_sim/gazebo/materials/scripts/mud.material
-- Up-to-date: /home/bilal/trail_tracer/install/argo_sim/share/argo_sim/gazebo/materials/scripts/bark.material
-- Up-to-date: /home/bilal/trail_tracer/install/argo_sim/share/argo_sim/gazebo/materials/textures
-- Up-to-date: /home/bilal/trail_tracer/install/argo_sim/share/argo_sim/gazebo/materials/textures/roadsHeightmap.png
-- Up-to-date: /home/bilal/trail_tracer/install/argo_sim/share/argo_sim/gazebo/materials/textures/roadsHeightmap.xcf
-- Up-to-date: /home/bilal/trail_tracer/install/argo_sim/share/argo_sim/gazebo/materials/textures/sand.jpg
-- Up-to-date: /home/bilal/trail_tracer/install/argo_sim/share/argo_sim/gazebo/materials/textures/bark.png
-- Up-to-date: /home/bilal/trail_tracer/install/argo_sim/share/argo_sim/gazebo/materials/textures/grass.png
-- Up-to-date: /home/bilal/trail_tracer/install/argo_sim/share/argo_sim/gazebo/materials/textures/mud_soft_leaves.png
-- Up-to-date: /home/bilal/trail_tracer/install/argo_sim/share/argo_sim/gazebo/worlds
-- Up-to-date: /home/bilal/trail_tracer/install/argo_sim/share/argo_sim/gazebo/worlds/bridge.world
-- Up-to-date: /home/bilal/trail_tracer/install/argo_sim/share/argo_sim/gazebo/worlds/roadWorld.xml
-- Up-to-date: /home/bilal/trail_tracer/install/argo_sim/share/argo_sim/materials
-- Up-to-date: /home/bilal/trail_tracer/install/argo_sim/share/argo_sim/materials/scripts
-- Up-to-date: /home/bilal/trail_tracer/install/argo_sim/share/argo_sim/materials/scripts/grass.material
-- Up-to-date: /home/bilal/trail_tracer/install/argo_sim/share/argo_sim/materials/scripts/mud.material
-- Up-to-date: /home/bilal/trail_tracer/install/argo_sim/share/argo_sim/materials/scripts/bark.material
-- Up-to-date: /home/bilal/trail_tracer/install/argo_sim/share/argo_sim/materials/textures
-- Up-to-date: /home/bilal/trail_tracer/install/argo_sim/share/argo_sim/materials/textures/roadsHeightmap.png
-- Up-to-date: /home/bilal/trail_tracer/install/argo_sim/share/argo_sim/materials/textures/roadsHeightmap.xcf
-- Up-to-date: /home/bilal/trail_tracer/install/argo_sim/share/argo_sim/materials/textures/sand.jpg
-- Up-to-date: /home/bilal/trail_tracer/install/argo_sim/share/argo_sim/materials/textures/bark.png
-- Up-to-date: /home/bilal/trail_tracer/install/argo_sim/share/argo_sim/materials/textures/grass.png
-- Up-to-date: /home/bilal/trail_tracer/install/argo_sim/share/argo_sim/materials/textures/mud_soft_leaves.png
-- Up-to-date: /home/bilal/trail_tracer/install/argo_sim/share/argo_sim/worlds
-- Up-to-date: /home/bilal/trail_tracer/install/argo_sim/share/argo_sim/worlds/bridge.world
-- Up-to-date: /home/bilal/trail_tracer/install/argo_sim/share/argo_sim/worlds/roadWorld.xml
-- Up-to-date: /home/bilal/trail_tracer/install/argo_sim/share/ament_index/resource_index/package_run_dependencies/argo_sim
-- Up-to-date: /home/bilal/trail_tracer/install/argo_sim/share/ament_index/resource_index/parent_prefix_path/argo_sim
-- Up-to-date: /home/bilal/trail_tracer/install/argo_sim/share/argo_sim/environment/ament_prefix_path.sh
-- Up-to-date: /home/bilal/trail_tracer/install/argo_sim/share/argo_sim/environment/ament_prefix_path.dsv
-- Up-to-date: /home/bilal/trail_tracer/install/argo_sim/share/argo_sim/environment/path.sh
-- Up-to-date: /home/bilal/trail_tracer/install/argo_sim/share/argo_sim/environment/path.dsv
-- Up-to-date: /home/bilal/trail_tracer/install/argo_sim/share/argo_sim/local_setup.bash
-- Up-to-date: /home/bilal/trail_tracer/install/argo_sim/share/argo_sim/local_setup.sh
-- Up-to-date: /home/bilal/trail_tracer/install/argo_sim/share/argo_sim/local_setup.zsh
-- Up-to-date: /home/bilal/trail_tracer/install/argo_sim/share/argo_sim/local_setup.dsv
-- Installing: /home/bilal/trail_tracer/install/argo_sim/share/argo_sim/package.dsv
-- Up-to-date: /home/bilal/trail_tracer/install/argo_sim/share/ament_index/resource_index/packages/argo_sim
-- Up-to-date: /home/bilal/trail_tracer/install/argo_sim/share/argo_sim/cmake/argo_simConfig.cmake
-- Up-to-date: /home/bilal/trail_tracer/install/argo_sim/share/argo_sim/cmake/argo_simConfig-version.cmake
-- Up-to-date: /home/bilal/trail_tracer/install/argo_sim/share/argo_sim/package.xml
