[  4%] Built target gtest_main
[  4%] Built target gtest
[ 21%] Built target nav2_costmap_2d_core
[ 24%] Built target costmap_filter_test
[ 26%] Built target collision_footprint_test
[ 29%] Built target copy_window_test
[ 31%] Built target nav2_costmap_2d_cloud
[ 36%] Built target filters
[ 39%] Built target nav2_costmap_2d_markers
[ 41%] Built target declare_parameter_test
[ 43%] Built target costmap_convesion_test
[ 48%] Built target nav2_costmap_2d_client
[ 51%] Built target array_parser_test
[ 53%] Built target costmap_filter_service_test
[ 63%] Built target layers
[ 65%] Built target dyn_params_tests
[ 68%] Built target plugin_api_order
[ 70%] Built target order_layer
[ 73%] Built target keepout_filter_test
[ 75%] Built target speed_filter_test
[ 78%] Built target binary_filter_test
[ 80%] Built target costmap_bresenham_2d
[ 82%] Built target footprint_tests_exec
[ 87%] Built target denoise_layer_test
[ 90%] Built target nav2_costmap_2d
[ 92%] Built target test_collision_checker_exec
[ 95%] Built target inflation_tests_exec
[ 97%] Built target obstacle_tests_exec
[100%] Built target range_tests_exec
