[0.000000] (-) TimerEvent: {}
[0.000473] (-) JobUnselected: {'identifier': 'argo_nav'}
[0.000620] (-) JobUnselected: {'identifier': 'argo_sim'}
[0.000736] (-) JobUnselected: {'identifier': 'gazebo_ros_ackermann_drive_4wd'}
[0.000799] (-) JobUnselected: {'identifier': 'gazebo_ros_skid_steer_drive_6w'}
[0.000819] (-) JobUnselected: {'identifier': 'gps_to_utm_converter_cpp'}
[0.000846] (-) JobUnselected: {'identifier': 'traethlin_description'}
[0.000862] (-) JobUnselected: {'identifier': 'web_gui'}
[0.000933] (biy1_ros360_cpp) JobQueued: {'identifier': 'biy1_ros360_cpp', 'dependencies': OrderedDict()}
[0.000954] (biy1_ros360_cpp) JobStarted: {'identifier': 'biy1_ros360_cpp'}
[0.014698] (biy1_ros360_cpp) JobProgress: {'identifier': 'biy1_ros360_cpp', 'progress': 'cmake'}
[0.015075] (biy1_ros360_cpp) JobProgress: {'identifier': 'biy1_ros360_cpp', 'progress': 'build'}
[0.015694] (biy1_ros360_cpp) Command: {'cmd': ['/usr/bin/cmake', '--build', '/home/bilal/trail_tracer/build/biy1_ros360_cpp', '--', '-j12', '-l12'], 'cwd': '/home/bilal/trail_tracer/build/biy1_ros360_cpp', 'env': OrderedDict([('LANGUAGE', 'en_GB:en'), ('USER', 'bilal'), ('XDG_SESSION_TYPE', 'x11'), ('SHLVL', '1'), ('LD_LIBRARY_PATH', '/home/bilal/trail_tracer/install/gazebo_ros_skid_steer_drive_6w/lib:/home/bilal/trail_tracer/install/gazebo_ros_ackermann_drive_4wd/lib:/home/bilal/learn_ros2_ws/install/nav2_smoother/lib:/home/bilal/learn_ros2_ws/install/nav2_graceful_controller/lib:/home/bilal/learn_ros2_ws/install/nav2_controller/lib:/home/bilal/learn_ros2_ws/install/dwb_plugins/lib:/home/bilal/learn_ros2_ws/install/dwb_critics/lib:/home/bilal/learn_ros2_ws/install/dwb_core/lib:/home/bilal/learn_ros2_ws/install/nav_2d_utils/lib:/home/bilal/learn_ros2_ws/install/dwb_msgs/lib:/home/bilal/learn_ros2_ws/install/nav_2d_msgs/lib:/home/bilal/learn_ros2_ws/install/nav2_waypoint_follower/lib:/home/bilal/learn_ros2_ws/install/nav2_theta_star_planner/lib:/home/bilal/learn_ros2_ws/install/nav2_smac_planner/lib:/home/bilal/learn_ros2_ws/install/nav2_rotation_shim_controller/lib:/home/bilal/learn_ros2_ws/install/nav2_regulated_pure_pursuit_controller/lib:/home/bilal/learn_ros2_ws/install/nav2_planner/lib:/home/bilal/learn_ros2_ws/install/nav2_navfn_planner/lib:/home/bilal/learn_ros2_ws/install/nav2_mppi_controller/lib:/home/bilal/learn_ros2_ws/install/nav2_constrained_smoother/lib:/home/bilal/learn_ros2_ws/install/nav2_bt_navigator/lib:/home/bilal/learn_ros2_ws/install/nav2_behaviors/lib:/home/bilal/learn_ros2_ws/install/nav2_collision_monitor/lib:/home/bilal/learn_ros2_ws/install/costmap_queue/lib:/home/bilal/learn_ros2_ws/install/nav2_costmap_2d/lib:/home/bilal/learn_ros2_ws/install/nav2_voxel_grid/lib:/home/bilal/learn_ros2_ws/install/nav2_velocity_smoother/lib:/home/bilal/learn_ros2_ws/install/nav2_rviz_plugins/lib:/home/bilal/learn_ros2_ws/install/nav2_map_server/lib:/home/bilal/learn_ros2_ws/install/nav2_lifecycle_manager/lib:/home/bilal/learn_ros2_ws/install/nav2_behavior_tree/lib:/home/bilal/learn_ros2_ws/install/nav2_amcl/lib:/home/bilal/learn_ros2_ws/install/nav2_util/lib:/home/bilal/learn_ros2_ws/install/nav2_msgs/lib:/home/bilal/learn_ros2_ws/install/gazebo_ros_skid_steer_drive_6w/lib:/home/bilal/learn_ros2_ws/install/gazebo_ros_ackermann_drive_4wd/lib:/home/bilal/ros2_ws/install/velodyne_simulation/lib:/home/bilal/ros2_ws/install/velodyne_control_msgs/lib:/usr/lib/x86_64-linux-gnu/gazebo-11/plugins:/opt/ros/humble/opt/rviz_ogre_vendor/lib:/opt/ros/humble/lib/x86_64-linux-gnu:/opt/ros/humble/lib:/usr/share/gazebo/../../lib/x86_64-linux-gnu/gazebo-11/plugins::/usr/share/gazebo/../../lib/x86_64-linux-gnu/gazebo-11/plugins:/usr/share/gazebo/../../lib/x86_64-linux-gnu/gazebo-11/plugins:'), ('HOME', '/home/bilal'), ('OLDPWD', '/home/bilal/trail_tracer/src'), ('DESKTOP_SESSION', 'ubuntu'), ('GAZEBO_MASTER_URI', 'http://localhost:11345'), ('ROS_PYTHON_VERSION', '3'), ('GNOME_SHELL_SESSION_MODE', 'ubuntu'), ('GTK_MODULES', 'gail:atk-bridge'), ('SYSTEMD_EXEC_PID', '2219'), ('DBUS_SESSION_BUS_ADDRESS', 'unix:path=/run/user/1000/bus'), ('COLORTERM', 'truecolor'), ('_colcon_cd_root', '/opt/ros/humble/'), ('COLCON_PREFIX_PATH', '/home/bilal/trail_tracer/install:/home/bilal/learn_ros2_ws/install:/home/bilal/mp/mp_ws/install:/home/bilal/ros2_ws/install'), ('ROS_DISTRO', 'humble'), ('GTK_IM_MODULE', 'ibus'), ('LOGNAME', 'bilal'), ('_', '/usr/bin/colcon'), ('ROS_VERSION', '2'), ('XDG_SESSION_CLASS', 'user'), ('USERNAME', 'bilal'), ('TERM', 'xterm-256color'), ('GAZEBO_MODEL_PATH', '/home/bilal/trail_tracer/install/argo_sim/share/argo_sim/models:/home/bilal/learn_ros2_ws/install/argo_sim/share/argo_sim/models:/usr/share/gazebo/../../share/gazebo-11/models:/home/bilal/trail_tracer/install/argo_sim/share/argo_sim/models:/home/bilal/learn_ros2_ws/install/argo_sim/share/argo_sim/models:/usr/share/gazebo/../../share/gazebo-11/models::/opt/ros/humble/share/turtlebot3_gazebo/models:/opt/ros/humble/share/turtlebot3_gazebo/models'), ('GNOME_DESKTOP_SESSION_ID', 'this-is-deprecated'), ('ROS_LOCALHOST_ONLY', '1'), ('WINDOWPATH', '2'), ('OGRE_RESOURCE_PATH', '/usr/lib/x86_64-linux-gnu/OGRE-1.9.0'), ('PATH', '/home/bilal/.local/bin:/opt/ros/humble/bin:/usr/local/sbin:/usr/local/bin:/usr/sbin:/usr/bin:/sbin:/bin:/usr/games:/usr/local/games:/snap/bin:/snap/bin'), ('SESSION_MANAGER', 'local/bilal-yousufzai:@/tmp/.ICE-unix/2190,unix/bilal-yousufzai:/tmp/.ICE-unix/2190'), ('XDG_MENU_PREFIX', 'gnome-'), ('GNOME_TERMINAL_SCREEN', '/org/gnome/Terminal/screen/d0de9292_9711_4766_be4b_f7c510f833f2'), ('XDG_RUNTIME_DIR', '/run/user/1000'), ('DISPLAY', ':1'), ('LANG', 'en_US.UTF-8'), ('XDG_CURRENT_DESKTOP', 'ubuntu:GNOME'), ('XMODIFIERS', '@im=ibus'), ('XDG_SESSION_DESKTOP', 'ubuntu'), ('XAUTHORITY', '/run/user/1000/gdm/Xauthority'), ('GNOME_TERMINAL_SERVICE', ':1.100'), ('SSH_AGENT_LAUNCHER', 'gnome-keyring'), ('SSH_AUTH_SOCK', '/run/user/1000/keyring/ssh'), ('AMENT_PREFIX_PATH', '/home/bilal/trail_tracer/install/web_gui:/home/bilal/trail_tracer/install/traethlin_description:/home/bilal/trail_tracer/install/gps_to_utm_converter_cpp:/home/bilal/trail_tracer/install/argo_sim:/home/bilal/trail_tracer/install/gazebo_ros_skid_steer_drive_6w:/home/bilal/trail_tracer/install/gazebo_ros_ackermann_drive_4wd:/home/bilal/trail_tracer/install/biy1_ros360_cpp:/home/bilal/trail_tracer/install/argo_nav:/home/bilal/learn_ros2_ws/install/web_gui:/home/bilal/learn_ros2_ws/install/traethlin_description:/home/bilal/learn_ros2_ws/install/nav2_system_tests:/home/bilal/learn_ros2_ws/install/nav2_bringup:/home/bilal/learn_ros2_ws/install/navigation2:/home/bilal/learn_ros2_ws/install/nav2_smoother:/home/bilal/learn_ros2_ws/install/nav2_graceful_controller:/home/bilal/learn_ros2_ws/install/nav2_dwb_controller:/home/bilal/learn_ros2_ws/install/nav2_controller:/home/bilal/learn_ros2_ws/install/dwb_plugins:/home/bilal/learn_ros2_ws/install/dwb_critics:/home/bilal/learn_ros2_ws/install/dwb_core:/home/bilal/learn_ros2_ws/install/nav_2d_utils:/home/bilal/learn_ros2_ws/install/dwb_msgs:/home/bilal/learn_ros2_ws/install/nav_2d_msgs:/home/bilal/learn_ros2_ws/install/nav2_waypoint_follower:/home/bilal/learn_ros2_ws/install/nav2_theta_star_planner:/home/bilal/learn_ros2_ws/install/nav2_smac_planner:/home/bilal/learn_ros2_ws/install/nav2_rotation_shim_controller:/home/bilal/learn_ros2_ws/install/nav2_regulated_pure_pursuit_controller:/home/bilal/learn_ros2_ws/install/nav2_planner:/home/bilal/learn_ros2_ws/install/nav2_navfn_planner:/home/bilal/learn_ros2_ws/install/nav2_mppi_controller:/home/bilal/learn_ros2_ws/install/nav2_constrained_smoother:/home/bilal/learn_ros2_ws/install/nav2_bt_navigator:/home/bilal/learn_ros2_ws/install/nav2_behaviors:/home/bilal/learn_ros2_ws/install/nav2_core:/home/bilal/learn_ros2_ws/install/nav2_collision_monitor:/home/bilal/learn_ros2_ws/install/costmap_queue:/home/bilal/learn_ros2_ws/install/nav2_costmap_2d:/home/bilal/learn_ros2_ws/install/nav2_voxel_grid:/home/bilal/learn_ros2_ws/install/nav2_velocity_smoother:/home/bilal/learn_ros2_ws/install/nav2_rviz_plugins:/home/bilal/learn_ros2_ws/install/nav2_map_server:/home/bilal/learn_ros2_ws/install/nav2_lifecycle_manager:/home/bilal/learn_ros2_ws/install/nav2_behavior_tree:/home/bilal/learn_ros2_ws/install/nav2_amcl:/home/bilal/learn_ros2_ws/install/nav2_util:/home/bilal/learn_ros2_ws/install/nav2_simple_commander:/home/bilal/learn_ros2_ws/install/nav2_msgs:/home/bilal/learn_ros2_ws/install/nav2_common:/home/bilal/learn_ros2_ws/install/gps_to_utm_converter_cpp:/home/bilal/learn_ros2_ws/install/argo_sim:/home/bilal/learn_ros2_ws/install/gazebo_ros_skid_steer_drive_6w:/home/bilal/learn_ros2_ws/install/gazebo_ros_ackermann_drive_4wd:/home/bilal/learn_ros2_ws/install/biy1_ros360_cpp:/home/bilal/learn_ros2_ws/install/articubot_one:/home/bilal/mp/mp_ws/install/biy1_ros360_cpp:/home/bilal/ros2_ws/install/web_gui:/home/bilal/ros2_ws/install/velodyne_simulation:/home/bilal/ros2_ws/install/velodyne_control_msgs:/home/bilal/ros2_ws/install/track_envs:/home/bilal/ros2_ws/install/ros360_moveit:/home/bilal/ros2_ws/install/opencv_tools:/home/bilal/ros2_ws/install/biy1_ros360_py:/home/bilal/ros2_ws/install/biy1_ros360_cpp:/opt/ros/humble'), ('SHELL', '/bin/bash'), ('QT_ACCESSIBILITY', '1'), ('GDMSESSION', 'ubuntu'), ('GPG_AGENT_INFO', '/run/user/1000/gnupg/S.gpg-agent:0:1'), ('GAZEBO_RESOURCE_PATH', '/usr/share/gazebo/../../share/gazebo-11:/usr/share/gazebo/../../share/gazebo-11:'), ('GAZEBO_MODEL_DATABASE_URI', 'http://models.gazebosim.org'), ('QT_IM_MODULE', 'ibus'), ('PWD', '/home/bilal/trail_tracer/build/biy1_ros360_cpp'), ('TURTLEBOT3_MODEL', 'waffle'), ('LC_ALL', 'en_US.UTF-8'), ('XDG_CONFIG_DIRS', '/etc/xdg/xdg-ubuntu:/etc/xdg'), ('GAZEBO_PLUGIN_PATH', '/usr/share/gazebo/../../lib/x86_64-linux-gnu/gazebo-11/plugins:/usr/share/gazebo/../../lib/x86_64-linux-gnu/gazebo-11/plugins:'), ('XDG_DATA_DIRS', '/usr/share/ubuntu:/usr/share/gnome:/usr/local/share/:/usr/share/:/var/lib/snapd/desktop'), ('PYTHONPATH', '/home/bilal/trail_tracer/install/web_gui/lib/python3.10/site-packages:/home/bilal/learn_ros2_ws/install/web_gui/lib/python3.10/site-packages:/home/bilal/learn_ros2_ws/install/dwb_msgs/local/lib/python3.10/dist-packages:/home/bilal/learn_ros2_ws/install/nav_2d_msgs/local/lib/python3.10/dist-packages:/home/bilal/learn_ros2_ws/install/nav2_simple_commander/lib/python3.10/site-packages:/home/bilal/learn_ros2_ws/install/nav2_msgs/local/lib/python3.10/dist-packages:/home/bilal/learn_ros2_ws/install/nav2_common/local/lib/python3.10/dist-packages:/home/bilal/ros2_ws/install/web_gui/lib/python3.10/site-packages:/home/bilal/ros2_ws/install/velodyne_control_msgs/local/lib/python3.10/dist-packages:/home/bilal/ros2_ws/install/opencv_tools/lib/python3.10/site-packages:/home/bilal/ros2_ws/install/biy1_ros360_py/lib/python3.10/site-packages:/opt/ros/humble/lib/python3.10/site-packages:/opt/ros/humble/local/lib/python3.10/dist-packages'), ('COLCON', '1'), ('VTE_VERSION', '6800'), ('CMAKE_PREFIX_PATH', '/home/bilal/trail_tracer/install/traethlin_description:/home/bilal/trail_tracer/install/gps_to_utm_converter_cpp:/home/bilal/trail_tracer/install/argo_sim:/home/bilal/trail_tracer/install/gazebo_ros_skid_steer_drive_6w:/home/bilal/trail_tracer/install/gazebo_ros_ackermann_drive_4wd:/home/bilal/trail_tracer/install/biy1_ros360_cpp:/home/bilal/trail_tracer/install/argo_nav:/home/bilal/learn_ros2_ws/install/traethlin_description:/home/bilal/learn_ros2_ws/install/nav2_system_tests:/home/bilal/learn_ros2_ws/install/nav2_bringup:/home/bilal/learn_ros2_ws/install/navigation2:/home/bilal/learn_ros2_ws/install/nav2_smoother:/home/bilal/learn_ros2_ws/install/nav2_graceful_controller:/home/bilal/learn_ros2_ws/install/nav2_dwb_controller:/home/bilal/learn_ros2_ws/install/nav2_controller:/home/bilal/learn_ros2_ws/install/dwb_plugins:/home/bilal/learn_ros2_ws/install/dwb_critics:/home/bilal/learn_ros2_ws/install/dwb_core:/home/bilal/learn_ros2_ws/install/nav_2d_utils:/home/bilal/learn_ros2_ws/install/dwb_msgs:/home/bilal/learn_ros2_ws/install/nav_2d_msgs:/home/bilal/learn_ros2_ws/install/nav2_waypoint_follower:/home/bilal/learn_ros2_ws/install/nav2_theta_star_planner:/home/bilal/learn_ros2_ws/install/nav2_smac_planner:/home/bilal/learn_ros2_ws/install/nav2_rotation_shim_controller:/home/bilal/learn_ros2_ws/install/nav2_regulated_pure_pursuit_controller:/home/bilal/learn_ros2_ws/install/nav2_planner:/home/bilal/learn_ros2_ws/install/nav2_navfn_planner:/home/bilal/learn_ros2_ws/install/nav2_mppi_controller:/home/bilal/learn_ros2_ws/install/nav2_constrained_smoother:/home/bilal/learn_ros2_ws/install/nav2_bt_navigator:/home/bilal/learn_ros2_ws/install/nav2_behaviors:/home/bilal/learn_ros2_ws/install/nav2_core:/home/bilal/learn_ros2_ws/install/nav2_collision_monitor:/home/bilal/learn_ros2_ws/install/costmap_queue:/home/bilal/learn_ros2_ws/install/nav2_costmap_2d:/home/bilal/learn_ros2_ws/install/nav2_voxel_grid:/home/bilal/learn_ros2_ws/install/nav2_velocity_smoother:/home/bilal/learn_ros2_ws/install/nav2_rviz_plugins:/home/bilal/learn_ros2_ws/install/nav2_map_server:/home/bilal/learn_ros2_ws/install/nav2_lifecycle_manager:/home/bilal/learn_ros2_ws/install/nav2_behavior_tree:/home/bilal/learn_ros2_ws/install/nav2_amcl:/home/bilal/learn_ros2_ws/install/nav2_util:/home/bilal/learn_ros2_ws/install/nav2_msgs:/home/bilal/learn_ros2_ws/install/nav2_common:/home/bilal/learn_ros2_ws/install/gps_to_utm_converter_cpp:/home/bilal/learn_ros2_ws/install/argo_sim:/home/bilal/learn_ros2_ws/install/gazebo_ros_skid_steer_drive_6w:/home/bilal/learn_ros2_ws/install/gazebo_ros_ackermann_drive_4wd:/home/bilal/learn_ros2_ws/install/biy1_ros360_cpp:/home/bilal/learn_ros2_ws/install/articubot_one:/home/bilal/mp/mp_ws/install/biy1_ros360_cpp:/home/bilal/ros2_ws/install/velodyne_simulation:/home/bilal/ros2_ws/install/velodyne_control_msgs:/home/bilal/ros2_ws/install/track_envs:/home/bilal/ros2_ws/install/ros360_moveit:/home/bilal/ros2_ws/install/biy1_ros360_cpp:/home/bilal/trail_tracer/install/web_gui:/home/bilal/learn_ros2_ws/install/web_gui:/home/bilal/learn_ros2_ws/install/nav2_simple_commander:/home/bilal/ros2_ws/install/web_gui:/home/bilal/ros2_ws/install/opencv_tools:/home/bilal/ros2_ws/install/biy1_ros360_py:/opt/ros/humble')]), 'shell': False}
[0.083705] (biy1_ros360_cpp) StdoutLine: {'line': b'\x1b[35m\x1b[1mConsolidate compiler generated dependencies of target polishedCode\x1b[0m\n'}
[0.087550] (biy1_ros360_cpp) StdoutLine: {'line': b'\x1b[35m\x1b[1mConsolidate compiler generated dependencies of target sparse\x1b[0m\n'}
[0.099764] (-) TimerEvent: {}
[0.107720] (biy1_ros360_cpp) StdoutLine: {'line': b'[  9%] Built target testCode\n'}
[0.107999] (biy1_ros360_cpp) StdoutLine: {'line': b'[ 18%] Built target helloWorld\n'}
[0.108111] (biy1_ros360_cpp) StdoutLine: {'line': b'[ 36%] Built target trail_tracer\n'}
[0.108195] (biy1_ros360_cpp) StdoutLine: {'line': b'[ 36%] Built target waypoint_navigator\n'}
[0.108458] (biy1_ros360_cpp) StdoutLine: {'line': b'[ 54%] Built target code_test\n'}
[0.108560] (biy1_ros360_cpp) StdoutLine: {'line': b'[ 54%] Built target examplePublisher\n'}
[0.109266] (biy1_ros360_cpp) StdoutLine: {'line': b'[ 63%] Built target exampleSubscriber\n'}
[0.110447] (biy1_ros360_cpp) StdoutLine: {'line': b'[ 72%] Built target nav2\n'}
[0.111430] (biy1_ros360_cpp) StdoutLine: {'line': b'[ 81%] Built target follower\n'}
[0.121063] (biy1_ros360_cpp) StdoutLine: {'line': b'[ 86%] \x1b[32mBuilding CXX object CMakeFiles/polishedCode.dir/src/polishedCode.cpp.o\x1b[0m\n'}
[0.121860] (biy1_ros360_cpp) StdoutLine: {'line': b'[ 90%] \x1b[32mBuilding CXX object CMakeFiles/sparse.dir/src/polishedCode.cpp.o\x1b[0m\n'}
[0.199842] (-) TimerEvent: {}
[0.300081] (-) TimerEvent: {}
[0.400347] (-) TimerEvent: {}
[0.500641] (-) TimerEvent: {}
[0.600905] (-) TimerEvent: {}
[0.701188] (-) TimerEvent: {}
[0.801480] (-) TimerEvent: {}
[0.901743] (-) TimerEvent: {}
[1.002040] (-) TimerEvent: {}
[1.102309] (-) TimerEvent: {}
[1.202577] (-) TimerEvent: {}
[1.302847] (-) TimerEvent: {}
[1.403126] (-) TimerEvent: {}
[1.503401] (-) TimerEvent: {}
[1.603663] (-) TimerEvent: {}
[1.703922] (-) TimerEvent: {}
[1.804202] (-) TimerEvent: {}
[1.904490] (-) TimerEvent: {}
[2.004749] (-) TimerEvent: {}
[2.105026] (-) TimerEvent: {}
[2.205309] (-) TimerEvent: {}
[2.305597] (-) TimerEvent: {}
[2.405884] (-) TimerEvent: {}
[2.506161] (-) TimerEvent: {}
[2.606433] (-) TimerEvent: {}
[2.706699] (-) TimerEvent: {}
[2.806990] (-) TimerEvent: {}
[2.907264] (-) TimerEvent: {}
[3.007539] (-) TimerEvent: {}
[3.107810] (-) TimerEvent: {}
[3.208098] (-) TimerEvent: {}
[3.308399] (-) TimerEvent: {}
[3.408685] (-) TimerEvent: {}
[3.509013] (-) TimerEvent: {}
[3.609297] (-) TimerEvent: {}
[3.709578] (-) TimerEvent: {}
[3.809853] (-) TimerEvent: {}
[3.910121] (-) TimerEvent: {}
[4.010379] (-) TimerEvent: {}
[4.110656] (-) TimerEvent: {}
[4.210927] (-) TimerEvent: {}
[4.311200] (-) TimerEvent: {}
[4.411456] (-) TimerEvent: {}
[4.511712] (-) TimerEvent: {}
[4.611979] (-) TimerEvent: {}
[4.712239] (-) TimerEvent: {}
[4.812537] (-) TimerEvent: {}
[4.912817] (-) TimerEvent: {}
[5.013097] (-) TimerEvent: {}
[5.113388] (-) TimerEvent: {}
[5.213672] (-) TimerEvent: {}
[5.313937] (-) TimerEvent: {}
[5.414224] (-) TimerEvent: {}
[5.514504] (-) TimerEvent: {}
[5.614799] (-) TimerEvent: {}
[5.715075] (-) TimerEvent: {}
[5.815349] (-) TimerEvent: {}
[5.915643] (-) TimerEvent: {}
[6.015917] (-) TimerEvent: {}
[6.116195] (-) TimerEvent: {}
[6.216489] (-) TimerEvent: {}
[6.316758] (-) TimerEvent: {}
[6.417077] (-) TimerEvent: {}
[6.517347] (-) TimerEvent: {}
[6.617609] (-) TimerEvent: {}
[6.717887] (-) TimerEvent: {}
[6.818153] (-) TimerEvent: {}
[6.918423] (-) TimerEvent: {}
[7.018687] (-) TimerEvent: {}
[7.118971] (-) TimerEvent: {}
[7.219252] (-) TimerEvent: {}
[7.319507] (-) TimerEvent: {}
[7.419775] (-) TimerEvent: {}
[7.520048] (-) TimerEvent: {}
[7.620326] (-) TimerEvent: {}
[7.720606] (-) TimerEvent: {}
[7.820877] (-) TimerEvent: {}
[7.921259] (-) TimerEvent: {}
[8.021580] (-) TimerEvent: {}
[8.121875] (-) TimerEvent: {}
[8.222163] (-) TimerEvent: {}
[8.322430] (-) TimerEvent: {}
[8.422708] (-) TimerEvent: {}
[8.523018] (-) TimerEvent: {}
[8.623301] (-) TimerEvent: {}
[8.723586] (-) TimerEvent: {}
[8.823868] (-) TimerEvent: {}
[8.924129] (-) TimerEvent: {}
[9.024391] (-) TimerEvent: {}
[9.124655] (-) TimerEvent: {}
[9.224923] (-) TimerEvent: {}
[9.325202] (-) TimerEvent: {}
[9.425473] (-) TimerEvent: {}
[9.525749] (-) TimerEvent: {}
[9.626028] (-) TimerEvent: {}
[9.726340] (-) TimerEvent: {}
[9.826674] (-) TimerEvent: {}
[9.927038] (-) TimerEvent: {}
[10.027345] (-) TimerEvent: {}
[10.127625] (-) TimerEvent: {}
[10.227931] (-) TimerEvent: {}
[10.328239] (-) TimerEvent: {}
[10.428558] (-) TimerEvent: {}
[10.528855] (-) TimerEvent: {}
[10.629163] (-) TimerEvent: {}
[10.729478] (-) TimerEvent: {}
[10.829781] (-) TimerEvent: {}
[10.930103] (-) TimerEvent: {}
[11.030395] (-) TimerEvent: {}
[11.130696] (-) TimerEvent: {}
[11.231082] (-) TimerEvent: {}
[11.331437] (-) TimerEvent: {}
[11.431754] (-) TimerEvent: {}
[11.532022] (-) TimerEvent: {}
[11.632292] (-) TimerEvent: {}
[11.732554] (-) TimerEvent: {}
[11.832813] (-) TimerEvent: {}
[11.933063] (-) TimerEvent: {}
[12.033315] (-) TimerEvent: {}
[12.133568] (-) TimerEvent: {}
[12.233818] (-) TimerEvent: {}
[12.334077] (-) TimerEvent: {}
[12.434345] (-) TimerEvent: {}
[12.534605] (-) TimerEvent: {}
[12.634860] (-) TimerEvent: {}
[12.735120] (-) TimerEvent: {}
[12.835386] (-) TimerEvent: {}
[12.935632] (-) TimerEvent: {}
[13.035892] (-) TimerEvent: {}
[13.136151] (-) TimerEvent: {}
[13.236392] (-) TimerEvent: {}
[13.336652] (-) TimerEvent: {}
[13.436912] (-) TimerEvent: {}
[13.537172] (-) TimerEvent: {}
[13.637443] (-) TimerEvent: {}
[13.737720] (-) TimerEvent: {}
[13.837987] (-) TimerEvent: {}
[13.938267] (-) TimerEvent: {}
[14.038545] (-) TimerEvent: {}
[14.138803] (-) TimerEvent: {}
[14.239054] (-) TimerEvent: {}
[14.339307] (-) TimerEvent: {}
[14.439579] (-) TimerEvent: {}
[14.539853] (-) TimerEvent: {}
[14.640133] (-) TimerEvent: {}
[14.740393] (-) TimerEvent: {}
[14.840648] (-) TimerEvent: {}
[14.940910] (-) TimerEvent: {}
[15.041168] (-) TimerEvent: {}
[15.141423] (-) TimerEvent: {}
[15.241677] (-) TimerEvent: {}
[15.341938] (-) TimerEvent: {}
[15.442188] (-) TimerEvent: {}
[15.542435] (-) TimerEvent: {}
[15.642683] (-) TimerEvent: {}
[15.742926] (-) TimerEvent: {}
[15.843175] (-) TimerEvent: {}
[15.943434] (-) TimerEvent: {}
[16.043680] (-) TimerEvent: {}
[16.143935] (-) TimerEvent: {}
[16.244190] (-) TimerEvent: {}
[16.344463] (-) TimerEvent: {}
[16.444720] (-) TimerEvent: {}
[16.544971] (-) TimerEvent: {}
[16.645228] (-) TimerEvent: {}
[16.745482] (-) TimerEvent: {}
[16.845746] (-) TimerEvent: {}
[16.946008] (-) TimerEvent: {}
[17.046267] (-) TimerEvent: {}
[17.146528] (-) TimerEvent: {}
[17.246785] (-) TimerEvent: {}
[17.347053] (-) TimerEvent: {}
[17.447306] (-) TimerEvent: {}
[17.547561] (-) TimerEvent: {}
[17.647844] (-) TimerEvent: {}
[17.748102] (-) TimerEvent: {}
[17.848371] (-) TimerEvent: {}
[17.948637] (-) TimerEvent: {}
[18.048929] (-) TimerEvent: {}
[18.149197] (-) TimerEvent: {}
[18.249451] (-) TimerEvent: {}
[18.349712] (-) TimerEvent: {}
[18.449967] (-) TimerEvent: {}
[18.550222] (-) TimerEvent: {}
[18.650480] (-) TimerEvent: {}
[18.750738] (-) TimerEvent: {}
[18.851013] (-) TimerEvent: {}
[18.951294] (-) TimerEvent: {}
[19.051576] (-) TimerEvent: {}
[19.151882] (-) TimerEvent: {}
[19.252172] (-) TimerEvent: {}
[19.352488] (-) TimerEvent: {}
[19.452779] (-) TimerEvent: {}
[19.553103] (-) TimerEvent: {}
[19.653386] (-) TimerEvent: {}
[19.753697] (-) TimerEvent: {}
[19.854045] (-) TimerEvent: {}
[19.954392] (-) TimerEvent: {}
[20.054678] (-) TimerEvent: {}
[20.154959] (-) TimerEvent: {}
[20.255265] (-) TimerEvent: {}
[20.355550] (-) TimerEvent: {}
[20.455842] (-) TimerEvent: {}
[20.556141] (-) TimerEvent: {}
[20.656402] (-) TimerEvent: {}
[20.682577] (biy1_ros360_cpp) StdoutLine: {'line': b'[ 95%] \x1b[32m\x1b[1mLinking CXX executable polishedCode\x1b[0m\n'}
[20.731562] (biy1_ros360_cpp) StdoutLine: {'line': b'[100%] \x1b[32m\x1b[1mLinking CXX executable sparse\x1b[0m\n'}
[20.756578] (-) TimerEvent: {}
[20.856973] (-) TimerEvent: {}
[20.957383] (-) TimerEvent: {}
[21.058244] (-) TimerEvent: {}
[21.158623] (-) TimerEvent: {}
[21.258961] (-) TimerEvent: {}
[21.359363] (-) TimerEvent: {}
[21.459667] (-) TimerEvent: {}
[21.559950] (-) TimerEvent: {}
[21.660247] (-) TimerEvent: {}
[21.760595] (-) TimerEvent: {}
[21.860889] (-) TimerEvent: {}
[21.961282] (-) TimerEvent: {}
[22.022122] (biy1_ros360_cpp) StdoutLine: {'line': b'[100%] Built target sparse\n'}
[22.056277] (biy1_ros360_cpp) StdoutLine: {'line': b'[100%] Built target polishedCode\n'}
[22.061352] (-) TimerEvent: {}
[22.071818] (biy1_ros360_cpp) CommandEnded: {'returncode': 0}
[22.161436] (-) TimerEvent: {}
[22.184955] (biy1_ros360_cpp) JobProgress: {'identifier': 'biy1_ros360_cpp', 'progress': 'install'}
[22.198357] (biy1_ros360_cpp) Command: {'cmd': ['/usr/bin/cmake', '--install', '/home/bilal/trail_tracer/build/biy1_ros360_cpp'], 'cwd': '/home/bilal/trail_tracer/build/biy1_ros360_cpp', 'env': OrderedDict([('LANGUAGE', 'en_GB:en'), ('USER', 'bilal'), ('XDG_SESSION_TYPE', 'x11'), ('SHLVL', '1'), ('LD_LIBRARY_PATH', '/home/bilal/trail_tracer/install/gazebo_ros_skid_steer_drive_6w/lib:/home/bilal/trail_tracer/install/gazebo_ros_ackermann_drive_4wd/lib:/home/bilal/learn_ros2_ws/install/nav2_smoother/lib:/home/bilal/learn_ros2_ws/install/nav2_graceful_controller/lib:/home/bilal/learn_ros2_ws/install/nav2_controller/lib:/home/bilal/learn_ros2_ws/install/dwb_plugins/lib:/home/bilal/learn_ros2_ws/install/dwb_critics/lib:/home/bilal/learn_ros2_ws/install/dwb_core/lib:/home/bilal/learn_ros2_ws/install/nav_2d_utils/lib:/home/bilal/learn_ros2_ws/install/dwb_msgs/lib:/home/bilal/learn_ros2_ws/install/nav_2d_msgs/lib:/home/bilal/learn_ros2_ws/install/nav2_waypoint_follower/lib:/home/bilal/learn_ros2_ws/install/nav2_theta_star_planner/lib:/home/bilal/learn_ros2_ws/install/nav2_smac_planner/lib:/home/bilal/learn_ros2_ws/install/nav2_rotation_shim_controller/lib:/home/bilal/learn_ros2_ws/install/nav2_regulated_pure_pursuit_controller/lib:/home/bilal/learn_ros2_ws/install/nav2_planner/lib:/home/bilal/learn_ros2_ws/install/nav2_navfn_planner/lib:/home/bilal/learn_ros2_ws/install/nav2_mppi_controller/lib:/home/bilal/learn_ros2_ws/install/nav2_constrained_smoother/lib:/home/bilal/learn_ros2_ws/install/nav2_bt_navigator/lib:/home/bilal/learn_ros2_ws/install/nav2_behaviors/lib:/home/bilal/learn_ros2_ws/install/nav2_collision_monitor/lib:/home/bilal/learn_ros2_ws/install/costmap_queue/lib:/home/bilal/learn_ros2_ws/install/nav2_costmap_2d/lib:/home/bilal/learn_ros2_ws/install/nav2_voxel_grid/lib:/home/bilal/learn_ros2_ws/install/nav2_velocity_smoother/lib:/home/bilal/learn_ros2_ws/install/nav2_rviz_plugins/lib:/home/bilal/learn_ros2_ws/install/nav2_map_server/lib:/home/bilal/learn_ros2_ws/install/nav2_lifecycle_manager/lib:/home/bilal/learn_ros2_ws/install/nav2_behavior_tree/lib:/home/bilal/learn_ros2_ws/install/nav2_amcl/lib:/home/bilal/learn_ros2_ws/install/nav2_util/lib:/home/bilal/learn_ros2_ws/install/nav2_msgs/lib:/home/bilal/learn_ros2_ws/install/gazebo_ros_skid_steer_drive_6w/lib:/home/bilal/learn_ros2_ws/install/gazebo_ros_ackermann_drive_4wd/lib:/home/bilal/ros2_ws/install/velodyne_simulation/lib:/home/bilal/ros2_ws/install/velodyne_control_msgs/lib:/usr/lib/x86_64-linux-gnu/gazebo-11/plugins:/opt/ros/humble/opt/rviz_ogre_vendor/lib:/opt/ros/humble/lib/x86_64-linux-gnu:/opt/ros/humble/lib:/usr/share/gazebo/../../lib/x86_64-linux-gnu/gazebo-11/plugins::/usr/share/gazebo/../../lib/x86_64-linux-gnu/gazebo-11/plugins:/usr/share/gazebo/../../lib/x86_64-linux-gnu/gazebo-11/plugins:'), ('HOME', '/home/bilal'), ('OLDPWD', '/home/bilal/trail_tracer/src'), ('DESKTOP_SESSION', 'ubuntu'), ('GAZEBO_MASTER_URI', 'http://localhost:11345'), ('ROS_PYTHON_VERSION', '3'), ('GNOME_SHELL_SESSION_MODE', 'ubuntu'), ('GTK_MODULES', 'gail:atk-bridge'), ('SYSTEMD_EXEC_PID', '2219'), ('DBUS_SESSION_BUS_ADDRESS', 'unix:path=/run/user/1000/bus'), ('COLORTERM', 'truecolor'), ('_colcon_cd_root', '/opt/ros/humble/'), ('COLCON_PREFIX_PATH', '/home/bilal/trail_tracer/install:/home/bilal/learn_ros2_ws/install:/home/bilal/mp/mp_ws/install:/home/bilal/ros2_ws/install'), ('ROS_DISTRO', 'humble'), ('GTK_IM_MODULE', 'ibus'), ('LOGNAME', 'bilal'), ('_', '/usr/bin/colcon'), ('ROS_VERSION', '2'), ('XDG_SESSION_CLASS', 'user'), ('USERNAME', 'bilal'), ('TERM', 'xterm-256color'), ('GAZEBO_MODEL_PATH', '/home/bilal/trail_tracer/install/argo_sim/share/argo_sim/models:/home/bilal/learn_ros2_ws/install/argo_sim/share/argo_sim/models:/usr/share/gazebo/../../share/gazebo-11/models:/home/bilal/trail_tracer/install/argo_sim/share/argo_sim/models:/home/bilal/learn_ros2_ws/install/argo_sim/share/argo_sim/models:/usr/share/gazebo/../../share/gazebo-11/models::/opt/ros/humble/share/turtlebot3_gazebo/models:/opt/ros/humble/share/turtlebot3_gazebo/models'), ('GNOME_DESKTOP_SESSION_ID', 'this-is-deprecated'), ('ROS_LOCALHOST_ONLY', '1'), ('WINDOWPATH', '2'), ('OGRE_RESOURCE_PATH', '/usr/lib/x86_64-linux-gnu/OGRE-1.9.0'), ('PATH', '/home/bilal/.local/bin:/opt/ros/humble/bin:/usr/local/sbin:/usr/local/bin:/usr/sbin:/usr/bin:/sbin:/bin:/usr/games:/usr/local/games:/snap/bin:/snap/bin'), ('SESSION_MANAGER', 'local/bilal-yousufzai:@/tmp/.ICE-unix/2190,unix/bilal-yousufzai:/tmp/.ICE-unix/2190'), ('XDG_MENU_PREFIX', 'gnome-'), ('GNOME_TERMINAL_SCREEN', '/org/gnome/Terminal/screen/d0de9292_9711_4766_be4b_f7c510f833f2'), ('XDG_RUNTIME_DIR', '/run/user/1000'), ('DISPLAY', ':1'), ('LANG', 'en_US.UTF-8'), ('XDG_CURRENT_DESKTOP', 'ubuntu:GNOME'), ('XMODIFIERS', '@im=ibus'), ('XDG_SESSION_DESKTOP', 'ubuntu'), ('XAUTHORITY', '/run/user/1000/gdm/Xauthority'), ('GNOME_TERMINAL_SERVICE', ':1.100'), ('SSH_AGENT_LAUNCHER', 'gnome-keyring'), ('SSH_AUTH_SOCK', '/run/user/1000/keyring/ssh'), ('AMENT_PREFIX_PATH', '/home/bilal/trail_tracer/install/web_gui:/home/bilal/trail_tracer/install/traethlin_description:/home/bilal/trail_tracer/install/gps_to_utm_converter_cpp:/home/bilal/trail_tracer/install/argo_sim:/home/bilal/trail_tracer/install/gazebo_ros_skid_steer_drive_6w:/home/bilal/trail_tracer/install/gazebo_ros_ackermann_drive_4wd:/home/bilal/trail_tracer/install/biy1_ros360_cpp:/home/bilal/trail_tracer/install/argo_nav:/home/bilal/learn_ros2_ws/install/web_gui:/home/bilal/learn_ros2_ws/install/traethlin_description:/home/bilal/learn_ros2_ws/install/nav2_system_tests:/home/bilal/learn_ros2_ws/install/nav2_bringup:/home/bilal/learn_ros2_ws/install/navigation2:/home/bilal/learn_ros2_ws/install/nav2_smoother:/home/bilal/learn_ros2_ws/install/nav2_graceful_controller:/home/bilal/learn_ros2_ws/install/nav2_dwb_controller:/home/bilal/learn_ros2_ws/install/nav2_controller:/home/bilal/learn_ros2_ws/install/dwb_plugins:/home/bilal/learn_ros2_ws/install/dwb_critics:/home/bilal/learn_ros2_ws/install/dwb_core:/home/bilal/learn_ros2_ws/install/nav_2d_utils:/home/bilal/learn_ros2_ws/install/dwb_msgs:/home/bilal/learn_ros2_ws/install/nav_2d_msgs:/home/bilal/learn_ros2_ws/install/nav2_waypoint_follower:/home/bilal/learn_ros2_ws/install/nav2_theta_star_planner:/home/bilal/learn_ros2_ws/install/nav2_smac_planner:/home/bilal/learn_ros2_ws/install/nav2_rotation_shim_controller:/home/bilal/learn_ros2_ws/install/nav2_regulated_pure_pursuit_controller:/home/bilal/learn_ros2_ws/install/nav2_planner:/home/bilal/learn_ros2_ws/install/nav2_navfn_planner:/home/bilal/learn_ros2_ws/install/nav2_mppi_controller:/home/bilal/learn_ros2_ws/install/nav2_constrained_smoother:/home/bilal/learn_ros2_ws/install/nav2_bt_navigator:/home/bilal/learn_ros2_ws/install/nav2_behaviors:/home/bilal/learn_ros2_ws/install/nav2_core:/home/bilal/learn_ros2_ws/install/nav2_collision_monitor:/home/bilal/learn_ros2_ws/install/costmap_queue:/home/bilal/learn_ros2_ws/install/nav2_costmap_2d:/home/bilal/learn_ros2_ws/install/nav2_voxel_grid:/home/bilal/learn_ros2_ws/install/nav2_velocity_smoother:/home/bilal/learn_ros2_ws/install/nav2_rviz_plugins:/home/bilal/learn_ros2_ws/install/nav2_map_server:/home/bilal/learn_ros2_ws/install/nav2_lifecycle_manager:/home/bilal/learn_ros2_ws/install/nav2_behavior_tree:/home/bilal/learn_ros2_ws/install/nav2_amcl:/home/bilal/learn_ros2_ws/install/nav2_util:/home/bilal/learn_ros2_ws/install/nav2_simple_commander:/home/bilal/learn_ros2_ws/install/nav2_msgs:/home/bilal/learn_ros2_ws/install/nav2_common:/home/bilal/learn_ros2_ws/install/gps_to_utm_converter_cpp:/home/bilal/learn_ros2_ws/install/argo_sim:/home/bilal/learn_ros2_ws/install/gazebo_ros_skid_steer_drive_6w:/home/bilal/learn_ros2_ws/install/gazebo_ros_ackermann_drive_4wd:/home/bilal/learn_ros2_ws/install/biy1_ros360_cpp:/home/bilal/learn_ros2_ws/install/articubot_one:/home/bilal/mp/mp_ws/install/biy1_ros360_cpp:/home/bilal/ros2_ws/install/web_gui:/home/bilal/ros2_ws/install/velodyne_simulation:/home/bilal/ros2_ws/install/velodyne_control_msgs:/home/bilal/ros2_ws/install/track_envs:/home/bilal/ros2_ws/install/ros360_moveit:/home/bilal/ros2_ws/install/opencv_tools:/home/bilal/ros2_ws/install/biy1_ros360_py:/home/bilal/ros2_ws/install/biy1_ros360_cpp:/opt/ros/humble'), ('SHELL', '/bin/bash'), ('QT_ACCESSIBILITY', '1'), ('GDMSESSION', 'ubuntu'), ('GPG_AGENT_INFO', '/run/user/1000/gnupg/S.gpg-agent:0:1'), ('GAZEBO_RESOURCE_PATH', '/usr/share/gazebo/../../share/gazebo-11:/usr/share/gazebo/../../share/gazebo-11:'), ('GAZEBO_MODEL_DATABASE_URI', 'http://models.gazebosim.org'), ('QT_IM_MODULE', 'ibus'), ('PWD', '/home/bilal/trail_tracer/build/biy1_ros360_cpp'), ('TURTLEBOT3_MODEL', 'waffle'), ('LC_ALL', 'en_US.UTF-8'), ('XDG_CONFIG_DIRS', '/etc/xdg/xdg-ubuntu:/etc/xdg'), ('GAZEBO_PLUGIN_PATH', '/usr/share/gazebo/../../lib/x86_64-linux-gnu/gazebo-11/plugins:/usr/share/gazebo/../../lib/x86_64-linux-gnu/gazebo-11/plugins:'), ('XDG_DATA_DIRS', '/usr/share/ubuntu:/usr/share/gnome:/usr/local/share/:/usr/share/:/var/lib/snapd/desktop'), ('PYTHONPATH', '/home/bilal/trail_tracer/install/web_gui/lib/python3.10/site-packages:/home/bilal/learn_ros2_ws/install/web_gui/lib/python3.10/site-packages:/home/bilal/learn_ros2_ws/install/dwb_msgs/local/lib/python3.10/dist-packages:/home/bilal/learn_ros2_ws/install/nav_2d_msgs/local/lib/python3.10/dist-packages:/home/bilal/learn_ros2_ws/install/nav2_simple_commander/lib/python3.10/site-packages:/home/bilal/learn_ros2_ws/install/nav2_msgs/local/lib/python3.10/dist-packages:/home/bilal/learn_ros2_ws/install/nav2_common/local/lib/python3.10/dist-packages:/home/bilal/ros2_ws/install/web_gui/lib/python3.10/site-packages:/home/bilal/ros2_ws/install/velodyne_control_msgs/local/lib/python3.10/dist-packages:/home/bilal/ros2_ws/install/opencv_tools/lib/python3.10/site-packages:/home/bilal/ros2_ws/install/biy1_ros360_py/lib/python3.10/site-packages:/opt/ros/humble/lib/python3.10/site-packages:/opt/ros/humble/local/lib/python3.10/dist-packages'), ('COLCON', '1'), ('VTE_VERSION', '6800'), ('CMAKE_PREFIX_PATH', '/home/bilal/trail_tracer/install/traethlin_description:/home/bilal/trail_tracer/install/gps_to_utm_converter_cpp:/home/bilal/trail_tracer/install/argo_sim:/home/bilal/trail_tracer/install/gazebo_ros_skid_steer_drive_6w:/home/bilal/trail_tracer/install/gazebo_ros_ackermann_drive_4wd:/home/bilal/trail_tracer/install/biy1_ros360_cpp:/home/bilal/trail_tracer/install/argo_nav:/home/bilal/learn_ros2_ws/install/traethlin_description:/home/bilal/learn_ros2_ws/install/nav2_system_tests:/home/bilal/learn_ros2_ws/install/nav2_bringup:/home/bilal/learn_ros2_ws/install/navigation2:/home/bilal/learn_ros2_ws/install/nav2_smoother:/home/bilal/learn_ros2_ws/install/nav2_graceful_controller:/home/bilal/learn_ros2_ws/install/nav2_dwb_controller:/home/bilal/learn_ros2_ws/install/nav2_controller:/home/bilal/learn_ros2_ws/install/dwb_plugins:/home/bilal/learn_ros2_ws/install/dwb_critics:/home/bilal/learn_ros2_ws/install/dwb_core:/home/bilal/learn_ros2_ws/install/nav_2d_utils:/home/bilal/learn_ros2_ws/install/dwb_msgs:/home/bilal/learn_ros2_ws/install/nav_2d_msgs:/home/bilal/learn_ros2_ws/install/nav2_waypoint_follower:/home/bilal/learn_ros2_ws/install/nav2_theta_star_planner:/home/bilal/learn_ros2_ws/install/nav2_smac_planner:/home/bilal/learn_ros2_ws/install/nav2_rotation_shim_controller:/home/bilal/learn_ros2_ws/install/nav2_regulated_pure_pursuit_controller:/home/bilal/learn_ros2_ws/install/nav2_planner:/home/bilal/learn_ros2_ws/install/nav2_navfn_planner:/home/bilal/learn_ros2_ws/install/nav2_mppi_controller:/home/bilal/learn_ros2_ws/install/nav2_constrained_smoother:/home/bilal/learn_ros2_ws/install/nav2_bt_navigator:/home/bilal/learn_ros2_ws/install/nav2_behaviors:/home/bilal/learn_ros2_ws/install/nav2_core:/home/bilal/learn_ros2_ws/install/nav2_collision_monitor:/home/bilal/learn_ros2_ws/install/costmap_queue:/home/bilal/learn_ros2_ws/install/nav2_costmap_2d:/home/bilal/learn_ros2_ws/install/nav2_voxel_grid:/home/bilal/learn_ros2_ws/install/nav2_velocity_smoother:/home/bilal/learn_ros2_ws/install/nav2_rviz_plugins:/home/bilal/learn_ros2_ws/install/nav2_map_server:/home/bilal/learn_ros2_ws/install/nav2_lifecycle_manager:/home/bilal/learn_ros2_ws/install/nav2_behavior_tree:/home/bilal/learn_ros2_ws/install/nav2_amcl:/home/bilal/learn_ros2_ws/install/nav2_util:/home/bilal/learn_ros2_ws/install/nav2_msgs:/home/bilal/learn_ros2_ws/install/nav2_common:/home/bilal/learn_ros2_ws/install/gps_to_utm_converter_cpp:/home/bilal/learn_ros2_ws/install/argo_sim:/home/bilal/learn_ros2_ws/install/gazebo_ros_skid_steer_drive_6w:/home/bilal/learn_ros2_ws/install/gazebo_ros_ackermann_drive_4wd:/home/bilal/learn_ros2_ws/install/biy1_ros360_cpp:/home/bilal/learn_ros2_ws/install/articubot_one:/home/bilal/mp/mp_ws/install/biy1_ros360_cpp:/home/bilal/ros2_ws/install/velodyne_simulation:/home/bilal/ros2_ws/install/velodyne_control_msgs:/home/bilal/ros2_ws/install/track_envs:/home/bilal/ros2_ws/install/ros360_moveit:/home/bilal/ros2_ws/install/biy1_ros360_cpp:/home/bilal/trail_tracer/install/web_gui:/home/bilal/learn_ros2_ws/install/web_gui:/home/bilal/learn_ros2_ws/install/nav2_simple_commander:/home/bilal/ros2_ws/install/web_gui:/home/bilal/ros2_ws/install/opencv_tools:/home/bilal/ros2_ws/install/biy1_ros360_py:/opt/ros/humble')]), 'shell': False}
[22.209487] (biy1_ros360_cpp) StdoutLine: {'line': b'-- Install configuration: ""\n'}
[22.209637] (biy1_ros360_cpp) StdoutLine: {'line': b'-- Up-to-date: /home/bilal/trail_tracer/install/biy1_ros360_cpp/lib/biy1_ros360_cpp/helloWorld\n'}
[22.209874] (biy1_ros360_cpp) StdoutLine: {'line': b'-- Up-to-date: /home/bilal/trail_tracer/install/biy1_ros360_cpp/lib/biy1_ros360_cpp/examplePublisher\n'}
[22.210094] (biy1_ros360_cpp) StdoutLine: {'line': b'-- Up-to-date: /home/bilal/trail_tracer/install/biy1_ros360_cpp/lib/biy1_ros360_cpp/exampleSubscriber\n'}
[22.210312] (biy1_ros360_cpp) StdoutLine: {'line': b'-- Up-to-date: /home/bilal/trail_tracer/install/biy1_ros360_cpp/lib/biy1_ros360_cpp/testCode\n'}
[22.210546] (biy1_ros360_cpp) StdoutLine: {'line': b'-- Up-to-date: /home/bilal/trail_tracer/install/biy1_ros360_cpp/lib/biy1_ros360_cpp/nav2\n'}
[22.210764] (biy1_ros360_cpp) StdoutLine: {'line': b'-- Up-to-date: /home/bilal/trail_tracer/install/biy1_ros360_cpp/lib/biy1_ros360_cpp/trail_tracer\n'}
[22.210979] (biy1_ros360_cpp) StdoutLine: {'line': b'-- Up-to-date: /home/bilal/trail_tracer/install/biy1_ros360_cpp/lib/biy1_ros360_cpp/waypoint_navigator\n'}
[22.211204] (biy1_ros360_cpp) StdoutLine: {'line': b'-- Up-to-date: /home/bilal/trail_tracer/install/biy1_ros360_cpp/lib/biy1_ros360_cpp/follower\n'}
[22.211433] (biy1_ros360_cpp) StdoutLine: {'line': b'-- Up-to-date: /home/bilal/trail_tracer/install/biy1_ros360_cpp/lib/biy1_ros360_cpp/code_test\n'}
[22.211663] (biy1_ros360_cpp) StdoutLine: {'line': b'-- Installing: /home/bilal/trail_tracer/install/biy1_ros360_cpp/lib/biy1_ros360_cpp/polishedCode\n'}
[22.230532] (biy1_ros360_cpp) StdoutLine: {'line': b'-- Set runtime path of "/home/bilal/trail_tracer/install/biy1_ros360_cpp/lib/biy1_ros360_cpp/polishedCode" to ""\n'}
[22.230648] (biy1_ros360_cpp) StdoutLine: {'line': b'-- Installing: /home/bilal/trail_tracer/install/biy1_ros360_cpp/lib/biy1_ros360_cpp/sparse\n'}
[22.250299] (biy1_ros360_cpp) StdoutLine: {'line': b'-- Set runtime path of "/home/bilal/trail_tracer/install/biy1_ros360_cpp/lib/biy1_ros360_cpp/sparse" to ""\n'}
[22.250424] (biy1_ros360_cpp) StdoutLine: {'line': b'-- Up-to-date: /home/bilal/trail_tracer/install/biy1_ros360_cpp/share/ament_index/resource_index/package_run_dependencies/biy1_ros360_cpp\n'}
[22.250482] (biy1_ros360_cpp) StdoutLine: {'line': b'-- Up-to-date: /home/bilal/trail_tracer/install/biy1_ros360_cpp/share/ament_index/resource_index/parent_prefix_path/biy1_ros360_cpp\n'}
[22.250555] (biy1_ros360_cpp) StdoutLine: {'line': b'-- Up-to-date: /home/bilal/trail_tracer/install/biy1_ros360_cpp/share/biy1_ros360_cpp/environment/ament_prefix_path.sh\n'}
[22.250607] (biy1_ros360_cpp) StdoutLine: {'line': b'-- Up-to-date: /home/bilal/trail_tracer/install/biy1_ros360_cpp/share/biy1_ros360_cpp/environment/ament_prefix_path.dsv\n'}
[22.250654] (biy1_ros360_cpp) StdoutLine: {'line': b'-- Up-to-date: /home/bilal/trail_tracer/install/biy1_ros360_cpp/share/biy1_ros360_cpp/environment/path.sh\n'}
[22.250699] (biy1_ros360_cpp) StdoutLine: {'line': b'-- Up-to-date: /home/bilal/trail_tracer/install/biy1_ros360_cpp/share/biy1_ros360_cpp/environment/path.dsv\n'}
[22.250743] (biy1_ros360_cpp) StdoutLine: {'line': b'-- Up-to-date: /home/bilal/trail_tracer/install/biy1_ros360_cpp/share/biy1_ros360_cpp/local_setup.bash\n'}
[22.250785] (biy1_ros360_cpp) StdoutLine: {'line': b'-- Up-to-date: /home/bilal/trail_tracer/install/biy1_ros360_cpp/share/biy1_ros360_cpp/local_setup.sh\n'}
[22.250868] (biy1_ros360_cpp) StdoutLine: {'line': b'-- Up-to-date: /home/bilal/trail_tracer/install/biy1_ros360_cpp/share/biy1_ros360_cpp/local_setup.zsh\n'}
[22.250914] (biy1_ros360_cpp) StdoutLine: {'line': b'-- Up-to-date: /home/bilal/trail_tracer/install/biy1_ros360_cpp/share/biy1_ros360_cpp/local_setup.dsv\n'}
[22.250957] (biy1_ros360_cpp) StdoutLine: {'line': b'-- Installing: /home/bilal/trail_tracer/install/biy1_ros360_cpp/share/biy1_ros360_cpp/package.dsv\n'}
[22.250997] (biy1_ros360_cpp) StdoutLine: {'line': b'-- Up-to-date: /home/bilal/trail_tracer/install/biy1_ros360_cpp/share/ament_index/resource_index/packages/biy1_ros360_cpp\n'}
[22.251038] (biy1_ros360_cpp) StdoutLine: {'line': b'-- Up-to-date: /home/bilal/trail_tracer/install/biy1_ros360_cpp/share/biy1_ros360_cpp/cmake/biy1_ros360_cppConfig.cmake\n'}
[22.251079] (biy1_ros360_cpp) StdoutLine: {'line': b'-- Up-to-date: /home/bilal/trail_tracer/install/biy1_ros360_cpp/share/biy1_ros360_cpp/cmake/biy1_ros360_cppConfig-version.cmake\n'}
[22.251120] (biy1_ros360_cpp) StdoutLine: {'line': b'-- Up-to-date: /home/bilal/trail_tracer/install/biy1_ros360_cpp/share/biy1_ros360_cpp/package.xml\n'}
[22.252550] (biy1_ros360_cpp) CommandEnded: {'returncode': 0}
[22.261494] (-) TimerEvent: {}
[22.361625] (-) TimerEvent: {}
[22.375172] (biy1_ros360_cpp) JobEnded: {'identifier': 'biy1_ros360_cpp', 'rc': 0}
[22.375643] (-) EventReactorShutdown: {}
