[0.695s] Invoking command in '/home/bilal/trail_tracer/src/navigation2/nav2_simple_commander': AMENT_PREFIX_PATH=/home/bilal/trail_tracer/install/nav2_msgs:${AMENT_PREFIX_PATH} CMAKE_PREFIX_PATH=/home/bilal/trail_tracer/install/nav2_msgs:${CMAKE_PREFIX_PATH} LD_LIBRARY_PATH=/home/bilal/trail_tracer/install/nav2_msgs/lib:/home/bilal/learn_ros2_ws/install/nav2_smoother/lib:/home/bilal/learn_ros2_ws/install/nav2_graceful_controller/lib:/home/bilal/learn_ros2_ws/install/nav2_controller/lib:/home/bilal/learn_ros2_ws/install/dwb_plugins/lib:/home/bilal/learn_ros2_ws/install/dwb_critics/lib:/home/bilal/learn_ros2_ws/install/dwb_core/lib:/home/bilal/learn_ros2_ws/install/nav_2d_utils/lib:/home/bilal/learn_ros2_ws/install/dwb_msgs/lib:/home/bilal/learn_ros2_ws/install/nav_2d_msgs/lib:/home/bilal/learn_ros2_ws/install/nav2_waypoint_follower/lib:/home/bilal/learn_ros2_ws/install/nav2_theta_star_planner/lib:/home/bilal/learn_ros2_ws/install/nav2_smac_planner/lib:/home/bilal/learn_ros2_ws/install/nav2_rotation_shim_controller/lib:/home/bilal/learn_ros2_ws/install/nav2_regulated_pure_pursuit_controller/lib:/home/bilal/learn_ros2_ws/install/nav2_planner/lib:/home/bilal/learn_ros2_ws/install/nav2_navfn_planner/lib:/home/bilal/learn_ros2_ws/install/nav2_mppi_controller/lib:/home/bilal/learn_ros2_ws/install/nav2_constrained_smoother/lib:/home/bilal/learn_ros2_ws/install/nav2_bt_navigator/lib:/home/bilal/learn_ros2_ws/install/nav2_behaviors/lib:/home/bilal/learn_ros2_ws/install/nav2_collision_monitor/lib:/home/bilal/learn_ros2_ws/install/costmap_queue/lib:/home/bilal/learn_ros2_ws/install/nav2_costmap_2d/lib:/home/bilal/learn_ros2_ws/install/nav2_voxel_grid/lib:/home/bilal/learn_ros2_ws/install/nav2_velocity_smoother/lib:/home/bilal/learn_ros2_ws/install/nav2_rviz_plugins/lib:/home/bilal/learn_ros2_ws/install/nav2_map_server/lib:/home/bilal/learn_ros2_ws/install/nav2_lifecycle_manager/lib:/home/bilal/learn_ros2_ws/install/nav2_behavior_tree/lib:/home/bilal/learn_ros2_ws/install/nav2_amcl/lib:/home/bilal/learn_ros2_ws/install/nav2_util/lib:/home/bilal/learn_ros2_ws/install/nav2_msgs/lib:/home/bilal/learn_ros2_ws/install/gazebo_ros_skid_steer_drive_6w/lib:/home/bilal/learn_ros2_ws/install/gazebo_ros_ackermann_drive_4wd/lib:/home/bilal/ros2_ws/install/velodyne_simulation/lib:/home/bilal/ros2_ws/install/velodyne_control_msgs/lib:/usr/lib/x86_64-linux-gnu/gazebo-11/plugins:/opt/ros/humble/opt/rviz_ogre_vendor/lib:/opt/ros/humble/lib/x86_64-linux-gnu:/opt/ros/humble/lib:/usr/share/gazebo/../../lib/x86_64-linux-gnu/gazebo-11/plugins:/usr/share/gazebo/../../lib/x86_64-linux-gnu/gazebo-11/plugins:/usr/share/gazebo/../../lib/x86_64-linux-gnu/gazebo-11/plugins PYTHONPATH=/home/bilal/trail_tracer/build/nav2_simple_commander/prefix_override:/home/bilal/trail_tracer/install/nav2_simple_commander/lib/python3.10/site-packages:/home/bilal/trail_tracer/install/nav2_msgs/local/lib/python3.10/dist-packages:${PYTHONPATH} /usr/bin/python3 -W ignore:setup.py install is deprecated setup.py egg_info --egg-base ../../../build/nav2_simple_commander build --build-base /home/bilal/trail_tracer/build/nav2_simple_commander/build install --record /home/bilal/trail_tracer/build/nav2_simple_commander/install.log --single-version-externally-managed install_data
[0.944s] running egg_info
[0.944s] creating ../../../build/nav2_simple_commander/nav2_simple_commander.egg-info
[0.944s] writing ../../../build/nav2_simple_commander/nav2_simple_commander.egg-info/PKG-INFO
[0.944s] writing dependency_links to ../../../build/nav2_simple_commander/nav2_simple_commander.egg-info/dependency_links.txt
[0.944s] writing entry points to ../../../build/nav2_simple_commander/nav2_simple_commander.egg-info/entry_points.txt
[0.944s] writing requirements to ../../../build/nav2_simple_commander/nav2_simple_commander.egg-info/requires.txt
[0.945s] writing top-level names to ../../../build/nav2_simple_commander/nav2_simple_commander.egg-info/top_level.txt
[0.946s] writing manifest file '../../../build/nav2_simple_commander/nav2_simple_commander.egg-info/SOURCES.txt'
[0.947s] reading manifest file '../../../build/nav2_simple_commander/nav2_simple_commander.egg-info/SOURCES.txt'
[0.947s] writing manifest file '../../../build/nav2_simple_commander/nav2_simple_commander.egg-info/SOURCES.txt'
[0.947s] running build
[0.948s] running build_py
[0.948s] creating /home/bilal/trail_tracer/build/nav2_simple_commander/build
[0.948s] creating /home/bilal/trail_tracer/build/nav2_simple_commander/build/lib
[0.948s] creating /home/bilal/trail_tracer/build/nav2_simple_commander/build/lib/nav2_simple_commander
[0.948s] copying nav2_simple_commander/example_nav_through_poses.py -> /home/bilal/trail_tracer/build/nav2_simple_commander/build/lib/nav2_simple_commander
[0.948s] copying nav2_simple_commander/costmap_2d.py -> /home/bilal/trail_tracer/build/nav2_simple_commander/build/lib/nav2_simple_commander
[0.948s] copying nav2_simple_commander/robot_navigator.py -> /home/bilal/trail_tracer/build/nav2_simple_commander/build/lib/nav2_simple_commander
[0.948s] copying nav2_simple_commander/__init__.py -> /home/bilal/trail_tracer/build/nav2_simple_commander/build/lib/nav2_simple_commander
[0.948s] copying nav2_simple_commander/demo_inspection.py -> /home/bilal/trail_tracer/build/nav2_simple_commander/build/lib/nav2_simple_commander
[0.948s] copying nav2_simple_commander/example_assisted_teleop.py -> /home/bilal/trail_tracer/build/nav2_simple_commander/build/lib/nav2_simple_commander
[0.948s] copying nav2_simple_commander/example_waypoint_follower.py -> /home/bilal/trail_tracer/build/nav2_simple_commander/build/lib/nav2_simple_commander
[0.948s] copying nav2_simple_commander/demo_security.py -> /home/bilal/trail_tracer/build/nav2_simple_commander/build/lib/nav2_simple_commander
[0.948s] copying nav2_simple_commander/demo_recoveries.py -> /home/bilal/trail_tracer/build/nav2_simple_commander/build/lib/nav2_simple_commander
[0.949s] copying nav2_simple_commander/example_nav_to_pose.py -> /home/bilal/trail_tracer/build/nav2_simple_commander/build/lib/nav2_simple_commander
[0.949s] copying nav2_simple_commander/line_iterator.py -> /home/bilal/trail_tracer/build/nav2_simple_commander/build/lib/nav2_simple_commander
[0.949s] copying nav2_simple_commander/example_follow_path.py -> /home/bilal/trail_tracer/build/nav2_simple_commander/build/lib/nav2_simple_commander
[0.949s] copying nav2_simple_commander/demo_picking.py -> /home/bilal/trail_tracer/build/nav2_simple_commander/build/lib/nav2_simple_commander
[0.949s] running install
[0.949s] running install_lib
[0.950s] creating /home/bilal/trail_tracer/install/nav2_simple_commander/lib/python3.10/site-packages/nav2_simple_commander
[0.950s] copying /home/bilal/trail_tracer/build/nav2_simple_commander/build/lib/nav2_simple_commander/example_nav_through_poses.py -> /home/bilal/trail_tracer/install/nav2_simple_commander/lib/python3.10/site-packages/nav2_simple_commander
[0.950s] copying /home/bilal/trail_tracer/build/nav2_simple_commander/build/lib/nav2_simple_commander/costmap_2d.py -> /home/bilal/trail_tracer/install/nav2_simple_commander/lib/python3.10/site-packages/nav2_simple_commander
[0.950s] copying /home/bilal/trail_tracer/build/nav2_simple_commander/build/lib/nav2_simple_commander/robot_navigator.py -> /home/bilal/trail_tracer/install/nav2_simple_commander/lib/python3.10/site-packages/nav2_simple_commander
[0.950s] copying /home/bilal/trail_tracer/build/nav2_simple_commander/build/lib/nav2_simple_commander/__init__.py -> /home/bilal/trail_tracer/install/nav2_simple_commander/lib/python3.10/site-packages/nav2_simple_commander
[0.950s] copying /home/bilal/trail_tracer/build/nav2_simple_commander/build/lib/nav2_simple_commander/demo_inspection.py -> /home/bilal/trail_tracer/install/nav2_simple_commander/lib/python3.10/site-packages/nav2_simple_commander
[0.950s] copying /home/bilal/trail_tracer/build/nav2_simple_commander/build/lib/nav2_simple_commander/example_assisted_teleop.py -> /home/bilal/trail_tracer/install/nav2_simple_commander/lib/python3.10/site-packages/nav2_simple_commander
[0.950s] copying /home/bilal/trail_tracer/build/nav2_simple_commander/build/lib/nav2_simple_commander/example_waypoint_follower.py -> /home/bilal/trail_tracer/install/nav2_simple_commander/lib/python3.10/site-packages/nav2_simple_commander
[0.950s] copying /home/bilal/trail_tracer/build/nav2_simple_commander/build/lib/nav2_simple_commander/demo_security.py -> /home/bilal/trail_tracer/install/nav2_simple_commander/lib/python3.10/site-packages/nav2_simple_commander
[0.950s] copying /home/bilal/trail_tracer/build/nav2_simple_commander/build/lib/nav2_simple_commander/demo_recoveries.py -> /home/bilal/trail_tracer/install/nav2_simple_commander/lib/python3.10/site-packages/nav2_simple_commander
[0.950s] copying /home/bilal/trail_tracer/build/nav2_simple_commander/build/lib/nav2_simple_commander/example_nav_to_pose.py -> /home/bilal/trail_tracer/install/nav2_simple_commander/lib/python3.10/site-packages/nav2_simple_commander
[0.950s] copying /home/bilal/trail_tracer/build/nav2_simple_commander/build/lib/nav2_simple_commander/line_iterator.py -> /home/bilal/trail_tracer/install/nav2_simple_commander/lib/python3.10/site-packages/nav2_simple_commander
[0.951s] copying /home/bilal/trail_tracer/build/nav2_simple_commander/build/lib/nav2_simple_commander/example_follow_path.py -> /home/bilal/trail_tracer/install/nav2_simple_commander/lib/python3.10/site-packages/nav2_simple_commander
[0.951s] copying /home/bilal/trail_tracer/build/nav2_simple_commander/build/lib/nav2_simple_commander/demo_picking.py -> /home/bilal/trail_tracer/install/nav2_simple_commander/lib/python3.10/site-packages/nav2_simple_commander
[0.951s] byte-compiling /home/bilal/trail_tracer/install/nav2_simple_commander/lib/python3.10/site-packages/nav2_simple_commander/example_nav_through_poses.py to example_nav_through_poses.cpython-310.pyc
[0.952s] byte-compiling /home/bilal/trail_tracer/install/nav2_simple_commander/lib/python3.10/site-packages/nav2_simple_commander/costmap_2d.py to costmap_2d.cpython-310.pyc
[0.952s] byte-compiling /home/bilal/trail_tracer/install/nav2_simple_commander/lib/python3.10/site-packages/nav2_simple_commander/robot_navigator.py to robot_navigator.cpython-310.pyc
[0.954s] byte-compiling /home/bilal/trail_tracer/install/nav2_simple_commander/lib/python3.10/site-packages/nav2_simple_commander/__init__.py to __init__.cpython-310.pyc
[0.954s] byte-compiling /home/bilal/trail_tracer/install/nav2_simple_commander/lib/python3.10/site-packages/nav2_simple_commander/demo_inspection.py to demo_inspection.cpython-310.pyc
[0.955s] byte-compiling /home/bilal/trail_tracer/install/nav2_simple_commander/lib/python3.10/site-packages/nav2_simple_commander/example_assisted_teleop.py to example_assisted_teleop.cpython-310.pyc
[0.955s] byte-compiling /home/bilal/trail_tracer/install/nav2_simple_commander/lib/python3.10/site-packages/nav2_simple_commander/example_waypoint_follower.py to example_waypoint_follower.cpython-310.pyc
[0.955s] byte-compiling /home/bilal/trail_tracer/install/nav2_simple_commander/lib/python3.10/site-packages/nav2_simple_commander/demo_security.py to demo_security.cpython-310.pyc
[0.956s] byte-compiling /home/bilal/trail_tracer/install/nav2_simple_commander/lib/python3.10/site-packages/nav2_simple_commander/demo_recoveries.py to demo_recoveries.cpython-310.pyc
[0.956s] byte-compiling /home/bilal/trail_tracer/install/nav2_simple_commander/lib/python3.10/site-packages/nav2_simple_commander/example_nav_to_pose.py to example_nav_to_pose.cpython-310.pyc
[0.957s] byte-compiling /home/bilal/trail_tracer/install/nav2_simple_commander/lib/python3.10/site-packages/nav2_simple_commander/line_iterator.py to line_iterator.cpython-310.pyc
[0.957s] byte-compiling /home/bilal/trail_tracer/install/nav2_simple_commander/lib/python3.10/site-packages/nav2_simple_commander/example_follow_path.py to example_follow_path.cpython-310.pyc
[0.957s] byte-compiling /home/bilal/trail_tracer/install/nav2_simple_commander/lib/python3.10/site-packages/nav2_simple_commander/demo_picking.py to demo_picking.cpython-310.pyc
[0.958s] running install_data
[0.958s] creating /home/bilal/trail_tracer/install/nav2_simple_commander/share/ament_index
[0.958s] creating /home/bilal/trail_tracer/install/nav2_simple_commander/share/ament_index/resource_index
[0.958s] creating /home/bilal/trail_tracer/install/nav2_simple_commander/share/ament_index/resource_index/packages
[0.958s] copying resource/nav2_simple_commander -> /home/bilal/trail_tracer/install/nav2_simple_commander/share/ament_index/resource_index/packages
[0.958s] copying package.xml -> /home/bilal/trail_tracer/install/nav2_simple_commander/share/nav2_simple_commander
[0.958s] copying launch/nav_to_pose_example_launch.py -> /home/bilal/trail_tracer/install/nav2_simple_commander/share/nav2_simple_commander
[0.958s] copying launch/assisted_teleop_example_launch.py -> /home/bilal/trail_tracer/install/nav2_simple_commander/share/nav2_simple_commander
[0.958s] copying launch/recoveries_example_launch.py -> /home/bilal/trail_tracer/install/nav2_simple_commander/share/nav2_simple_commander
[0.958s] copying launch/inspection_demo_launch.py -> /home/bilal/trail_tracer/install/nav2_simple_commander/share/nav2_simple_commander
[0.959s] copying launch/waypoint_follower_example_launch.py -> /home/bilal/trail_tracer/install/nav2_simple_commander/share/nav2_simple_commander
[0.959s] copying launch/nav_through_poses_example_launch.py -> /home/bilal/trail_tracer/install/nav2_simple_commander/share/nav2_simple_commander
[0.959s] copying launch/security_demo_launch.py -> /home/bilal/trail_tracer/install/nav2_simple_commander/share/nav2_simple_commander
[0.959s] copying launch/warehouse.world -> /home/bilal/trail_tracer/install/nav2_simple_commander/share/nav2_simple_commander
[0.959s] copying launch/picking_demo_launch.py -> /home/bilal/trail_tracer/install/nav2_simple_commander/share/nav2_simple_commander
[0.959s] copying launch/follow_path_example_launch.py -> /home/bilal/trail_tracer/install/nav2_simple_commander/share/nav2_simple_commander
[0.959s] running install_egg_info
[0.960s] Copying ../../../build/nav2_simple_commander/nav2_simple_commander.egg-info to /home/bilal/trail_tracer/install/nav2_simple_commander/lib/python3.10/site-packages/nav2_simple_commander-1.0.0-py3.10.egg-info
[0.961s] running install_scripts
[0.974s] Installing demo_inspection script to /home/bilal/trail_tracer/install/nav2_simple_commander/lib/nav2_simple_commander
[0.974s] Installing demo_picking script to /home/bilal/trail_tracer/install/nav2_simple_commander/lib/nav2_simple_commander
[0.974s] Installing demo_recoveries script to /home/bilal/trail_tracer/install/nav2_simple_commander/lib/nav2_simple_commander
[0.974s] Installing demo_security script to /home/bilal/trail_tracer/install/nav2_simple_commander/lib/nav2_simple_commander
[0.974s] Installing example_assisted_teleop script to /home/bilal/trail_tracer/install/nav2_simple_commander/lib/nav2_simple_commander
[0.974s] Installing example_follow_path script to /home/bilal/trail_tracer/install/nav2_simple_commander/lib/nav2_simple_commander
[0.974s] Installing example_nav_through_poses script to /home/bilal/trail_tracer/install/nav2_simple_commander/lib/nav2_simple_commander
[0.974s] Installing example_nav_to_pose script to /home/bilal/trail_tracer/install/nav2_simple_commander/lib/nav2_simple_commander
[0.974s] Installing example_waypoint_follower script to /home/bilal/trail_tracer/install/nav2_simple_commander/lib/nav2_simple_commander
[0.975s] writing list of installed files to '/home/bilal/trail_tracer/build/nav2_simple_commander/install.log'
[0.990s] Invoked command in '/home/bilal/trail_tracer/src/navigation2/nav2_simple_commander' returned '0': AMENT_PREFIX_PATH=/home/bilal/trail_tracer/install/nav2_msgs:${AMENT_PREFIX_PATH} CMAKE_PREFIX_PATH=/home/bilal/trail_tracer/install/nav2_msgs:${CMAKE_PREFIX_PATH} LD_LIBRARY_PATH=/home/bilal/trail_tracer/install/nav2_msgs/lib:/home/bilal/learn_ros2_ws/install/nav2_smoother/lib:/home/bilal/learn_ros2_ws/install/nav2_graceful_controller/lib:/home/bilal/learn_ros2_ws/install/nav2_controller/lib:/home/bilal/learn_ros2_ws/install/dwb_plugins/lib:/home/bilal/learn_ros2_ws/install/dwb_critics/lib:/home/bilal/learn_ros2_ws/install/dwb_core/lib:/home/bilal/learn_ros2_ws/install/nav_2d_utils/lib:/home/bilal/learn_ros2_ws/install/dwb_msgs/lib:/home/bilal/learn_ros2_ws/install/nav_2d_msgs/lib:/home/bilal/learn_ros2_ws/install/nav2_waypoint_follower/lib:/home/bilal/learn_ros2_ws/install/nav2_theta_star_planner/lib:/home/bilal/learn_ros2_ws/install/nav2_smac_planner/lib:/home/bilal/learn_ros2_ws/install/nav2_rotation_shim_controller/lib:/home/bilal/learn_ros2_ws/install/nav2_regulated_pure_pursuit_controller/lib:/home/bilal/learn_ros2_ws/install/nav2_planner/lib:/home/bilal/learn_ros2_ws/install/nav2_navfn_planner/lib:/home/bilal/learn_ros2_ws/install/nav2_mppi_controller/lib:/home/bilal/learn_ros2_ws/install/nav2_constrained_smoother/lib:/home/bilal/learn_ros2_ws/install/nav2_bt_navigator/lib:/home/bilal/learn_ros2_ws/install/nav2_behaviors/lib:/home/bilal/learn_ros2_ws/install/nav2_collision_monitor/lib:/home/bilal/learn_ros2_ws/install/costmap_queue/lib:/home/bilal/learn_ros2_ws/install/nav2_costmap_2d/lib:/home/bilal/learn_ros2_ws/install/nav2_voxel_grid/lib:/home/bilal/learn_ros2_ws/install/nav2_velocity_smoother/lib:/home/bilal/learn_ros2_ws/install/nav2_rviz_plugins/lib:/home/bilal/learn_ros2_ws/install/nav2_map_server/lib:/home/bilal/learn_ros2_ws/install/nav2_lifecycle_manager/lib:/home/bilal/learn_ros2_ws/install/nav2_behavior_tree/lib:/home/bilal/learn_ros2_ws/install/nav2_amcl/lib:/home/bilal/learn_ros2_ws/install/nav2_util/lib:/home/bilal/learn_ros2_ws/install/nav2_msgs/lib:/home/bilal/learn_ros2_ws/install/gazebo_ros_skid_steer_drive_6w/lib:/home/bilal/learn_ros2_ws/install/gazebo_ros_ackermann_drive_4wd/lib:/home/bilal/ros2_ws/install/velodyne_simulation/lib:/home/bilal/ros2_ws/install/velodyne_control_msgs/lib:/usr/lib/x86_64-linux-gnu/gazebo-11/plugins:/opt/ros/humble/opt/rviz_ogre_vendor/lib:/opt/ros/humble/lib/x86_64-linux-gnu:/opt/ros/humble/lib:/usr/share/gazebo/../../lib/x86_64-linux-gnu/gazebo-11/plugins:/usr/share/gazebo/../../lib/x86_64-linux-gnu/gazebo-11/plugins:/usr/share/gazebo/../../lib/x86_64-linux-gnu/gazebo-11/plugins PYTHONPATH=/home/bilal/trail_tracer/build/nav2_simple_commander/prefix_override:/home/bilal/trail_tracer/install/nav2_simple_commander/lib/python3.10/site-packages:/home/bilal/trail_tracer/install/nav2_msgs/local/lib/python3.10/dist-packages:${PYTHONPATH} /usr/bin/python3 -W ignore:setup.py install is deprecated setup.py egg_info --egg-base ../../../build/nav2_simple_commander build --build-base /home/bilal/trail_tracer/build/nav2_simple_commander/build install --record /home/bilal/trail_tracer/build/nav2_simple_commander/install.log --single-version-externally-managed install_data
