[0.050s] Invoking command in '/home/bilal/trail_tracer/build/gazebo_ros_skid_steer_drive_6w': CMAKE_PREFIX_PATH=${CMAKE_PREFIX_PATH}:/home/bilal/trail_tracer/install/web_gui:/home/bilal/learn_ros2_ws/install/web_gui:/home/bilal/learn_ros2_ws/install/nav2_simple_commander:/home/bilal/ros2_ws/install/web_gui:/home/bilal/ros2_ws/install/opencv_tools:/home/bilal/ros2_ws/install/biy1_ros360_py:/opt/ros/humble /usr/bin/cmake /home/bilal/trail_tracer/src/gazebo_ros_skid_steer_drive_6w -DCMAKE_INSTALL_PREFIX=/home/bilal/trail_tracer/install/gazebo_ros_skid_steer_drive_6w
[0.117s] -- The C compiler identification is GNU 11.4.0
[0.173s] -- The CXX compiler identification is GNU 11.4.0
[0.182s] -- Detecting C compiler ABI info
[0.278s] -- Detecting C compiler ABI info - done
[0.288s] -- Check for working C compiler: /usr/bin/cc - skipped
[0.288s] -- Detecting C compile features
[0.288s] -- Detecting C compile features - done
[0.292s] -- Detecting CXX compiler ABI info
[0.393s] -- Detecting CXX compiler ABI info - done
[0.399s] -- Check for working CXX compiler: /usr/bin/c++ - skipped
[0.399s] -- Detecting CXX compile features
[0.400s] -- Detecting CXX compile features - done
[0.409s] -- Found ament_cmake: 1.3.8 (/opt/ros/humble/share/ament_cmake/cmake)
[0.586s] -- Found Python3: /usr/bin/python3 (found version "3.10.12") found components: Interpreter 
[0.790s] -- Found rclcpp: 16.0.8 (/opt/ros/humble/share/rclcpp/cmake)
[0.901s] -- Found rosidl_generator_c: 3.1.5 (/opt/ros/humble/share/rosidl_generator_c/cmake)
[0.918s] -- Found rosidl_adapter: 3.1.5 (/opt/ros/humble/share/rosidl_adapter/cmake)
[0.941s] -- Found rosidl_generator_cpp: 3.1.5 (/opt/ros/humble/share/rosidl_generator_cpp/cmake)
[0.975s] -- Using all available rosidl_typesupport_c: rosidl_typesupport_fastrtps_c;rosidl_typesupport_introspection_c
[1.018s] -- Using all available rosidl_typesupport_cpp: rosidl_typesupport_fastrtps_cpp;rosidl_typesupport_introspection_cpp
[1.153s] -- Found rmw_implementation_cmake: 6.1.1 (/opt/ros/humble/share/rmw_implementation_cmake/cmake)
[1.167s] -- Found rmw_fastrtps_cpp: 6.2.6 (/opt/ros/humble/share/rmw_fastrtps_cpp/cmake)
[1.331s] -- Found OpenSSL: /usr/lib/x86_64-linux-gnu/libcrypto.so (found version "3.0.2")  
[1.371s] -- Found FastRTPS: /opt/ros/humble/include  
[1.432s] -- Using RMW implementation 'rmw_fastrtps_cpp' as default
[1.460s] -- Looking for pthread.h
[1.540s] -- Looking for pthread.h - found
[1.541s] -- Performing Test CMAKE_HAVE_LIBC_PTHREAD
[1.624s] -- Performing Test CMAKE_HAVE_LIBC_PTHREAD - Success
[1.625s] -- Found Threads: TRUE  
[1.785s] -- Found tf2: 0.25.6 (/opt/ros/humble/share/tf2/cmake)
[1.880s] -- Found tf2_ros: 0.25.6 (/opt/ros/humble/share/tf2_ros/cmake)
[2.186s] -- Found nav_msgs: 4.2.3 (/opt/ros/humble/share/nav_msgs/cmake)
[2.252s] -- Found gazebo_ros: 3.7.0 (/opt/ros/humble/share/gazebo_ros/cmake)
[2.275s] -- Found PkgConfig: /usr/bin/pkg-config (found version "0.29.2") 
[2.276s] -- Checking for module 'bullet>=2.82'
[2.296s] --   Found bullet, version 3.05
[2.464s] -- Found fcl: /usr/include (found suitable version "0.7.0", minimum required is "0.5.0") 
[2.542s] -- Found assimp: /usr/include (found version "5.2.0") 
[2.596s] -- Found DART: /usr/include (Required is at least version "6.6") found components: dart 
[2.658s] -- Found Boost: /usr/lib/x86_64-linux-gnu/cmake/Boost-1.74.0/BoostConfig.cmake (found suitable version "1.74.0", minimum required is "1.40.0") found components: thread system filesystem program_options regex iostreams date_time 
[2.677s] -- Found Protobuf: /usr/lib/x86_64-linux-gnu/libprotobuf.so (found version "3.12.4") 
[2.695s] -- Looking for ignition-math6 -- found version 6.15.1
[2.708s] -- Searching for dependencies of ignition-math6
[2.709s] -- Looking for OGRE...
[2.710s] -- OGRE_PREFIX_WATCH changed.
[2.715s] -- Checking for module 'OGRE'
[2.736s] --   Found OGRE, version 1.9.0
[2.796s] -- Found Ogre Ghadamon (1.9.0)
[2.821s] -- Found OGRE: optimized;/usr/lib/x86_64-linux-gnu/libOgreMain.so;debug;/usr/lib/x86_64-linux-gnu/libOgreMain.so
[2.831s] -- Looking for OGRE_Paging...
[2.851s] -- Found OGRE_Paging: optimized;/usr/lib/x86_64-linux-gnu/libOgrePaging.so;debug;/usr/lib/x86_64-linux-gnu/libOgrePaging.so
[2.851s] -- Looking for OGRE_Terrain...
[2.867s] -- Found OGRE_Terrain: optimized;/usr/lib/x86_64-linux-gnu/libOgreTerrain.so;debug;/usr/lib/x86_64-linux-gnu/libOgreTerrain.so
[2.868s] -- Looking for OGRE_Property...
[2.883s] -- Found OGRE_Property: optimized;/usr/lib/x86_64-linux-gnu/libOgreProperty.so;debug;/usr/lib/x86_64-linux-gnu/libOgreProperty.so
[2.883s] -- Looking for OGRE_RTShaderSystem...
[2.898s] -- Found OGRE_RTShaderSystem: optimized;/usr/lib/x86_64-linux-gnu/libOgreRTShaderSystem.so;debug;/usr/lib/x86_64-linux-gnu/libOgreRTShaderSystem.so
[2.899s] -- Looking for OGRE_Volume...
[2.914s] -- Found OGRE_Volume: optimized;/usr/lib/x86_64-linux-gnu/libOgreVolume.so;debug;/usr/lib/x86_64-linux-gnu/libOgreVolume.so
[2.914s] -- Looking for OGRE_Overlay...
[2.930s] -- Found OGRE_Overlay: optimized;/usr/lib/x86_64-linux-gnu/libOgreOverlay.so;debug;/usr/lib/x86_64-linux-gnu/libOgreOverlay.so
[3.259s] -- Looking for ignition-math6 -- found version 6.15.1
[3.273s] -- Looking for ignition-transport8 -- found version 8.2.1
[3.274s] -- Searching for dependencies of ignition-transport8
[3.317s] -- Found Protobuf: /usr/lib/x86_64-linux-gnu/libprotobuf.so (found suitable version "3.12.4", minimum required is "3") 
[3.349s] -- Config-file not installed for ZeroMQ -- checking for pkg-config
[3.359s] -- Checking for module 'libzmq >= 4'
[3.398s] --   Found libzmq , version 4.3.4
[3.484s] -- Found ZeroMQ: TRUE (Required is at least version "4") 
[3.502s] -- Checking for module 'uuid'
[3.538s] --   Found uuid, version 2.37.2
[3.617s] -- Found UUID: TRUE  
[3.636s] -- Looking for ignition-msgs5 -- found version 5.8.1
[3.636s] -- Searching for dependencies of ignition-msgs5
[3.681s] -- Looking for ignition-math6 -- found version 6.15.1
[3.691s] -- Checking for module 'tinyxml2'
[3.727s] --   Found tinyxml2, version 9.0.0
[3.810s] -- Looking for ignition-msgs5 -- found version 5.8.1
[3.825s] -- Looking for ignition-common3 -- found version 3.14.0
[3.826s] -- Searching for dependencies of ignition-common3
[3.827s] -- Looking for dlfcn.h - found
[3.829s] -- Looking for libdl - found
[3.833s] -- Found DL: TRUE  
[3.865s] -- Found tinyobjloader: /usr/lib/x86_64-linux-gnu/cmake/tinyobjloader/tinyobjloader-config.cmake (found version "2.0.0") 
[3.866s] -- Searching for <ignition-common3> component [graphics]
[3.879s] -- Looking for ignition-common3-graphics -- found version 3.14.0
[3.880s] -- Searching for dependencies of ignition-common3-graphics
[3.880s] -- Looking for ignition-math6 -- found version 6.15.1
[3.894s] -- Looking for ignition-fuel_tools4 -- found version 4.4.0
[3.895s] -- Searching for dependencies of ignition-fuel_tools4
[4.094s] -- Found CURL: /usr/lib/x86_64-linux-gnu/libcurl.so (found version "7.81.0")  
[4.125s] -- Checking for module 'jsoncpp'
[4.161s] --   Found jsoncpp, version 1.9.5
[4.243s] -- Found JSONCPP: TRUE  
[4.260s] -- Checking for module 'libzip'
[4.296s] --   Found libzip, version 1.7.3
[4.395s] -- Found ZIP: TRUE  
[4.395s] -- Looking for ignition-common3 -- found version 3.14.0
[4.395s] -- Looking for ignition-math6 -- found version 6.15.1
[4.395s] -- Looking for ignition-msgs5 -- found version 5.8.1
[4.403s] -- Gazebo version: 11.10
[4.404s] -- Checking for module 'tbb'
[4.442s] --   Found tbb, version 2021.5.0
[4.535s] -- Found Boost: /usr/lib/x86_64-linux-gnu/cmake/Boost-1.74.0/BoostConfig.cmake (found version "1.74.0") found components: thread 
[4.703s] -- Configuring done
[4.757s] -- Generating done
[4.768s] -- Build files have been written to: /home/bilal/trail_tracer/build/gazebo_ros_skid_steer_drive_6w
[4.801s] Invoked command in '/home/bilal/trail_tracer/build/gazebo_ros_skid_steer_drive_6w' returned '0': CMAKE_PREFIX_PATH=${CMAKE_PREFIX_PATH}:/home/bilal/trail_tracer/install/web_gui:/home/bilal/learn_ros2_ws/install/web_gui:/home/bilal/learn_ros2_ws/install/nav2_simple_commander:/home/bilal/ros2_ws/install/web_gui:/home/bilal/ros2_ws/install/opencv_tools:/home/bilal/ros2_ws/install/biy1_ros360_py:/opt/ros/humble /usr/bin/cmake /home/bilal/trail_tracer/src/gazebo_ros_skid_steer_drive_6w -DCMAKE_INSTALL_PREFIX=/home/bilal/trail_tracer/install/gazebo_ros_skid_steer_drive_6w
[4.801s] Invoking command in '/home/bilal/trail_tracer/build/gazebo_ros_skid_steer_drive_6w': CMAKE_PREFIX_PATH=${CMAKE_PREFIX_PATH}:/home/bilal/trail_tracer/install/web_gui:/home/bilal/learn_ros2_ws/install/web_gui:/home/bilal/learn_ros2_ws/install/nav2_simple_commander:/home/bilal/ros2_ws/install/web_gui:/home/bilal/ros2_ws/install/opencv_tools:/home/bilal/ros2_ws/install/biy1_ros360_py:/opt/ros/humble /usr/bin/cmake --build /home/bilal/trail_tracer/build/gazebo_ros_skid_steer_drive_6w -- -j12 -l12
[4.918s] [ 50%] [32mBuilding CXX object CMakeFiles/gazebo_ros_skid_steer_drive_6w.dir/src/gazebo_ros_skid_steer_drive_6w.cpp.o[0m
[22.568s] [100%] [32m[1mLinking CXX shared library libgazebo_ros_skid_steer_drive_6w.so[0m
[23.148s] [100%] Built target gazebo_ros_skid_steer_drive_6w
[23.162s] Invoked command in '/home/bilal/trail_tracer/build/gazebo_ros_skid_steer_drive_6w' returned '0': CMAKE_PREFIX_PATH=${CMAKE_PREFIX_PATH}:/home/bilal/trail_tracer/install/web_gui:/home/bilal/learn_ros2_ws/install/web_gui:/home/bilal/learn_ros2_ws/install/nav2_simple_commander:/home/bilal/ros2_ws/install/web_gui:/home/bilal/ros2_ws/install/opencv_tools:/home/bilal/ros2_ws/install/biy1_ros360_py:/opt/ros/humble /usr/bin/cmake --build /home/bilal/trail_tracer/build/gazebo_ros_skid_steer_drive_6w -- -j12 -l12
[23.212s] Invoking command in '/home/bilal/trail_tracer/build/gazebo_ros_skid_steer_drive_6w': CMAKE_PREFIX_PATH=${CMAKE_PREFIX_PATH}:/home/bilal/trail_tracer/install/web_gui:/home/bilal/learn_ros2_ws/install/web_gui:/home/bilal/learn_ros2_ws/install/nav2_simple_commander:/home/bilal/ros2_ws/install/web_gui:/home/bilal/ros2_ws/install/opencv_tools:/home/bilal/ros2_ws/install/biy1_ros360_py:/opt/ros/humble /usr/bin/cmake --install /home/bilal/trail_tracer/build/gazebo_ros_skid_steer_drive_6w
[23.222s] -- Install configuration: ""
[23.222s] -- Installing: /home/bilal/trail_tracer/install/gazebo_ros_skid_steer_drive_6w/share/gazebo_ros_skid_steer_drive_6w/environment/library_path.sh
[23.222s] -- Installing: /home/bilal/trail_tracer/install/gazebo_ros_skid_steer_drive_6w/share/gazebo_ros_skid_steer_drive_6w/environment/library_path.dsv
[23.223s] -- Installing: /home/bilal/trail_tracer/install/gazebo_ros_skid_steer_drive_6w/include
[23.223s] -- Installing: /home/bilal/trail_tracer/install/gazebo_ros_skid_steer_drive_6w/include/gazebo_ros_skid_steer_drive_6w.h
[23.223s] -- Installing: /home/bilal/trail_tracer/install/gazebo_ros_skid_steer_drive_6w/lib/libgazebo_ros_skid_steer_drive_6w.so
[23.236s] -- Set runtime path of "/home/bilal/trail_tracer/install/gazebo_ros_skid_steer_drive_6w/lib/libgazebo_ros_skid_steer_drive_6w.so" to ""
[23.236s] -- Installing: /home/bilal/trail_tracer/install/gazebo_ros_skid_steer_drive_6w/share/ament_index/resource_index/package_run_dependencies/gazebo_ros_skid_steer_drive_6w
[23.236s] -- Installing: /home/bilal/trail_tracer/install/gazebo_ros_skid_steer_drive_6w/share/ament_index/resource_index/parent_prefix_path/gazebo_ros_skid_steer_drive_6w
[23.236s] -- Installing: /home/bilal/trail_tracer/install/gazebo_ros_skid_steer_drive_6w/share/gazebo_ros_skid_steer_drive_6w/environment/ament_prefix_path.sh
[23.236s] -- Installing: /home/bilal/trail_tracer/install/gazebo_ros_skid_steer_drive_6w/share/gazebo_ros_skid_steer_drive_6w/environment/ament_prefix_path.dsv
[23.236s] -- Installing: /home/bilal/trail_tracer/install/gazebo_ros_skid_steer_drive_6w/share/gazebo_ros_skid_steer_drive_6w/environment/path.sh
[23.237s] -- Installing: /home/bilal/trail_tracer/install/gazebo_ros_skid_steer_drive_6w/share/gazebo_ros_skid_steer_drive_6w/environment/path.dsv
[23.237s] -- Installing: /home/bilal/trail_tracer/install/gazebo_ros_skid_steer_drive_6w/share/gazebo_ros_skid_steer_drive_6w/local_setup.bash
[23.237s] -- Installing: /home/bilal/trail_tracer/install/gazebo_ros_skid_steer_drive_6w/share/gazebo_ros_skid_steer_drive_6w/local_setup.sh
[23.237s] -- Installing: /home/bilal/trail_tracer/install/gazebo_ros_skid_steer_drive_6w/share/gazebo_ros_skid_steer_drive_6w/local_setup.zsh
[23.237s] -- Installing: /home/bilal/trail_tracer/install/gazebo_ros_skid_steer_drive_6w/share/gazebo_ros_skid_steer_drive_6w/local_setup.dsv
[23.237s] -- Installing: /home/bilal/trail_tracer/install/gazebo_ros_skid_steer_drive_6w/share/gazebo_ros_skid_steer_drive_6w/package.dsv
[23.238s] -- Installing: /home/bilal/trail_tracer/install/gazebo_ros_skid_steer_drive_6w/share/ament_index/resource_index/packages/gazebo_ros_skid_steer_drive_6w
[23.238s] -- Installing: /home/bilal/trail_tracer/install/gazebo_ros_skid_steer_drive_6w/share/gazebo_ros_skid_steer_drive_6w/cmake/ament_cmake_export_libraries-extras.cmake
[23.238s] -- Installing: /home/bilal/trail_tracer/install/gazebo_ros_skid_steer_drive_6w/share/gazebo_ros_skid_steer_drive_6w/cmake/ament_cmake_export_dependencies-extras.cmake
[23.238s] -- Installing: /home/bilal/trail_tracer/install/gazebo_ros_skid_steer_drive_6w/share/gazebo_ros_skid_steer_drive_6w/cmake/ament_cmake_export_include_directories-extras.cmake
[23.238s] -- Installing: /home/bilal/trail_tracer/install/gazebo_ros_skid_steer_drive_6w/share/gazebo_ros_skid_steer_drive_6w/cmake/gazebo_ros_skid_steer_drive_6wConfig.cmake
[23.238s] -- Installing: /home/bilal/trail_tracer/install/gazebo_ros_skid_steer_drive_6w/share/gazebo_ros_skid_steer_drive_6w/cmake/gazebo_ros_skid_steer_drive_6wConfig-version.cmake
[23.239s] -- Installing: /home/bilal/trail_tracer/install/gazebo_ros_skid_steer_drive_6w/share/gazebo_ros_skid_steer_drive_6w/package.xml
[23.241s] Invoked command in '/home/bilal/trail_tracer/build/gazebo_ros_skid_steer_drive_6w' returned '0': CMAKE_PREFIX_PATH=${CMAKE_PREFIX_PATH}:/home/bilal/trail_tracer/install/web_gui:/home/bilal/learn_ros2_ws/install/web_gui:/home/bilal/learn_ros2_ws/install/nav2_simple_commander:/home/bilal/ros2_ws/install/web_gui:/home/bilal/ros2_ws/install/opencv_tools:/home/bilal/ros2_ws/install/biy1_ros360_py:/opt/ros/humble /usr/bin/cmake --install /home/bilal/trail_tracer/build/gazebo_ros_skid_steer_drive_6w
