[0.049s] Invoking command in '/home/bilal/trail_tracer/build/gazebo_ros_skid_steer_drive_6w': CMAKE_PREFIX_PATH=${CMAKE_PREFIX_PATH}:/home/bilal/trail_tracer/install/web_gui:/home/bilal/learn_ros2_ws/install/web_gui:/home/bilal/learn_ros2_ws/install/nav2_simple_commander:/home/bilal/ros2_ws/install/web_gui:/home/bilal/ros2_ws/install/opencv_tools:/home/bilal/ros2_ws/install/biy1_ros360_py:/opt/ros/humble /usr/bin/cmake /home/bilal/trail_tracer/src/gazebo_ros_skid_steer_drive_6w -DCMAKE_INSTALL_PREFIX=/home/bilal/trail_tracer/install/gazebo_ros_skid_steer_drive_6w
[0.125s] -- The C compiler identification is GNU 11.4.0
[0.195s] -- The CXX compiler identification is GNU 11.4.0
[0.206s] -- Detecting C compiler ABI info
[0.318s] -- Detecting C compiler ABI info - done
[0.327s] -- Check for working C compiler: /usr/bin/cc - skipped
[0.327s] -- Detecting C compile features
[0.328s] -- Detecting C compile features - done
[0.331s] -- Detecting CXX compiler ABI info
[0.472s] -- Detecting CXX compiler ABI info - done
[0.482s] -- Check for working CXX compiler: /usr/bin/c++ - skipped
[0.482s] -- Detecting CXX compile features
[0.483s] -- Detecting CXX compile features - done
[0.494s] -- Found ament_cmake: 1.3.8 (/opt/ros/humble/share/ament_cmake/cmake)
[0.732s] -- Found Python3: /usr/bin/python3 (found version "3.10.12") found components: Interpreter 
[0.977s] -- Found rclcpp: 16.0.8 (/opt/ros/humble/share/rclcpp/cmake)
[1.099s] -- Found rosidl_generator_c: 3.1.5 (/opt/ros/humble/share/rosidl_generator_c/cmake)
[1.118s] -- Found rosidl_adapter: 3.1.5 (/opt/ros/humble/share/rosidl_adapter/cmake)
[1.139s] -- Found rosidl_generator_cpp: 3.1.5 (/opt/ros/humble/share/rosidl_generator_cpp/cmake)
[1.170s] -- Using all available rosidl_typesupport_c: rosidl_typesupport_fastrtps_c;rosidl_typesupport_introspection_c
[1.217s] -- Using all available rosidl_typesupport_cpp: rosidl_typesupport_fastrtps_cpp;rosidl_typesupport_introspection_cpp
[1.391s] -- Found rmw_implementation_cmake: 6.1.1 (/opt/ros/humble/share/rmw_implementation_cmake/cmake)
[1.408s] -- Found rmw_fastrtps_cpp: 6.2.6 (/opt/ros/humble/share/rmw_fastrtps_cpp/cmake)
[1.629s] -- Found OpenSSL: /usr/lib/x86_64-linux-gnu/libcrypto.so (found version "3.0.2")  
[1.682s] -- Found FastRTPS: /opt/ros/humble/include  
[1.757s] -- Using RMW implementation 'rmw_fastrtps_cpp' as default
[1.792s] -- Looking for pthread.h
[1.884s] -- Looking for pthread.h - found
[1.884s] -- Performing Test CMAKE_HAVE_LIBC_PTHREAD
[1.977s] -- Performing Test CMAKE_HAVE_LIBC_PTHREAD - Success
[1.978s] -- Found Threads: TRUE  
[2.213s] -- Found tf2: 0.25.6 (/opt/ros/humble/share/tf2/cmake)
[2.278s] -- Found tf2_ros: 0.25.6 (/opt/ros/humble/share/tf2_ros/cmake)
[2.580s] -- Found nav_msgs: 4.2.3 (/opt/ros/humble/share/nav_msgs/cmake)
[2.645s] -- Found gazebo_ros: 3.7.0 (/opt/ros/humble/share/gazebo_ros/cmake)
[2.670s] -- Found PkgConfig: /usr/bin/pkg-config (found version "0.29.2") 
[2.672s] -- Checking for module 'bullet>=2.82'
[2.693s] --   Found bullet, version 3.05
[2.871s] -- Found fcl: /usr/include (found suitable version "0.7.0", minimum required is "0.5.0") 
[2.950s] -- Found assimp: /usr/include (found version "5.2.0") 
[2.995s] -- Found DART: /usr/include (Required is at least version "6.6") found components: dart 
[3.067s] -- Found Boost: /usr/lib/x86_64-linux-gnu/cmake/Boost-1.74.0/BoostConfig.cmake (found suitable version "1.74.0", minimum required is "1.40.0") found components: thread system filesystem program_options regex iostreams date_time 
[3.095s] -- Found Protobuf: /usr/lib/x86_64-linux-gnu/libprotobuf.so (found version "3.12.4") 
[3.119s] -- Looking for ignition-math6 -- found version 6.15.1
[3.136s] -- Searching for dependencies of ignition-math6
[3.137s] -- Looking for OGRE...
[3.137s] -- OGRE_PREFIX_WATCH changed.
[3.145s] -- Checking for module 'OGRE'
[3.169s] --   Found OGRE, version 1.9.0
[3.221s] -- Found Ogre Ghadamon (1.9.0)
[3.234s] -- Found OGRE: optimized;/usr/lib/x86_64-linux-gnu/libOgreMain.so;debug;/usr/lib/x86_64-linux-gnu/libOgreMain.so
[3.241s] -- Looking for OGRE_Paging...
[3.251s] -- Found OGRE_Paging: optimized;/usr/lib/x86_64-linux-gnu/libOgrePaging.so;debug;/usr/lib/x86_64-linux-gnu/libOgrePaging.so
[3.251s] -- Looking for OGRE_Terrain...
[3.261s] -- Found OGRE_Terrain: optimized;/usr/lib/x86_64-linux-gnu/libOgreTerrain.so;debug;/usr/lib/x86_64-linux-gnu/libOgreTerrain.so
[3.261s] -- Looking for OGRE_Property...
[3.271s] -- Found OGRE_Property: optimized;/usr/lib/x86_64-linux-gnu/libOgreProperty.so;debug;/usr/lib/x86_64-linux-gnu/libOgreProperty.so
[3.271s] -- Looking for OGRE_RTShaderSystem...
[3.280s] -- Found OGRE_RTShaderSystem: optimized;/usr/lib/x86_64-linux-gnu/libOgreRTShaderSystem.so;debug;/usr/lib/x86_64-linux-gnu/libOgreRTShaderSystem.so
[3.280s] -- Looking for OGRE_Volume...
[3.290s] -- Found OGRE_Volume: optimized;/usr/lib/x86_64-linux-gnu/libOgreVolume.so;debug;/usr/lib/x86_64-linux-gnu/libOgreVolume.so
[3.290s] -- Looking for OGRE_Overlay...
[3.300s] -- Found OGRE_Overlay: optimized;/usr/lib/x86_64-linux-gnu/libOgreOverlay.so;debug;/usr/lib/x86_64-linux-gnu/libOgreOverlay.so
[3.535s] -- Looking for ignition-math6 -- found version 6.15.1
[3.544s] -- Looking for ignition-transport8 -- found version 8.2.1
[3.544s] -- Searching for dependencies of ignition-transport8
[3.571s] -- Found Protobuf: /usr/lib/x86_64-linux-gnu/libprotobuf.so (found suitable version "3.12.4", minimum required is "3") 
[3.590s] -- Config-file not installed for ZeroMQ -- checking for pkg-config
[3.596s] -- Checking for module 'libzmq >= 4'
[3.618s] --   Found libzmq , version 4.3.4
[3.672s] -- Found ZeroMQ: TRUE (Required is at least version "4") 
[3.679s] -- Checking for module 'uuid'
[3.703s] --   Found uuid, version 2.37.2
[3.756s] -- Found UUID: TRUE  
[3.765s] -- Looking for ignition-msgs5 -- found version 5.8.1
[3.766s] -- Searching for dependencies of ignition-msgs5
[3.793s] -- Looking for ignition-math6 -- found version 6.15.1
[3.799s] -- Checking for module 'tinyxml2'
[3.821s] --   Found tinyxml2, version 9.0.0
[3.872s] -- Looking for ignition-msgs5 -- found version 5.8.1
[3.880s] -- Looking for ignition-common3 -- found version 3.14.0
[3.880s] -- Searching for dependencies of ignition-common3
[3.881s] -- Looking for dlfcn.h - found
[3.883s] -- Looking for libdl - found
[3.884s] -- Found DL: TRUE  
[3.903s] -- Found tinyobjloader: /usr/lib/x86_64-linux-gnu/cmake/tinyobjloader/tinyobjloader-config.cmake (found version "2.0.0") 
[3.903s] -- Searching for <ignition-common3> component [graphics]
[3.913s] -- Looking for ignition-common3-graphics -- found version 3.14.0
[3.913s] -- Searching for dependencies of ignition-common3-graphics
[3.913s] -- Looking for ignition-math6 -- found version 6.15.1
[3.923s] -- Looking for ignition-fuel_tools4 -- found version 4.4.0
[3.923s] -- Searching for dependencies of ignition-fuel_tools4
[4.051s] -- Found CURL: /usr/lib/x86_64-linux-gnu/libcurl.so (found version "7.81.0")  
[4.070s] -- Checking for module 'jsoncpp'
[4.094s] --   Found jsoncpp, version 1.9.5
[4.147s] -- Found JSONCPP: TRUE  
[4.153s] -- Checking for module 'libzip'
[4.174s] --   Found libzip, version 1.7.3
[4.225s] -- Found ZIP: TRUE  
[4.225s] -- Looking for ignition-common3 -- found version 3.14.0
[4.226s] -- Looking for ignition-math6 -- found version 6.15.1
[4.226s] -- Looking for ignition-msgs5 -- found version 5.8.1
[4.236s] -- Gazebo version: 11.10
[4.236s] -- Checking for module 'tbb'
[4.258s] --   Found tbb, version 2021.5.0
[4.315s] -- Found Boost: /usr/lib/x86_64-linux-gnu/cmake/Boost-1.74.0/BoostConfig.cmake (found version "1.74.0") found components: thread 
[4.407s] -- Configuring done
[4.429s] -- Generating done
[4.431s] -- Build files have been written to: /home/bilal/trail_tracer/build/gazebo_ros_skid_steer_drive_6w
[4.448s] Invoked command in '/home/bilal/trail_tracer/build/gazebo_ros_skid_steer_drive_6w' returned '0': CMAKE_PREFIX_PATH=${CMAKE_PREFIX_PATH}:/home/bilal/trail_tracer/install/web_gui:/home/bilal/learn_ros2_ws/install/web_gui:/home/bilal/learn_ros2_ws/install/nav2_simple_commander:/home/bilal/ros2_ws/install/web_gui:/home/bilal/ros2_ws/install/opencv_tools:/home/bilal/ros2_ws/install/biy1_ros360_py:/opt/ros/humble /usr/bin/cmake /home/bilal/trail_tracer/src/gazebo_ros_skid_steer_drive_6w -DCMAKE_INSTALL_PREFIX=/home/bilal/trail_tracer/install/gazebo_ros_skid_steer_drive_6w
[4.450s] Invoking command in '/home/bilal/trail_tracer/build/gazebo_ros_skid_steer_drive_6w': CMAKE_PREFIX_PATH=${CMAKE_PREFIX_PATH}:/home/bilal/trail_tracer/install/web_gui:/home/bilal/learn_ros2_ws/install/web_gui:/home/bilal/learn_ros2_ws/install/nav2_simple_commander:/home/bilal/ros2_ws/install/web_gui:/home/bilal/ros2_ws/install/opencv_tools:/home/bilal/ros2_ws/install/biy1_ros360_py:/opt/ros/humble /usr/bin/cmake --build /home/bilal/trail_tracer/build/gazebo_ros_skid_steer_drive_6w -- -j12 -l12
[4.527s] [ 50%] [32mBuilding CXX object CMakeFiles/gazebo_ros_skid_steer_drive_6w.dir/src/gazebo_ros_skid_steer_drive_6w.cpp.o[0m
[17.922s] [100%] [32m[1mLinking CXX shared library libgazebo_ros_skid_steer_drive_6w.so[0m
[18.537s] [100%] Built target gazebo_ros_skid_steer_drive_6w
[18.554s] Invoked command in '/home/bilal/trail_tracer/build/gazebo_ros_skid_steer_drive_6w' returned '0': CMAKE_PREFIX_PATH=${CMAKE_PREFIX_PATH}:/home/bilal/trail_tracer/install/web_gui:/home/bilal/learn_ros2_ws/install/web_gui:/home/bilal/learn_ros2_ws/install/nav2_simple_commander:/home/bilal/ros2_ws/install/web_gui:/home/bilal/ros2_ws/install/opencv_tools:/home/bilal/ros2_ws/install/biy1_ros360_py:/opt/ros/humble /usr/bin/cmake --build /home/bilal/trail_tracer/build/gazebo_ros_skid_steer_drive_6w -- -j12 -l12
[18.608s] Invoking command in '/home/bilal/trail_tracer/build/gazebo_ros_skid_steer_drive_6w': CMAKE_PREFIX_PATH=${CMAKE_PREFIX_PATH}:/home/bilal/trail_tracer/install/web_gui:/home/bilal/learn_ros2_ws/install/web_gui:/home/bilal/learn_ros2_ws/install/nav2_simple_commander:/home/bilal/ros2_ws/install/web_gui:/home/bilal/ros2_ws/install/opencv_tools:/home/bilal/ros2_ws/install/biy1_ros360_py:/opt/ros/humble /usr/bin/cmake --install /home/bilal/trail_tracer/build/gazebo_ros_skid_steer_drive_6w
[18.622s] -- Install configuration: ""
[18.622s] -- Installing: /home/bilal/trail_tracer/install/gazebo_ros_skid_steer_drive_6w/share/gazebo_ros_skid_steer_drive_6w/environment/library_path.sh
[18.622s] -- Installing: /home/bilal/trail_tracer/install/gazebo_ros_skid_steer_drive_6w/share/gazebo_ros_skid_steer_drive_6w/environment/library_path.dsv
[18.622s] -- Installing: /home/bilal/trail_tracer/install/gazebo_ros_skid_steer_drive_6w/include
[18.622s] -- Installing: /home/bilal/trail_tracer/install/gazebo_ros_skid_steer_drive_6w/include/gazebo_ros_skid_steer_drive_6w.h
[18.622s] -- Installing: /home/bilal/trail_tracer/install/gazebo_ros_skid_steer_drive_6w/lib/libgazebo_ros_skid_steer_drive_6w.so
[18.636s] -- Set runtime path of "/home/bilal/trail_tracer/install/gazebo_ros_skid_steer_drive_6w/lib/libgazebo_ros_skid_steer_drive_6w.so" to ""
[18.636s] -- Installing: /home/bilal/trail_tracer/install/gazebo_ros_skid_steer_drive_6w/share/ament_index/resource_index/package_run_dependencies/gazebo_ros_skid_steer_drive_6w
[18.636s] -- Installing: /home/bilal/trail_tracer/install/gazebo_ros_skid_steer_drive_6w/share/ament_index/resource_index/parent_prefix_path/gazebo_ros_skid_steer_drive_6w
[18.636s] -- Installing: /home/bilal/trail_tracer/install/gazebo_ros_skid_steer_drive_6w/share/gazebo_ros_skid_steer_drive_6w/environment/ament_prefix_path.sh
[18.636s] -- Installing: /home/bilal/trail_tracer/install/gazebo_ros_skid_steer_drive_6w/share/gazebo_ros_skid_steer_drive_6w/environment/ament_prefix_path.dsv
[18.637s] -- Installing: /home/bilal/trail_tracer/install/gazebo_ros_skid_steer_drive_6w/share/gazebo_ros_skid_steer_drive_6w/environment/path.sh
[18.637s] -- Installing: /home/bilal/trail_tracer/install/gazebo_ros_skid_steer_drive_6w/share/gazebo_ros_skid_steer_drive_6w/environment/path.dsv
[18.637s] -- Installing: /home/bilal/trail_tracer/install/gazebo_ros_skid_steer_drive_6w/share/gazebo_ros_skid_steer_drive_6w/local_setup.bash
[18.637s] -- Installing: /home/bilal/trail_tracer/install/gazebo_ros_skid_steer_drive_6w/share/gazebo_ros_skid_steer_drive_6w/local_setup.sh
[18.637s] -- Installing: /home/bilal/trail_tracer/install/gazebo_ros_skid_steer_drive_6w/share/gazebo_ros_skid_steer_drive_6w/local_setup.zsh
[18.637s] -- Installing: /home/bilal/trail_tracer/install/gazebo_ros_skid_steer_drive_6w/share/gazebo_ros_skid_steer_drive_6w/local_setup.dsv
[18.637s] -- Installing: /home/bilal/trail_tracer/install/gazebo_ros_skid_steer_drive_6w/share/gazebo_ros_skid_steer_drive_6w/package.dsv
[18.638s] -- Installing: /home/bilal/trail_tracer/install/gazebo_ros_skid_steer_drive_6w/share/ament_index/resource_index/packages/gazebo_ros_skid_steer_drive_6w
[18.638s] -- Installing: /home/bilal/trail_tracer/install/gazebo_ros_skid_steer_drive_6w/share/gazebo_ros_skid_steer_drive_6w/cmake/ament_cmake_export_libraries-extras.cmake
[18.638s] -- Installing: /home/bilal/trail_tracer/install/gazebo_ros_skid_steer_drive_6w/share/gazebo_ros_skid_steer_drive_6w/cmake/ament_cmake_export_dependencies-extras.cmake
[18.638s] -- Installing: /home/bilal/trail_tracer/install/gazebo_ros_skid_steer_drive_6w/share/gazebo_ros_skid_steer_drive_6w/cmake/ament_cmake_export_include_directories-extras.cmake
[18.638s] -- Installing: /home/bilal/trail_tracer/install/gazebo_ros_skid_steer_drive_6w/share/gazebo_ros_skid_steer_drive_6w/cmake/gazebo_ros_skid_steer_drive_6wConfig.cmake
[18.638s] -- Installing: /home/bilal/trail_tracer/install/gazebo_ros_skid_steer_drive_6w/share/gazebo_ros_skid_steer_drive_6w/cmake/gazebo_ros_skid_steer_drive_6wConfig-version.cmake
[18.638s] -- Installing: /home/bilal/trail_tracer/install/gazebo_ros_skid_steer_drive_6w/share/gazebo_ros_skid_steer_drive_6w/package.xml
[18.641s] Invoked command in '/home/bilal/trail_tracer/build/gazebo_ros_skid_steer_drive_6w' returned '0': CMAKE_PREFIX_PATH=${CMAKE_PREFIX_PATH}:/home/bilal/trail_tracer/install/web_gui:/home/bilal/learn_ros2_ws/install/web_gui:/home/bilal/learn_ros2_ws/install/nav2_simple_commander:/home/bilal/ros2_ws/install/web_gui:/home/bilal/ros2_ws/install/opencv_tools:/home/bilal/ros2_ws/install/biy1_ros360_py:/opt/ros/humble /usr/bin/cmake --install /home/bilal/trail_tracer/build/gazebo_ros_skid_steer_drive_6w
