[35m[1mConsolidate compiler generated dependencies of target testCode[0m
[35m[1mConsolidate compiler generated dependencies of target helloWorld[0m
[35m[1mConsolidate compiler generated dependencies of target exampleSubscriber[0m
[35m[1mConsolidate compiler generated dependencies of target examplePublisher[0m
[35m[1mConsolidate compiler generated dependencies of target nav2[0m
[35m[1mConsolidate compiler generated dependencies of target trail_tracer[0m
[35m[1mConsolidate compiler generated dependencies of target follower[0m
[35m[1mConsolidate compiler generated dependencies of target code_test[0m
[35m[1mConsolidate compiler generated dependencies of target waypoint_navigator[0m
[35m[1mConsolidate compiler generated dependencies of target sparse[0m
[35m[1mConsolidate compiler generated dependencies of target polishedCode[0m
[  4%] [32mBuilding CXX object CMakeFiles/helloWorld.dir/src/helloWorld.cpp.o[0m
[ 13%] Built target exampleSubscriber
[ 22%] Built target testCode
[ 40%] Built target trail_tracer
[ 31%] Built target examplePublisher
[ 50%] Built target follower
[ 59%] Built target nav2
[ 68%] Built target waypoint_navigator
[ 77%] Built target polishedCode
[ 86%] Built target sparse
[ 95%] Built target code_test
