[0.000000] (-) TimerEvent: {}
[0.000444] (-) JobUnselected: {'identifier': 'argo_nav'}
[0.000503] (-) JobUnselected: {'identifier': 'argo_sim'}
[0.000525] (-) JobUnselected: {'identifier': 'gazebo_ros_ackermann_drive_4wd'}
[0.000540] (-) JobUnselected: {'identifier': 'gazebo_ros_skid_steer_drive_6w'}
[0.000552] (-) JobUnselected: {'identifier': 'gps_to_utm_converter_cpp'}
[0.000563] (-) JobUnselected: {'identifier': 'traethlin_description'}
[0.000574] (-) JobUnselected: {'identifier': 'web_gui'}
[0.000587] (biy1_ros360_cpp) JobQueued: {'identifier': 'biy1_ros360_cpp', 'dependencies': OrderedDict()}
[0.000602] (biy1_ros360_cpp) JobStarted: {'identifier': 'biy1_ros360_cpp'}
[0.013233] (biy1_ros360_cpp) JobProgress: {'identifier': 'biy1_ros360_cpp', 'progress': 'cmake'}
[0.013633] (biy1_ros360_cpp) JobProgress: {'identifier': 'biy1_ros360_cpp', 'progress': 'build'}
[0.014208] (biy1_ros360_cpp) Command: {'cmd': ['/usr/bin/cmake', '--build', '/home/bilal/trail_tracer/build/biy1_ros360_cpp', '--', '-j12', '-l12'], 'cwd': '/home/bilal/trail_tracer/build/biy1_ros360_cpp', 'env': OrderedDict([('LANGUAGE', 'en_GB:en'), ('USER', 'bilal'), ('XDG_SESSION_TYPE', 'x11'), ('SHLVL', '1'), ('LD_LIBRARY_PATH', '/home/bilal/trail_tracer/install/gazebo_ros_skid_steer_drive_6w/lib:/home/bilal/trail_tracer/install/gazebo_ros_ackermann_drive_4wd/lib:/home/bilal/learn_ros2_ws/install/nav2_smoother/lib:/home/bilal/learn_ros2_ws/install/nav2_graceful_controller/lib:/home/bilal/learn_ros2_ws/install/nav2_controller/lib:/home/bilal/learn_ros2_ws/install/dwb_plugins/lib:/home/bilal/learn_ros2_ws/install/dwb_critics/lib:/home/bilal/learn_ros2_ws/install/dwb_core/lib:/home/bilal/learn_ros2_ws/install/nav_2d_utils/lib:/home/bilal/learn_ros2_ws/install/dwb_msgs/lib:/home/bilal/learn_ros2_ws/install/nav_2d_msgs/lib:/home/bilal/learn_ros2_ws/install/nav2_waypoint_follower/lib:/home/bilal/learn_ros2_ws/install/nav2_theta_star_planner/lib:/home/bilal/learn_ros2_ws/install/nav2_smac_planner/lib:/home/bilal/learn_ros2_ws/install/nav2_rotation_shim_controller/lib:/home/bilal/learn_ros2_ws/install/nav2_regulated_pure_pursuit_controller/lib:/home/bilal/learn_ros2_ws/install/nav2_planner/lib:/home/bilal/learn_ros2_ws/install/nav2_navfn_planner/lib:/home/bilal/learn_ros2_ws/install/nav2_mppi_controller/lib:/home/bilal/learn_ros2_ws/install/nav2_constrained_smoother/lib:/home/bilal/learn_ros2_ws/install/nav2_bt_navigator/lib:/home/bilal/learn_ros2_ws/install/nav2_behaviors/lib:/home/bilal/learn_ros2_ws/install/nav2_collision_monitor/lib:/home/bilal/learn_ros2_ws/install/costmap_queue/lib:/home/bilal/learn_ros2_ws/install/nav2_costmap_2d/lib:/home/bilal/learn_ros2_ws/install/nav2_voxel_grid/lib:/home/bilal/learn_ros2_ws/install/nav2_velocity_smoother/lib:/home/bilal/learn_ros2_ws/install/nav2_rviz_plugins/lib:/home/bilal/learn_ros2_ws/install/nav2_map_server/lib:/home/bilal/learn_ros2_ws/install/nav2_lifecycle_manager/lib:/home/bilal/learn_ros2_ws/install/nav2_behavior_tree/lib:/home/bilal/learn_ros2_ws/install/nav2_amcl/lib:/home/bilal/learn_ros2_ws/install/nav2_util/lib:/home/bilal/learn_ros2_ws/install/nav2_msgs/lib:/home/bilal/learn_ros2_ws/install/gazebo_ros_skid_steer_drive_6w/lib:/home/bilal/learn_ros2_ws/install/gazebo_ros_ackermann_drive_4wd/lib:/home/bilal/ros2_ws/install/velodyne_simulation/lib:/home/bilal/ros2_ws/install/velodyne_control_msgs/lib:/usr/lib/x86_64-linux-gnu/gazebo-11/plugins:/opt/ros/humble/opt/rviz_ogre_vendor/lib:/opt/ros/humble/lib/x86_64-linux-gnu:/opt/ros/humble/lib:/usr/share/gazebo/../../lib/x86_64-linux-gnu/gazebo-11/plugins::/usr/share/gazebo/../../lib/x86_64-linux-gnu/gazebo-11/plugins:/usr/share/gazebo/../../lib/x86_64-linux-gnu/gazebo-11/plugins:'), ('HOME', '/home/bilal'), ('DESKTOP_SESSION', 'ubuntu'), ('GAZEBO_MASTER_URI', 'http://localhost:11345'), ('ROS_PYTHON_VERSION', '3'), ('GNOME_SHELL_SESSION_MODE', 'ubuntu'), ('GTK_MODULES', 'gail:atk-bridge'), ('SYSTEMD_EXEC_PID', '18819'), ('DBUS_SESSION_BUS_ADDRESS', 'unix:path=/run/user/1000/bus'), ('COLORTERM', 'truecolor'), ('_colcon_cd_root', '/opt/ros/humble/'), ('COLCON_PREFIX_PATH', '/home/bilal/trail_tracer/install:/home/bilal/learn_ros2_ws/install:/home/bilal/mp/mp_ws/install:/home/bilal/ros2_ws/install'), ('ROS_DISTRO', 'humble'), ('GTK_IM_MODULE', 'ibus'), ('LOGNAME', 'bilal'), ('_', '/usr/bin/colcon'), ('ROS_VERSION', '2'), ('XDG_SESSION_CLASS', 'user'), ('USERNAME', 'bilal'), ('TERM', 'xterm-256color'), ('GAZEBO_MODEL_PATH', '/home/bilal/trail_tracer/install/argo_sim/share/argo_sim/models:/home/bilal/learn_ros2_ws/install/argo_sim/share/argo_sim/models:/usr/share/gazebo/../../share/gazebo-11/models:/home/bilal/trail_tracer/install/argo_sim/share/argo_sim/models:/home/bilal/learn_ros2_ws/install/argo_sim/share/argo_sim/models:/usr/share/gazebo/../../share/gazebo-11/models::/opt/ros/humble/share/turtlebot3_gazebo/models:/opt/ros/humble/share/turtlebot3_gazebo/models'), ('GNOME_DESKTOP_SESSION_ID', 'this-is-deprecated'), ('ROS_LOCALHOST_ONLY', '1'), ('WINDOWPATH', '2'), ('OGRE_RESOURCE_PATH', '/usr/lib/x86_64-linux-gnu/OGRE-1.9.0'), ('PATH', '/home/bilal/.local/bin:/opt/ros/humble/bin:/usr/local/sbin:/usr/local/bin:/usr/sbin:/usr/bin:/sbin:/bin:/usr/games:/usr/local/games:/snap/bin:/snap/bin'), ('SESSION_MANAGER', 'local/bilal-yousufzai:@/tmp/.ICE-unix/2116,unix/bilal-yousufzai:/tmp/.ICE-unix/2116'), ('XDG_MENU_PREFIX', 'gnome-'), ('GNOME_TERMINAL_SCREEN', '/org/gnome/Terminal/screen/816c1d80_a582_4879_9544_16ffaacc6f3e'), ('XDG_RUNTIME_DIR', '/run/user/1000'), ('DISPLAY', ':1'), ('LANG', 'en_US.UTF-8'), ('XDG_CURRENT_DESKTOP', 'ubuntu:GNOME'), ('XMODIFIERS', '@im=ibus'), ('XDG_SESSION_DESKTOP', 'ubuntu'), ('XAUTHORITY', '/run/user/1000/gdm/Xauthority'), ('GNOME_TERMINAL_SERVICE', ':1.111'), ('SSH_AGENT_LAUNCHER', 'gnome-keyring'), ('SSH_AUTH_SOCK', '/run/user/1000/keyring/ssh'), ('AMENT_PREFIX_PATH', '/home/bilal/trail_tracer/install/web_gui:/home/bilal/trail_tracer/install/traethlin_description:/home/bilal/trail_tracer/install/gps_to_utm_converter_cpp:/home/bilal/trail_tracer/install/argo_sim:/home/bilal/trail_tracer/install/gazebo_ros_skid_steer_drive_6w:/home/bilal/trail_tracer/install/gazebo_ros_ackermann_drive_4wd:/home/bilal/trail_tracer/install/biy1_ros360_cpp:/home/bilal/trail_tracer/install/argo_nav:/home/bilal/learn_ros2_ws/install/web_gui:/home/bilal/learn_ros2_ws/install/traethlin_description:/home/bilal/learn_ros2_ws/install/nav2_system_tests:/home/bilal/learn_ros2_ws/install/nav2_bringup:/home/bilal/learn_ros2_ws/install/navigation2:/home/bilal/learn_ros2_ws/install/nav2_smoother:/home/bilal/learn_ros2_ws/install/nav2_graceful_controller:/home/bilal/learn_ros2_ws/install/nav2_dwb_controller:/home/bilal/learn_ros2_ws/install/nav2_controller:/home/bilal/learn_ros2_ws/install/dwb_plugins:/home/bilal/learn_ros2_ws/install/dwb_critics:/home/bilal/learn_ros2_ws/install/dwb_core:/home/bilal/learn_ros2_ws/install/nav_2d_utils:/home/bilal/learn_ros2_ws/install/dwb_msgs:/home/bilal/learn_ros2_ws/install/nav_2d_msgs:/home/bilal/learn_ros2_ws/install/nav2_waypoint_follower:/home/bilal/learn_ros2_ws/install/nav2_theta_star_planner:/home/bilal/learn_ros2_ws/install/nav2_smac_planner:/home/bilal/learn_ros2_ws/install/nav2_rotation_shim_controller:/home/bilal/learn_ros2_ws/install/nav2_regulated_pure_pursuit_controller:/home/bilal/learn_ros2_ws/install/nav2_planner:/home/bilal/learn_ros2_ws/install/nav2_navfn_planner:/home/bilal/learn_ros2_ws/install/nav2_mppi_controller:/home/bilal/learn_ros2_ws/install/nav2_constrained_smoother:/home/bilal/learn_ros2_ws/install/nav2_bt_navigator:/home/bilal/learn_ros2_ws/install/nav2_behaviors:/home/bilal/learn_ros2_ws/install/nav2_core:/home/bilal/learn_ros2_ws/install/nav2_collision_monitor:/home/bilal/learn_ros2_ws/install/costmap_queue:/home/bilal/learn_ros2_ws/install/nav2_costmap_2d:/home/bilal/learn_ros2_ws/install/nav2_voxel_grid:/home/bilal/learn_ros2_ws/install/nav2_velocity_smoother:/home/bilal/learn_ros2_ws/install/nav2_rviz_plugins:/home/bilal/learn_ros2_ws/install/nav2_map_server:/home/bilal/learn_ros2_ws/install/nav2_lifecycle_manager:/home/bilal/learn_ros2_ws/install/nav2_behavior_tree:/home/bilal/learn_ros2_ws/install/nav2_amcl:/home/bilal/learn_ros2_ws/install/nav2_util:/home/bilal/learn_ros2_ws/install/nav2_simple_commander:/home/bilal/learn_ros2_ws/install/nav2_msgs:/home/bilal/learn_ros2_ws/install/nav2_common:/home/bilal/learn_ros2_ws/install/gps_to_utm_converter_cpp:/home/bilal/learn_ros2_ws/install/argo_sim:/home/bilal/learn_ros2_ws/install/gazebo_ros_skid_steer_drive_6w:/home/bilal/learn_ros2_ws/install/gazebo_ros_ackermann_drive_4wd:/home/bilal/learn_ros2_ws/install/biy1_ros360_cpp:/home/bilal/learn_ros2_ws/install/articubot_one:/home/bilal/mp/mp_ws/install/biy1_ros360_cpp:/home/bilal/ros2_ws/install/web_gui:/home/bilal/ros2_ws/install/velodyne_simulation:/home/bilal/ros2_ws/install/velodyne_control_msgs:/home/bilal/ros2_ws/install/track_envs:/home/bilal/ros2_ws/install/ros360_moveit:/home/bilal/ros2_ws/install/opencv_tools:/home/bilal/ros2_ws/install/biy1_ros360_py:/home/bilal/ros2_ws/install/biy1_ros360_cpp:/opt/ros/humble'), ('SHELL', '/bin/bash'), ('QT_ACCESSIBILITY', '1'), ('GDMSESSION', 'ubuntu'), ('GPG_AGENT_INFO', '/run/user/1000/gnupg/S.gpg-agent:0:1'), ('GAZEBO_RESOURCE_PATH', '/usr/share/gazebo/../../share/gazebo-11:/usr/share/gazebo/../../share/gazebo-11:'), ('GAZEBO_MODEL_DATABASE_URI', 'http://models.gazebosim.org'), ('QT_IM_MODULE', 'ibus'), ('PWD', '/home/bilal/trail_tracer/build/biy1_ros360_cpp'), ('TURTLEBOT3_MODEL', 'waffle'), ('LC_ALL', 'en_US.UTF-8'), ('XDG_CONFIG_DIRS', '/etc/xdg/xdg-ubuntu:/etc/xdg'), ('GAZEBO_PLUGIN_PATH', '/usr/share/gazebo/../../lib/x86_64-linux-gnu/gazebo-11/plugins:/usr/share/gazebo/../../lib/x86_64-linux-gnu/gazebo-11/plugins:'), ('XDG_DATA_DIRS', '/usr/share/ubuntu:/usr/share/gnome:/usr/local/share/:/usr/share/:/var/lib/snapd/desktop'), ('PYTHONPATH', '/home/bilal/trail_tracer/install/web_gui/lib/python3.10/site-packages:/home/bilal/learn_ros2_ws/install/web_gui/lib/python3.10/site-packages:/home/bilal/learn_ros2_ws/install/dwb_msgs/local/lib/python3.10/dist-packages:/home/bilal/learn_ros2_ws/install/nav_2d_msgs/local/lib/python3.10/dist-packages:/home/bilal/learn_ros2_ws/install/nav2_simple_commander/lib/python3.10/site-packages:/home/bilal/learn_ros2_ws/install/nav2_msgs/local/lib/python3.10/dist-packages:/home/bilal/learn_ros2_ws/install/nav2_common/local/lib/python3.10/dist-packages:/home/bilal/ros2_ws/install/web_gui/lib/python3.10/site-packages:/home/bilal/ros2_ws/install/velodyne_control_msgs/local/lib/python3.10/dist-packages:/home/bilal/ros2_ws/install/opencv_tools/lib/python3.10/site-packages:/home/bilal/ros2_ws/install/biy1_ros360_py/lib/python3.10/site-packages:/opt/ros/humble/lib/python3.10/site-packages:/opt/ros/humble/local/lib/python3.10/dist-packages'), ('COLCON', '1'), ('VTE_VERSION', '6800'), ('CMAKE_PREFIX_PATH', '/home/bilal/trail_tracer/install/traethlin_description:/home/bilal/trail_tracer/install/gps_to_utm_converter_cpp:/home/bilal/trail_tracer/install/argo_sim:/home/bilal/trail_tracer/install/gazebo_ros_skid_steer_drive_6w:/home/bilal/trail_tracer/install/gazebo_ros_ackermann_drive_4wd:/home/bilal/trail_tracer/install/biy1_ros360_cpp:/home/bilal/trail_tracer/install/argo_nav:/home/bilal/learn_ros2_ws/install/traethlin_description:/home/bilal/learn_ros2_ws/install/nav2_system_tests:/home/bilal/learn_ros2_ws/install/nav2_bringup:/home/bilal/learn_ros2_ws/install/navigation2:/home/bilal/learn_ros2_ws/install/nav2_smoother:/home/bilal/learn_ros2_ws/install/nav2_graceful_controller:/home/bilal/learn_ros2_ws/install/nav2_dwb_controller:/home/bilal/learn_ros2_ws/install/nav2_controller:/home/bilal/learn_ros2_ws/install/dwb_plugins:/home/bilal/learn_ros2_ws/install/dwb_critics:/home/bilal/learn_ros2_ws/install/dwb_core:/home/bilal/learn_ros2_ws/install/nav_2d_utils:/home/bilal/learn_ros2_ws/install/dwb_msgs:/home/bilal/learn_ros2_ws/install/nav_2d_msgs:/home/bilal/learn_ros2_ws/install/nav2_waypoint_follower:/home/bilal/learn_ros2_ws/install/nav2_theta_star_planner:/home/bilal/learn_ros2_ws/install/nav2_smac_planner:/home/bilal/learn_ros2_ws/install/nav2_rotation_shim_controller:/home/bilal/learn_ros2_ws/install/nav2_regulated_pure_pursuit_controller:/home/bilal/learn_ros2_ws/install/nav2_planner:/home/bilal/learn_ros2_ws/install/nav2_navfn_planner:/home/bilal/learn_ros2_ws/install/nav2_mppi_controller:/home/bilal/learn_ros2_ws/install/nav2_constrained_smoother:/home/bilal/learn_ros2_ws/install/nav2_bt_navigator:/home/bilal/learn_ros2_ws/install/nav2_behaviors:/home/bilal/learn_ros2_ws/install/nav2_core:/home/bilal/learn_ros2_ws/install/nav2_collision_monitor:/home/bilal/learn_ros2_ws/install/costmap_queue:/home/bilal/learn_ros2_ws/install/nav2_costmap_2d:/home/bilal/learn_ros2_ws/install/nav2_voxel_grid:/home/bilal/learn_ros2_ws/install/nav2_velocity_smoother:/home/bilal/learn_ros2_ws/install/nav2_rviz_plugins:/home/bilal/learn_ros2_ws/install/nav2_map_server:/home/bilal/learn_ros2_ws/install/nav2_lifecycle_manager:/home/bilal/learn_ros2_ws/install/nav2_behavior_tree:/home/bilal/learn_ros2_ws/install/nav2_amcl:/home/bilal/learn_ros2_ws/install/nav2_util:/home/bilal/learn_ros2_ws/install/nav2_msgs:/home/bilal/learn_ros2_ws/install/nav2_common:/home/bilal/learn_ros2_ws/install/gps_to_utm_converter_cpp:/home/bilal/learn_ros2_ws/install/argo_sim:/home/bilal/learn_ros2_ws/install/gazebo_ros_skid_steer_drive_6w:/home/bilal/learn_ros2_ws/install/gazebo_ros_ackermann_drive_4wd:/home/bilal/learn_ros2_ws/install/biy1_ros360_cpp:/home/bilal/learn_ros2_ws/install/articubot_one:/home/bilal/mp/mp_ws/install/biy1_ros360_cpp:/home/bilal/ros2_ws/install/velodyne_simulation:/home/bilal/ros2_ws/install/velodyne_control_msgs:/home/bilal/ros2_ws/install/track_envs:/home/bilal/ros2_ws/install/ros360_moveit:/home/bilal/ros2_ws/install/biy1_ros360_cpp:/home/bilal/trail_tracer/install/web_gui:/home/bilal/learn_ros2_ws/install/web_gui:/home/bilal/learn_ros2_ws/install/nav2_simple_commander:/home/bilal/ros2_ws/install/web_gui:/home/bilal/ros2_ws/install/opencv_tools:/home/bilal/ros2_ws/install/biy1_ros360_py:/opt/ros/humble')]), 'shell': False}
[0.079304] (biy1_ros360_cpp) StdoutLine: {'line': b'\x1b[35m\x1b[1mConsolidate compiler generated dependencies of target follower\x1b[0m\n'}
[0.099658] (biy1_ros360_cpp) StdoutLine: {'line': b'[ 12%] Built target examplePublisher\n'}
[0.099970] (-) TimerEvent: {}
[0.100282] (biy1_ros360_cpp) StdoutLine: {'line': b'[ 25%] Built target waypoint_navigator\n'}
[0.100406] (biy1_ros360_cpp) StdoutLine: {'line': b'[ 37%] Built target testCode\n'}
[0.101293] (biy1_ros360_cpp) StdoutLine: {'line': b'[ 50%] Built target helloWorld\n'}
[0.101930] (biy1_ros360_cpp) StdoutLine: {'line': b'[ 62%] Built target exampleSubscriber\n'}
[0.102664] (biy1_ros360_cpp) StdoutLine: {'line': b'[ 75%] Built target trail_tracer\n'}
[0.105356] (biy1_ros360_cpp) StdoutLine: {'line': b'[ 87%] Built target nav2\n'}
[0.105756] (biy1_ros360_cpp) StdoutLine: {'line': b'[ 93%] \x1b[32mBuilding CXX object CMakeFiles/follower.dir/src/follower.cpp.o\x1b[0m\n'}
[0.200070] (-) TimerEvent: {}
[0.300350] (-) TimerEvent: {}
[0.400661] (-) TimerEvent: {}
[0.501001] (-) TimerEvent: {}
[0.601247] (-) TimerEvent: {}
[0.701491] (-) TimerEvent: {}
[0.801739] (-) TimerEvent: {}
[0.901986] (-) TimerEvent: {}
[1.002231] (-) TimerEvent: {}
[1.102479] (-) TimerEvent: {}
[1.202724] (-) TimerEvent: {}
[1.302971] (-) TimerEvent: {}
[1.403213] (-) TimerEvent: {}
[1.503444] (-) TimerEvent: {}
[1.603689] (-) TimerEvent: {}
[1.703937] (-) TimerEvent: {}
[1.804184] (-) TimerEvent: {}
[1.904427] (-) TimerEvent: {}
[2.004674] (-) TimerEvent: {}
[2.006964] (biy1_ros360_cpp) StderrLine: {'line': b'\x1b[01m\x1b[K/home/bilal/trail_tracer/src/biy1_ros360_cpp/src/follower.cpp:\x1b[m\x1b[K In member function \xe2\x80\x98\x1b[01m\x1b[Kvoid TestCode::process_all_waypoints()\x1b[m\x1b[K\xe2\x80\x99:\n'}
[2.007130] (biy1_ros360_cpp) StderrLine: {'line': b'\x1b[01m\x1b[K/home/bilal/trail_tracer/src/biy1_ros360_cpp/src/follower.cpp:181:13:\x1b[m\x1b[K \x1b[01;31m\x1b[Kerror: \x1b[m\x1b[K\xe2\x80\x98\x1b[01m\x1b[Ktf2\x1b[m\x1b[K\xe2\x80\x99 has not been declared\n'}
[2.007198] (biy1_ros360_cpp) StderrLine: {'line': b'  181 |             \x1b[01;31m\x1b[Ktf2\x1b[m\x1b[K::Quaternion quaternion;\n'}
[2.007252] (biy1_ros360_cpp) StderrLine: {'line': b'      |             \x1b[01;31m\x1b[K^~~\x1b[m\x1b[K\n'}
[2.012138] (biy1_ros360_cpp) StderrLine: {'line': b'\x1b[01m\x1b[K/home/bilal/trail_tracer/src/biy1_ros360_cpp/src/follower.cpp:182:13:\x1b[m\x1b[K \x1b[01;31m\x1b[Kerror: \x1b[m\x1b[K\xe2\x80\x98\x1b[01m\x1b[Kquaternion\x1b[m\x1b[K\xe2\x80\x99 was not declared in this scope\n'}
[2.012223] (biy1_ros360_cpp) StderrLine: {'line': b'  182 |             \x1b[01;31m\x1b[Kquaternion\x1b[m\x1b[K.setRPY(0, 0, heading);  // Roll, pitch, yaw\n'}
[2.012279] (biy1_ros360_cpp) StderrLine: {'line': b'      |             \x1b[01;31m\x1b[K^~~~~~~~~~\x1b[m\x1b[K\n'}
[2.012388] (biy1_ros360_cpp) StderrLine: {'line': b'\x1b[01m\x1b[K/home/bilal/trail_tracer/src/biy1_ros360_cpp/src/follower.cpp:203:13:\x1b[m\x1b[K \x1b[01;31m\x1b[Kerror: \x1b[m\x1b[Kexpected \xe2\x80\x98\x1b[01m\x1b[K;\x1b[m\x1b[K\xe2\x80\x99 before \xe2\x80\x98\x1b[01m\x1b[Kjson_stream\x1b[m\x1b[K\xe2\x80\x99\n'}
[2.012443] (biy1_ros360_cpp) StderrLine: {'line': b'  203 |             \x1b[01;31m\x1b[Kjson_stream\x1b[m\x1b[K << "{header: {stamp: {sec: " << pose.header.stamp.sec << ", nanosec: " << pose.header.stamp.nanosec\n'}
[2.012494] (biy1_ros360_cpp) StderrLine: {'line': b'      |             \x1b[01;31m\x1b[K^~~~~~~~~~~\x1b[m\x1b[K\n'}
[2.016786] (biy1_ros360_cpp) StderrLine: {'line': b'\x1b[01m\x1b[K/home/bilal/trail_tracer/src/biy1_ros360_cpp/src/follower.cpp:212:35:\x1b[m\x1b[K \x1b[01;31m\x1b[Kerror: \x1b[m\x1b[K\xe2\x80\x98\x1b[01m\x1b[Kjson_stream\x1b[m\x1b[K\xe2\x80\x99 was not declared in this scope\n'}
[2.016855] (biy1_ros360_cpp) StderrLine: {'line': b'  212 |         std::string json_output = \x1b[01;31m\x1b[Kjson_stream\x1b[m\x1b[K.str();\n'}
[2.016907] (biy1_ros360_cpp) StderrLine: {'line': b'      |                                   \x1b[01;31m\x1b[K^~~~~~~~~~~\x1b[m\x1b[K\n'}
[2.104755] (-) TimerEvent: {}
[2.205016] (-) TimerEvent: {}
[2.305269] (-) TimerEvent: {}
[2.405516] (-) TimerEvent: {}
[2.505762] (-) TimerEvent: {}
[2.606004] (-) TimerEvent: {}
[2.706252] (-) TimerEvent: {}
[2.806511] (-) TimerEvent: {}
[2.906753] (-) TimerEvent: {}
[3.006996] (-) TimerEvent: {}
[3.107244] (-) TimerEvent: {}
[3.207480] (-) TimerEvent: {}
[3.307715] (-) TimerEvent: {}
[3.407964] (-) TimerEvent: {}
[3.508211] (-) TimerEvent: {}
[3.608470] (-) TimerEvent: {}
[3.708722] (-) TimerEvent: {}
[3.808969] (-) TimerEvent: {}
[3.909212] (-) TimerEvent: {}
[4.009460] (-) TimerEvent: {}
[4.109710] (-) TimerEvent: {}
[4.209960] (-) TimerEvent: {}
[4.310204] (-) TimerEvent: {}
[4.410458] (-) TimerEvent: {}
[4.510703] (-) TimerEvent: {}
[4.610949] (-) TimerEvent: {}
[4.711193] (-) TimerEvent: {}
[4.811464] (-) TimerEvent: {}
[4.911707] (-) TimerEvent: {}
[5.011984] (-) TimerEvent: {}
[5.112227] (-) TimerEvent: {}
[5.212482] (-) TimerEvent: {}
[5.312729] (-) TimerEvent: {}
[5.412987] (-) TimerEvent: {}
[5.513242] (-) TimerEvent: {}
[5.613527] (-) TimerEvent: {}
[5.662141] (biy1_ros360_cpp) StderrLine: {'line': b'gmake[2]: *** [CMakeFiles/follower.dir/build.make:76: CMakeFiles/follower.dir/src/follower.cpp.o] Error 1\n'}
[5.662410] (biy1_ros360_cpp) StderrLine: {'line': b'gmake[1]: *** [CMakeFiles/Makefile2:333: CMakeFiles/follower.dir/all] Error 2\n'}
[5.662676] (biy1_ros360_cpp) StderrLine: {'line': b'gmake: *** [Makefile:146: all] Error 2\n'}
[5.664880] (biy1_ros360_cpp) CommandEnded: {'returncode': 2}
[5.713598] (-) TimerEvent: {}
[5.768638] (biy1_ros360_cpp) JobEnded: {'identifier': 'biy1_ros360_cpp', 'rc': 2}
[5.778979] (-) EventReactorShutdown: {}
