[0.073s] Invoking command in '/home/bilal/trail_tracer/build/nav_2d_msgs': CMAKE_PREFIX_PATH=${CMAKE_PREFIX_PATH}:/home/bilal/trail_tracer/install/web_gui:/home/bilal/trail_tracer/install/nav2_simple_commander:/home/bilal/learn_ros2_ws/install/web_gui:/home/bilal/learn_ros2_ws/install/nav2_simple_commander:/home/bilal/ros2_ws/install/web_gui:/home/bilal/ros2_ws/install/opencv_tools:/home/bilal/ros2_ws/install/biy1_ros360_py:/opt/ros/humble /usr/bin/cmake --build /home/bilal/trail_tracer/build/nav_2d_msgs -- -j12 -l12
[0.227s] [  1%] Built target nav_2d_msgs__cpp
[0.249s] [  1%] Built target ament_cmake_python_copy_nav_2d_msgs
[0.258s] [ 12%] Built target nav_2d_msgs__rosidl_generator_c
[0.295s] [ 23%] Built target nav_2d_msgs__rosidl_typesupport_fastrtps_cpp
[0.296s] [ 35%] Built target nav_2d_msgs__rosidl_typesupport_cpp
[0.299s] [ 46%] Built target nav_2d_msgs__rosidl_typesupport_introspection_cpp
[0.317s] [ 57%] Built target nav_2d_msgs__rosidl_typesupport_fastrtps_c
[0.319s] [ 69%] Built target nav_2d_msgs__rosidl_typesupport_c
[0.320s] [ 80%] Built target nav_2d_msgs__rosidl_typesupport_introspection_c
[0.365s] [ 80%] Built target nav_2d_msgs
[0.408s] [ 81%] Built target nav_2d_msgs__py
[0.454s] [ 91%] Built target nav_2d_msgs__rosidl_generator_py
[0.515s] [ 94%] Built target nav_2d_msgs__rosidl_typesupport_introspection_c__pyext
[0.520s] [ 97%] Built target nav_2d_msgs__rosidl_typesupport_c__pyext
[0.522s] [100%] Built target nav_2d_msgs__rosidl_typesupport_fastrtps_c__pyext
[0.601s] running egg_info
[0.602s] writing nav_2d_msgs.egg-info/PKG-INFO
[0.602s] writing dependency_links to nav_2d_msgs.egg-info/dependency_links.txt
[0.603s] writing top-level names to nav_2d_msgs.egg-info/top_level.txt
[0.605s] reading manifest file 'nav_2d_msgs.egg-info/SOURCES.txt'
[0.606s] writing manifest file 'nav_2d_msgs.egg-info/SOURCES.txt'
[0.643s] [100%] Built target ament_cmake_python_build_nav_2d_msgs_egg
[0.664s] Invoked command in '/home/bilal/trail_tracer/build/nav_2d_msgs' returned '0': CMAKE_PREFIX_PATH=${CMAKE_PREFIX_PATH}:/home/bilal/trail_tracer/install/web_gui:/home/bilal/trail_tracer/install/nav2_simple_commander:/home/bilal/learn_ros2_ws/install/web_gui:/home/bilal/learn_ros2_ws/install/nav2_simple_commander:/home/bilal/ros2_ws/install/web_gui:/home/bilal/ros2_ws/install/opencv_tools:/home/bilal/ros2_ws/install/biy1_ros360_py:/opt/ros/humble /usr/bin/cmake --build /home/bilal/trail_tracer/build/nav_2d_msgs -- -j12 -l12
