[0.000000] (-) TimerEvent: {}
[0.000354] (-) JobUnselected: {'identifier': 'argo_nav'}
[0.000444] (-) JobUnselected: {'identifier': 'argo_sim'}
[0.000459] (-) JobUnselected: {'identifier': 'costmap_queue'}
[0.000472] (-) JobUnselected: {'identifier': 'dwb_core'}
[0.000483] (-) JobUnselected: {'identifier': 'dwb_critics'}
[0.000494] (-) JobUnselected: {'identifier': 'dwb_msgs'}
[0.000505] (-) JobUnselected: {'identifier': 'dwb_plugins'}
[0.000515] (-) JobUnselected: {'identifier': 'gazebo_ros_ackermann_drive_4wd'}
[0.000526] (-) JobUnselected: {'identifier': 'gazebo_ros_skid_steer_drive_6w'}
[0.000536] (-) JobUnselected: {'identifier': 'gps_to_utm_converter_cpp'}
[0.000546] (-) JobUnselected: {'identifier': 'nav2_amcl'}
[0.000556] (-) JobUnselected: {'identifier': 'nav2_behavior_tree'}
[0.000566] (-) JobUnselected: {'identifier': 'nav2_behaviors'}
[0.000578] (-) JobUnselected: {'identifier': 'nav2_bringup'}
[0.000589] (-) JobUnselected: {'identifier': 'nav2_bt_navigator'}
[0.000599] (-) JobUnselected: {'identifier': 'nav2_collision_monitor'}
[0.000609] (-) JobUnselected: {'identifier': 'nav2_common'}
[0.000619] (-) JobUnselected: {'identifier': 'nav2_constrained_smoother'}
[0.000629] (-) JobUnselected: {'identifier': 'nav2_controller'}
[0.000639] (-) JobUnselected: {'identifier': 'nav2_core'}
[0.000649] (-) JobUnselected: {'identifier': 'nav2_costmap_2d'}
[0.000659] (-) JobUnselected: {'identifier': 'nav2_dwb_controller'}
[0.000668] (-) JobUnselected: {'identifier': 'nav2_graceful_controller'}
[0.000678] (-) JobUnselected: {'identifier': 'nav2_lifecycle_manager'}
[0.000687] (-) JobUnselected: {'identifier': 'nav2_map_server'}
[0.000697] (-) JobUnselected: {'identifier': 'nav2_mppi_controller'}
[0.000706] (-) JobUnselected: {'identifier': 'nav2_msgs'}
[0.000719] (-) JobUnselected: {'identifier': 'nav2_navfn_planner'}
[0.000811] (-) JobUnselected: {'identifier': 'nav2_planner'}
[0.000846] (-) JobUnselected: {'identifier': 'nav2_regulated_pure_pursuit_controller'}
[0.000860] (-) JobUnselected: {'identifier': 'nav2_rotation_shim_controller'}
[0.000872] (-) JobUnselected: {'identifier': 'nav2_rviz_plugins'}
[0.000882] (-) JobUnselected: {'identifier': 'nav2_simple_commander'}
[0.000893] (-) JobUnselected: {'identifier': 'nav2_smac_planner'}
[0.000903] (-) JobUnselected: {'identifier': 'nav2_smoother'}
[0.000914] (-) JobUnselected: {'identifier': 'nav2_system_tests'}
[0.000925] (-) JobUnselected: {'identifier': 'nav2_theta_star_planner'}
[0.000935] (-) JobUnselected: {'identifier': 'nav2_util'}
[0.000945] (-) JobUnselected: {'identifier': 'nav2_velocity_smoother'}
[0.000955] (-) JobUnselected: {'identifier': 'nav2_voxel_grid'}
[0.000965] (-) JobUnselected: {'identifier': 'nav2_waypoint_follower'}
[0.000975] (-) JobUnselected: {'identifier': 'nav_2d_msgs'}
[0.000985] (-) JobUnselected: {'identifier': 'nav_2d_utils'}
[0.000995] (-) JobUnselected: {'identifier': 'navigation2'}
[0.001004] (-) JobUnselected: {'identifier': 'traethlin_description'}
[0.001014] (-) JobUnselected: {'identifier': 'web_gui'}
[0.001025] (biy1_ros360_cpp) JobQueued: {'identifier': 'biy1_ros360_cpp', 'dependencies': OrderedDict()}
[0.001038] (biy1_ros360_cpp) JobStarted: {'identifier': 'biy1_ros360_cpp'}
[0.018124] (biy1_ros360_cpp) JobProgress: {'identifier': 'biy1_ros360_cpp', 'progress': 'cmake'}
[0.018488] (biy1_ros360_cpp) JobProgress: {'identifier': 'biy1_ros360_cpp', 'progress': 'build'}
[0.019007] (biy1_ros360_cpp) Command: {'cmd': ['/usr/bin/cmake', '--build', '/home/bilal/trail_tracer/build/biy1_ros360_cpp', '--', '-j12', '-l12'], 'cwd': '/home/bilal/trail_tracer/build/biy1_ros360_cpp', 'env': OrderedDict([('LANGUAGE', 'en_GB:en'), ('USER', 'bilal'), ('XDG_SESSION_TYPE', 'x11'), ('SHLVL', '1'), ('LD_LIBRARY_PATH', '/home/bilal/trail_tracer/install/nav2_smoother/lib:/home/bilal/trail_tracer/install/nav2_graceful_controller/lib:/home/bilal/trail_tracer/install/nav2_controller/lib:/home/bilal/trail_tracer/install/dwb_plugins/lib:/home/bilal/trail_tracer/install/dwb_critics/lib:/home/bilal/trail_tracer/install/dwb_core/lib:/home/bilal/trail_tracer/install/nav_2d_utils/lib:/home/bilal/trail_tracer/install/dwb_msgs/lib:/home/bilal/trail_tracer/install/nav_2d_msgs/lib:/home/bilal/trail_tracer/install/nav2_waypoint_follower/lib:/home/bilal/trail_tracer/install/nav2_theta_star_planner/lib:/home/bilal/trail_tracer/install/nav2_smac_planner/lib:/home/bilal/trail_tracer/install/nav2_rotation_shim_controller/lib:/home/bilal/trail_tracer/install/nav2_regulated_pure_pursuit_controller/lib:/home/bilal/trail_tracer/install/nav2_planner/lib:/home/bilal/trail_tracer/install/nav2_navfn_planner/lib:/home/bilal/trail_tracer/install/nav2_mppi_controller/lib:/home/bilal/trail_tracer/install/nav2_constrained_smoother/lib:/home/bilal/trail_tracer/install/nav2_bt_navigator/lib:/home/bilal/trail_tracer/install/nav2_behaviors/lib:/home/bilal/trail_tracer/install/nav2_collision_monitor/lib:/home/bilal/trail_tracer/install/costmap_queue/lib:/home/bilal/trail_tracer/install/nav2_costmap_2d/lib:/home/bilal/trail_tracer/install/nav2_voxel_grid/lib:/home/bilal/trail_tracer/install/nav2_velocity_smoother/lib:/home/bilal/trail_tracer/install/nav2_rviz_plugins/lib:/home/bilal/trail_tracer/install/nav2_map_server/lib:/home/bilal/trail_tracer/install/nav2_lifecycle_manager/lib:/home/bilal/trail_tracer/install/nav2_behavior_tree/lib:/home/bilal/trail_tracer/install/nav2_amcl/lib:/home/bilal/trail_tracer/install/nav2_util/lib:/home/bilal/trail_tracer/install/nav2_msgs/lib:/home/bilal/trail_tracer/install/gazebo_ros_skid_steer_drive_6w/lib:/home/bilal/trail_tracer/install/gazebo_ros_ackermann_drive_4wd/lib:/home/bilal/learn_ros2_ws/install/nav2_smoother/lib:/home/bilal/learn_ros2_ws/install/nav2_graceful_controller/lib:/home/bilal/learn_ros2_ws/install/nav2_controller/lib:/home/bilal/learn_ros2_ws/install/dwb_plugins/lib:/home/bilal/learn_ros2_ws/install/dwb_critics/lib:/home/bilal/learn_ros2_ws/install/dwb_core/lib:/home/bilal/learn_ros2_ws/install/nav_2d_utils/lib:/home/bilal/learn_ros2_ws/install/dwb_msgs/lib:/home/bilal/learn_ros2_ws/install/nav_2d_msgs/lib:/home/bilal/learn_ros2_ws/install/nav2_waypoint_follower/lib:/home/bilal/learn_ros2_ws/install/nav2_theta_star_planner/lib:/home/bilal/learn_ros2_ws/install/nav2_smac_planner/lib:/home/bilal/learn_ros2_ws/install/nav2_rotation_shim_controller/lib:/home/bilal/learn_ros2_ws/install/nav2_regulated_pure_pursuit_controller/lib:/home/bilal/learn_ros2_ws/install/nav2_planner/lib:/home/bilal/learn_ros2_ws/install/nav2_navfn_planner/lib:/home/bilal/learn_ros2_ws/install/nav2_mppi_controller/lib:/home/bilal/learn_ros2_ws/install/nav2_constrained_smoother/lib:/home/bilal/learn_ros2_ws/install/nav2_bt_navigator/lib:/home/bilal/learn_ros2_ws/install/nav2_behaviors/lib:/home/bilal/learn_ros2_ws/install/nav2_collision_monitor/lib:/home/bilal/learn_ros2_ws/install/costmap_queue/lib:/home/bilal/learn_ros2_ws/install/nav2_costmap_2d/lib:/home/bilal/learn_ros2_ws/install/nav2_voxel_grid/lib:/home/bilal/learn_ros2_ws/install/nav2_velocity_smoother/lib:/home/bilal/learn_ros2_ws/install/nav2_rviz_plugins/lib:/home/bilal/learn_ros2_ws/install/nav2_map_server/lib:/home/bilal/learn_ros2_ws/install/nav2_lifecycle_manager/lib:/home/bilal/learn_ros2_ws/install/nav2_behavior_tree/lib:/home/bilal/learn_ros2_ws/install/nav2_amcl/lib:/home/bilal/learn_ros2_ws/install/nav2_util/lib:/home/bilal/learn_ros2_ws/install/nav2_msgs/lib:/home/bilal/learn_ros2_ws/install/gazebo_ros_skid_steer_drive_6w/lib:/home/bilal/learn_ros2_ws/install/gazebo_ros_ackermann_drive_4wd/lib:/home/bilal/ros2_ws/install/velodyne_simulation/lib:/home/bilal/ros2_ws/install/velodyne_control_msgs/lib:/usr/lib/x86_64-linux-gnu/gazebo-11/plugins:/opt/ros/humble/opt/rviz_ogre_vendor/lib:/opt/ros/humble/lib/x86_64-linux-gnu:/opt/ros/humble/lib:/usr/share/gazebo/../../lib/x86_64-linux-gnu/gazebo-11/plugins::/usr/share/gazebo/../../lib/x86_64-linux-gnu/gazebo-11/plugins:/usr/share/gazebo/../../lib/x86_64-linux-gnu/gazebo-11/plugins:'), ('HOME', '/home/bilal'), ('OLDPWD', '/home/bilal/trail_tracer/src'), ('DESKTOP_SESSION', 'ubuntu'), ('GAZEBO_MASTER_URI', 'http://localhost:11345'), ('ROS_PYTHON_VERSION', '3'), ('GNOME_SHELL_SESSION_MODE', 'ubuntu'), ('GTK_MODULES', 'gail:atk-bridge'), ('SYSTEMD_EXEC_PID', '7905'), ('DBUS_SESSION_BUS_ADDRESS', 'unix:path=/run/user/1000/bus'), ('COLORTERM', 'truecolor'), ('_colcon_cd_root', '/opt/ros/humble/'), ('COLCON_PREFIX_PATH', '/home/bilal/trail_tracer/install:/home/bilal/learn_ros2_ws/install:/home/bilal/mp/mp_ws/install:/home/bilal/ros2_ws/install'), ('ROS_DISTRO', 'humble'), ('GTK_IM_MODULE', 'ibus'), ('LOGNAME', 'bilal'), ('_', '/usr/bin/colcon'), ('ROS_VERSION', '2'), ('XDG_SESSION_CLASS', 'user'), ('USERNAME', 'bilal'), ('TERM', 'xterm-256color'), ('GAZEBO_MODEL_PATH', '/home/bilal/trail_tracer/install/argo_sim/share/argo_sim/models:/home/bilal/learn_ros2_ws/install/argo_sim/share/argo_sim/models:/usr/share/gazebo/../../share/gazebo-11/models:/home/bilal/trail_tracer/install/argo_sim/share/argo_sim/models:/home/bilal/learn_ros2_ws/install/argo_sim/share/argo_sim/models:/usr/share/gazebo/../../share/gazebo-11/models::/opt/ros/humble/share/turtlebot3_gazebo/models:/opt/ros/humble/share/turtlebot3_gazebo/models'), ('GNOME_DESKTOP_SESSION_ID', 'this-is-deprecated'), ('ROS_LOCALHOST_ONLY', '1'), ('WINDOWPATH', '2'), ('OGRE_RESOURCE_PATH', '/usr/lib/x86_64-linux-gnu/OGRE-1.9.0'), ('PATH', '/home/bilal/.local/bin:/opt/ros/humble/bin:/usr/local/sbin:/usr/local/bin:/usr/sbin:/usr/bin:/sbin:/bin:/usr/games:/usr/local/games:/snap/bin:/snap/bin'), ('SESSION_MANAGER', 'local/bilal-yousufzai:@/tmp/.ICE-unix/2229,unix/bilal-yousufzai:/tmp/.ICE-unix/2229'), ('XDG_MENU_PREFIX', 'gnome-'), ('GNOME_TERMINAL_SCREEN', '/org/gnome/Terminal/screen/0b986c88_c59b_4db2_8f0a_be2a8e04b5ed'), ('XDG_RUNTIME_DIR', '/run/user/1000'), ('DISPLAY', ':1'), ('LANG', 'en_US.UTF-8'), ('XDG_CURRENT_DESKTOP', 'ubuntu:GNOME'), ('XMODIFIERS', '@im=ibus'), ('XDG_SESSION_DESKTOP', 'ubuntu'), ('XAUTHORITY', '/run/user/1000/gdm/Xauthority'), ('GNOME_TERMINAL_SERVICE', ':1.112'), ('SSH_AGENT_LAUNCHER', 'gnome-keyring'), ('SSH_AUTH_SOCK', '/run/user/1000/keyring/ssh'), ('AMENT_PREFIX_PATH', '/home/bilal/trail_tracer/install/web_gui:/home/bilal/trail_tracer/install/traethlin_description:/home/bilal/trail_tracer/install/nav2_system_tests:/home/bilal/trail_tracer/install/nav2_bringup:/home/bilal/trail_tracer/install/navigation2:/home/bilal/trail_tracer/install/nav2_smoother:/home/bilal/trail_tracer/install/nav2_graceful_controller:/home/bilal/trail_tracer/install/nav2_dwb_controller:/home/bilal/trail_tracer/install/nav2_controller:/home/bilal/trail_tracer/install/dwb_plugins:/home/bilal/trail_tracer/install/dwb_critics:/home/bilal/trail_tracer/install/dwb_core:/home/bilal/trail_tracer/install/nav_2d_utils:/home/bilal/trail_tracer/install/dwb_msgs:/home/bilal/trail_tracer/install/nav_2d_msgs:/home/bilal/trail_tracer/install/nav2_waypoint_follower:/home/bilal/trail_tracer/install/nav2_theta_star_planner:/home/bilal/trail_tracer/install/nav2_smac_planner:/home/bilal/trail_tracer/install/nav2_rotation_shim_controller:/home/bilal/trail_tracer/install/nav2_regulated_pure_pursuit_controller:/home/bilal/trail_tracer/install/nav2_planner:/home/bilal/trail_tracer/install/nav2_navfn_planner:/home/bilal/trail_tracer/install/nav2_mppi_controller:/home/bilal/trail_tracer/install/nav2_constrained_smoother:/home/bilal/trail_tracer/install/nav2_bt_navigator:/home/bilal/trail_tracer/install/nav2_behaviors:/home/bilal/trail_tracer/install/nav2_core:/home/bilal/trail_tracer/install/nav2_collision_monitor:/home/bilal/trail_tracer/install/costmap_queue:/home/bilal/trail_tracer/install/nav2_costmap_2d:/home/bilal/trail_tracer/install/nav2_voxel_grid:/home/bilal/trail_tracer/install/nav2_velocity_smoother:/home/bilal/trail_tracer/install/nav2_rviz_plugins:/home/bilal/trail_tracer/install/nav2_map_server:/home/bilal/trail_tracer/install/nav2_lifecycle_manager:/home/bilal/trail_tracer/install/nav2_behavior_tree:/home/bilal/trail_tracer/install/nav2_amcl:/home/bilal/trail_tracer/install/nav2_util:/home/bilal/trail_tracer/install/nav2_simple_commander:/home/bilal/trail_tracer/install/nav2_msgs:/home/bilal/trail_tracer/install/nav2_common:/home/bilal/trail_tracer/install/gps_to_utm_converter_cpp:/home/bilal/trail_tracer/install/argo_sim:/home/bilal/trail_tracer/install/gazebo_ros_skid_steer_drive_6w:/home/bilal/trail_tracer/install/gazebo_ros_ackermann_drive_4wd:/home/bilal/trail_tracer/install/biy1_ros360_cpp:/home/bilal/trail_tracer/install/argo_nav:/home/bilal/learn_ros2_ws/install/web_gui:/home/bilal/learn_ros2_ws/install/traethlin_description:/home/bilal/learn_ros2_ws/install/nav2_system_tests:/home/bilal/learn_ros2_ws/install/nav2_bringup:/home/bilal/learn_ros2_ws/install/navigation2:/home/bilal/learn_ros2_ws/install/nav2_smoother:/home/bilal/learn_ros2_ws/install/nav2_graceful_controller:/home/bilal/learn_ros2_ws/install/nav2_dwb_controller:/home/bilal/learn_ros2_ws/install/nav2_controller:/home/bilal/learn_ros2_ws/install/dwb_plugins:/home/bilal/learn_ros2_ws/install/dwb_critics:/home/bilal/learn_ros2_ws/install/dwb_core:/home/bilal/learn_ros2_ws/install/nav_2d_utils:/home/bilal/learn_ros2_ws/install/dwb_msgs:/home/bilal/learn_ros2_ws/install/nav_2d_msgs:/home/bilal/learn_ros2_ws/install/nav2_waypoint_follower:/home/bilal/learn_ros2_ws/install/nav2_theta_star_planner:/home/bilal/learn_ros2_ws/install/nav2_smac_planner:/home/bilal/learn_ros2_ws/install/nav2_rotation_shim_controller:/home/bilal/learn_ros2_ws/install/nav2_regulated_pure_pursuit_controller:/home/bilal/learn_ros2_ws/install/nav2_planner:/home/bilal/learn_ros2_ws/install/nav2_navfn_planner:/home/bilal/learn_ros2_ws/install/nav2_mppi_controller:/home/bilal/learn_ros2_ws/install/nav2_constrained_smoother:/home/bilal/learn_ros2_ws/install/nav2_bt_navigator:/home/bilal/learn_ros2_ws/install/nav2_behaviors:/home/bilal/learn_ros2_ws/install/nav2_core:/home/bilal/learn_ros2_ws/install/nav2_collision_monitor:/home/bilal/learn_ros2_ws/install/costmap_queue:/home/bilal/learn_ros2_ws/install/nav2_costmap_2d:/home/bilal/learn_ros2_ws/install/nav2_voxel_grid:/home/bilal/learn_ros2_ws/install/nav2_velocity_smoother:/home/bilal/learn_ros2_ws/install/nav2_rviz_plugins:/home/bilal/learn_ros2_ws/install/nav2_map_server:/home/bilal/learn_ros2_ws/install/nav2_lifecycle_manager:/home/bilal/learn_ros2_ws/install/nav2_behavior_tree:/home/bilal/learn_ros2_ws/install/nav2_amcl:/home/bilal/learn_ros2_ws/install/nav2_util:/home/bilal/learn_ros2_ws/install/nav2_simple_commander:/home/bilal/learn_ros2_ws/install/nav2_msgs:/home/bilal/learn_ros2_ws/install/nav2_common:/home/bilal/learn_ros2_ws/install/gps_to_utm_converter_cpp:/home/bilal/learn_ros2_ws/install/argo_sim:/home/bilal/learn_ros2_ws/install/gazebo_ros_skid_steer_drive_6w:/home/bilal/learn_ros2_ws/install/gazebo_ros_ackermann_drive_4wd:/home/bilal/learn_ros2_ws/install/biy1_ros360_cpp:/home/bilal/learn_ros2_ws/install/articubot_one:/home/bilal/mp/mp_ws/install/biy1_ros360_cpp:/home/bilal/ros2_ws/install/web_gui:/home/bilal/ros2_ws/install/velodyne_simulation:/home/bilal/ros2_ws/install/velodyne_control_msgs:/home/bilal/ros2_ws/install/track_envs:/home/bilal/ros2_ws/install/ros360_moveit:/home/bilal/ros2_ws/install/opencv_tools:/home/bilal/ros2_ws/install/biy1_ros360_py:/home/bilal/ros2_ws/install/biy1_ros360_cpp:/opt/ros/humble'), ('SHELL', '/bin/bash'), ('QT_ACCESSIBILITY', '1'), ('GDMSESSION', 'ubuntu'), ('GPG_AGENT_INFO', '/run/user/1000/gnupg/S.gpg-agent:0:1'), ('GAZEBO_RESOURCE_PATH', '/usr/share/gazebo/../../share/gazebo-11:/usr/share/gazebo/../../share/gazebo-11:'), ('GAZEBO_MODEL_DATABASE_URI', 'http://models.gazebosim.org'), ('QT_IM_MODULE', 'ibus'), ('PWD', '/home/bilal/trail_tracer/build/biy1_ros360_cpp'), ('TURTLEBOT3_MODEL', 'waffle'), ('LC_ALL', 'en_US.UTF-8'), ('XDG_CONFIG_DIRS', '/etc/xdg/xdg-ubuntu:/etc/xdg'), ('GAZEBO_PLUGIN_PATH', '/usr/share/gazebo/../../lib/x86_64-linux-gnu/gazebo-11/plugins:/usr/share/gazebo/../../lib/x86_64-linux-gnu/gazebo-11/plugins:'), ('XDG_DATA_DIRS', '/usr/share/ubuntu:/usr/share/gnome:/usr/local/share/:/usr/share/:/var/lib/snapd/desktop'), ('PYTHONPATH', '/home/bilal/trail_tracer/install/web_gui/lib/python3.10/site-packages:/home/bilal/trail_tracer/install/dwb_msgs/local/lib/python3.10/dist-packages:/home/bilal/trail_tracer/install/nav_2d_msgs/local/lib/python3.10/dist-packages:/home/bilal/trail_tracer/install/nav2_simple_commander/lib/python3.10/site-packages:/home/bilal/trail_tracer/install/nav2_msgs/local/lib/python3.10/dist-packages:/home/bilal/trail_tracer/install/nav2_common/local/lib/python3.10/dist-packages:/home/bilal/learn_ros2_ws/install/web_gui/lib/python3.10/site-packages:/home/bilal/learn_ros2_ws/install/dwb_msgs/local/lib/python3.10/dist-packages:/home/bilal/learn_ros2_ws/install/nav_2d_msgs/local/lib/python3.10/dist-packages:/home/bilal/learn_ros2_ws/install/nav2_simple_commander/lib/python3.10/site-packages:/home/bilal/learn_ros2_ws/install/nav2_msgs/local/lib/python3.10/dist-packages:/home/bilal/learn_ros2_ws/install/nav2_common/local/lib/python3.10/dist-packages:/home/bilal/ros2_ws/install/web_gui/lib/python3.10/site-packages:/home/bilal/ros2_ws/install/velodyne_control_msgs/local/lib/python3.10/dist-packages:/home/bilal/ros2_ws/install/opencv_tools/lib/python3.10/site-packages:/home/bilal/ros2_ws/install/biy1_ros360_py/lib/python3.10/site-packages:/opt/ros/humble/lib/python3.10/site-packages:/opt/ros/humble/local/lib/python3.10/dist-packages'), ('COLCON', '1'), ('VTE_VERSION', '6800'), ('CMAKE_PREFIX_PATH', '/home/bilal/trail_tracer/install/traethlin_description:/home/bilal/trail_tracer/install/nav2_system_tests:/home/bilal/trail_tracer/install/nav2_bringup:/home/bilal/trail_tracer/install/navigation2:/home/bilal/trail_tracer/install/nav2_smoother:/home/bilal/trail_tracer/install/nav2_graceful_controller:/home/bilal/trail_tracer/install/nav2_dwb_controller:/home/bilal/trail_tracer/install/nav2_controller:/home/bilal/trail_tracer/install/dwb_plugins:/home/bilal/trail_tracer/install/dwb_critics:/home/bilal/trail_tracer/install/dwb_core:/home/bilal/trail_tracer/install/nav_2d_utils:/home/bilal/trail_tracer/install/dwb_msgs:/home/bilal/trail_tracer/install/nav_2d_msgs:/home/bilal/trail_tracer/install/nav2_waypoint_follower:/home/bilal/trail_tracer/install/nav2_theta_star_planner:/home/bilal/trail_tracer/install/nav2_smac_planner:/home/bilal/trail_tracer/install/nav2_rotation_shim_controller:/home/bilal/trail_tracer/install/nav2_regulated_pure_pursuit_controller:/home/bilal/trail_tracer/install/nav2_planner:/home/bilal/trail_tracer/install/nav2_navfn_planner:/home/bilal/trail_tracer/install/nav2_mppi_controller:/home/bilal/trail_tracer/install/nav2_constrained_smoother:/home/bilal/trail_tracer/install/nav2_bt_navigator:/home/bilal/trail_tracer/install/nav2_behaviors:/home/bilal/trail_tracer/install/nav2_core:/home/bilal/trail_tracer/install/nav2_collision_monitor:/home/bilal/trail_tracer/install/costmap_queue:/home/bilal/trail_tracer/install/nav2_costmap_2d:/home/bilal/trail_tracer/install/nav2_voxel_grid:/home/bilal/trail_tracer/install/nav2_velocity_smoother:/home/bilal/trail_tracer/install/nav2_rviz_plugins:/home/bilal/trail_tracer/install/nav2_map_server:/home/bilal/trail_tracer/install/nav2_lifecycle_manager:/home/bilal/trail_tracer/install/nav2_behavior_tree:/home/bilal/trail_tracer/install/nav2_amcl:/home/bilal/trail_tracer/install/nav2_util:/home/bilal/trail_tracer/install/nav2_msgs:/home/bilal/trail_tracer/install/nav2_common:/home/bilal/trail_tracer/install/gps_to_utm_converter_cpp:/home/bilal/trail_tracer/install/argo_sim:/home/bilal/trail_tracer/install/gazebo_ros_skid_steer_drive_6w:/home/bilal/trail_tracer/install/gazebo_ros_ackermann_drive_4wd:/home/bilal/trail_tracer/install/biy1_ros360_cpp:/home/bilal/trail_tracer/install/argo_nav:/home/bilal/learn_ros2_ws/install/traethlin_description:/home/bilal/learn_ros2_ws/install/nav2_system_tests:/home/bilal/learn_ros2_ws/install/nav2_bringup:/home/bilal/learn_ros2_ws/install/navigation2:/home/bilal/learn_ros2_ws/install/nav2_smoother:/home/bilal/learn_ros2_ws/install/nav2_graceful_controller:/home/bilal/learn_ros2_ws/install/nav2_dwb_controller:/home/bilal/learn_ros2_ws/install/nav2_controller:/home/bilal/learn_ros2_ws/install/dwb_plugins:/home/bilal/learn_ros2_ws/install/dwb_critics:/home/bilal/learn_ros2_ws/install/dwb_core:/home/bilal/learn_ros2_ws/install/nav_2d_utils:/home/bilal/learn_ros2_ws/install/dwb_msgs:/home/bilal/learn_ros2_ws/install/nav_2d_msgs:/home/bilal/learn_ros2_ws/install/nav2_waypoint_follower:/home/bilal/learn_ros2_ws/install/nav2_theta_star_planner:/home/bilal/learn_ros2_ws/install/nav2_smac_planner:/home/bilal/learn_ros2_ws/install/nav2_rotation_shim_controller:/home/bilal/learn_ros2_ws/install/nav2_regulated_pure_pursuit_controller:/home/bilal/learn_ros2_ws/install/nav2_planner:/home/bilal/learn_ros2_ws/install/nav2_navfn_planner:/home/bilal/learn_ros2_ws/install/nav2_mppi_controller:/home/bilal/learn_ros2_ws/install/nav2_constrained_smoother:/home/bilal/learn_ros2_ws/install/nav2_bt_navigator:/home/bilal/learn_ros2_ws/install/nav2_behaviors:/home/bilal/learn_ros2_ws/install/nav2_core:/home/bilal/learn_ros2_ws/install/nav2_collision_monitor:/home/bilal/learn_ros2_ws/install/costmap_queue:/home/bilal/learn_ros2_ws/install/nav2_costmap_2d:/home/bilal/learn_ros2_ws/install/nav2_voxel_grid:/home/bilal/learn_ros2_ws/install/nav2_velocity_smoother:/home/bilal/learn_ros2_ws/install/nav2_rviz_plugins:/home/bilal/learn_ros2_ws/install/nav2_map_server:/home/bilal/learn_ros2_ws/install/nav2_lifecycle_manager:/home/bilal/learn_ros2_ws/install/nav2_behavior_tree:/home/bilal/learn_ros2_ws/install/nav2_amcl:/home/bilal/learn_ros2_ws/install/nav2_util:/home/bilal/learn_ros2_ws/install/nav2_msgs:/home/bilal/learn_ros2_ws/install/nav2_common:/home/bilal/learn_ros2_ws/install/gps_to_utm_converter_cpp:/home/bilal/learn_ros2_ws/install/argo_sim:/home/bilal/learn_ros2_ws/install/gazebo_ros_skid_steer_drive_6w:/home/bilal/learn_ros2_ws/install/gazebo_ros_ackermann_drive_4wd:/home/bilal/learn_ros2_ws/install/biy1_ros360_cpp:/home/bilal/learn_ros2_ws/install/articubot_one:/home/bilal/mp/mp_ws/install/biy1_ros360_cpp:/home/bilal/ros2_ws/install/velodyne_simulation:/home/bilal/ros2_ws/install/velodyne_control_msgs:/home/bilal/ros2_ws/install/track_envs:/home/bilal/ros2_ws/install/ros360_moveit:/home/bilal/ros2_ws/install/biy1_ros360_cpp:/home/bilal/trail_tracer/install/web_gui:/home/bilal/trail_tracer/install/nav2_simple_commander:/home/bilal/learn_ros2_ws/install/web_gui:/home/bilal/learn_ros2_ws/install/nav2_simple_commander:/home/bilal/ros2_ws/install/web_gui:/home/bilal/ros2_ws/install/opencv_tools:/home/bilal/ros2_ws/install/biy1_ros360_py:/opt/ros/humble')]), 'shell': False}
[0.099788] (biy1_ros360_cpp) StdoutLine: {'line': b'\x1b[35m\x1b[1mConsolidate compiler generated dependencies of target trail_tracer\x1b[0m\n'}
[0.100538] (-) TimerEvent: {}
[0.125494] (biy1_ros360_cpp) StdoutLine: {'line': b'[ 14%] Built target helloWorld\n'}
[0.125797] (biy1_ros360_cpp) StdoutLine: {'line': b'[ 28%] Built target examplePublisher\n'}
[0.126439] (biy1_ros360_cpp) StdoutLine: {'line': b'[ 42%] Built target testCode\n'}
[0.129564] (biy1_ros360_cpp) StdoutLine: {'line': b'[ 57%] Built target exampleSubscriber\n'}
[0.129674] (biy1_ros360_cpp) StdoutLine: {'line': b'[ 71%] Built target nav2\n'}
[0.131363] (biy1_ros360_cpp) StdoutLine: {'line': b'[ 85%] Built target waypoint_navigator\n'}
[0.132870] (biy1_ros360_cpp) StdoutLine: {'line': b'[ 92%] \x1b[32mBuilding CXX object CMakeFiles/trail_tracer.dir/src/trail_tracer.cpp.o\x1b[0m\n'}
[0.200616] (-) TimerEvent: {}
[0.300837] (-) TimerEvent: {}
[0.401088] (-) TimerEvent: {}
[0.501363] (-) TimerEvent: {}
[0.601648] (-) TimerEvent: {}
[0.701962] (-) TimerEvent: {}
[0.802237] (-) TimerEvent: {}
[0.902535] (-) TimerEvent: {}
[1.002839] (-) TimerEvent: {}
[1.103145] (-) TimerEvent: {}
[1.203413] (-) TimerEvent: {}
[1.303696] (-) TimerEvent: {}
[1.403986] (-) TimerEvent: {}
[1.504304] (-) TimerEvent: {}
[1.604570] (-) TimerEvent: {}
[1.704849] (-) TimerEvent: {}
[1.805124] (-) TimerEvent: {}
[1.905409] (-) TimerEvent: {}
[1.924107] (biy1_ros360_cpp) StderrLine: {'line': b'\x1b[01m\x1b[K/home/bilal/trail_tracer/src/biy1_ros360_cpp/src/trail_tracer.cpp:\x1b[m\x1b[K In constructor \xe2\x80\x98\x1b[01m\x1b[KTestCode::TestCode()\x1b[m\x1b[K\xe2\x80\x99:\n'}
[1.924309] (biy1_ros360_cpp) StderrLine: {'line': b'\x1b[01m\x1b[K/home/bilal/trail_tracer/src/biy1_ros360_cpp/src/trail_tracer.cpp:258:12:\x1b[m\x1b[K \x1b[01;35m\x1b[Kwarning: \x1b[m\x1b[K\xe2\x80\x98\x1b[01m\x1b[KTestCode::current_northing_\x1b[m\x1b[K\xe2\x80\x99 will be initialized after [\x1b[01;35m\x1b[K\x1b]8;;https://gcc.gnu.org/onlinedocs/gcc/Warning-Options.html#index-Wreorder\x07-Wreorder\x1b]8;;\x07\x1b[m\x1b[K]\n'}
[1.924386] (biy1_ros360_cpp) StderrLine: {'line': b'  258 |     double \x1b[01;35m\x1b[Kcurrent_northing_\x1b[m\x1b[K;\n'}
[1.924439] (biy1_ros360_cpp) StderrLine: {'line': b'      |            \x1b[01;35m\x1b[K^~~~~~~~~~~~~~~~~\x1b[m\x1b[K\n'}
[1.924488] (biy1_ros360_cpp) StderrLine: {'line': b'\x1b[01m\x1b[K/home/bilal/trail_tracer/src/biy1_ros360_cpp/src/trail_tracer.cpp:256:10:\x1b[m\x1b[K \x1b[01;35m\x1b[Kwarning: \x1b[m\x1b[K  \xe2\x80\x98\x1b[01m\x1b[Kbool TestCode::first_coord_stored_\x1b[m\x1b[K\xe2\x80\x99 [\x1b[01;35m\x1b[K\x1b]8;;https://gcc.gnu.org/onlinedocs/gcc/Warning-Options.html#index-Wreorder\x07-Wreorder\x1b]8;;\x07\x1b[m\x1b[K]\n'}
[1.924539] (biy1_ros360_cpp) StderrLine: {'line': b'  256 |     bool \x1b[01;35m\x1b[Kfirst_coord_stored_\x1b[m\x1b[K;\n'}
[1.924586] (biy1_ros360_cpp) StderrLine: {'line': b'      |          \x1b[01;35m\x1b[K^~~~~~~~~~~~~~~~~~~\x1b[m\x1b[K\n'}
[1.924633] (biy1_ros360_cpp) StderrLine: {'line': b'\x1b[01m\x1b[K/home/bilal/trail_tracer/src/biy1_ros360_cpp/src/trail_tracer.cpp:33:5:\x1b[m\x1b[K \x1b[01;35m\x1b[Kwarning: \x1b[m\x1b[K  when initialized here [\x1b[01;35m\x1b[K\x1b]8;;https://gcc.gnu.org/onlinedocs/gcc/Warning-Options.html#index-Wreorder\x07-Wreorder\x1b]8;;\x07\x1b[m\x1b[K]\n'}
[1.924682] (biy1_ros360_cpp) StderrLine: {'line': b'   33 |     \x1b[01;35m\x1b[KTestCode\x1b[m\x1b[K()\n'}
[1.924728] (biy1_ros360_cpp) StderrLine: {'line': b'      |     \x1b[01;35m\x1b[K^~~~~~~~\x1b[m\x1b[K\n'}
[1.951595] (biy1_ros360_cpp) StderrLine: {'line': b'\x1b[01m\x1b[K/home/bilal/trail_tracer/src/biy1_ros360_cpp/src/trail_tracer.cpp:\x1b[m\x1b[K In member function \xe2\x80\x98\x1b[01m\x1b[Kvoid TestCode::gps_fix_callback(sensor_msgs::msg::NavSatFix_<std::allocator<void> >::SharedPtr)\x1b[m\x1b[K\xe2\x80\x99:\n'}
[1.951729] (biy1_ros360_cpp) StderrLine: {'line': b'\x1b[01m\x1b[K/home/bilal/trail_tracer/src/biy1_ros360_cpp/src/trail_tracer.cpp:104:9:\x1b[m\x1b[K \x1b[01;31m\x1b[Kerror: \x1b[m\x1b[K\xe2\x80\x98\x1b[01m\x1b[Klast_gps_msg_\x1b[m\x1b[K\xe2\x80\x99 was not declared in this scope\n'}
[1.951789] (biy1_ros360_cpp) StderrLine: {'line': b'  104 |         \x1b[01;31m\x1b[Klast_gps_msg_\x1b[m\x1b[K = msg; //Update last known location\n'}
[1.951841] (biy1_ros360_cpp) StderrLine: {'line': b'      |         \x1b[01;31m\x1b[K^~~~~~~~~~~~~\x1b[m\x1b[K\n'}
[2.005488] (-) TimerEvent: {}
[2.105740] (-) TimerEvent: {}
[2.206004] (-) TimerEvent: {}
[2.306291] (-) TimerEvent: {}
[2.406560] (-) TimerEvent: {}
[2.506833] (-) TimerEvent: {}
[2.607105] (-) TimerEvent: {}
[2.707375] (-) TimerEvent: {}
[2.807642] (-) TimerEvent: {}
[2.907924] (-) TimerEvent: {}
[3.008219] (-) TimerEvent: {}
[3.108508] (-) TimerEvent: {}
[3.208767] (-) TimerEvent: {}
[3.309048] (-) TimerEvent: {}
[3.409331] (-) TimerEvent: {}
[3.509598] (-) TimerEvent: {}
[3.609871] (-) TimerEvent: {}
[3.710142] (-) TimerEvent: {}
[3.810418] (-) TimerEvent: {}
[3.910690] (-) TimerEvent: {}
[4.010971] (-) TimerEvent: {}
[4.111244] (-) TimerEvent: {}
[4.211510] (-) TimerEvent: {}
[4.311783] (-) TimerEvent: {}
[4.412062] (-) TimerEvent: {}
[4.512327] (-) TimerEvent: {}
[4.612579] (-) TimerEvent: {}
[4.712832] (-) TimerEvent: {}
[4.813122] (-) TimerEvent: {}
[4.913406] (-) TimerEvent: {}
[5.013658] (-) TimerEvent: {}
[5.113905] (-) TimerEvent: {}
[5.214152] (-) TimerEvent: {}
[5.314415] (-) TimerEvent: {}
[5.414683] (-) TimerEvent: {}
[5.514960] (-) TimerEvent: {}
[5.615245] (-) TimerEvent: {}
[5.715503] (-) TimerEvent: {}
[5.815763] (-) TimerEvent: {}
[5.916045] (-) TimerEvent: {}
[6.016321] (-) TimerEvent: {}
[6.084650] (biy1_ros360_cpp) StderrLine: {'line': b'gmake[2]: *** [CMakeFiles/trail_tracer.dir/build.make:76: CMakeFiles/trail_tracer.dir/src/trail_tracer.cpp.o] Error 1\n'}
[6.084904] (biy1_ros360_cpp) StderrLine: {'line': b'gmake[1]: *** [CMakeFiles/Makefile2:279: CMakeFiles/trail_tracer.dir/all] Error 2\n'}
[6.085128] (biy1_ros360_cpp) StderrLine: {'line': b'gmake: *** [Makefile:146: all] Error 2\n'}
[6.087179] (biy1_ros360_cpp) CommandEnded: {'returncode': 2}
[6.116387] (-) TimerEvent: {}
[6.216668] (-) TimerEvent: {}
[6.222452] (biy1_ros360_cpp) JobEnded: {'identifier': 'biy1_ros360_cpp', 'rc': 2}
[6.232779] (-) EventReactorShutdown: {}
