In file included from [01m[K/opt/ros/humble/include/rclcpp/rclcpp/logging.hpp:24[m[K,
                 from [01m[K/opt/ros/humble/include/rclcpp/rclcpp/client.hpp:40[m[K,
                 from [01m[K/opt/ros/humble/include/rclcpp/rclcpp/callback_group.hpp:24[m[K,
                 from [01m[K/opt/ros/humble/include/rclcpp/rclcpp/any_executable.hpp:20[m[K,
                 from [01m[K/opt/ros/humble/include/rclcpp/rclcpp/memory_strategy.hpp:25[m[K,
                 from [01m[K/opt/ros/humble/include/rclcpp/rclcpp/memory_strategies.hpp:18[m[K,
                 from [01m[K/opt/ros/humble/include/rclcpp/rclcpp/executor_options.hpp:20[m[K,
                 from [01m[K/opt/ros/humble/include/rclcpp/rclcpp/executor.hpp:37[m[K,
                 from [01m[K/opt/ros/humble/include/rclcpp/rclcpp/executors/multi_threaded_executor.hpp:25[m[K,
                 from [01m[K/opt/ros/humble/include/rclcpp/rclcpp/executors.hpp:21[m[K,
                 from [01m[K/opt/ros/humble/include/rclcpp/rclcpp/rclcpp.hpp:155[m[K,
                 from [01m[K/home/bilal/trail_tracer/src/biy1_ros360_cpp/src/follower.cpp:9[m[K:
[01m[K/home/bilal/trail_tracer/src/biy1_ros360_cpp/src/follower.cpp:[m[K In member function ‘[01m[Kvoid TestCode::process_all_waypoints()[m[K’:
[01m[K/home/bilal/trail_tracer/src/biy1_ros360_cpp/src/follower.cpp:207:45:[m[K [01;35m[Kwarning: [m[Kformat ‘[01m[K%ld[m[K’ expects argument of type ‘[01m[Klong int[m[K’, but argument 7 has type ‘[01m[Kbuiltin_interfaces::msg::Time_<std::allocator<void> >::_sec_type[m[K’ {aka ‘[01m[Kint[m[K’} [[01;35m[K]8;;https://gcc.gnu.org/onlinedocs/gcc/Warning-Options.html#index-Wformat=-Wformat=]8;;[m[K]
  207 |             RCLCPP_INFO(this->get_logger(), [01;35m[K"Pose stored: Easting: %f, Northing: %f, Time: %ld.%09ld"[m[K, easting, northing, [32m[Kpose.header.stamp.sec[m[K, pose.header.stamp.nanosec);
      |                                             [01;35m[K^~~~~~~~~~~~~~~~~~~~~~~~~~~~~~~~~~~~~~~~~~~~~~~~~~~~~~~~~[m[K                     [32m[K~~~~~~~~~~~~~~~~~~~~~[m[K
      |                                                                                                                                             [32m[K|[m[K
      |                                                                                                                                             [32m[Kbuiltin_interfaces::msg::Time_<std::allocator<void> >::_sec_type {aka int}[m[K
[01m[K/home/bilal/trail_tracer/src/biy1_ros360_cpp/src/follower.cpp:207:94:[m[K [01;36m[Knote: [m[Kformat string is defined here
  207 |             RCLCPP_INFO(this->get_logger(), "Pose stored: Easting: %f, Northing: %f, Time: [01;36m[K%ld[m[K.%09ld", easting, northing, pose.header.stamp.sec, pose.header.stamp.nanosec);
      |                                                                                            [01;36m[K~~^[m[K
      |                                                                                              [01;36m[K|[m[K
      |                                                                                              [01;36m[Klong int[m[K
      |                                                                                            [32m[K%d[m[K
In file included from [01m[K/opt/ros/humble/include/rclcpp/rclcpp/logging.hpp:24[m[K,
                 from [01m[K/opt/ros/humble/include/rclcpp/rclcpp/client.hpp:40[m[K,
                 from [01m[K/opt/ros/humble/include/rclcpp/rclcpp/callback_group.hpp:24[m[K,
                 from [01m[K/opt/ros/humble/include/rclcpp/rclcpp/any_executable.hpp:20[m[K,
                 from [01m[K/opt/ros/humble/include/rclcpp/rclcpp/memory_strategy.hpp:25[m[K,
                 from [01m[K/opt/ros/humble/include/rclcpp/rclcpp/memory_strategies.hpp:18[m[K,
                 from [01m[K/opt/ros/humble/include/rclcpp/rclcpp/executor_options.hpp:20[m[K,
                 from [01m[K/opt/ros/humble/include/rclcpp/rclcpp/executor.hpp:37[m[K,
                 from [01m[K/opt/ros/humble/include/rclcpp/rclcpp/executors/multi_threaded_executor.hpp:25[m[K,
                 from [01m[K/opt/ros/humble/include/rclcpp/rclcpp/executors.hpp:21[m[K,
                 from [01m[K/opt/ros/humble/include/rclcpp/rclcpp/rclcpp.hpp:155[m[K,
                 from [01m[K/home/bilal/trail_tracer/src/biy1_ros360_cpp/src/follower.cpp:9[m[K:
[01m[K/home/bilal/trail_tracer/src/biy1_ros360_cpp/src/follower.cpp:207:45:[m[K [01;35m[Kwarning: [m[Kformat ‘[01m[K%ld[m[K’ expects argument of type ‘[01m[Klong int[m[K’, but argument 8 has type ‘[01m[Kbuiltin_interfaces::msg::Time_<std::allocator<void> >::_nanosec_type[m[K’ {aka ‘[01m[Kunsigned int[m[K’} [[01;35m[K]8;;https://gcc.gnu.org/onlinedocs/gcc/Warning-Options.html#index-Wformat=-Wformat=]8;;[m[K]
  207 |             RCLCPP_INFO(this->get_logger(), [01;35m[K"Pose stored: Easting: %f, Northing: %f, Time: %ld.%09ld"[m[K, easting, northing, pose.header.stamp.sec, [32m[Kpose.header.stamp.nanosec[m[K);
      |                                             [01;35m[K^~~~~~~~~~~~~~~~~~~~~~~~~~~~~~~~~~~~~~~~~~~~~~~~~~~~~~~~~[m[K                                            [32m[K~~~~~~~~~~~~~~~~~~~~~~~~~[m[K
      |                                                                                                                                                                    [32m[K|[m[K
      |                                                                                                                                                                    [32m[Kbuiltin_interfaces::msg::Time_<std::allocator<void> >::_nanosec_type {aka unsigned int}[m[K
[01m[K/home/bilal/trail_tracer/src/biy1_ros360_cpp/src/follower.cpp:207:100:[m[K [01;36m[Knote: [m[Kformat string is defined here
  207 |             RCLCPP_INFO(this->get_logger(), "Pose stored: Easting: %f, Northing: %f, Time: %ld.[01;36m[K%09ld[m[K", easting, northing, pose.header.stamp.sec, pose.header.stamp.nanosec);
      |                                                                                                [01;36m[K~~~~^[m[K
      |                                                                                                    [01;36m[K|[m[K
      |                                                                                                    [01;36m[Klong int[m[K
      |                                                                                                [32m[K%09d[m[K
