[100%] Built target gazebo_ros_ackermann_drive_4wd
-- Install configuration: ""
-- Up-to-date: /home/bilal/trail_tracer/install/gazebo_ros_ackermann_drive_4wd/share/gazebo_ros_ackermann_drive_4wd/environment/library_path.sh
-- Up-to-date: /home/bilal/trail_tracer/install/gazebo_ros_ackermann_drive_4wd/share/gazebo_ros_ackermann_drive_4wd/environment/library_path.dsv
-- Up-to-date: /home/bilal/trail_tracer/install/gazebo_ros_ackermann_drive_4wd/include
-- Up-to-date: /home/bilal/trail_tracer/install/gazebo_ros_ackermann_drive_4wd/lib/libgazebo_ros_ackermann_drive_4wd.so
-- Up-to-date: /home/bilal/trail_tracer/install/gazebo_ros_ackermann_drive_4wd/share/ament_index/resource_index/package_run_dependencies/gazebo_ros_ackermann_drive_4wd
-- Up-to-date: /home/bilal/trail_tracer/install/gazebo_ros_ackermann_drive_4wd/share/ament_index/resource_index/parent_prefix_path/gazebo_ros_ackermann_drive_4wd
-- Up-to-date: /home/bilal/trail_tracer/install/gazebo_ros_ackermann_drive_4wd/share/gazebo_ros_ackermann_drive_4wd/environment/ament_prefix_path.sh
-- Up-to-date: /home/bilal/trail_tracer/install/gazebo_ros_ackermann_drive_4wd/share/gazebo_ros_ackermann_drive_4wd/environment/ament_prefix_path.dsv
-- Up-to-date: /home/bilal/trail_tracer/install/gazebo_ros_ackermann_drive_4wd/share/gazebo_ros_ackermann_drive_4wd/environment/path.sh
-- Up-to-date: /home/bilal/trail_tracer/install/gazebo_ros_ackermann_drive_4wd/share/gazebo_ros_ackermann_drive_4wd/environment/path.dsv
-- Up-to-date: /home/bilal/trail_tracer/install/gazebo_ros_ackermann_drive_4wd/share/gazebo_ros_ackermann_drive_4wd/local_setup.bash
-- Up-to-date: /home/bilal/trail_tracer/install/gazebo_ros_ackermann_drive_4wd/share/gazebo_ros_ackermann_drive_4wd/local_setup.sh
-- Up-to-date: /home/bilal/trail_tracer/install/gazebo_ros_ackermann_drive_4wd/share/gazebo_ros_ackermann_drive_4wd/local_setup.zsh
-- Up-to-date: /home/bilal/trail_tracer/install/gazebo_ros_ackermann_drive_4wd/share/gazebo_ros_ackermann_drive_4wd/local_setup.dsv
-- Installing: /home/bilal/trail_tracer/install/gazebo_ros_ackermann_drive_4wd/share/gazebo_ros_ackermann_drive_4wd/package.dsv
-- Up-to-date: /home/bilal/trail_tracer/install/gazebo_ros_ackermann_drive_4wd/share/ament_index/resource_index/packages/gazebo_ros_ackermann_drive_4wd
-- Up-to-date: /home/bilal/trail_tracer/install/gazebo_ros_ackermann_drive_4wd/share/gazebo_ros_ackermann_drive_4wd/cmake/ament_cmake_export_libraries-extras.cmake
-- Up-to-date: /home/bilal/trail_tracer/install/gazebo_ros_ackermann_drive_4wd/share/gazebo_ros_ackermann_drive_4wd/cmake/ament_cmake_export_dependencies-extras.cmake
-- Up-to-date: /home/bilal/trail_tracer/install/gazebo_ros_ackermann_drive_4wd/share/gazebo_ros_ackermann_drive_4wd/cmake/ament_cmake_export_include_directories-extras.cmake
-- Up-to-date: /home/bilal/trail_tracer/install/gazebo_ros_ackermann_drive_4wd/share/gazebo_ros_ackermann_drive_4wd/cmake/gazebo_ros_ackermann_drive_4wdConfig.cmake
-- Up-to-date: /home/bilal/trail_tracer/install/gazebo_ros_ackermann_drive_4wd/share/gazebo_ros_ackermann_drive_4wd/cmake/gazebo_ros_ackermann_drive_4wdConfig-version.cmake
-- Up-to-date: /home/bilal/trail_tracer/install/gazebo_ros_ackermann_drive_4wd/share/gazebo_ros_ackermann_drive_4wd/package.xml
