[0.095s] Invoking command in '/home/bilal/trail_tracer/build/nav2_common': CMAKE_PREFIX_PATH=${CMAKE_PREFIX_PATH}:/home/bilal/trail_tracer/install/web_gui:/home/bilal/trail_tracer/install/nav2_simple_commander:/home/bilal/learn_ros2_ws/install/web_gui:/home/bilal/learn_ros2_ws/install/nav2_simple_commander:/home/bilal/ros2_ws/install/web_gui:/home/bilal/ros2_ws/install/opencv_tools:/home/bilal/ros2_ws/install/biy1_ros360_py:/opt/ros/humble /usr/bin/cmake --build /home/bilal/trail_tracer/build/nav2_common -- -j12 -l12
[0.282s] Built target ament_cmake_python_copy_nav2_common
[0.738s] running egg_info
[0.739s] writing nav2_common.egg-info/PKG-INFO
[0.740s] writing dependency_links to nav2_common.egg-info/dependency_links.txt
[0.741s] writing top-level names to nav2_common.egg-info/top_level.txt
[0.745s] reading manifest file 'nav2_common.egg-info/SOURCES.txt'
[0.746s] writing manifest file 'nav2_common.egg-info/SOURCES.txt'
[0.806s] Built target ament_cmake_python_build_nav2_common_egg
[0.850s] Invoked command in '/home/bilal/trail_tracer/build/nav2_common' returned '0': CMAKE_PREFIX_PATH=${CMAKE_PREFIX_PATH}:/home/bilal/trail_tracer/install/web_gui:/home/bilal/trail_tracer/install/nav2_simple_commander:/home/bilal/learn_ros2_ws/install/web_gui:/home/bilal/learn_ros2_ws/install/nav2_simple_commander:/home/bilal/ros2_ws/install/web_gui:/home/bilal/ros2_ws/install/opencv_tools:/home/bilal/ros2_ws/install/biy1_ros360_py:/opt/ros/humble /usr/bin/cmake --build /home/bilal/trail_tracer/build/nav2_common -- -j12 -l12
[0.940s] Invoking command in '/home/bilal/trail_tracer/build/nav2_common': CMAKE_PREFIX_PATH=${CMAKE_PREFIX_PATH}:/home/bilal/trail_tracer/install/web_gui:/home/bilal/trail_tracer/install/nav2_simple_commander:/home/bilal/learn_ros2_ws/install/web_gui:/home/bilal/learn_ros2_ws/install/nav2_simple_commander:/home/bilal/ros2_ws/install/web_gui:/home/bilal/ros2_ws/install/opencv_tools:/home/bilal/ros2_ws/install/biy1_ros360_py:/opt/ros/humble /usr/bin/cmake --install /home/bilal/trail_tracer/build/nav2_common
[0.959s] -- Install configuration: ""
[0.959s] -- Up-to-date: /home/bilal/trail_tracer/install/nav2_common/share/nav2_common/environment/pythonpath.sh
[0.959s] -- Up-to-date: /home/bilal/trail_tracer/install/nav2_common/share/nav2_common/environment/pythonpath.dsv
[0.959s] -- Up-to-date: /home/bilal/trail_tracer/install/nav2_common/local/lib/python3.10/dist-packages/nav2_common-1.1.13-py3.10.egg-info
[0.959s] -- Installing: /home/bilal/trail_tracer/install/nav2_common/local/lib/python3.10/dist-packages/nav2_common-1.1.13-py3.10.egg-info/PKG-INFO
[0.959s] -- Installing: /home/bilal/trail_tracer/install/nav2_common/local/lib/python3.10/dist-packages/nav2_common-1.1.13-py3.10.egg-info/top_level.txt
[0.960s] -- Installing: /home/bilal/trail_tracer/install/nav2_common/local/lib/python3.10/dist-packages/nav2_common-1.1.13-py3.10.egg-info/dependency_links.txt
[0.960s] -- Installing: /home/bilal/trail_tracer/install/nav2_common/local/lib/python3.10/dist-packages/nav2_common-1.1.13-py3.10.egg-info/SOURCES.txt
[0.960s] -- Up-to-date: /home/bilal/trail_tracer/install/nav2_common/local/lib/python3.10/dist-packages/nav2_common
[0.960s] -- Up-to-date: /home/bilal/trail_tracer/install/nav2_common/local/lib/python3.10/dist-packages/nav2_common/__init__.py
[0.960s] -- Up-to-date: /home/bilal/trail_tracer/install/nav2_common/local/lib/python3.10/dist-packages/nav2_common/launch
[0.960s] -- Up-to-date: /home/bilal/trail_tracer/install/nav2_common/local/lib/python3.10/dist-packages/nav2_common/launch/parse_multirobot_pose.py
[0.961s] -- Up-to-date: /home/bilal/trail_tracer/install/nav2_common/local/lib/python3.10/dist-packages/nav2_common/launch/has_node_params.py
[0.961s] -- Up-to-date: /home/bilal/trail_tracer/install/nav2_common/local/lib/python3.10/dist-packages/nav2_common/launch/rewritten_yaml.py
[0.961s] -- Up-to-date: /home/bilal/trail_tracer/install/nav2_common/local/lib/python3.10/dist-packages/nav2_common/launch/__init__.py
[0.961s] -- Up-to-date: /home/bilal/trail_tracer/install/nav2_common/local/lib/python3.10/dist-packages/nav2_common/launch/replace_string.py
[1.000s] Listing '/home/bilal/trail_tracer/install/nav2_common/local/lib/python3.10/dist-packages/nav2_common'...
[1.000s] Listing '/home/bilal/trail_tracer/install/nav2_common/local/lib/python3.10/dist-packages/nav2_common/launch'...
[1.003s] -- Up-to-date: /home/bilal/trail_tracer/install/nav2_common/share/ament_index/resource_index/package_run_dependencies/nav2_common
[1.003s] -- Up-to-date: /home/bilal/trail_tracer/install/nav2_common/share/ament_index/resource_index/parent_prefix_path/nav2_common
[1.004s] -- Up-to-date: /home/bilal/trail_tracer/install/nav2_common/share/nav2_common/environment/ament_prefix_path.sh
[1.004s] -- Up-to-date: /home/bilal/trail_tracer/install/nav2_common/share/nav2_common/environment/ament_prefix_path.dsv
[1.004s] -- Up-to-date: /home/bilal/trail_tracer/install/nav2_common/share/nav2_common/environment/path.sh
[1.004s] -- Up-to-date: /home/bilal/trail_tracer/install/nav2_common/share/nav2_common/environment/path.dsv
[1.004s] -- Up-to-date: /home/bilal/trail_tracer/install/nav2_common/share/nav2_common/local_setup.bash
[1.004s] -- Up-to-date: /home/bilal/trail_tracer/install/nav2_common/share/nav2_common/local_setup.sh
[1.004s] -- Up-to-date: /home/bilal/trail_tracer/install/nav2_common/share/nav2_common/local_setup.zsh
[1.004s] -- Up-to-date: /home/bilal/trail_tracer/install/nav2_common/share/nav2_common/local_setup.dsv
[1.004s] -- Installing: /home/bilal/trail_tracer/install/nav2_common/share/nav2_common/package.dsv
[1.005s] -- Up-to-date: /home/bilal/trail_tracer/install/nav2_common/share/ament_index/resource_index/packages/nav2_common
[1.005s] -- Up-to-date: /home/bilal/trail_tracer/install/nav2_common/share/nav2_common/cmake/nav2_common-extras.cmake
[1.005s] -- Up-to-date: /home/bilal/trail_tracer/install/nav2_common/share/nav2_common/cmake/nav2_commonConfig.cmake
[1.005s] -- Up-to-date: /home/bilal/trail_tracer/install/nav2_common/share/nav2_common/cmake/nav2_commonConfig-version.cmake
[1.005s] -- Up-to-date: /home/bilal/trail_tracer/install/nav2_common/share/nav2_common/package.xml
[1.005s] -- Up-to-date: /home/bilal/trail_tracer/install/nav2_common/share/nav2_common/cmake
[1.005s] -- Up-to-date: /home/bilal/trail_tracer/install/nav2_common/share/nav2_common/cmake/nav2_package.cmake
[1.007s] Invoked command in '/home/bilal/trail_tracer/build/nav2_common' returned '0': CMAKE_PREFIX_PATH=${CMAKE_PREFIX_PATH}:/home/bilal/trail_tracer/install/web_gui:/home/bilal/trail_tracer/install/nav2_simple_commander:/home/bilal/learn_ros2_ws/install/web_gui:/home/bilal/learn_ros2_ws/install/nav2_simple_commander:/home/bilal/ros2_ws/install/web_gui:/home/bilal/ros2_ws/install/opencv_tools:/home/bilal/ros2_ws/install/biy1_ros360_py:/opt/ros/humble /usr/bin/cmake --install /home/bilal/trail_tracer/build/nav2_common
