[0.020s] Invoking command in '/home/bilal/trail_tracer/build/biy1_ros360_cpp': CMAKE_PREFIX_PATH=${CMAKE_PREFIX_PATH}:/home/bilal/trail_tracer/install/web_gui:/home/bilal/trail_tracer/install/nav2_simple_commander:/home/bilal/learn_ros2_ws/install/web_gui:/home/bilal/learn_ros2_ws/install/nav2_simple_commander:/home/bilal/ros2_ws/install/web_gui:/home/bilal/ros2_ws/install/opencv_tools:/home/bilal/ros2_ws/install/biy1_ros360_py:/opt/ros/humble /usr/bin/cmake --build /home/bilal/trail_tracer/build/biy1_ros360_cpp -- -j12 -l12
[0.097s] [35m[1mConsolidate compiler generated dependencies of target trail_tracer[0m
[0.125s] [ 28%] Built target examplePublisher
[0.125s] [ 28%] Built target helloWorld
[0.125s] [ 42%] Built target exampleSubscriber
[0.125s] [ 57%] Built target testCode
[0.125s] [ 85%] Built target nav2
[0.126s] [ 85%] Built target waypoint_navigator
[0.130s] [ 92%] [32mBuilding CXX object CMakeFiles/trail_tracer.dir/src/trail_tracer.cpp.o[0m
[11.832s] [100%] [32m[1mLinking CXX executable trail_tracer[0m
[12.413s] [100%] Built target trail_tracer
[12.431s] Invoked command in '/home/bilal/trail_tracer/build/biy1_ros360_cpp' returned '0': CMAKE_PREFIX_PATH=${CMAKE_PREFIX_PATH}:/home/bilal/trail_tracer/install/web_gui:/home/bilal/trail_tracer/install/nav2_simple_commander:/home/bilal/learn_ros2_ws/install/web_gui:/home/bilal/learn_ros2_ws/install/nav2_simple_commander:/home/bilal/ros2_ws/install/web_gui:/home/bilal/ros2_ws/install/opencv_tools:/home/bilal/ros2_ws/install/biy1_ros360_py:/opt/ros/humble /usr/bin/cmake --build /home/bilal/trail_tracer/build/biy1_ros360_cpp -- -j12 -l12
[12.577s] Invoking command in '/home/bilal/trail_tracer/build/biy1_ros360_cpp': CMAKE_PREFIX_PATH=${CMAKE_PREFIX_PATH}:/home/bilal/trail_tracer/install/web_gui:/home/bilal/trail_tracer/install/nav2_simple_commander:/home/bilal/learn_ros2_ws/install/web_gui:/home/bilal/learn_ros2_ws/install/nav2_simple_commander:/home/bilal/ros2_ws/install/web_gui:/home/bilal/ros2_ws/install/opencv_tools:/home/bilal/ros2_ws/install/biy1_ros360_py:/opt/ros/humble /usr/bin/cmake --install /home/bilal/trail_tracer/build/biy1_ros360_cpp
[12.592s] -- Install configuration: ""
[12.592s] -- Up-to-date: /home/bilal/trail_tracer/install/biy1_ros360_cpp/lib/biy1_ros360_cpp/helloWorld
[12.593s] -- Up-to-date: /home/bilal/trail_tracer/install/biy1_ros360_cpp/lib/biy1_ros360_cpp/examplePublisher
[12.593s] -- Up-to-date: /home/bilal/trail_tracer/install/biy1_ros360_cpp/lib/biy1_ros360_cpp/exampleSubscriber
[12.593s] -- Up-to-date: /home/bilal/trail_tracer/install/biy1_ros360_cpp/lib/biy1_ros360_cpp/testCode
[12.593s] -- Up-to-date: /home/bilal/trail_tracer/install/biy1_ros360_cpp/lib/biy1_ros360_cpp/nav2
[12.594s] -- Installing: /home/bilal/trail_tracer/install/biy1_ros360_cpp/lib/biy1_ros360_cpp/trail_tracer
[12.606s] -- Set runtime path of "/home/bilal/trail_tracer/install/biy1_ros360_cpp/lib/biy1_ros360_cpp/trail_tracer" to ""
[12.606s] -- Up-to-date: /home/bilal/trail_tracer/install/biy1_ros360_cpp/lib/biy1_ros360_cpp/waypoint_navigator
[12.606s] -- Up-to-date: /home/bilal/trail_tracer/install/biy1_ros360_cpp/share/ament_index/resource_index/package_run_dependencies/biy1_ros360_cpp
[12.606s] -- Up-to-date: /home/bilal/trail_tracer/install/biy1_ros360_cpp/share/ament_index/resource_index/parent_prefix_path/biy1_ros360_cpp
[12.606s] -- Up-to-date: /home/bilal/trail_tracer/install/biy1_ros360_cpp/share/biy1_ros360_cpp/environment/ament_prefix_path.sh
[12.606s] -- Up-to-date: /home/bilal/trail_tracer/install/biy1_ros360_cpp/share/biy1_ros360_cpp/environment/ament_prefix_path.dsv
[12.606s] -- Up-to-date: /home/bilal/trail_tracer/install/biy1_ros360_cpp/share/biy1_ros360_cpp/environment/path.sh
[12.606s] -- Up-to-date: /home/bilal/trail_tracer/install/biy1_ros360_cpp/share/biy1_ros360_cpp/environment/path.dsv
[12.606s] -- Up-to-date: /home/bilal/trail_tracer/install/biy1_ros360_cpp/share/biy1_ros360_cpp/local_setup.bash
[12.606s] -- Up-to-date: /home/bilal/trail_tracer/install/biy1_ros360_cpp/share/biy1_ros360_cpp/local_setup.sh
[12.606s] -- Up-to-date: /home/bilal/trail_tracer/install/biy1_ros360_cpp/share/biy1_ros360_cpp/local_setup.zsh
[12.606s] -- Up-to-date: /home/bilal/trail_tracer/install/biy1_ros360_cpp/share/biy1_ros360_cpp/local_setup.dsv
[12.606s] -- Installing: /home/bilal/trail_tracer/install/biy1_ros360_cpp/share/biy1_ros360_cpp/package.dsv
[12.606s] -- Up-to-date: /home/bilal/trail_tracer/install/biy1_ros360_cpp/share/ament_index/resource_index/packages/biy1_ros360_cpp
[12.607s] -- Up-to-date: /home/bilal/trail_tracer/install/biy1_ros360_cpp/share/biy1_ros360_cpp/cmake/biy1_ros360_cppConfig.cmake
[12.607s] -- Up-to-date: /home/bilal/trail_tracer/install/biy1_ros360_cpp/share/biy1_ros360_cpp/cmake/biy1_ros360_cppConfig-version.cmake
[12.607s] -- Up-to-date: /home/bilal/trail_tracer/install/biy1_ros360_cpp/share/biy1_ros360_cpp/package.xml
[12.609s] Invoked command in '/home/bilal/trail_tracer/build/biy1_ros360_cpp' returned '0': CMAKE_PREFIX_PATH=${CMAKE_PREFIX_PATH}:/home/bilal/trail_tracer/install/web_gui:/home/bilal/trail_tracer/install/nav2_simple_commander:/home/bilal/learn_ros2_ws/install/web_gui:/home/bilal/learn_ros2_ws/install/nav2_simple_commander:/home/bilal/ros2_ws/install/web_gui:/home/bilal/ros2_ws/install/opencv_tools:/home/bilal/ros2_ws/install/biy1_ros360_py:/opt/ros/humble /usr/bin/cmake --install /home/bilal/trail_tracer/build/biy1_ros360_cpp
