[0.062s] Invoking command in '/home/bilal/trail_tracer/build/nav2_behavior_tree': CMAKE_PREFIX_PATH=/home/bilal/trail_tracer/install/nav2_util:/home/bilal/trail_tracer/install/nav2_msgs:/home/bilal/trail_tracer/install/nav2_common:/home/bilal/trail_tracer/install/traethlin_description:/home/bilal/trail_tracer/install/nav2_system_tests:/home/bilal/trail_tracer/install/nav2_bringup:/home/bilal/trail_tracer/install/navigation2:/home/bilal/trail_tracer/install/nav2_smoother:/home/bilal/trail_tracer/install/nav2_graceful_controller:/home/bilal/trail_tracer/install/nav2_dwb_controller:/home/bilal/trail_tracer/install/nav2_controller:/home/bilal/trail_tracer/install/dwb_plugins:/home/bilal/trail_tracer/install/dwb_critics:/home/bilal/trail_tracer/install/dwb_core:/home/bilal/trail_tracer/install/nav_2d_utils:/home/bilal/trail_tracer/install/dwb_msgs:/home/bilal/trail_tracer/install/nav_2d_msgs:/home/bilal/trail_tracer/install/nav2_waypoint_follower:/home/bilal/trail_tracer/install/nav2_theta_star_planner:/home/bilal/trail_tracer/install/nav2_smac_planner:/home/bilal/trail_tracer/install/nav2_rotation_shim_controller:/home/bilal/trail_tracer/install/nav2_regulated_pure_pursuit_controller:/home/bilal/trail_tracer/install/nav2_planner:/home/bilal/trail_tracer/install/nav2_navfn_planner:/home/bilal/trail_tracer/install/nav2_mppi_controller:/home/bilal/trail_tracer/install/nav2_constrained_smoother:/home/bilal/trail_tracer/install/nav2_bt_navigator:/home/bilal/trail_tracer/install/nav2_behaviors:/home/bilal/trail_tracer/install/nav2_core:/home/bilal/trail_tracer/install/nav2_collision_monitor:/home/bilal/trail_tracer/install/costmap_queue:/home/bilal/trail_tracer/install/nav2_costmap_2d:/home/bilal/trail_tracer/install/nav2_voxel_grid:/home/bilal/trail_tracer/install/nav2_velocity_smoother:/home/bilal/trail_tracer/install/nav2_rviz_plugins:/home/bilal/trail_tracer/install/nav2_map_server:/home/bilal/trail_tracer/install/nav2_lifecycle_manager:/home/bilal/trail_tracer/install/nav2_behavior_tree:/home/bilal/trail_tracer/install/nav2_amcl:/home/bilal/trail_tracer/install/gps_to_utm_converter_cpp:/home/bilal/trail_tracer/install/argo_sim:/home/bilal/trail_tracer/install/gazebo_ros_skid_steer_drive_6w:/home/bilal/trail_tracer/install/gazebo_ros_ackermann_drive_4wd:/home/bilal/trail_tracer/install/biy1_ros360_cpp:/home/bilal/trail_tracer/install/argo_nav:/home/bilal/learn_ros2_ws/install/traethlin_description:/home/bilal/learn_ros2_ws/install/nav2_system_tests:/home/bilal/learn_ros2_ws/install/nav2_bringup:/home/bilal/learn_ros2_ws/install/navigation2:/home/bilal/learn_ros2_ws/install/nav2_smoother:/home/bilal/learn_ros2_ws/install/nav2_graceful_controller:/home/bilal/learn_ros2_ws/install/nav2_dwb_controller:/home/bilal/learn_ros2_ws/install/nav2_controller:/home/bilal/learn_ros2_ws/install/dwb_plugins:/home/bilal/learn_ros2_ws/install/dwb_critics:/home/bilal/learn_ros2_ws/install/dwb_core:/home/bilal/learn_ros2_ws/install/nav_2d_utils:/home/bilal/learn_ros2_ws/install/dwb_msgs:/home/bilal/learn_ros2_ws/install/nav_2d_msgs:/home/bilal/learn_ros2_ws/install/nav2_waypoint_follower:/home/bilal/learn_ros2_ws/install/nav2_theta_star_planner:/home/bilal/learn_ros2_ws/install/nav2_smac_planner:/home/bilal/learn_ros2_ws/install/nav2_rotation_shim_controller:/home/bilal/learn_ros2_ws/install/nav2_regulated_pure_pursuit_controller:/home/bilal/learn_ros2_ws/install/nav2_planner:/home/bilal/learn_ros2_ws/install/nav2_navfn_planner:/home/bilal/learn_ros2_ws/install/nav2_mppi_controller:/home/bilal/learn_ros2_ws/install/nav2_constrained_smoother:/home/bilal/learn_ros2_ws/install/nav2_bt_navigator:/home/bilal/learn_ros2_ws/install/nav2_behaviors:/home/bilal/learn_ros2_ws/install/nav2_core:/home/bilal/learn_ros2_ws/install/nav2_collision_monitor:/home/bilal/learn_ros2_ws/install/costmap_queue:/home/bilal/learn_ros2_ws/install/nav2_costmap_2d:/home/bilal/learn_ros2_ws/install/nav2_voxel_grid:/home/bilal/learn_ros2_ws/install/nav2_velocity_smoother:/home/bilal/learn_ros2_ws/install/nav2_rviz_plugins:/home/bilal/learn_ros2_ws/install/nav2_map_server:/home/bilal/learn_ros2_ws/install/nav2_lifecycle_manager:/home/bilal/learn_ros2_ws/install/nav2_behavior_tree:/home/bilal/learn_ros2_ws/install/nav2_amcl:/home/bilal/learn_ros2_ws/install/nav2_util:/home/bilal/learn_ros2_ws/install/nav2_msgs:/home/bilal/learn_ros2_ws/install/nav2_common:/home/bilal/learn_ros2_ws/install/gps_to_utm_converter_cpp:/home/bilal/learn_ros2_ws/install/argo_sim:/home/bilal/learn_ros2_ws/install/gazebo_ros_skid_steer_drive_6w:/home/bilal/learn_ros2_ws/install/gazebo_ros_ackermann_drive_4wd:/home/bilal/learn_ros2_ws/install/biy1_ros360_cpp:/home/bilal/learn_ros2_ws/install/articubot_one:/home/bilal/mp/mp_ws/install/biy1_ros360_cpp:/home/bilal/ros2_ws/install/velodyne_simulation:/home/bilal/ros2_ws/install/velodyne_control_msgs:/home/bilal/ros2_ws/install/track_envs:/home/bilal/ros2_ws/install/ros360_moveit:/home/bilal/ros2_ws/install/biy1_ros360_cpp:/home/bilal/trail_tracer/install/web_gui:/home/bilal/trail_tracer/install/nav2_simple_commander:/home/bilal/learn_ros2_ws/install/web_gui:/home/bilal/learn_ros2_ws/install/nav2_simple_commander:/home/bilal/ros2_ws/install/web_gui:/home/bilal/ros2_ws/install/opencv_tools:/home/bilal/ros2_ws/install/biy1_ros360_py:/opt/ros/humble LD_LIBRARY_PATH=/home/bilal/trail_tracer/install/nav2_util/lib:/home/bilal/trail_tracer/install/nav2_msgs/lib:/home/bilal/trail_tracer/install/nav2_smoother/lib:/home/bilal/trail_tracer/install/nav2_graceful_controller/lib:/home/bilal/trail_tracer/install/nav2_controller/lib:/home/bilal/trail_tracer/install/dwb_plugins/lib:/home/bilal/trail_tracer/install/dwb_critics/lib:/home/bilal/trail_tracer/install/dwb_core/lib:/home/bilal/trail_tracer/install/nav_2d_utils/lib:/home/bilal/trail_tracer/install/dwb_msgs/lib:/home/bilal/trail_tracer/install/nav_2d_msgs/lib:/home/bilal/trail_tracer/install/nav2_waypoint_follower/lib:/home/bilal/trail_tracer/install/nav2_theta_star_planner/lib:/home/bilal/trail_tracer/install/nav2_smac_planner/lib:/home/bilal/trail_tracer/install/nav2_rotation_shim_controller/lib:/home/bilal/trail_tracer/install/nav2_regulated_pure_pursuit_controller/lib:/home/bilal/trail_tracer/install/nav2_planner/lib:/home/bilal/trail_tracer/install/nav2_navfn_planner/lib:/home/bilal/trail_tracer/install/nav2_mppi_controller/lib:/home/bilal/trail_tracer/install/nav2_constrained_smoother/lib:/home/bilal/trail_tracer/install/nav2_bt_navigator/lib:/home/bilal/trail_tracer/install/nav2_behaviors/lib:/home/bilal/trail_tracer/install/nav2_collision_monitor/lib:/home/bilal/trail_tracer/install/costmap_queue/lib:/home/bilal/trail_tracer/install/nav2_costmap_2d/lib:/home/bilal/trail_tracer/install/nav2_voxel_grid/lib:/home/bilal/trail_tracer/install/nav2_velocity_smoother/lib:/home/bilal/trail_tracer/install/nav2_rviz_plugins/lib:/home/bilal/trail_tracer/install/nav2_map_server/lib:/home/bilal/trail_tracer/install/nav2_lifecycle_manager/lib:/home/bilal/trail_tracer/install/nav2_behavior_tree/lib:/home/bilal/trail_tracer/install/nav2_amcl/lib:/home/bilal/trail_tracer/install/gazebo_ros_skid_steer_drive_6w/lib:/home/bilal/trail_tracer/install/gazebo_ros_ackermann_drive_4wd/lib:/home/bilal/learn_ros2_ws/install/nav2_smoother/lib:/home/bilal/learn_ros2_ws/install/nav2_graceful_controller/lib:/home/bilal/learn_ros2_ws/install/nav2_controller/lib:/home/bilal/learn_ros2_ws/install/dwb_plugins/lib:/home/bilal/learn_ros2_ws/install/dwb_critics/lib:/home/bilal/learn_ros2_ws/install/dwb_core/lib:/home/bilal/learn_ros2_ws/install/nav_2d_utils/lib:/home/bilal/learn_ros2_ws/install/dwb_msgs/lib:/home/bilal/learn_ros2_ws/install/nav_2d_msgs/lib:/home/bilal/learn_ros2_ws/install/nav2_waypoint_follower/lib:/home/bilal/learn_ros2_ws/install/nav2_theta_star_planner/lib:/home/bilal/learn_ros2_ws/install/nav2_smac_planner/lib:/home/bilal/learn_ros2_ws/install/nav2_rotation_shim_controller/lib:/home/bilal/learn_ros2_ws/install/nav2_regulated_pure_pursuit_controller/lib:/home/bilal/learn_ros2_ws/install/nav2_planner/lib:/home/bilal/learn_ros2_ws/install/nav2_navfn_planner/lib:/home/bilal/learn_ros2_ws/install/nav2_mppi_controller/lib:/home/bilal/learn_ros2_ws/install/nav2_constrained_smoother/lib:/home/bilal/learn_ros2_ws/install/nav2_bt_navigator/lib:/home/bilal/learn_ros2_ws/install/nav2_behaviors/lib:/home/bilal/learn_ros2_ws/install/nav2_collision_monitor/lib:/home/bilal/learn_ros2_ws/install/costmap_queue/lib:/home/bilal/learn_ros2_ws/install/nav2_costmap_2d/lib:/home/bilal/learn_ros2_ws/install/nav2_voxel_grid/lib:/home/bilal/learn_ros2_ws/install/nav2_velocity_smoother/lib:/home/bilal/learn_ros2_ws/install/nav2_rviz_plugins/lib:/home/bilal/learn_ros2_ws/install/nav2_map_server/lib:/home/bilal/learn_ros2_ws/install/nav2_lifecycle_manager/lib:/home/bilal/learn_ros2_ws/install/nav2_behavior_tree/lib:/home/bilal/learn_ros2_ws/install/nav2_amcl/lib:/home/bilal/learn_ros2_ws/install/nav2_util/lib:/home/bilal/learn_ros2_ws/install/nav2_msgs/lib:/home/bilal/learn_ros2_ws/install/gazebo_ros_skid_steer_drive_6w/lib:/home/bilal/learn_ros2_ws/install/gazebo_ros_ackermann_drive_4wd/lib:/home/bilal/ros2_ws/install/velodyne_simulation/lib:/home/bilal/ros2_ws/install/velodyne_control_msgs/lib:/usr/lib/x86_64-linux-gnu/gazebo-11/plugins:/opt/ros/humble/opt/rviz_ogre_vendor/lib:/opt/ros/humble/lib/x86_64-linux-gnu:/opt/ros/humble/lib:/usr/share/gazebo/../../lib/x86_64-linux-gnu/gazebo-11/plugins:/usr/share/gazebo/../../lib/x86_64-linux-gnu/gazebo-11/plugins:/usr/share/gazebo/../../lib/x86_64-linux-gnu/gazebo-11/plugins /usr/bin/cmake --build /home/bilal/trail_tracer/build/nav2_behavior_tree -- -j12 -l12
[0.311s] [  1%] Built target nav2_controller_cancel_bt_node
[0.325s] [  2%] Built target nav2_compute_path_to_pose_action_bt_node
[0.333s] [  3%] Built target nav2_spin_cancel_bt_node
[0.345s] [  4%] Built target nav2_compute_path_through_poses_action_bt_node
[0.347s] [  5%] Built target nav2_behavior_tree
[0.348s] [  6%] Built target nav2_smooth_path_action_bt_node
[0.349s] [  7%] Built target nav2_assisted_teleop_cancel_bt_node
[0.349s] [  8%] Built target nav2_back_up_cancel_bt_node
[0.353s] [  9%] Built target nav2_wait_cancel_bt_node
[0.384s] [ 10%] Built target nav2_drive_on_heading_cancel_bt_node
[0.452s] [ 11%] Built target nav2_follow_path_action_bt_node
[0.470s] [ 12%] Built target nav2_back_up_action_bt_node
[0.511s] [ 13%] Built target nav2_wait_action_bt_node
[0.541s] [ 14%] Built target nav2_spin_action_bt_node
[0.551s] [ 15%] Built target nav2_clear_costmap_service_bt_node
[0.560s] [ 16%] Built target nav2_assisted_teleop_action_bt_node
[0.564s] [ 17%] Built target nav2_drive_on_heading_bt_node
[0.593s] [ 18%] Built target nav2_is_stuck_condition_bt_node
[0.600s] [ 19%] Built target nav2_transform_available_condition_bt_node
[0.618s] [ 20%] Built target nav2_goal_reached_condition_bt_node
[0.663s] [ 21%] Built target nav2_distance_traveled_condition_bt_node
[0.668s] [ 22%] Built target nav2_goal_updated_condition_bt_node
[0.672s] [ 23%] Built target nav2_is_path_valid_condition_bt_node
[0.681s] [ 24%] Built target nav2_globally_updated_goal_condition_bt_node
[0.695s] [ 25%] Built target nav2_is_battery_charging_condition_bt_node
[0.708s] [ 26%] Built target nav2_time_expired_condition_bt_node
[0.708s] [ 27%] Built target nav2_initial_pose_received_condition_bt_node
[0.708s] [ 28%] Built target nav2_path_expiring_timer_condition
[0.725s] [ 29%] Built target nav2_is_battery_low_condition_bt_node
[0.745s] [ 30%] Built target nav2_reinitialize_global_localization_service_bt_node
[0.780s] [ 31%] Built target nav2_rate_controller_bt_node
[0.783s] [ 32%] Built target nav2_distance_controller_bt_node
[0.794s] [ 33%] Built target nav2_truncate_path_action_bt_node
[0.823s] [ 34%] Built target nav2_goal_updater_node_bt_node
[0.825s] [ 35%] Built target nav2_path_longer_on_approach_bt_node
[0.827s] [ 36%] Built target nav2_recovery_node_bt_node
[0.828s] [ 38%] Built target nav2_truncate_path_local_action_bt_node
[0.828s] [ 38%] Built target nav2_speed_controller_bt_node
[0.847s] [ 39%] Built target nav2_navigate_through_poses_action_bt_node
[0.848s] [ 40%] Built target nav2_navigate_to_pose_action_bt_node
[0.927s] [ 41%] Built target nav2_remove_passed_goals_action_bt_node
[0.933s] [ 42%] Built target nav2_round_robin_node_bt_node
[0.933s] [ 43%] Built target nav2_pipeline_sequence_bt_node
[0.947s] [ 44%] Built target nav2_planner_selector_bt_node
[0.947s] [ 45%] Built target nav2_single_trigger_bt_node
[0.954s] [ 46%] Built target nav2_smoother_selector_bt_node
[0.956s] [ 47%] Built target nav2_controller_selector_bt_node
[0.957s] [ 48%] Built target gtest
[0.959s] [ 49%] Built target nav2_goal_checker_selector_bt_node
[0.959s] [ 48%] Built target gtest_main
[0.975s] [ 50%] Built target nav2_goal_updated_controller_bt_node
[1.034s] [ 51%] Built target test_bt_conversions
[1.063s] [ 52%] Built target test_condition_distance_traveled
[1.075s] [ 53%] Built target test_condition_time_expired
[1.081s] [ 54%] Built target test_condition_path_expiring_timer
[1.084s] [ 55%] Built target test_condition_goal_updated
[1.084s] [ 56%] Built target test_condition_initial_pose_received
[1.090s] [ 57%] Built target test_condition_transform_available
[1.097s] [ 58%] Built target test_condition_is_stuck
[1.100s] [ 59%] Built target test_condition_goal_reached
[1.102s] [ 60%] Built target test_condition_globally_updated_goal
[1.112s] [ 61%] Built target test_condition_is_battery_charging
[1.123s] [ 62%] Built target test_condition_is_battery_low
[1.177s] [ 63%] Built target test_condition_is_path_valid
[1.208s] [ 64%] Built target test_decorator_distance_controller
[1.208s] [ 65%] Built target test_decorator_rate_controller
[1.214s] [ 66%] Built target test_decorator_speed_controller
[1.214s] [ 68%] Built target test_control_recovery_node
[1.214s] [ 68%] Built target test_goal_updater_node
[1.216s] [ 69%] Built target test_goal_updated_controller
[1.219s] [ 70%] Built target test_decorator_path_longer_on_approach
[1.220s] [ 71%] Built target test_single_trigger_node
[1.236s] [ 72%] Built target test_bt_action_node
[1.237s] [ 73%] Built target test_control_round_robin_node
[1.241s] [ 74%] Built target test_control_pipeline_sequence
[1.314s] [ 75%] Built target test_action_drive_on_heading
[1.315s] [ 76%] Built target test_action_spin_action
[1.315s] [ 77%] Built target test_action_assisted_teleop_action
[1.316s] [ 78%] Built target test_action_back_up_action
[1.326s] [ 79%] Built target test_action_wait_cancel_action
[1.329s] [ 80%] Built target test_action_controller_cancel_action
[1.332s] [ 81%] Built target test_action_spin_cancel_action
[1.334s] [ 82%] Built target test_action_wait_action
[1.336s] [ 83%] Built target test_action_back_up_cancel_action
[1.338s] [ 84%] Built target test_action_assisted_teleop_cancel_action
[1.339s] [ 85%] Built target test_action_clear_costmap_service
[1.343s] [ 86%] Built target test_action_drive_on_heading_cancel_action
[1.439s] [ 87%] Built target test_action_compute_path_to_pose_action
[1.440s] [ 88%] Built target test_action_reinitialize_global_localization_service
[1.440s] [ 89%] Built target test_action_follow_path_action
[1.440s] [ 90%] Built target test_action_navigate_to_pose_action
[1.442s] [ 91%] Built target test_truncate_path_action
[1.447s] [ 92%] Built target test_action_compute_path_through_poses_action
[1.448s] [ 93%] Built target test_action_smooth_path_action
[1.452s] [ 94%] Built target test_remove_passed_goals_action
[1.459s] [ 95%] Built target test_action_navigate_through_poses_action
[1.460s] [ 96%] Built target test_truncate_path_local_action
[1.461s] [ 97%] Built target test_planner_selector_node
[1.466s] [ 98%] Built target test_controller_selector_node
[1.504s] [ 99%] Built target test_smoother_selector_node
[1.509s] [100%] Built target test_goal_checker_selector_node
[1.534s] Invoked command in '/home/bilal/trail_tracer/build/nav2_behavior_tree' returned '0': CMAKE_PREFIX_PATH=/home/bilal/trail_tracer/install/nav2_util:/home/bilal/trail_tracer/install/nav2_msgs:/home/bilal/trail_tracer/install/nav2_common:/home/bilal/trail_tracer/install/traethlin_description:/home/bilal/trail_tracer/install/nav2_system_tests:/home/bilal/trail_tracer/install/nav2_bringup:/home/bilal/trail_tracer/install/navigation2:/home/bilal/trail_tracer/install/nav2_smoother:/home/bilal/trail_tracer/install/nav2_graceful_controller:/home/bilal/trail_tracer/install/nav2_dwb_controller:/home/bilal/trail_tracer/install/nav2_controller:/home/bilal/trail_tracer/install/dwb_plugins:/home/bilal/trail_tracer/install/dwb_critics:/home/bilal/trail_tracer/install/dwb_core:/home/bilal/trail_tracer/install/nav_2d_utils:/home/bilal/trail_tracer/install/dwb_msgs:/home/bilal/trail_tracer/install/nav_2d_msgs:/home/bilal/trail_tracer/install/nav2_waypoint_follower:/home/bilal/trail_tracer/install/nav2_theta_star_planner:/home/bilal/trail_tracer/install/nav2_smac_planner:/home/bilal/trail_tracer/install/nav2_rotation_shim_controller:/home/bilal/trail_tracer/install/nav2_regulated_pure_pursuit_controller:/home/bilal/trail_tracer/install/nav2_planner:/home/bilal/trail_tracer/install/nav2_navfn_planner:/home/bilal/trail_tracer/install/nav2_mppi_controller:/home/bilal/trail_tracer/install/nav2_constrained_smoother:/home/bilal/trail_tracer/install/nav2_bt_navigator:/home/bilal/trail_tracer/install/nav2_behaviors:/home/bilal/trail_tracer/install/nav2_core:/home/bilal/trail_tracer/install/nav2_collision_monitor:/home/bilal/trail_tracer/install/costmap_queue:/home/bilal/trail_tracer/install/nav2_costmap_2d:/home/bilal/trail_tracer/install/nav2_voxel_grid:/home/bilal/trail_tracer/install/nav2_velocity_smoother:/home/bilal/trail_tracer/install/nav2_rviz_plugins:/home/bilal/trail_tracer/install/nav2_map_server:/home/bilal/trail_tracer/install/nav2_lifecycle_manager:/home/bilal/trail_tracer/install/nav2_behavior_tree:/home/bilal/trail_tracer/install/nav2_amcl:/home/bilal/trail_tracer/install/gps_to_utm_converter_cpp:/home/bilal/trail_tracer/install/argo_sim:/home/bilal/trail_tracer/install/gazebo_ros_skid_steer_drive_6w:/home/bilal/trail_tracer/install/gazebo_ros_ackermann_drive_4wd:/home/bilal/trail_tracer/install/biy1_ros360_cpp:/home/bilal/trail_tracer/install/argo_nav:/home/bilal/learn_ros2_ws/install/traethlin_description:/home/bilal/learn_ros2_ws/install/nav2_system_tests:/home/bilal/learn_ros2_ws/install/nav2_bringup:/home/bilal/learn_ros2_ws/install/navigation2:/home/bilal/learn_ros2_ws/install/nav2_smoother:/home/bilal/learn_ros2_ws/install/nav2_graceful_controller:/home/bilal/learn_ros2_ws/install/nav2_dwb_controller:/home/bilal/learn_ros2_ws/install/nav2_controller:/home/bilal/learn_ros2_ws/install/dwb_plugins:/home/bilal/learn_ros2_ws/install/dwb_critics:/home/bilal/learn_ros2_ws/install/dwb_core:/home/bilal/learn_ros2_ws/install/nav_2d_utils:/home/bilal/learn_ros2_ws/install/dwb_msgs:/home/bilal/learn_ros2_ws/install/nav_2d_msgs:/home/bilal/learn_ros2_ws/install/nav2_waypoint_follower:/home/bilal/learn_ros2_ws/install/nav2_theta_star_planner:/home/bilal/learn_ros2_ws/install/nav2_smac_planner:/home/bilal/learn_ros2_ws/install/nav2_rotation_shim_controller:/home/bilal/learn_ros2_ws/install/nav2_regulated_pure_pursuit_controller:/home/bilal/learn_ros2_ws/install/nav2_planner:/home/bilal/learn_ros2_ws/install/nav2_navfn_planner:/home/bilal/learn_ros2_ws/install/nav2_mppi_controller:/home/bilal/learn_ros2_ws/install/nav2_constrained_smoother:/home/bilal/learn_ros2_ws/install/nav2_bt_navigator:/home/bilal/learn_ros2_ws/install/nav2_behaviors:/home/bilal/learn_ros2_ws/install/nav2_core:/home/bilal/learn_ros2_ws/install/nav2_collision_monitor:/home/bilal/learn_ros2_ws/install/costmap_queue:/home/bilal/learn_ros2_ws/install/nav2_costmap_2d:/home/bilal/learn_ros2_ws/install/nav2_voxel_grid:/home/bilal/learn_ros2_ws/install/nav2_velocity_smoother:/home/bilal/learn_ros2_ws/install/nav2_rviz_plugins:/home/bilal/learn_ros2_ws/install/nav2_map_server:/home/bilal/learn_ros2_ws/install/nav2_lifecycle_manager:/home/bilal/learn_ros2_ws/install/nav2_behavior_tree:/home/bilal/learn_ros2_ws/install/nav2_amcl:/home/bilal/learn_ros2_ws/install/nav2_util:/home/bilal/learn_ros2_ws/install/nav2_msgs:/home/bilal/learn_ros2_ws/install/nav2_common:/home/bilal/learn_ros2_ws/install/gps_to_utm_converter_cpp:/home/bilal/learn_ros2_ws/install/argo_sim:/home/bilal/learn_ros2_ws/install/gazebo_ros_skid_steer_drive_6w:/home/bilal/learn_ros2_ws/install/gazebo_ros_ackermann_drive_4wd:/home/bilal/learn_ros2_ws/install/biy1_ros360_cpp:/home/bilal/learn_ros2_ws/install/articubot_one:/home/bilal/mp/mp_ws/install/biy1_ros360_cpp:/home/bilal/ros2_ws/install/velodyne_simulation:/home/bilal/ros2_ws/install/velodyne_control_msgs:/home/bilal/ros2_ws/install/track_envs:/home/bilal/ros2_ws/install/ros360_moveit:/home/bilal/ros2_ws/install/biy1_ros360_cpp:/home/bilal/trail_tracer/install/web_gui:/home/bilal/trail_tracer/install/nav2_simple_commander:/home/bilal/learn_ros2_ws/install/web_gui:/home/bilal/learn_ros2_ws/install/nav2_simple_commander:/home/bilal/ros2_ws/install/web_gui:/home/bilal/ros2_ws/install/opencv_tools:/home/bilal/ros2_ws/install/biy1_ros360_py:/opt/ros/humble LD_LIBRARY_PATH=/home/bilal/trail_tracer/install/nav2_util/lib:/home/bilal/trail_tracer/install/nav2_msgs/lib:/home/bilal/trail_tracer/install/nav2_smoother/lib:/home/bilal/trail_tracer/install/nav2_graceful_controller/lib:/home/bilal/trail_tracer/install/nav2_controller/lib:/home/bilal/trail_tracer/install/dwb_plugins/lib:/home/bilal/trail_tracer/install/dwb_critics/lib:/home/bilal/trail_tracer/install/dwb_core/lib:/home/bilal/trail_tracer/install/nav_2d_utils/lib:/home/bilal/trail_tracer/install/dwb_msgs/lib:/home/bilal/trail_tracer/install/nav_2d_msgs/lib:/home/bilal/trail_tracer/install/nav2_waypoint_follower/lib:/home/bilal/trail_tracer/install/nav2_theta_star_planner/lib:/home/bilal/trail_tracer/install/nav2_smac_planner/lib:/home/bilal/trail_tracer/install/nav2_rotation_shim_controller/lib:/home/bilal/trail_tracer/install/nav2_regulated_pure_pursuit_controller/lib:/home/bilal/trail_tracer/install/nav2_planner/lib:/home/bilal/trail_tracer/install/nav2_navfn_planner/lib:/home/bilal/trail_tracer/install/nav2_mppi_controller/lib:/home/bilal/trail_tracer/install/nav2_constrained_smoother/lib:/home/bilal/trail_tracer/install/nav2_bt_navigator/lib:/home/bilal/trail_tracer/install/nav2_behaviors/lib:/home/bilal/trail_tracer/install/nav2_collision_monitor/lib:/home/bilal/trail_tracer/install/costmap_queue/lib:/home/bilal/trail_tracer/install/nav2_costmap_2d/lib:/home/bilal/trail_tracer/install/nav2_voxel_grid/lib:/home/bilal/trail_tracer/install/nav2_velocity_smoother/lib:/home/bilal/trail_tracer/install/nav2_rviz_plugins/lib:/home/bilal/trail_tracer/install/nav2_map_server/lib:/home/bilal/trail_tracer/install/nav2_lifecycle_manager/lib:/home/bilal/trail_tracer/install/nav2_behavior_tree/lib:/home/bilal/trail_tracer/install/nav2_amcl/lib:/home/bilal/trail_tracer/install/gazebo_ros_skid_steer_drive_6w/lib:/home/bilal/trail_tracer/install/gazebo_ros_ackermann_drive_4wd/lib:/home/bilal/learn_ros2_ws/install/nav2_smoother/lib:/home/bilal/learn_ros2_ws/install/nav2_graceful_controller/lib:/home/bilal/learn_ros2_ws/install/nav2_controller/lib:/home/bilal/learn_ros2_ws/install/dwb_plugins/lib:/home/bilal/learn_ros2_ws/install/dwb_critics/lib:/home/bilal/learn_ros2_ws/install/dwb_core/lib:/home/bilal/learn_ros2_ws/install/nav_2d_utils/lib:/home/bilal/learn_ros2_ws/install/dwb_msgs/lib:/home/bilal/learn_ros2_ws/install/nav_2d_msgs/lib:/home/bilal/learn_ros2_ws/install/nav2_waypoint_follower/lib:/home/bilal/learn_ros2_ws/install/nav2_theta_star_planner/lib:/home/bilal/learn_ros2_ws/install/nav2_smac_planner/lib:/home/bilal/learn_ros2_ws/install/nav2_rotation_shim_controller/lib:/home/bilal/learn_ros2_ws/install/nav2_regulated_pure_pursuit_controller/lib:/home/bilal/learn_ros2_ws/install/nav2_planner/lib:/home/bilal/learn_ros2_ws/install/nav2_navfn_planner/lib:/home/bilal/learn_ros2_ws/install/nav2_mppi_controller/lib:/home/bilal/learn_ros2_ws/install/nav2_constrained_smoother/lib:/home/bilal/learn_ros2_ws/install/nav2_bt_navigator/lib:/home/bilal/learn_ros2_ws/install/nav2_behaviors/lib:/home/bilal/learn_ros2_ws/install/nav2_collision_monitor/lib:/home/bilal/learn_ros2_ws/install/costmap_queue/lib:/home/bilal/learn_ros2_ws/install/nav2_costmap_2d/lib:/home/bilal/learn_ros2_ws/install/nav2_voxel_grid/lib:/home/bilal/learn_ros2_ws/install/nav2_velocity_smoother/lib:/home/bilal/learn_ros2_ws/install/nav2_rviz_plugins/lib:/home/bilal/learn_ros2_ws/install/nav2_map_server/lib:/home/bilal/learn_ros2_ws/install/nav2_lifecycle_manager/lib:/home/bilal/learn_ros2_ws/install/nav2_behavior_tree/lib:/home/bilal/learn_ros2_ws/install/nav2_amcl/lib:/home/bilal/learn_ros2_ws/install/nav2_util/lib:/home/bilal/learn_ros2_ws/install/nav2_msgs/lib:/home/bilal/learn_ros2_ws/install/gazebo_ros_skid_steer_drive_6w/lib:/home/bilal/learn_ros2_ws/install/gazebo_ros_ackermann_drive_4wd/lib:/home/bilal/ros2_ws/install/velodyne_simulation/lib:/home/bilal/ros2_ws/install/velodyne_control_msgs/lib:/usr/lib/x86_64-linux-gnu/gazebo-11/plugins:/opt/ros/humble/opt/rviz_ogre_vendor/lib:/opt/ros/humble/lib/x86_64-linux-gnu:/opt/ros/humble/lib:/usr/share/gazebo/../../lib/x86_64-linux-gnu/gazebo-11/plugins:/usr/share/gazebo/../../lib/x86_64-linux-gnu/gazebo-11/plugins:/usr/share/gazebo/../../lib/x86_64-linux-gnu/gazebo-11/plugins /usr/bin/cmake --build /home/bilal/trail_tracer/build/nav2_behavior_tree -- -j12 -l12
[2.412s] Invoking command in '/home/bilal/trail_tracer/build/nav2_behavior_tree': CMAKE_PREFIX_PATH=/home/bilal/trail_tracer/install/nav2_util:/home/bilal/trail_tracer/install/nav2_msgs:/home/bilal/trail_tracer/install/nav2_common:/home/bilal/trail_tracer/install/traethlin_description:/home/bilal/trail_tracer/install/nav2_system_tests:/home/bilal/trail_tracer/install/nav2_bringup:/home/bilal/trail_tracer/install/navigation2:/home/bilal/trail_tracer/install/nav2_smoother:/home/bilal/trail_tracer/install/nav2_graceful_controller:/home/bilal/trail_tracer/install/nav2_dwb_controller:/home/bilal/trail_tracer/install/nav2_controller:/home/bilal/trail_tracer/install/dwb_plugins:/home/bilal/trail_tracer/install/dwb_critics:/home/bilal/trail_tracer/install/dwb_core:/home/bilal/trail_tracer/install/nav_2d_utils:/home/bilal/trail_tracer/install/dwb_msgs:/home/bilal/trail_tracer/install/nav_2d_msgs:/home/bilal/trail_tracer/install/nav2_waypoint_follower:/home/bilal/trail_tracer/install/nav2_theta_star_planner:/home/bilal/trail_tracer/install/nav2_smac_planner:/home/bilal/trail_tracer/install/nav2_rotation_shim_controller:/home/bilal/trail_tracer/install/nav2_regulated_pure_pursuit_controller:/home/bilal/trail_tracer/install/nav2_planner:/home/bilal/trail_tracer/install/nav2_navfn_planner:/home/bilal/trail_tracer/install/nav2_mppi_controller:/home/bilal/trail_tracer/install/nav2_constrained_smoother:/home/bilal/trail_tracer/install/nav2_bt_navigator:/home/bilal/trail_tracer/install/nav2_behaviors:/home/bilal/trail_tracer/install/nav2_core:/home/bilal/trail_tracer/install/nav2_collision_monitor:/home/bilal/trail_tracer/install/costmap_queue:/home/bilal/trail_tracer/install/nav2_costmap_2d:/home/bilal/trail_tracer/install/nav2_voxel_grid:/home/bilal/trail_tracer/install/nav2_velocity_smoother:/home/bilal/trail_tracer/install/nav2_rviz_plugins:/home/bilal/trail_tracer/install/nav2_map_server:/home/bilal/trail_tracer/install/nav2_lifecycle_manager:/home/bilal/trail_tracer/install/nav2_behavior_tree:/home/bilal/trail_tracer/install/nav2_amcl:/home/bilal/trail_tracer/install/gps_to_utm_converter_cpp:/home/bilal/trail_tracer/install/argo_sim:/home/bilal/trail_tracer/install/gazebo_ros_skid_steer_drive_6w:/home/bilal/trail_tracer/install/gazebo_ros_ackermann_drive_4wd:/home/bilal/trail_tracer/install/biy1_ros360_cpp:/home/bilal/trail_tracer/install/argo_nav:/home/bilal/learn_ros2_ws/install/traethlin_description:/home/bilal/learn_ros2_ws/install/nav2_system_tests:/home/bilal/learn_ros2_ws/install/nav2_bringup:/home/bilal/learn_ros2_ws/install/navigation2:/home/bilal/learn_ros2_ws/install/nav2_smoother:/home/bilal/learn_ros2_ws/install/nav2_graceful_controller:/home/bilal/learn_ros2_ws/install/nav2_dwb_controller:/home/bilal/learn_ros2_ws/install/nav2_controller:/home/bilal/learn_ros2_ws/install/dwb_plugins:/home/bilal/learn_ros2_ws/install/dwb_critics:/home/bilal/learn_ros2_ws/install/dwb_core:/home/bilal/learn_ros2_ws/install/nav_2d_utils:/home/bilal/learn_ros2_ws/install/dwb_msgs:/home/bilal/learn_ros2_ws/install/nav_2d_msgs:/home/bilal/learn_ros2_ws/install/nav2_waypoint_follower:/home/bilal/learn_ros2_ws/install/nav2_theta_star_planner:/home/bilal/learn_ros2_ws/install/nav2_smac_planner:/home/bilal/learn_ros2_ws/install/nav2_rotation_shim_controller:/home/bilal/learn_ros2_ws/install/nav2_regulated_pure_pursuit_controller:/home/bilal/learn_ros2_ws/install/nav2_planner:/home/bilal/learn_ros2_ws/install/nav2_navfn_planner:/home/bilal/learn_ros2_ws/install/nav2_mppi_controller:/home/bilal/learn_ros2_ws/install/nav2_constrained_smoother:/home/bilal/learn_ros2_ws/install/nav2_bt_navigator:/home/bilal/learn_ros2_ws/install/nav2_behaviors:/home/bilal/learn_ros2_ws/install/nav2_core:/home/bilal/learn_ros2_ws/install/nav2_collision_monitor:/home/bilal/learn_ros2_ws/install/costmap_queue:/home/bilal/learn_ros2_ws/install/nav2_costmap_2d:/home/bilal/learn_ros2_ws/install/nav2_voxel_grid:/home/bilal/learn_ros2_ws/install/nav2_velocity_smoother:/home/bilal/learn_ros2_ws/install/nav2_rviz_plugins:/home/bilal/learn_ros2_ws/install/nav2_map_server:/home/bilal/learn_ros2_ws/install/nav2_lifecycle_manager:/home/bilal/learn_ros2_ws/install/nav2_behavior_tree:/home/bilal/learn_ros2_ws/install/nav2_amcl:/home/bilal/learn_ros2_ws/install/nav2_util:/home/bilal/learn_ros2_ws/install/nav2_msgs:/home/bilal/learn_ros2_ws/install/nav2_common:/home/bilal/learn_ros2_ws/install/gps_to_utm_converter_cpp:/home/bilal/learn_ros2_ws/install/argo_sim:/home/bilal/learn_ros2_ws/install/gazebo_ros_skid_steer_drive_6w:/home/bilal/learn_ros2_ws/install/gazebo_ros_ackermann_drive_4wd:/home/bilal/learn_ros2_ws/install/biy1_ros360_cpp:/home/bilal/learn_ros2_ws/install/articubot_one:/home/bilal/mp/mp_ws/install/biy1_ros360_cpp:/home/bilal/ros2_ws/install/velodyne_simulation:/home/bilal/ros2_ws/install/velodyne_control_msgs:/home/bilal/ros2_ws/install/track_envs:/home/bilal/ros2_ws/install/ros360_moveit:/home/bilal/ros2_ws/install/biy1_ros360_cpp:/home/bilal/trail_tracer/install/web_gui:/home/bilal/trail_tracer/install/nav2_simple_commander:/home/bilal/learn_ros2_ws/install/web_gui:/home/bilal/learn_ros2_ws/install/nav2_simple_commander:/home/bilal/ros2_ws/install/web_gui:/home/bilal/ros2_ws/install/opencv_tools:/home/bilal/ros2_ws/install/biy1_ros360_py:/opt/ros/humble LD_LIBRARY_PATH=/home/bilal/trail_tracer/install/nav2_util/lib:/home/bilal/trail_tracer/install/nav2_msgs/lib:/home/bilal/trail_tracer/install/nav2_smoother/lib:/home/bilal/trail_tracer/install/nav2_graceful_controller/lib:/home/bilal/trail_tracer/install/nav2_controller/lib:/home/bilal/trail_tracer/install/dwb_plugins/lib:/home/bilal/trail_tracer/install/dwb_critics/lib:/home/bilal/trail_tracer/install/dwb_core/lib:/home/bilal/trail_tracer/install/nav_2d_utils/lib:/home/bilal/trail_tracer/install/dwb_msgs/lib:/home/bilal/trail_tracer/install/nav_2d_msgs/lib:/home/bilal/trail_tracer/install/nav2_waypoint_follower/lib:/home/bilal/trail_tracer/install/nav2_theta_star_planner/lib:/home/bilal/trail_tracer/install/nav2_smac_planner/lib:/home/bilal/trail_tracer/install/nav2_rotation_shim_controller/lib:/home/bilal/trail_tracer/install/nav2_regulated_pure_pursuit_controller/lib:/home/bilal/trail_tracer/install/nav2_planner/lib:/home/bilal/trail_tracer/install/nav2_navfn_planner/lib:/home/bilal/trail_tracer/install/nav2_mppi_controller/lib:/home/bilal/trail_tracer/install/nav2_constrained_smoother/lib:/home/bilal/trail_tracer/install/nav2_bt_navigator/lib:/home/bilal/trail_tracer/install/nav2_behaviors/lib:/home/bilal/trail_tracer/install/nav2_collision_monitor/lib:/home/bilal/trail_tracer/install/costmap_queue/lib:/home/bilal/trail_tracer/install/nav2_costmap_2d/lib:/home/bilal/trail_tracer/install/nav2_voxel_grid/lib:/home/bilal/trail_tracer/install/nav2_velocity_smoother/lib:/home/bilal/trail_tracer/install/nav2_rviz_plugins/lib:/home/bilal/trail_tracer/install/nav2_map_server/lib:/home/bilal/trail_tracer/install/nav2_lifecycle_manager/lib:/home/bilal/trail_tracer/install/nav2_behavior_tree/lib:/home/bilal/trail_tracer/install/nav2_amcl/lib:/home/bilal/trail_tracer/install/gazebo_ros_skid_steer_drive_6w/lib:/home/bilal/trail_tracer/install/gazebo_ros_ackermann_drive_4wd/lib:/home/bilal/learn_ros2_ws/install/nav2_smoother/lib:/home/bilal/learn_ros2_ws/install/nav2_graceful_controller/lib:/home/bilal/learn_ros2_ws/install/nav2_controller/lib:/home/bilal/learn_ros2_ws/install/dwb_plugins/lib:/home/bilal/learn_ros2_ws/install/dwb_critics/lib:/home/bilal/learn_ros2_ws/install/dwb_core/lib:/home/bilal/learn_ros2_ws/install/nav_2d_utils/lib:/home/bilal/learn_ros2_ws/install/dwb_msgs/lib:/home/bilal/learn_ros2_ws/install/nav_2d_msgs/lib:/home/bilal/learn_ros2_ws/install/nav2_waypoint_follower/lib:/home/bilal/learn_ros2_ws/install/nav2_theta_star_planner/lib:/home/bilal/learn_ros2_ws/install/nav2_smac_planner/lib:/home/bilal/learn_ros2_ws/install/nav2_rotation_shim_controller/lib:/home/bilal/learn_ros2_ws/install/nav2_regulated_pure_pursuit_controller/lib:/home/bilal/learn_ros2_ws/install/nav2_planner/lib:/home/bilal/learn_ros2_ws/install/nav2_navfn_planner/lib:/home/bilal/learn_ros2_ws/install/nav2_mppi_controller/lib:/home/bilal/learn_ros2_ws/install/nav2_constrained_smoother/lib:/home/bilal/learn_ros2_ws/install/nav2_bt_navigator/lib:/home/bilal/learn_ros2_ws/install/nav2_behaviors/lib:/home/bilal/learn_ros2_ws/install/nav2_collision_monitor/lib:/home/bilal/learn_ros2_ws/install/costmap_queue/lib:/home/bilal/learn_ros2_ws/install/nav2_costmap_2d/lib:/home/bilal/learn_ros2_ws/install/nav2_voxel_grid/lib:/home/bilal/learn_ros2_ws/install/nav2_velocity_smoother/lib:/home/bilal/learn_ros2_ws/install/nav2_rviz_plugins/lib:/home/bilal/learn_ros2_ws/install/nav2_map_server/lib:/home/bilal/learn_ros2_ws/install/nav2_lifecycle_manager/lib:/home/bilal/learn_ros2_ws/install/nav2_behavior_tree/lib:/home/bilal/learn_ros2_ws/install/nav2_amcl/lib:/home/bilal/learn_ros2_ws/install/nav2_util/lib:/home/bilal/learn_ros2_ws/install/nav2_msgs/lib:/home/bilal/learn_ros2_ws/install/gazebo_ros_skid_steer_drive_6w/lib:/home/bilal/learn_ros2_ws/install/gazebo_ros_ackermann_drive_4wd/lib:/home/bilal/ros2_ws/install/velodyne_simulation/lib:/home/bilal/ros2_ws/install/velodyne_control_msgs/lib:/usr/lib/x86_64-linux-gnu/gazebo-11/plugins:/opt/ros/humble/opt/rviz_ogre_vendor/lib:/opt/ros/humble/lib/x86_64-linux-gnu:/opt/ros/humble/lib:/usr/share/gazebo/../../lib/x86_64-linux-gnu/gazebo-11/plugins:/usr/share/gazebo/../../lib/x86_64-linux-gnu/gazebo-11/plugins:/usr/share/gazebo/../../lib/x86_64-linux-gnu/gazebo-11/plugins /usr/bin/cmake --install /home/bilal/trail_tracer/build/nav2_behavior_tree
[2.427s] -- Install configuration: "Release"
[2.427s] -- Up-to-date: /home/bilal/trail_tracer/install/nav2_behavior_tree/lib/libnav2_behavior_tree.so
[2.428s] -- Up-to-date: /home/bilal/trail_tracer/install/nav2_behavior_tree/lib/libnav2_compute_path_to_pose_action_bt_node.so
[2.428s] -- Up-to-date: /home/bilal/trail_tracer/install/nav2_behavior_tree/lib/libnav2_compute_path_through_poses_action_bt_node.so
[2.428s] -- Up-to-date: /home/bilal/trail_tracer/install/nav2_behavior_tree/lib/libnav2_controller_cancel_bt_node.so
[2.429s] -- Up-to-date: /home/bilal/trail_tracer/install/nav2_behavior_tree/lib/libnav2_wait_cancel_bt_node.so
[2.429s] -- Up-to-date: /home/bilal/trail_tracer/install/nav2_behavior_tree/lib/libnav2_spin_cancel_bt_node.so
[2.429s] -- Up-to-date: /home/bilal/trail_tracer/install/nav2_behavior_tree/lib/libnav2_back_up_cancel_bt_node.so
[2.429s] -- Up-to-date: /home/bilal/trail_tracer/install/nav2_behavior_tree/lib/libnav2_assisted_teleop_cancel_bt_node.so
[2.430s] -- Up-to-date: /home/bilal/trail_tracer/install/nav2_behavior_tree/lib/libnav2_drive_on_heading_cancel_bt_node.so
[2.430s] -- Up-to-date: /home/bilal/trail_tracer/install/nav2_behavior_tree/lib/libnav2_smooth_path_action_bt_node.so
[2.430s] -- Up-to-date: /home/bilal/trail_tracer/install/nav2_behavior_tree/lib/libnav2_follow_path_action_bt_node.so
[2.430s] -- Up-to-date: /home/bilal/trail_tracer/install/nav2_behavior_tree/lib/libnav2_back_up_action_bt_node.so
[2.431s] -- Up-to-date: /home/bilal/trail_tracer/install/nav2_behavior_tree/lib/libnav2_drive_on_heading_bt_node.so
[2.431s] -- Up-to-date: /home/bilal/trail_tracer/install/nav2_behavior_tree/lib/libnav2_spin_action_bt_node.so
[2.431s] -- Up-to-date: /home/bilal/trail_tracer/install/nav2_behavior_tree/lib/libnav2_wait_action_bt_node.so
[2.431s] -- Up-to-date: /home/bilal/trail_tracer/install/nav2_behavior_tree/lib/libnav2_assisted_teleop_action_bt_node.so
[2.431s] -- Up-to-date: /home/bilal/trail_tracer/install/nav2_behavior_tree/lib/libnav2_clear_costmap_service_bt_node.so
[2.432s] -- Up-to-date: /home/bilal/trail_tracer/install/nav2_behavior_tree/lib/libnav2_is_stuck_condition_bt_node.so
[2.432s] -- Up-to-date: /home/bilal/trail_tracer/install/nav2_behavior_tree/lib/libnav2_transform_available_condition_bt_node.so
[2.432s] -- Up-to-date: /home/bilal/trail_tracer/install/nav2_behavior_tree/lib/libnav2_goal_reached_condition_bt_node.so
[2.432s] -- Up-to-date: /home/bilal/trail_tracer/install/nav2_behavior_tree/lib/libnav2_globally_updated_goal_condition_bt_node.so
[2.432s] -- Up-to-date: /home/bilal/trail_tracer/install/nav2_behavior_tree/lib/libnav2_goal_updated_condition_bt_node.so
[2.433s] -- Up-to-date: /home/bilal/trail_tracer/install/nav2_behavior_tree/lib/libnav2_is_path_valid_condition_bt_node.so
[2.433s] -- Up-to-date: /home/bilal/trail_tracer/install/nav2_behavior_tree/lib/libnav2_time_expired_condition_bt_node.so
[2.433s] -- Up-to-date: /home/bilal/trail_tracer/install/nav2_behavior_tree/lib/libnav2_path_expiring_timer_condition.so
[2.433s] -- Up-to-date: /home/bilal/trail_tracer/install/nav2_behavior_tree/lib/libnav2_distance_traveled_condition_bt_node.so
[2.434s] -- Up-to-date: /home/bilal/trail_tracer/install/nav2_behavior_tree/lib/libnav2_initial_pose_received_condition_bt_node.so
[2.434s] -- Up-to-date: /home/bilal/trail_tracer/install/nav2_behavior_tree/lib/libnav2_is_battery_charging_condition_bt_node.so
[2.434s] -- Up-to-date: /home/bilal/trail_tracer/install/nav2_behavior_tree/lib/libnav2_is_battery_low_condition_bt_node.so
[2.434s] -- Up-to-date: /home/bilal/trail_tracer/install/nav2_behavior_tree/lib/libnav2_reinitialize_global_localization_service_bt_node.so
[2.435s] -- Up-to-date: /home/bilal/trail_tracer/install/nav2_behavior_tree/lib/libnav2_rate_controller_bt_node.so
[2.435s] -- Up-to-date: /home/bilal/trail_tracer/install/nav2_behavior_tree/lib/libnav2_distance_controller_bt_node.so
[2.435s] -- Up-to-date: /home/bilal/trail_tracer/install/nav2_behavior_tree/lib/libnav2_speed_controller_bt_node.so
[2.435s] -- Up-to-date: /home/bilal/trail_tracer/install/nav2_behavior_tree/lib/libnav2_truncate_path_action_bt_node.so
[2.435s] -- Up-to-date: /home/bilal/trail_tracer/install/nav2_behavior_tree/lib/libnav2_truncate_path_local_action_bt_node.so
[2.436s] -- Up-to-date: /home/bilal/trail_tracer/install/nav2_behavior_tree/lib/libnav2_goal_updater_node_bt_node.so
[2.436s] -- Up-to-date: /home/bilal/trail_tracer/install/nav2_behavior_tree/lib/libnav2_path_longer_on_approach_bt_node.so
[2.436s] -- Up-to-date: /home/bilal/trail_tracer/install/nav2_behavior_tree/lib/libnav2_recovery_node_bt_node.so
[2.436s] -- Up-to-date: /home/bilal/trail_tracer/install/nav2_behavior_tree/lib/libnav2_navigate_to_pose_action_bt_node.so
[2.436s] -- Up-to-date: /home/bilal/trail_tracer/install/nav2_behavior_tree/lib/libnav2_navigate_through_poses_action_bt_node.so
[2.437s] -- Up-to-date: /home/bilal/trail_tracer/install/nav2_behavior_tree/lib/libnav2_remove_passed_goals_action_bt_node.so
[2.437s] -- Up-to-date: /home/bilal/trail_tracer/install/nav2_behavior_tree/lib/libnav2_pipeline_sequence_bt_node.so
[2.437s] -- Up-to-date: /home/bilal/trail_tracer/install/nav2_behavior_tree/lib/libnav2_round_robin_node_bt_node.so
[2.438s] -- Up-to-date: /home/bilal/trail_tracer/install/nav2_behavior_tree/lib/libnav2_single_trigger_bt_node.so
[2.438s] -- Up-to-date: /home/bilal/trail_tracer/install/nav2_behavior_tree/lib/libnav2_planner_selector_bt_node.so
[2.438s] -- Up-to-date: /home/bilal/trail_tracer/install/nav2_behavior_tree/lib/libnav2_controller_selector_bt_node.so
[2.438s] -- Up-to-date: /home/bilal/trail_tracer/install/nav2_behavior_tree/lib/libnav2_smoother_selector_bt_node.so
[2.438s] -- Up-to-date: /home/bilal/trail_tracer/install/nav2_behavior_tree/lib/libnav2_goal_checker_selector_bt_node.so
[2.438s] -- Up-to-date: /home/bilal/trail_tracer/install/nav2_behavior_tree/lib/libnav2_goal_updated_controller_bt_node.so
[2.439s] -- Up-to-date: /home/bilal/trail_tracer/install/nav2_behavior_tree/include/
[2.439s] -- Up-to-date: /home/bilal/trail_tracer/install/nav2_behavior_tree/include//nav2_behavior_tree
[2.439s] -- Up-to-date: /home/bilal/trail_tracer/install/nav2_behavior_tree/include//nav2_behavior_tree/bt_action_server_impl.hpp
[2.439s] -- Up-to-date: /home/bilal/trail_tracer/install/nav2_behavior_tree/include//nav2_behavior_tree/bt_conversions.hpp
[2.439s] -- Up-to-date: /home/bilal/trail_tracer/install/nav2_behavior_tree/include//nav2_behavior_tree/bt_service_node.hpp
[2.439s] -- Up-to-date: /home/bilal/trail_tracer/install/nav2_behavior_tree/include//nav2_behavior_tree/bt_action_node.hpp
[2.439s] -- Up-to-date: /home/bilal/trail_tracer/install/nav2_behavior_tree/include//nav2_behavior_tree/ros_topic_logger.hpp
[2.439s] -- Up-to-date: /home/bilal/trail_tracer/install/nav2_behavior_tree/include//nav2_behavior_tree/bt_cancel_action_node.hpp
[2.439s] -- Up-to-date: /home/bilal/trail_tracer/install/nav2_behavior_tree/include//nav2_behavior_tree/bt_action_server.hpp
[2.439s] -- Up-to-date: /home/bilal/trail_tracer/install/nav2_behavior_tree/include//nav2_behavior_tree/behavior_tree_engine.hpp
[2.439s] -- Up-to-date: /home/bilal/trail_tracer/install/nav2_behavior_tree/include//nav2_behavior_tree/plugins
[2.439s] -- Up-to-date: /home/bilal/trail_tracer/install/nav2_behavior_tree/include//nav2_behavior_tree/plugins/action
[2.439s] -- Up-to-date: /home/bilal/trail_tracer/install/nav2_behavior_tree/include//nav2_behavior_tree/plugins/action/smoother_selector_node.hpp
[2.439s] -- Up-to-date: /home/bilal/trail_tracer/install/nav2_behavior_tree/include//nav2_behavior_tree/plugins/action/controller_cancel_node.hpp
[2.439s] -- Up-to-date: /home/bilal/trail_tracer/install/nav2_behavior_tree/include//nav2_behavior_tree/plugins/action/planner_selector_node.hpp
[2.440s] -- Up-to-date: /home/bilal/trail_tracer/install/nav2_behavior_tree/include//nav2_behavior_tree/plugins/action/spin_cancel_node.hpp
[2.440s] -- Up-to-date: /home/bilal/trail_tracer/install/nav2_behavior_tree/include//nav2_behavior_tree/plugins/action/remove_passed_goals_action.hpp
[2.440s] -- Up-to-date: /home/bilal/trail_tracer/install/nav2_behavior_tree/include//nav2_behavior_tree/plugins/action/back_up_action.hpp
[2.440s] -- Up-to-date: /home/bilal/trail_tracer/install/nav2_behavior_tree/include//nav2_behavior_tree/plugins/action/controller_selector_node.hpp
[2.440s] -- Up-to-date: /home/bilal/trail_tracer/install/nav2_behavior_tree/include//nav2_behavior_tree/plugins/action/assisted_teleop_action.hpp
[2.440s] -- Up-to-date: /home/bilal/trail_tracer/install/nav2_behavior_tree/include//nav2_behavior_tree/plugins/action/compute_path_to_pose_action.hpp
[2.440s] -- Up-to-date: /home/bilal/trail_tracer/install/nav2_behavior_tree/include//nav2_behavior_tree/plugins/action/smooth_path_action.hpp
[2.440s] -- Up-to-date: /home/bilal/trail_tracer/install/nav2_behavior_tree/include//nav2_behavior_tree/plugins/action/compute_path_through_poses_action.hpp
[2.440s] -- Up-to-date: /home/bilal/trail_tracer/install/nav2_behavior_tree/include//nav2_behavior_tree/plugins/action/follow_path_action.hpp
[2.440s] -- Up-to-date: /home/bilal/trail_tracer/install/nav2_behavior_tree/include//nav2_behavior_tree/plugins/action/wait_cancel_node.hpp
[2.440s] -- Up-to-date: /home/bilal/trail_tracer/install/nav2_behavior_tree/include//nav2_behavior_tree/plugins/action/truncate_path_local_action.hpp
[2.440s] -- Up-to-date: /home/bilal/trail_tracer/install/nav2_behavior_tree/include//nav2_behavior_tree/plugins/action/reinitialize_global_localization_service.hpp
[2.440s] -- Up-to-date: /home/bilal/trail_tracer/install/nav2_behavior_tree/include//nav2_behavior_tree/plugins/action/goal_checker_selector_node.hpp
[2.440s] -- Up-to-date: /home/bilal/trail_tracer/install/nav2_behavior_tree/include//nav2_behavior_tree/plugins/action/navigate_to_pose_action.hpp
[2.441s] -- Up-to-date: /home/bilal/trail_tracer/install/nav2_behavior_tree/include//nav2_behavior_tree/plugins/action/truncate_path_action.hpp
[2.441s] -- Up-to-date: /home/bilal/trail_tracer/install/nav2_behavior_tree/include//nav2_behavior_tree/plugins/action/back_up_cancel_node.hpp
[2.441s] -- Up-to-date: /home/bilal/trail_tracer/install/nav2_behavior_tree/include//nav2_behavior_tree/plugins/action/navigate_through_poses_action.hpp
[2.441s] -- Up-to-date: /home/bilal/trail_tracer/install/nav2_behavior_tree/include//nav2_behavior_tree/plugins/action/drive_on_heading_cancel_node.hpp
[2.441s] -- Up-to-date: /home/bilal/trail_tracer/install/nav2_behavior_tree/include//nav2_behavior_tree/plugins/action/spin_action.hpp
[2.441s] -- Up-to-date: /home/bilal/trail_tracer/install/nav2_behavior_tree/include//nav2_behavior_tree/plugins/action/clear_costmap_service.hpp
[2.441s] -- Up-to-date: /home/bilal/trail_tracer/install/nav2_behavior_tree/include//nav2_behavior_tree/plugins/action/assisted_teleop_cancel_node.hpp
[2.441s] -- Up-to-date: /home/bilal/trail_tracer/install/nav2_behavior_tree/include//nav2_behavior_tree/plugins/action/drive_on_heading_action.hpp
[2.441s] -- Up-to-date: /home/bilal/trail_tracer/install/nav2_behavior_tree/include//nav2_behavior_tree/plugins/action/wait_action.hpp
[2.441s] -- Up-to-date: /home/bilal/trail_tracer/install/nav2_behavior_tree/include//nav2_behavior_tree/plugins/control
[2.442s] -- Up-to-date: /home/bilal/trail_tracer/install/nav2_behavior_tree/include//nav2_behavior_tree/plugins/control/recovery_node.hpp
[2.442s] -- Up-to-date: /home/bilal/trail_tracer/install/nav2_behavior_tree/include//nav2_behavior_tree/plugins/control/round_robin_node.hpp
[2.442s] -- Up-to-date: /home/bilal/trail_tracer/install/nav2_behavior_tree/include//nav2_behavior_tree/plugins/control/pipeline_sequence.hpp
[2.442s] -- Up-to-date: /home/bilal/trail_tracer/install/nav2_behavior_tree/include//nav2_behavior_tree/plugins/decorator
[2.442s] -- Up-to-date: /home/bilal/trail_tracer/install/nav2_behavior_tree/include//nav2_behavior_tree/plugins/decorator/path_longer_on_approach.hpp
[2.442s] -- Up-to-date: /home/bilal/trail_tracer/install/nav2_behavior_tree/include//nav2_behavior_tree/plugins/decorator/rate_controller.hpp
[2.442s] -- Up-to-date: /home/bilal/trail_tracer/install/nav2_behavior_tree/include//nav2_behavior_tree/plugins/decorator/goal_updater_node.hpp
[2.442s] -- Up-to-date: /home/bilal/trail_tracer/install/nav2_behavior_tree/include//nav2_behavior_tree/plugins/decorator/goal_updated_controller.hpp
[2.442s] -- Up-to-date: /home/bilal/trail_tracer/install/nav2_behavior_tree/include//nav2_behavior_tree/plugins/decorator/single_trigger_node.hpp
[2.442s] -- Up-to-date: /home/bilal/trail_tracer/install/nav2_behavior_tree/include//nav2_behavior_tree/plugins/decorator/speed_controller.hpp
[2.442s] -- Up-to-date: /home/bilal/trail_tracer/install/nav2_behavior_tree/include//nav2_behavior_tree/plugins/decorator/distance_controller.hpp
[2.442s] -- Up-to-date: /home/bilal/trail_tracer/install/nav2_behavior_tree/include//nav2_behavior_tree/plugins/condition
[2.442s] -- Up-to-date: /home/bilal/trail_tracer/install/nav2_behavior_tree/include//nav2_behavior_tree/plugins/condition/distance_traveled_condition.hpp
[2.442s] -- Up-to-date: /home/bilal/trail_tracer/install/nav2_behavior_tree/include//nav2_behavior_tree/plugins/condition/time_expired_condition.hpp
[2.443s] -- Up-to-date: /home/bilal/trail_tracer/install/nav2_behavior_tree/include//nav2_behavior_tree/plugins/condition/is_stuck_condition.hpp
[2.443s] -- Up-to-date: /home/bilal/trail_tracer/install/nav2_behavior_tree/include//nav2_behavior_tree/plugins/condition/is_battery_low_condition.hpp
[2.443s] -- Up-to-date: /home/bilal/trail_tracer/install/nav2_behavior_tree/include//nav2_behavior_tree/plugins/condition/is_battery_charging_condition.hpp
[2.443s] -- Up-to-date: /home/bilal/trail_tracer/install/nav2_behavior_tree/include//nav2_behavior_tree/plugins/condition/goal_updated_condition.hpp
[2.443s] -- Up-to-date: /home/bilal/trail_tracer/install/nav2_behavior_tree/include//nav2_behavior_tree/plugins/condition/initial_pose_received_condition.hpp
[2.443s] -- Up-to-date: /home/bilal/trail_tracer/install/nav2_behavior_tree/include//nav2_behavior_tree/plugins/condition/goal_reached_condition.hpp
[2.443s] -- Up-to-date: /home/bilal/trail_tracer/install/nav2_behavior_tree/include//nav2_behavior_tree/plugins/condition/globally_updated_goal_condition.hpp
[2.443s] -- Up-to-date: /home/bilal/trail_tracer/install/nav2_behavior_tree/include//nav2_behavior_tree/plugins/condition/transform_available_condition.hpp
[2.443s] -- Up-to-date: /home/bilal/trail_tracer/install/nav2_behavior_tree/include//nav2_behavior_tree/plugins/condition/path_expiring_timer_condition.hpp
[2.443s] -- Up-to-date: /home/bilal/trail_tracer/install/nav2_behavior_tree/include//nav2_behavior_tree/plugins/condition/is_path_valid_condition.hpp
[2.443s] -- Up-to-date: /home/bilal/trail_tracer/install/nav2_behavior_tree/share/nav2_behavior_tree/nav2_tree_nodes.xml
[2.443s] -- Up-to-date: /home/bilal/trail_tracer/install/nav2_behavior_tree/share/nav2_behavior_tree/environment/library_path.sh
[2.443s] -- Up-to-date: /home/bilal/trail_tracer/install/nav2_behavior_tree/share/nav2_behavior_tree/environment/library_path.dsv
[2.443s] -- Up-to-date: /home/bilal/trail_tracer/install/nav2_behavior_tree/share/ament_index/resource_index/package_run_dependencies/nav2_behavior_tree
[2.444s] -- Up-to-date: /home/bilal/trail_tracer/install/nav2_behavior_tree/share/ament_index/resource_index/parent_prefix_path/nav2_behavior_tree
[2.444s] -- Up-to-date: /home/bilal/trail_tracer/install/nav2_behavior_tree/share/nav2_behavior_tree/environment/ament_prefix_path.sh
[2.444s] -- Up-to-date: /home/bilal/trail_tracer/install/nav2_behavior_tree/share/nav2_behavior_tree/environment/ament_prefix_path.dsv
[2.444s] -- Up-to-date: /home/bilal/trail_tracer/install/nav2_behavior_tree/share/nav2_behavior_tree/environment/path.sh
[2.444s] -- Up-to-date: /home/bilal/trail_tracer/install/nav2_behavior_tree/share/nav2_behavior_tree/environment/path.dsv
[2.444s] -- Up-to-date: /home/bilal/trail_tracer/install/nav2_behavior_tree/share/nav2_behavior_tree/local_setup.bash
[2.444s] -- Up-to-date: /home/bilal/trail_tracer/install/nav2_behavior_tree/share/nav2_behavior_tree/local_setup.sh
[2.445s] -- Up-to-date: /home/bilal/trail_tracer/install/nav2_behavior_tree/share/nav2_behavior_tree/local_setup.zsh
[2.445s] -- Up-to-date: /home/bilal/trail_tracer/install/nav2_behavior_tree/share/nav2_behavior_tree/local_setup.dsv
[2.445s] -- Installing: /home/bilal/trail_tracer/install/nav2_behavior_tree/share/nav2_behavior_tree/package.dsv
[2.445s] -- Up-to-date: /home/bilal/trail_tracer/install/nav2_behavior_tree/share/ament_index/resource_index/packages/nav2_behavior_tree
[2.446s] -- Up-to-date: /home/bilal/trail_tracer/install/nav2_behavior_tree/share/nav2_behavior_tree/cmake/ament_cmake_export_include_directories-extras.cmake
[2.446s] -- Up-to-date: /home/bilal/trail_tracer/install/nav2_behavior_tree/share/nav2_behavior_tree/cmake/ament_cmake_export_libraries-extras.cmake
[2.446s] -- Up-to-date: /home/bilal/trail_tracer/install/nav2_behavior_tree/share/nav2_behavior_tree/cmake/ament_cmake_export_dependencies-extras.cmake
[2.446s] -- Up-to-date: /home/bilal/trail_tracer/install/nav2_behavior_tree/share/nav2_behavior_tree/cmake/nav2_behavior_treeConfig.cmake
[2.446s] -- Up-to-date: /home/bilal/trail_tracer/install/nav2_behavior_tree/share/nav2_behavior_tree/cmake/nav2_behavior_treeConfig-version.cmake
[2.446s] -- Up-to-date: /home/bilal/trail_tracer/install/nav2_behavior_tree/share/nav2_behavior_tree/package.xml
[2.446s] Invoked command in '/home/bilal/trail_tracer/build/nav2_behavior_tree' returned '0': CMAKE_PREFIX_PATH=/home/bilal/trail_tracer/install/nav2_util:/home/bilal/trail_tracer/install/nav2_msgs:/home/bilal/trail_tracer/install/nav2_common:/home/bilal/trail_tracer/install/traethlin_description:/home/bilal/trail_tracer/install/nav2_system_tests:/home/bilal/trail_tracer/install/nav2_bringup:/home/bilal/trail_tracer/install/navigation2:/home/bilal/trail_tracer/install/nav2_smoother:/home/bilal/trail_tracer/install/nav2_graceful_controller:/home/bilal/trail_tracer/install/nav2_dwb_controller:/home/bilal/trail_tracer/install/nav2_controller:/home/bilal/trail_tracer/install/dwb_plugins:/home/bilal/trail_tracer/install/dwb_critics:/home/bilal/trail_tracer/install/dwb_core:/home/bilal/trail_tracer/install/nav_2d_utils:/home/bilal/trail_tracer/install/dwb_msgs:/home/bilal/trail_tracer/install/nav_2d_msgs:/home/bilal/trail_tracer/install/nav2_waypoint_follower:/home/bilal/trail_tracer/install/nav2_theta_star_planner:/home/bilal/trail_tracer/install/nav2_smac_planner:/home/bilal/trail_tracer/install/nav2_rotation_shim_controller:/home/bilal/trail_tracer/install/nav2_regulated_pure_pursuit_controller:/home/bilal/trail_tracer/install/nav2_planner:/home/bilal/trail_tracer/install/nav2_navfn_planner:/home/bilal/trail_tracer/install/nav2_mppi_controller:/home/bilal/trail_tracer/install/nav2_constrained_smoother:/home/bilal/trail_tracer/install/nav2_bt_navigator:/home/bilal/trail_tracer/install/nav2_behaviors:/home/bilal/trail_tracer/install/nav2_core:/home/bilal/trail_tracer/install/nav2_collision_monitor:/home/bilal/trail_tracer/install/costmap_queue:/home/bilal/trail_tracer/install/nav2_costmap_2d:/home/bilal/trail_tracer/install/nav2_voxel_grid:/home/bilal/trail_tracer/install/nav2_velocity_smoother:/home/bilal/trail_tracer/install/nav2_rviz_plugins:/home/bilal/trail_tracer/install/nav2_map_server:/home/bilal/trail_tracer/install/nav2_lifecycle_manager:/home/bilal/trail_tracer/install/nav2_behavior_tree:/home/bilal/trail_tracer/install/nav2_amcl:/home/bilal/trail_tracer/install/gps_to_utm_converter_cpp:/home/bilal/trail_tracer/install/argo_sim:/home/bilal/trail_tracer/install/gazebo_ros_skid_steer_drive_6w:/home/bilal/trail_tracer/install/gazebo_ros_ackermann_drive_4wd:/home/bilal/trail_tracer/install/biy1_ros360_cpp:/home/bilal/trail_tracer/install/argo_nav:/home/bilal/learn_ros2_ws/install/traethlin_description:/home/bilal/learn_ros2_ws/install/nav2_system_tests:/home/bilal/learn_ros2_ws/install/nav2_bringup:/home/bilal/learn_ros2_ws/install/navigation2:/home/bilal/learn_ros2_ws/install/nav2_smoother:/home/bilal/learn_ros2_ws/install/nav2_graceful_controller:/home/bilal/learn_ros2_ws/install/nav2_dwb_controller:/home/bilal/learn_ros2_ws/install/nav2_controller:/home/bilal/learn_ros2_ws/install/dwb_plugins:/home/bilal/learn_ros2_ws/install/dwb_critics:/home/bilal/learn_ros2_ws/install/dwb_core:/home/bilal/learn_ros2_ws/install/nav_2d_utils:/home/bilal/learn_ros2_ws/install/dwb_msgs:/home/bilal/learn_ros2_ws/install/nav_2d_msgs:/home/bilal/learn_ros2_ws/install/nav2_waypoint_follower:/home/bilal/learn_ros2_ws/install/nav2_theta_star_planner:/home/bilal/learn_ros2_ws/install/nav2_smac_planner:/home/bilal/learn_ros2_ws/install/nav2_rotation_shim_controller:/home/bilal/learn_ros2_ws/install/nav2_regulated_pure_pursuit_controller:/home/bilal/learn_ros2_ws/install/nav2_planner:/home/bilal/learn_ros2_ws/install/nav2_navfn_planner:/home/bilal/learn_ros2_ws/install/nav2_mppi_controller:/home/bilal/learn_ros2_ws/install/nav2_constrained_smoother:/home/bilal/learn_ros2_ws/install/nav2_bt_navigator:/home/bilal/learn_ros2_ws/install/nav2_behaviors:/home/bilal/learn_ros2_ws/install/nav2_core:/home/bilal/learn_ros2_ws/install/nav2_collision_monitor:/home/bilal/learn_ros2_ws/install/costmap_queue:/home/bilal/learn_ros2_ws/install/nav2_costmap_2d:/home/bilal/learn_ros2_ws/install/nav2_voxel_grid:/home/bilal/learn_ros2_ws/install/nav2_velocity_smoother:/home/bilal/learn_ros2_ws/install/nav2_rviz_plugins:/home/bilal/learn_ros2_ws/install/nav2_map_server:/home/bilal/learn_ros2_ws/install/nav2_lifecycle_manager:/home/bilal/learn_ros2_ws/install/nav2_behavior_tree:/home/bilal/learn_ros2_ws/install/nav2_amcl:/home/bilal/learn_ros2_ws/install/nav2_util:/home/bilal/learn_ros2_ws/install/nav2_msgs:/home/bilal/learn_ros2_ws/install/nav2_common:/home/bilal/learn_ros2_ws/install/gps_to_utm_converter_cpp:/home/bilal/learn_ros2_ws/install/argo_sim:/home/bilal/learn_ros2_ws/install/gazebo_ros_skid_steer_drive_6w:/home/bilal/learn_ros2_ws/install/gazebo_ros_ackermann_drive_4wd:/home/bilal/learn_ros2_ws/install/biy1_ros360_cpp:/home/bilal/learn_ros2_ws/install/articubot_one:/home/bilal/mp/mp_ws/install/biy1_ros360_cpp:/home/bilal/ros2_ws/install/velodyne_simulation:/home/bilal/ros2_ws/install/velodyne_control_msgs:/home/bilal/ros2_ws/install/track_envs:/home/bilal/ros2_ws/install/ros360_moveit:/home/bilal/ros2_ws/install/biy1_ros360_cpp:/home/bilal/trail_tracer/install/web_gui:/home/bilal/trail_tracer/install/nav2_simple_commander:/home/bilal/learn_ros2_ws/install/web_gui:/home/bilal/learn_ros2_ws/install/nav2_simple_commander:/home/bilal/ros2_ws/install/web_gui:/home/bilal/ros2_ws/install/opencv_tools:/home/bilal/ros2_ws/install/biy1_ros360_py:/opt/ros/humble LD_LIBRARY_PATH=/home/bilal/trail_tracer/install/nav2_util/lib:/home/bilal/trail_tracer/install/nav2_msgs/lib:/home/bilal/trail_tracer/install/nav2_smoother/lib:/home/bilal/trail_tracer/install/nav2_graceful_controller/lib:/home/bilal/trail_tracer/install/nav2_controller/lib:/home/bilal/trail_tracer/install/dwb_plugins/lib:/home/bilal/trail_tracer/install/dwb_critics/lib:/home/bilal/trail_tracer/install/dwb_core/lib:/home/bilal/trail_tracer/install/nav_2d_utils/lib:/home/bilal/trail_tracer/install/dwb_msgs/lib:/home/bilal/trail_tracer/install/nav_2d_msgs/lib:/home/bilal/trail_tracer/install/nav2_waypoint_follower/lib:/home/bilal/trail_tracer/install/nav2_theta_star_planner/lib:/home/bilal/trail_tracer/install/nav2_smac_planner/lib:/home/bilal/trail_tracer/install/nav2_rotation_shim_controller/lib:/home/bilal/trail_tracer/install/nav2_regulated_pure_pursuit_controller/lib:/home/bilal/trail_tracer/install/nav2_planner/lib:/home/bilal/trail_tracer/install/nav2_navfn_planner/lib:/home/bilal/trail_tracer/install/nav2_mppi_controller/lib:/home/bilal/trail_tracer/install/nav2_constrained_smoother/lib:/home/bilal/trail_tracer/install/nav2_bt_navigator/lib:/home/bilal/trail_tracer/install/nav2_behaviors/lib:/home/bilal/trail_tracer/install/nav2_collision_monitor/lib:/home/bilal/trail_tracer/install/costmap_queue/lib:/home/bilal/trail_tracer/install/nav2_costmap_2d/lib:/home/bilal/trail_tracer/install/nav2_voxel_grid/lib:/home/bilal/trail_tracer/install/nav2_velocity_smoother/lib:/home/bilal/trail_tracer/install/nav2_rviz_plugins/lib:/home/bilal/trail_tracer/install/nav2_map_server/lib:/home/bilal/trail_tracer/install/nav2_lifecycle_manager/lib:/home/bilal/trail_tracer/install/nav2_behavior_tree/lib:/home/bilal/trail_tracer/install/nav2_amcl/lib:/home/bilal/trail_tracer/install/gazebo_ros_skid_steer_drive_6w/lib:/home/bilal/trail_tracer/install/gazebo_ros_ackermann_drive_4wd/lib:/home/bilal/learn_ros2_ws/install/nav2_smoother/lib:/home/bilal/learn_ros2_ws/install/nav2_graceful_controller/lib:/home/bilal/learn_ros2_ws/install/nav2_controller/lib:/home/bilal/learn_ros2_ws/install/dwb_plugins/lib:/home/bilal/learn_ros2_ws/install/dwb_critics/lib:/home/bilal/learn_ros2_ws/install/dwb_core/lib:/home/bilal/learn_ros2_ws/install/nav_2d_utils/lib:/home/bilal/learn_ros2_ws/install/dwb_msgs/lib:/home/bilal/learn_ros2_ws/install/nav_2d_msgs/lib:/home/bilal/learn_ros2_ws/install/nav2_waypoint_follower/lib:/home/bilal/learn_ros2_ws/install/nav2_theta_star_planner/lib:/home/bilal/learn_ros2_ws/install/nav2_smac_planner/lib:/home/bilal/learn_ros2_ws/install/nav2_rotation_shim_controller/lib:/home/bilal/learn_ros2_ws/install/nav2_regulated_pure_pursuit_controller/lib:/home/bilal/learn_ros2_ws/install/nav2_planner/lib:/home/bilal/learn_ros2_ws/install/nav2_navfn_planner/lib:/home/bilal/learn_ros2_ws/install/nav2_mppi_controller/lib:/home/bilal/learn_ros2_ws/install/nav2_constrained_smoother/lib:/home/bilal/learn_ros2_ws/install/nav2_bt_navigator/lib:/home/bilal/learn_ros2_ws/install/nav2_behaviors/lib:/home/bilal/learn_ros2_ws/install/nav2_collision_monitor/lib:/home/bilal/learn_ros2_ws/install/costmap_queue/lib:/home/bilal/learn_ros2_ws/install/nav2_costmap_2d/lib:/home/bilal/learn_ros2_ws/install/nav2_voxel_grid/lib:/home/bilal/learn_ros2_ws/install/nav2_velocity_smoother/lib:/home/bilal/learn_ros2_ws/install/nav2_rviz_plugins/lib:/home/bilal/learn_ros2_ws/install/nav2_map_server/lib:/home/bilal/learn_ros2_ws/install/nav2_lifecycle_manager/lib:/home/bilal/learn_ros2_ws/install/nav2_behavior_tree/lib:/home/bilal/learn_ros2_ws/install/nav2_amcl/lib:/home/bilal/learn_ros2_ws/install/nav2_util/lib:/home/bilal/learn_ros2_ws/install/nav2_msgs/lib:/home/bilal/learn_ros2_ws/install/gazebo_ros_skid_steer_drive_6w/lib:/home/bilal/learn_ros2_ws/install/gazebo_ros_ackermann_drive_4wd/lib:/home/bilal/ros2_ws/install/velodyne_simulation/lib:/home/bilal/ros2_ws/install/velodyne_control_msgs/lib:/usr/lib/x86_64-linux-gnu/gazebo-11/plugins:/opt/ros/humble/opt/rviz_ogre_vendor/lib:/opt/ros/humble/lib/x86_64-linux-gnu:/opt/ros/humble/lib:/usr/share/gazebo/../../lib/x86_64-linux-gnu/gazebo-11/plugins:/usr/share/gazebo/../../lib/x86_64-linux-gnu/gazebo-11/plugins:/usr/share/gazebo/../../lib/x86_64-linux-gnu/gazebo-11/plugins /usr/bin/cmake --install /home/bilal/trail_tracer/build/nav2_behavior_tree
