running egg_info
creating ../../build/web_gui/web_gui.egg-info
writing ../../build/web_gui/web_gui.egg-info/PKG-INFO
writing dependency_links to ../../build/web_gui/web_gui.egg-info/dependency_links.txt
writing entry points to ../../build/web_gui/web_gui.egg-info/entry_points.txt
writing requirements to ../../build/web_gui/web_gui.egg-info/requires.txt
writing top-level names to ../../build/web_gui/web_gui.egg-info/top_level.txt
writing manifest file '../../build/web_gui/web_gui.egg-info/SOURCES.txt'
reading manifest file '../../build/web_gui/web_gui.egg-info/SOURCES.txt'
writing manifest file '../../build/web_gui/web_gui.egg-info/SOURCES.txt'
running build
running build_py
creating /home/bilal/trail_tracer/build/web_gui/build
creating /home/bilal/trail_tracer/build/web_gui/build/lib
creating /home/bilal/trail_tracer/build/web_gui/build/lib/web_gui
copying web_gui/__init__.py -> /home/bilal/trail_tracer/build/web_gui/build/lib/web_gui
copying web_gui/ros2_communication.py -> /home/bilal/trail_tracer/build/web_gui/build/lib/web_gui
running install
running install_lib
creating /home/bilal/trail_tracer/install/web_gui/lib/python3.10/site-packages/web_gui
copying /home/bilal/trail_tracer/build/web_gui/build/lib/web_gui/__init__.py -> /home/bilal/trail_tracer/install/web_gui/lib/python3.10/site-packages/web_gui
copying /home/bilal/trail_tracer/build/web_gui/build/lib/web_gui/ros2_communication.py -> /home/bilal/trail_tracer/install/web_gui/lib/python3.10/site-packages/web_gui
byte-compiling /home/bilal/trail_tracer/install/web_gui/lib/python3.10/site-packages/web_gui/__init__.py to __init__.cpython-310.pyc
byte-compiling /home/bilal/trail_tracer/install/web_gui/lib/python3.10/site-packages/web_gui/ros2_communication.py to ros2_communication.cpython-310.pyc
running install_data
creating /home/bilal/trail_tracer/install/web_gui/share/ament_index
creating /home/bilal/trail_tracer/install/web_gui/share/ament_index/resource_index
creating /home/bilal/trail_tracer/install/web_gui/share/ament_index/resource_index/packages
copying resource/web_gui -> /home/bilal/trail_tracer/install/web_gui/share/ament_index/resource_index/packages
copying package.xml -> /home/bilal/trail_tracer/install/web_gui/share/web_gui
running install_egg_info
Copying ../../build/web_gui/web_gui.egg-info to /home/bilal/trail_tracer/install/web_gui/lib/python3.10/site-packages/web_gui-0.0.0-py3.10.egg-info
running install_scripts
Installing ros2_communication script to /home/bilal/trail_tracer/install/web_gui/lib/web_gui
writing list of installed files to '/home/bilal/trail_tracer/build/web_gui/install.log'
