[1.039s] Invoking command in '/home/bilal/trail_tracer/src/web_gui': PYTHONPATH=/home/bilal/trail_tracer/build/web_gui/prefix_override:/home/bilal/trail_tracer/install/web_gui/lib/python3.10/site-packages:${PYTHONPATH} /usr/bin/python3 -W ignore:setup.py install is deprecated setup.py egg_info --egg-base ../../build/web_gui build --build-base /home/bilal/trail_tracer/build/web_gui/build install --record /home/bilal/trail_tracer/build/web_gui/install.log --single-version-externally-managed install_data
[1.298s] running egg_info
[1.298s] creating ../../build/web_gui/web_gui.egg-info
[1.298s] writing ../../build/web_gui/web_gui.egg-info/PKG-INFO
[1.298s] writing dependency_links to ../../build/web_gui/web_gui.egg-info/dependency_links.txt
[1.299s] writing entry points to ../../build/web_gui/web_gui.egg-info/entry_points.txt
[1.299s] writing requirements to ../../build/web_gui/web_gui.egg-info/requires.txt
[1.299s] writing top-level names to ../../build/web_gui/web_gui.egg-info/top_level.txt
[1.301s] writing manifest file '../../build/web_gui/web_gui.egg-info/SOURCES.txt'
[1.302s] reading manifest file '../../build/web_gui/web_gui.egg-info/SOURCES.txt'
[1.302s] writing manifest file '../../build/web_gui/web_gui.egg-info/SOURCES.txt'
[1.302s] running build
[1.302s] running build_py
[1.302s] creating /home/bilal/trail_tracer/build/web_gui/build
[1.302s] creating /home/bilal/trail_tracer/build/web_gui/build/lib
[1.303s] creating /home/bilal/trail_tracer/build/web_gui/build/lib/web_gui
[1.303s] copying web_gui/__init__.py -> /home/bilal/trail_tracer/build/web_gui/build/lib/web_gui
[1.303s] copying web_gui/ros2_communication.py -> /home/bilal/trail_tracer/build/web_gui/build/lib/web_gui
[1.303s] running install
[1.303s] running install_lib
[1.303s] creating /home/bilal/trail_tracer/install/web_gui/lib/python3.10/site-packages/web_gui
[1.303s] copying /home/bilal/trail_tracer/build/web_gui/build/lib/web_gui/__init__.py -> /home/bilal/trail_tracer/install/web_gui/lib/python3.10/site-packages/web_gui
[1.303s] copying /home/bilal/trail_tracer/build/web_gui/build/lib/web_gui/ros2_communication.py -> /home/bilal/trail_tracer/install/web_gui/lib/python3.10/site-packages/web_gui
[1.304s] byte-compiling /home/bilal/trail_tracer/install/web_gui/lib/python3.10/site-packages/web_gui/__init__.py to __init__.cpython-310.pyc
[1.304s] byte-compiling /home/bilal/trail_tracer/install/web_gui/lib/python3.10/site-packages/web_gui/ros2_communication.py to ros2_communication.cpython-310.pyc
[1.305s] running install_data
[1.305s] creating /home/bilal/trail_tracer/install/web_gui/share/ament_index
[1.305s] creating /home/bilal/trail_tracer/install/web_gui/share/ament_index/resource_index
[1.305s] creating /home/bilal/trail_tracer/install/web_gui/share/ament_index/resource_index/packages
[1.305s] copying resource/web_gui -> /home/bilal/trail_tracer/install/web_gui/share/ament_index/resource_index/packages
[1.305s] copying package.xml -> /home/bilal/trail_tracer/install/web_gui/share/web_gui
[1.305s] running install_egg_info
[1.306s] Copying ../../build/web_gui/web_gui.egg-info to /home/bilal/trail_tracer/install/web_gui/lib/python3.10/site-packages/web_gui-0.0.0-py3.10.egg-info
[1.307s] running install_scripts
[1.322s] Installing ros2_communication script to /home/bilal/trail_tracer/install/web_gui/lib/web_gui
[1.322s] writing list of installed files to '/home/bilal/trail_tracer/build/web_gui/install.log'
[1.340s] Invoked command in '/home/bilal/trail_tracer/src/web_gui' returned '0': PYTHONPATH=/home/bilal/trail_tracer/build/web_gui/prefix_override:/home/bilal/trail_tracer/install/web_gui/lib/python3.10/site-packages:${PYTHONPATH} /usr/bin/python3 -W ignore:setup.py install is deprecated setup.py egg_info --egg-base ../../build/web_gui build --build-base /home/bilal/trail_tracer/build/web_gui/build install --record /home/bilal/trail_tracer/build/web_gui/install.log --single-version-externally-managed install_data
