[0.000000] (-) TimerEvent: {}
[0.000341] (-) JobUnselected: {'identifier': 'argo_nav'}
[0.000374] (-) JobUnselected: {'identifier': 'argo_sim'}
[0.000399] (-) JobUnselected: {'identifier': 'gazebo_ros_ackermann_drive_4wd'}
[0.000421] (-) JobUnselected: {'identifier': 'gazebo_ros_skid_steer_drive_6w'}
[0.000470] (-) JobUnselected: {'identifier': 'gps_to_utm_converter_cpp'}
[0.000482] (-) JobUnselected: {'identifier': 'traethlin_description'}
[0.000492] (-) JobUnselected: {'identifier': 'web_gui'}
[0.000503] (trail_tracer) JobQueued: {'identifier': 'trail_tracer', 'dependencies': OrderedDict()}
[0.000515] (trail_tracer) JobStarted: {'identifier': 'trail_tracer'}
[0.014356] (trail_tracer) JobProgress: {'identifier': 'trail_tracer', 'progress': 'cmake'}
[0.014816] (trail_tracer) JobProgress: {'identifier': 'trail_tracer', 'progress': 'build'}
[0.015311] (trail_tracer) Command: {'cmd': ['/usr/bin/cmake', '--build', '/home/bilal/trail_tracer/build/trail_tracer', '--', '-j12', '-l12'], 'cwd': '/home/bilal/trail_tracer/build/trail_tracer', 'env': OrderedDict([('LANGUAGE', 'en_GB:en'), ('USER', 'bilal'), ('XDG_SESSION_TYPE', 'x11'), ('SHLVL', '1'), ('LD_LIBRARY_PATH', '/home/bilal/trail_tracer/install/gazebo_ros_skid_steer_drive_6w/lib:/home/bilal/trail_tracer/install/gazebo_ros_ackermann_drive_4wd/lib:/home/bilal/learn_ros2_ws/install/nav2_smoother/lib:/home/bilal/learn_ros2_ws/install/nav2_graceful_controller/lib:/home/bilal/learn_ros2_ws/install/nav2_controller/lib:/home/bilal/learn_ros2_ws/install/dwb_plugins/lib:/home/bilal/learn_ros2_ws/install/dwb_critics/lib:/home/bilal/learn_ros2_ws/install/dwb_core/lib:/home/bilal/learn_ros2_ws/install/nav_2d_utils/lib:/home/bilal/learn_ros2_ws/install/dwb_msgs/lib:/home/bilal/learn_ros2_ws/install/nav_2d_msgs/lib:/home/bilal/learn_ros2_ws/install/nav2_waypoint_follower/lib:/home/bilal/learn_ros2_ws/install/nav2_theta_star_planner/lib:/home/bilal/learn_ros2_ws/install/nav2_smac_planner/lib:/home/bilal/learn_ros2_ws/install/nav2_rotation_shim_controller/lib:/home/bilal/learn_ros2_ws/install/nav2_regulated_pure_pursuit_controller/lib:/home/bilal/learn_ros2_ws/install/nav2_planner/lib:/home/bilal/learn_ros2_ws/install/nav2_navfn_planner/lib:/home/bilal/learn_ros2_ws/install/nav2_mppi_controller/lib:/home/bilal/learn_ros2_ws/install/nav2_constrained_smoother/lib:/home/bilal/learn_ros2_ws/install/nav2_bt_navigator/lib:/home/bilal/learn_ros2_ws/install/nav2_behaviors/lib:/home/bilal/learn_ros2_ws/install/nav2_collision_monitor/lib:/home/bilal/learn_ros2_ws/install/costmap_queue/lib:/home/bilal/learn_ros2_ws/install/nav2_costmap_2d/lib:/home/bilal/learn_ros2_ws/install/nav2_voxel_grid/lib:/home/bilal/learn_ros2_ws/install/nav2_velocity_smoother/lib:/home/bilal/learn_ros2_ws/install/nav2_rviz_plugins/lib:/home/bilal/learn_ros2_ws/install/nav2_map_server/lib:/home/bilal/learn_ros2_ws/install/nav2_lifecycle_manager/lib:/home/bilal/learn_ros2_ws/install/nav2_behavior_tree/lib:/home/bilal/learn_ros2_ws/install/nav2_amcl/lib:/home/bilal/learn_ros2_ws/install/nav2_util/lib:/home/bilal/learn_ros2_ws/install/nav2_msgs/lib:/home/bilal/learn_ros2_ws/install/gazebo_ros_skid_steer_drive_6w/lib:/home/bilal/learn_ros2_ws/install/gazebo_ros_ackermann_drive_4wd/lib:/home/bilal/ros2_ws/install/velodyne_simulation/lib:/home/bilal/ros2_ws/install/velodyne_control_msgs/lib:/usr/lib/x86_64-linux-gnu/gazebo-11/plugins:/opt/ros/humble/opt/rviz_ogre_vendor/lib:/opt/ros/humble/lib/x86_64-linux-gnu:/opt/ros/humble/lib:/usr/share/gazebo/../../lib/x86_64-linux-gnu/gazebo-11/plugins::/usr/share/gazebo/../../lib/x86_64-linux-gnu/gazebo-11/plugins:/usr/share/gazebo/../../lib/x86_64-linux-gnu/gazebo-11/plugins:'), ('HOME', '/home/bilal'), ('OLDPWD', '/home/bilal/trail_tracer/src'), ('DESKTOP_SESSION', 'ubuntu'), ('GAZEBO_MASTER_URI', 'http://localhost:11345'), ('ROS_PYTHON_VERSION', '3'), ('GNOME_SHELL_SESSION_MODE', 'ubuntu'), ('GTK_MODULES', 'gail:atk-bridge'), ('SYSTEMD_EXEC_PID', '124125'), ('DBUS_SESSION_BUS_ADDRESS', 'unix:path=/run/user/1000/bus'), ('COLORTERM', 'truecolor'), ('_colcon_cd_root', '/opt/ros/humble/'), ('COLCON_PREFIX_PATH', '/home/bilal/trail_tracer/install:/home/bilal/learn_ros2_ws/install:/home/bilal/mp/mp_ws/install:/home/bilal/ros2_ws/install'), ('ROS_DISTRO', 'humble'), ('GTK_IM_MODULE', 'ibus'), ('LOGNAME', 'bilal'), ('_', '/usr/bin/colcon'), ('ROS_VERSION', '2'), ('XDG_SESSION_CLASS', 'user'), ('USERNAME', 'bilal'), ('TERM', 'xterm-256color'), ('GAZEBO_MODEL_PATH', '/home/bilal/trail_tracer/install/argo_sim/share/argo_sim/models:/home/bilal/learn_ros2_ws/install/argo_sim/share/argo_sim/models:/usr/share/gazebo/../../share/gazebo-11/models:/home/bilal/trail_tracer/install/argo_sim/share/argo_sim/models:/home/bilal/learn_ros2_ws/install/argo_sim/share/argo_sim/models:/usr/share/gazebo/../../share/gazebo-11/models::/opt/ros/humble/share/turtlebot3_gazebo/models:/opt/ros/humble/share/turtlebot3_gazebo/models'), ('GNOME_DESKTOP_SESSION_ID', 'this-is-deprecated'), ('ROS_LOCALHOST_ONLY', '1'), ('WINDOWPATH', '2'), ('OGRE_RESOURCE_PATH', '/usr/lib/x86_64-linux-gnu/OGRE-1.9.0'), ('PATH', '/home/bilal/.local/bin:/opt/ros/humble/bin:/usr/local/sbin:/usr/local/bin:/usr/sbin:/usr/bin:/sbin:/bin:/usr/games:/usr/local/games:/snap/bin:/snap/bin'), ('SESSION_MANAGER', 'local/bilal-yousufzai:@/tmp/.ICE-unix/2234,unix/bilal-yousufzai:/tmp/.ICE-unix/2234'), ('XDG_MENU_PREFIX', 'gnome-'), ('GNOME_TERMINAL_SCREEN', '/org/gnome/Terminal/screen/422daff2_bc78_462e_90e3_8931db3b79af'), ('XDG_RUNTIME_DIR', '/run/user/1000'), ('DISPLAY', ':1'), ('LANG', 'en_US.UTF-8'), ('XDG_CURRENT_DESKTOP', 'ubuntu:GNOME'), ('XMODIFIERS', '@im=ibus'), ('XDG_SESSION_DESKTOP', 'ubuntu'), ('XAUTHORITY', '/run/user/1000/gdm/Xauthority'), ('GNOME_TERMINAL_SERVICE', ':1.1212'), ('SSH_AGENT_LAUNCHER', 'gnome-keyring'), ('SSH_AUTH_SOCK', '/run/user/1000/keyring/ssh'), ('AMENT_PREFIX_PATH', '/home/bilal/trail_tracer/install/web_gui:/home/bilal/trail_tracer/install/trail_tracer:/home/bilal/trail_tracer/install/traethlin_description:/home/bilal/trail_tracer/install/gps_to_utm_converter_cpp:/home/bilal/trail_tracer/install/argo_sim:/home/bilal/trail_tracer/install/gazebo_ros_skid_steer_drive_6w:/home/bilal/trail_tracer/install/gazebo_ros_ackermann_drive_4wd:/home/bilal/trail_tracer/install/argo_nav:/home/bilal/learn_ros2_ws/install/web_gui:/home/bilal/learn_ros2_ws/install/traethlin_description:/home/bilal/learn_ros2_ws/install/nav2_system_tests:/home/bilal/learn_ros2_ws/install/nav2_bringup:/home/bilal/learn_ros2_ws/install/navigation2:/home/bilal/learn_ros2_ws/install/nav2_smoother:/home/bilal/learn_ros2_ws/install/nav2_graceful_controller:/home/bilal/learn_ros2_ws/install/nav2_dwb_controller:/home/bilal/learn_ros2_ws/install/nav2_controller:/home/bilal/learn_ros2_ws/install/dwb_plugins:/home/bilal/learn_ros2_ws/install/dwb_critics:/home/bilal/learn_ros2_ws/install/dwb_core:/home/bilal/learn_ros2_ws/install/nav_2d_utils:/home/bilal/learn_ros2_ws/install/dwb_msgs:/home/bilal/learn_ros2_ws/install/nav_2d_msgs:/home/bilal/learn_ros2_ws/install/nav2_waypoint_follower:/home/bilal/learn_ros2_ws/install/nav2_theta_star_planner:/home/bilal/learn_ros2_ws/install/nav2_smac_planner:/home/bilal/learn_ros2_ws/install/nav2_rotation_shim_controller:/home/bilal/learn_ros2_ws/install/nav2_regulated_pure_pursuit_controller:/home/bilal/learn_ros2_ws/install/nav2_planner:/home/bilal/learn_ros2_ws/install/nav2_navfn_planner:/home/bilal/learn_ros2_ws/install/nav2_mppi_controller:/home/bilal/learn_ros2_ws/install/nav2_constrained_smoother:/home/bilal/learn_ros2_ws/install/nav2_bt_navigator:/home/bilal/learn_ros2_ws/install/nav2_behaviors:/home/bilal/learn_ros2_ws/install/nav2_core:/home/bilal/learn_ros2_ws/install/nav2_collision_monitor:/home/bilal/learn_ros2_ws/install/costmap_queue:/home/bilal/learn_ros2_ws/install/nav2_costmap_2d:/home/bilal/learn_ros2_ws/install/nav2_voxel_grid:/home/bilal/learn_ros2_ws/install/nav2_velocity_smoother:/home/bilal/learn_ros2_ws/install/nav2_rviz_plugins:/home/bilal/learn_ros2_ws/install/nav2_map_server:/home/bilal/learn_ros2_ws/install/nav2_lifecycle_manager:/home/bilal/learn_ros2_ws/install/nav2_behavior_tree:/home/bilal/learn_ros2_ws/install/nav2_amcl:/home/bilal/learn_ros2_ws/install/nav2_util:/home/bilal/learn_ros2_ws/install/nav2_simple_commander:/home/bilal/learn_ros2_ws/install/nav2_msgs:/home/bilal/learn_ros2_ws/install/nav2_common:/home/bilal/learn_ros2_ws/install/gps_to_utm_converter_cpp:/home/bilal/learn_ros2_ws/install/argo_sim:/home/bilal/learn_ros2_ws/install/gazebo_ros_skid_steer_drive_6w:/home/bilal/learn_ros2_ws/install/gazebo_ros_ackermann_drive_4wd:/home/bilal/learn_ros2_ws/install/biy1_ros360_cpp:/home/bilal/learn_ros2_ws/install/articubot_one:/home/bilal/mp/mp_ws/install/biy1_ros360_cpp:/home/bilal/ros2_ws/install/web_gui:/home/bilal/ros2_ws/install/velodyne_simulation:/home/bilal/ros2_ws/install/velodyne_control_msgs:/home/bilal/ros2_ws/install/track_envs:/home/bilal/ros2_ws/install/ros360_moveit:/home/bilal/ros2_ws/install/opencv_tools:/home/bilal/ros2_ws/install/biy1_ros360_py:/home/bilal/ros2_ws/install/biy1_ros360_cpp:/opt/ros/humble'), ('SHELL', '/bin/bash'), ('QT_ACCESSIBILITY', '1'), ('GDMSESSION', 'ubuntu'), ('GPG_AGENT_INFO', '/run/user/1000/gnupg/S.gpg-agent:0:1'), ('GAZEBO_RESOURCE_PATH', '/usr/share/gazebo/../../share/gazebo-11:/usr/share/gazebo/../../share/gazebo-11:'), ('GAZEBO_MODEL_DATABASE_URI', 'http://models.gazebosim.org'), ('QT_IM_MODULE', 'ibus'), ('PWD', '/home/bilal/trail_tracer/build/trail_tracer'), ('TURTLEBOT3_MODEL', 'waffle'), ('LC_ALL', 'en_US.UTF-8'), ('XDG_CONFIG_DIRS', '/etc/xdg/xdg-ubuntu:/etc/xdg'), ('GAZEBO_PLUGIN_PATH', '/usr/share/gazebo/../../lib/x86_64-linux-gnu/gazebo-11/plugins:/usr/share/gazebo/../../lib/x86_64-linux-gnu/gazebo-11/plugins:'), ('XDG_DATA_DIRS', '/usr/share/ubuntu:/usr/share/gnome:/usr/local/share/:/usr/share/:/var/lib/snapd/desktop'), ('PYTHONPATH', '/home/bilal/trail_tracer/install/web_gui/lib/python3.10/site-packages:/home/bilal/learn_ros2_ws/install/web_gui/lib/python3.10/site-packages:/home/bilal/learn_ros2_ws/install/dwb_msgs/local/lib/python3.10/dist-packages:/home/bilal/learn_ros2_ws/install/nav_2d_msgs/local/lib/python3.10/dist-packages:/home/bilal/learn_ros2_ws/install/nav2_simple_commander/lib/python3.10/site-packages:/home/bilal/learn_ros2_ws/install/nav2_msgs/local/lib/python3.10/dist-packages:/home/bilal/learn_ros2_ws/install/nav2_common/local/lib/python3.10/dist-packages:/home/bilal/ros2_ws/install/web_gui/lib/python3.10/site-packages:/home/bilal/ros2_ws/install/velodyne_control_msgs/local/lib/python3.10/dist-packages:/home/bilal/ros2_ws/install/opencv_tools/lib/python3.10/site-packages:/home/bilal/ros2_ws/install/biy1_ros360_py/lib/python3.10/site-packages:/opt/ros/humble/lib/python3.10/site-packages:/opt/ros/humble/local/lib/python3.10/dist-packages'), ('COLCON', '1'), ('VTE_VERSION', '6800'), ('CMAKE_PREFIX_PATH', '/home/bilal/trail_tracer/install/trail_tracer:/home/bilal/trail_tracer/install/traethlin_description:/home/bilal/trail_tracer/install/gps_to_utm_converter_cpp:/home/bilal/trail_tracer/install/argo_sim:/home/bilal/trail_tracer/install/gazebo_ros_skid_steer_drive_6w:/home/bilal/trail_tracer/install/gazebo_ros_ackermann_drive_4wd:/home/bilal/trail_tracer/install/argo_nav:/home/bilal/learn_ros2_ws/install/traethlin_description:/home/bilal/learn_ros2_ws/install/nav2_system_tests:/home/bilal/learn_ros2_ws/install/nav2_bringup:/home/bilal/learn_ros2_ws/install/navigation2:/home/bilal/learn_ros2_ws/install/nav2_smoother:/home/bilal/learn_ros2_ws/install/nav2_graceful_controller:/home/bilal/learn_ros2_ws/install/nav2_dwb_controller:/home/bilal/learn_ros2_ws/install/nav2_controller:/home/bilal/learn_ros2_ws/install/dwb_plugins:/home/bilal/learn_ros2_ws/install/dwb_critics:/home/bilal/learn_ros2_ws/install/dwb_core:/home/bilal/learn_ros2_ws/install/nav_2d_utils:/home/bilal/learn_ros2_ws/install/dwb_msgs:/home/bilal/learn_ros2_ws/install/nav_2d_msgs:/home/bilal/learn_ros2_ws/install/nav2_waypoint_follower:/home/bilal/learn_ros2_ws/install/nav2_theta_star_planner:/home/bilal/learn_ros2_ws/install/nav2_smac_planner:/home/bilal/learn_ros2_ws/install/nav2_rotation_shim_controller:/home/bilal/learn_ros2_ws/install/nav2_regulated_pure_pursuit_controller:/home/bilal/learn_ros2_ws/install/nav2_planner:/home/bilal/learn_ros2_ws/install/nav2_navfn_planner:/home/bilal/learn_ros2_ws/install/nav2_mppi_controller:/home/bilal/learn_ros2_ws/install/nav2_constrained_smoother:/home/bilal/learn_ros2_ws/install/nav2_bt_navigator:/home/bilal/learn_ros2_ws/install/nav2_behaviors:/home/bilal/learn_ros2_ws/install/nav2_core:/home/bilal/learn_ros2_ws/install/nav2_collision_monitor:/home/bilal/learn_ros2_ws/install/costmap_queue:/home/bilal/learn_ros2_ws/install/nav2_costmap_2d:/home/bilal/learn_ros2_ws/install/nav2_voxel_grid:/home/bilal/learn_ros2_ws/install/nav2_velocity_smoother:/home/bilal/learn_ros2_ws/install/nav2_rviz_plugins:/home/bilal/learn_ros2_ws/install/nav2_map_server:/home/bilal/learn_ros2_ws/install/nav2_lifecycle_manager:/home/bilal/learn_ros2_ws/install/nav2_behavior_tree:/home/bilal/learn_ros2_ws/install/nav2_amcl:/home/bilal/learn_ros2_ws/install/nav2_util:/home/bilal/learn_ros2_ws/install/nav2_msgs:/home/bilal/learn_ros2_ws/install/nav2_common:/home/bilal/learn_ros2_ws/install/gps_to_utm_converter_cpp:/home/bilal/learn_ros2_ws/install/argo_sim:/home/bilal/learn_ros2_ws/install/gazebo_ros_skid_steer_drive_6w:/home/bilal/learn_ros2_ws/install/gazebo_ros_ackermann_drive_4wd:/home/bilal/learn_ros2_ws/install/biy1_ros360_cpp:/home/bilal/learn_ros2_ws/install/articubot_one:/home/bilal/mp/mp_ws/install/biy1_ros360_cpp:/home/bilal/ros2_ws/install/velodyne_simulation:/home/bilal/ros2_ws/install/velodyne_control_msgs:/home/bilal/ros2_ws/install/track_envs:/home/bilal/ros2_ws/install/ros360_moveit:/home/bilal/ros2_ws/install/biy1_ros360_cpp:/home/bilal/trail_tracer/install/web_gui:/home/bilal/learn_ros2_ws/install/web_gui:/home/bilal/learn_ros2_ws/install/nav2_simple_commander:/home/bilal/ros2_ws/install/web_gui:/home/bilal/ros2_ws/install/opencv_tools:/home/bilal/ros2_ws/install/biy1_ros360_py:/opt/ros/humble')]), 'shell': False}
[0.099685] (-) TimerEvent: {}
[0.134604] (trail_tracer) StdoutLine: {'line': b'[ 25%] \x1b[32mBuilding CXX object CMakeFiles/trail_tracer.dir/src/trail_tracer.cpp.o\x1b[0m\n'}
[0.199757] (-) TimerEvent: {}
[0.299962] (-) TimerEvent: {}
[0.400182] (-) TimerEvent: {}
[0.500404] (-) TimerEvent: {}
[0.600647] (-) TimerEvent: {}
[0.700918] (-) TimerEvent: {}
[0.801357] (-) TimerEvent: {}
[0.901646] (-) TimerEvent: {}
[1.001938] (-) TimerEvent: {}
[1.102258] (-) TimerEvent: {}
[1.202554] (-) TimerEvent: {}
[1.302842] (-) TimerEvent: {}
[1.403128] (-) TimerEvent: {}
[1.503417] (-) TimerEvent: {}
[1.603705] (-) TimerEvent: {}
[1.703994] (-) TimerEvent: {}
[1.804438] (-) TimerEvent: {}
[1.904715] (-) TimerEvent: {}
[2.004996] (-) TimerEvent: {}
[2.105280] (-) TimerEvent: {}
[2.205564] (-) TimerEvent: {}
[2.305850] (-) TimerEvent: {}
[2.406135] (-) TimerEvent: {}
[2.506415] (-) TimerEvent: {}
[2.606709] (-) TimerEvent: {}
[2.706986] (-) TimerEvent: {}
[2.807270] (-) TimerEvent: {}
[2.907550] (-) TimerEvent: {}
[3.007834] (-) TimerEvent: {}
[3.108114] (-) TimerEvent: {}
[3.208401] (-) TimerEvent: {}
[3.308690] (-) TimerEvent: {}
[3.408973] (-) TimerEvent: {}
[3.509261] (-) TimerEvent: {}
[3.609542] (-) TimerEvent: {}
[3.709826] (-) TimerEvent: {}
[3.810130] (-) TimerEvent: {}
[3.910437] (-) TimerEvent: {}
[4.010748] (-) TimerEvent: {}
[4.111031] (-) TimerEvent: {}
[4.211319] (-) TimerEvent: {}
[4.311604] (-) TimerEvent: {}
[4.411891] (-) TimerEvent: {}
[4.512179] (-) TimerEvent: {}
[4.612470] (-) TimerEvent: {}
[4.712745] (-) TimerEvent: {}
[4.813022] (-) TimerEvent: {}
[4.913305] (-) TimerEvent: {}
[5.013577] (-) TimerEvent: {}
[5.113842] (-) TimerEvent: {}
[5.214116] (-) TimerEvent: {}
[5.314397] (-) TimerEvent: {}
[5.414691] (-) TimerEvent: {}
[5.514976] (-) TimerEvent: {}
[5.615263] (-) TimerEvent: {}
[5.715553] (-) TimerEvent: {}
[5.815840] (-) TimerEvent: {}
[5.916139] (-) TimerEvent: {}
[6.016426] (-) TimerEvent: {}
[6.116716] (-) TimerEvent: {}
[6.217008] (-) TimerEvent: {}
[6.317293] (-) TimerEvent: {}
[6.417583] (-) TimerEvent: {}
[6.517872] (-) TimerEvent: {}
[6.618157] (-) TimerEvent: {}
[6.718448] (-) TimerEvent: {}
[6.818728] (-) TimerEvent: {}
[6.919014] (-) TimerEvent: {}
[7.019310] (-) TimerEvent: {}
[7.119590] (-) TimerEvent: {}
[7.219873] (-) TimerEvent: {}
[7.320152] (-) TimerEvent: {}
[7.420433] (-) TimerEvent: {}
[7.520714] (-) TimerEvent: {}
[7.620996] (-) TimerEvent: {}
[7.721270] (-) TimerEvent: {}
[7.821533] (-) TimerEvent: {}
[7.921832] (-) TimerEvent: {}
[8.022121] (-) TimerEvent: {}
[8.122423] (-) TimerEvent: {}
[8.222728] (-) TimerEvent: {}
[8.323014] (-) TimerEvent: {}
[8.423286] (-) TimerEvent: {}
[8.523551] (-) TimerEvent: {}
[8.623821] (-) TimerEvent: {}
[8.724090] (-) TimerEvent: {}
[8.824352] (-) TimerEvent: {}
[8.924637] (-) TimerEvent: {}
[9.024925] (-) TimerEvent: {}
[9.125214] (-) TimerEvent: {}
[9.225510] (-) TimerEvent: {}
[9.325809] (-) TimerEvent: {}
[9.426127] (-) TimerEvent: {}
[9.526421] (-) TimerEvent: {}
[9.626715] (-) TimerEvent: {}
[9.726995] (-) TimerEvent: {}
[9.827284] (-) TimerEvent: {}
[9.927574] (-) TimerEvent: {}
[10.027864] (-) TimerEvent: {}
[10.128160] (-) TimerEvent: {}
[10.228458] (-) TimerEvent: {}
[10.328750] (-) TimerEvent: {}
[10.429026] (-) TimerEvent: {}
[10.529304] (-) TimerEvent: {}
[10.629563] (-) TimerEvent: {}
[10.729816] (-) TimerEvent: {}
[10.830075] (-) TimerEvent: {}
[10.930345] (-) TimerEvent: {}
[11.030596] (-) TimerEvent: {}
[11.130854] (-) TimerEvent: {}
[11.231125] (-) TimerEvent: {}
[11.331382] (-) TimerEvent: {}
[11.431641] (-) TimerEvent: {}
[11.531905] (-) TimerEvent: {}
[11.632167] (-) TimerEvent: {}
[11.732433] (-) TimerEvent: {}
[11.832699] (-) TimerEvent: {}
[11.932964] (-) TimerEvent: {}
[12.033224] (-) TimerEvent: {}
[12.133483] (-) TimerEvent: {}
[12.233737] (-) TimerEvent: {}
[12.333987] (-) TimerEvent: {}
[12.434244] (-) TimerEvent: {}
[12.534497] (-) TimerEvent: {}
[12.634755] (-) TimerEvent: {}
[12.734999] (-) TimerEvent: {}
[12.835410] (-) TimerEvent: {}
[12.935677] (-) TimerEvent: {}
[13.035945] (-) TimerEvent: {}
[13.136216] (-) TimerEvent: {}
[13.236478] (-) TimerEvent: {}
[13.336733] (-) TimerEvent: {}
[13.436976] (-) TimerEvent: {}
[13.537227] (-) TimerEvent: {}
[13.637467] (-) TimerEvent: {}
[13.737715] (-) TimerEvent: {}
[13.837952] (-) TimerEvent: {}
[13.938224] (-) TimerEvent: {}
[14.038491] (-) TimerEvent: {}
[14.138755] (-) TimerEvent: {}
[14.239002] (-) TimerEvent: {}
[14.339251] (-) TimerEvent: {}
[14.439489] (-) TimerEvent: {}
[14.539736] (-) TimerEvent: {}
[14.639977] (-) TimerEvent: {}
[14.740237] (-) TimerEvent: {}
[14.840486] (-) TimerEvent: {}
[14.940760] (-) TimerEvent: {}
[15.041023] (-) TimerEvent: {}
[15.141270] (-) TimerEvent: {}
[15.241512] (-) TimerEvent: {}
[15.341759] (-) TimerEvent: {}
[15.442004] (-) TimerEvent: {}
[15.542250] (-) TimerEvent: {}
[15.642489] (-) TimerEvent: {}
[15.742754] (-) TimerEvent: {}
[15.843005] (-) TimerEvent: {}
[15.943263] (-) TimerEvent: {}
[16.043506] (-) TimerEvent: {}
[16.143755] (-) TimerEvent: {}
[16.244002] (-) TimerEvent: {}
[16.344277] (-) TimerEvent: {}
[16.444548] (-) TimerEvent: {}
[16.544809] (-) TimerEvent: {}
[16.645068] (-) TimerEvent: {}
[16.745314] (-) TimerEvent: {}
[16.845561] (-) TimerEvent: {}
[16.945820] (-) TimerEvent: {}
[17.046076] (-) TimerEvent: {}
[17.146326] (-) TimerEvent: {}
[17.246592] (-) TimerEvent: {}
[17.346877] (-) TimerEvent: {}
[17.447160] (-) TimerEvent: {}
[17.547430] (-) TimerEvent: {}
[17.647679] (-) TimerEvent: {}
[17.747939] (-) TimerEvent: {}
[17.848214] (-) TimerEvent: {}
[17.948496] (-) TimerEvent: {}
[18.048789] (-) TimerEvent: {}
[18.149068] (-) TimerEvent: {}
[18.249349] (-) TimerEvent: {}
[18.349630] (-) TimerEvent: {}
[18.449951] (-) TimerEvent: {}
[18.550248] (-) TimerEvent: {}
[18.650515] (-) TimerEvent: {}
[18.750841] (-) TimerEvent: {}
[18.851130] (-) TimerEvent: {}
[18.951439] (-) TimerEvent: {}
[19.051724] (-) TimerEvent: {}
[19.118810] (trail_tracer) StdoutLine: {'line': b'[ 50%] \x1b[32m\x1b[1mLinking CXX executable trail_tracer\x1b[0m\n'}
[19.151836] (-) TimerEvent: {}
[19.252110] (-) TimerEvent: {}
[19.352390] (-) TimerEvent: {}
[19.452656] (-) TimerEvent: {}
[19.552921] (-) TimerEvent: {}
[19.653207] (-) TimerEvent: {}
[19.753491] (-) TimerEvent: {}
[19.853765] (-) TimerEvent: {}
[19.954063] (-) TimerEvent: {}
[20.054367] (-) TimerEvent: {}
[20.154649] (-) TimerEvent: {}
[20.254944] (-) TimerEvent: {}
[20.259866] (trail_tracer) StdoutLine: {'line': b'[ 50%] Built target trail_tracer\n'}
[20.290995] (trail_tracer) StdoutLine: {'line': b'[ 75%] \x1b[32mBuilding CXX object CMakeFiles/refactor.dir/src/refactor.cpp.o\x1b[0m\n'}
[20.355018] (-) TimerEvent: {}
[20.455230] (-) TimerEvent: {}
[20.555469] (-) TimerEvent: {}
[20.655712] (-) TimerEvent: {}
[20.755988] (-) TimerEvent: {}
[20.856258] (-) TimerEvent: {}
[20.956546] (-) TimerEvent: {}
[21.056826] (-) TimerEvent: {}
[21.157101] (-) TimerEvent: {}
[21.257379] (-) TimerEvent: {}
[21.357666] (-) TimerEvent: {}
[21.457953] (-) TimerEvent: {}
[21.558241] (-) TimerEvent: {}
[21.658521] (-) TimerEvent: {}
[21.758803] (-) TimerEvent: {}
[21.859083] (-) TimerEvent: {}
[21.959391] (-) TimerEvent: {}
[22.059677] (-) TimerEvent: {}
[22.159959] (-) TimerEvent: {}
[22.260242] (-) TimerEvent: {}
[22.360528] (-) TimerEvent: {}
[22.460812] (-) TimerEvent: {}
[22.561095] (-) TimerEvent: {}
[22.661375] (-) TimerEvent: {}
[22.761648] (-) TimerEvent: {}
[22.861930] (-) TimerEvent: {}
[22.962215] (-) TimerEvent: {}
[23.062505] (-) TimerEvent: {}
[23.162808] (-) TimerEvent: {}
[23.263095] (-) TimerEvent: {}
[23.363385] (-) TimerEvent: {}
[23.463673] (-) TimerEvent: {}
[23.563958] (-) TimerEvent: {}
[23.664243] (-) TimerEvent: {}
[23.764526] (-) TimerEvent: {}
[23.864809] (-) TimerEvent: {}
[23.965087] (-) TimerEvent: {}
[24.065380] (-) TimerEvent: {}
[24.165663] (-) TimerEvent: {}
[24.265946] (-) TimerEvent: {}
[24.366240] (-) TimerEvent: {}
[24.466544] (-) TimerEvent: {}
[24.566838] (-) TimerEvent: {}
[24.667133] (-) TimerEvent: {}
[24.767410] (-) TimerEvent: {}
[24.867692] (-) TimerEvent: {}
[24.967971] (-) TimerEvent: {}
[25.068235] (-) TimerEvent: {}
[25.168509] (-) TimerEvent: {}
[25.268799] (-) TimerEvent: {}
[25.369094] (-) TimerEvent: {}
[25.469389] (-) TimerEvent: {}
[25.569675] (-) TimerEvent: {}
[25.669957] (-) TimerEvent: {}
[25.770246] (-) TimerEvent: {}
[25.870517] (-) TimerEvent: {}
[25.970810] (-) TimerEvent: {}
[26.071095] (-) TimerEvent: {}
[26.171380] (-) TimerEvent: {}
[26.271674] (-) TimerEvent: {}
[26.371965] (-) TimerEvent: {}
[26.472253] (-) TimerEvent: {}
[26.572543] (-) TimerEvent: {}
[26.672826] (-) TimerEvent: {}
[26.773105] (-) TimerEvent: {}
[26.873376] (-) TimerEvent: {}
[26.973663] (-) TimerEvent: {}
[27.073948] (-) TimerEvent: {}
[27.174242] (-) TimerEvent: {}
[27.274518] (-) TimerEvent: {}
[27.374815] (-) TimerEvent: {}
[27.475097] (-) TimerEvent: {}
[27.575371] (-) TimerEvent: {}
[27.675636] (-) TimerEvent: {}
[27.775911] (-) TimerEvent: {}
[27.876214] (-) TimerEvent: {}
[27.976510] (-) TimerEvent: {}
[28.076817] (-) TimerEvent: {}
[28.177115] (-) TimerEvent: {}
[28.277406] (-) TimerEvent: {}
[28.377681] (-) TimerEvent: {}
[28.477951] (-) TimerEvent: {}
[28.578217] (-) TimerEvent: {}
[28.678484] (-) TimerEvent: {}
[28.778769] (-) TimerEvent: {}
[28.879062] (-) TimerEvent: {}
[28.979389] (-) TimerEvent: {}
[29.079666] (-) TimerEvent: {}
[29.179950] (-) TimerEvent: {}
[29.280248] (-) TimerEvent: {}
[29.380537] (-) TimerEvent: {}
[29.480820] (-) TimerEvent: {}
[29.581111] (-) TimerEvent: {}
[29.681392] (-) TimerEvent: {}
[29.781693] (-) TimerEvent: {}
[29.881973] (-) TimerEvent: {}
[29.982269] (-) TimerEvent: {}
[30.082591] (-) TimerEvent: {}
[30.182906] (-) TimerEvent: {}
[30.283204] (-) TimerEvent: {}
[30.383471] (-) TimerEvent: {}
[30.483735] (-) TimerEvent: {}
[30.583997] (-) TimerEvent: {}
[30.684253] (-) TimerEvent: {}
[30.784523] (-) TimerEvent: {}
[30.884787] (-) TimerEvent: {}
[30.985062] (-) TimerEvent: {}
[31.085325] (-) TimerEvent: {}
[31.185591] (-) TimerEvent: {}
[31.285848] (-) TimerEvent: {}
[31.386107] (-) TimerEvent: {}
[31.486373] (-) TimerEvent: {}
[31.586638] (-) TimerEvent: {}
[31.686893] (-) TimerEvent: {}
[31.787152] (-) TimerEvent: {}
[31.887420] (-) TimerEvent: {}
[31.987716] (-) TimerEvent: {}
[32.087975] (-) TimerEvent: {}
[32.188232] (-) TimerEvent: {}
[32.288487] (-) TimerEvent: {}
[32.388747] (-) TimerEvent: {}
[32.488999] (-) TimerEvent: {}
[32.589260] (-) TimerEvent: {}
[32.689523] (-) TimerEvent: {}
[32.789786] (-) TimerEvent: {}
[32.890028] (-) TimerEvent: {}
[32.990303] (-) TimerEvent: {}
[33.090581] (-) TimerEvent: {}
[33.190853] (-) TimerEvent: {}
[33.291104] (-) TimerEvent: {}
[33.391359] (-) TimerEvent: {}
[33.491614] (-) TimerEvent: {}
[33.591866] (-) TimerEvent: {}
[33.692122] (-) TimerEvent: {}
[33.792385] (-) TimerEvent: {}
[33.892653] (-) TimerEvent: {}
[33.992923] (-) TimerEvent: {}
[34.093190] (-) TimerEvent: {}
[34.193468] (-) TimerEvent: {}
[34.293724] (-) TimerEvent: {}
[34.393977] (-) TimerEvent: {}
[34.494242] (-) TimerEvent: {}
[34.594496] (-) TimerEvent: {}
[34.694768] (-) TimerEvent: {}
[34.795043] (-) TimerEvent: {}
[34.895305] (-) TimerEvent: {}
[34.995572] (-) TimerEvent: {}
[35.095823] (-) TimerEvent: {}
[35.196073] (-) TimerEvent: {}
[35.296335] (-) TimerEvent: {}
[35.396589] (-) TimerEvent: {}
[35.496849] (-) TimerEvent: {}
[35.597109] (-) TimerEvent: {}
[35.697355] (-) TimerEvent: {}
[35.797598] (-) TimerEvent: {}
[35.897856] (-) TimerEvent: {}
[35.998140] (-) TimerEvent: {}
[36.098419] (-) TimerEvent: {}
[36.198710] (-) TimerEvent: {}
[36.298965] (-) TimerEvent: {}
[36.399216] (-) TimerEvent: {}
[36.499482] (-) TimerEvent: {}
[36.599741] (-) TimerEvent: {}
[36.699991] (-) TimerEvent: {}
[36.800232] (-) TimerEvent: {}
[36.900489] (-) TimerEvent: {}
[37.000754] (-) TimerEvent: {}
[37.101014] (-) TimerEvent: {}
[37.201277] (-) TimerEvent: {}
[37.301557] (-) TimerEvent: {}
[37.401830] (-) TimerEvent: {}
[37.502091] (-) TimerEvent: {}
[37.602347] (-) TimerEvent: {}
[37.702610] (-) TimerEvent: {}
[37.802861] (-) TimerEvent: {}
[37.903127] (-) TimerEvent: {}
[38.003405] (-) TimerEvent: {}
[38.103685] (-) TimerEvent: {}
[38.203975] (-) TimerEvent: {}
[38.304289] (-) TimerEvent: {}
[38.404577] (-) TimerEvent: {}
[38.504866] (-) TimerEvent: {}
[38.605176] (-) TimerEvent: {}
[38.705468] (-) TimerEvent: {}
[38.805751] (-) TimerEvent: {}
[38.906019] (-) TimerEvent: {}
[38.947066] (trail_tracer) StdoutLine: {'line': b'[100%] \x1b[32m\x1b[1mLinking CXX executable refactor\x1b[0m\n'}
[39.006128] (-) TimerEvent: {}
[39.106426] (-) TimerEvent: {}
[39.206732] (-) TimerEvent: {}
[39.306998] (-) TimerEvent: {}
[39.407246] (-) TimerEvent: {}
[39.507554] (-) TimerEvent: {}
[39.607829] (-) TimerEvent: {}
[39.708109] (-) TimerEvent: {}
[39.808380] (-) TimerEvent: {}
[39.908659] (-) TimerEvent: {}
[40.008932] (-) TimerEvent: {}
[40.037729] (trail_tracer) StdoutLine: {'line': b'[100%] Built target refactor\n'}
[40.051565] (trail_tracer) CommandEnded: {'returncode': 0}
[40.104689] (trail_tracer) JobProgress: {'identifier': 'trail_tracer', 'progress': 'install'}
[40.108993] (-) TimerEvent: {}
[40.116523] (trail_tracer) Command: {'cmd': ['/usr/bin/cmake', '--install', '/home/bilal/trail_tracer/build/trail_tracer'], 'cwd': '/home/bilal/trail_tracer/build/trail_tracer', 'env': OrderedDict([('LANGUAGE', 'en_GB:en'), ('USER', 'bilal'), ('XDG_SESSION_TYPE', 'x11'), ('SHLVL', '1'), ('LD_LIBRARY_PATH', '/home/bilal/trail_tracer/install/gazebo_ros_skid_steer_drive_6w/lib:/home/bilal/trail_tracer/install/gazebo_ros_ackermann_drive_4wd/lib:/home/bilal/learn_ros2_ws/install/nav2_smoother/lib:/home/bilal/learn_ros2_ws/install/nav2_graceful_controller/lib:/home/bilal/learn_ros2_ws/install/nav2_controller/lib:/home/bilal/learn_ros2_ws/install/dwb_plugins/lib:/home/bilal/learn_ros2_ws/install/dwb_critics/lib:/home/bilal/learn_ros2_ws/install/dwb_core/lib:/home/bilal/learn_ros2_ws/install/nav_2d_utils/lib:/home/bilal/learn_ros2_ws/install/dwb_msgs/lib:/home/bilal/learn_ros2_ws/install/nav_2d_msgs/lib:/home/bilal/learn_ros2_ws/install/nav2_waypoint_follower/lib:/home/bilal/learn_ros2_ws/install/nav2_theta_star_planner/lib:/home/bilal/learn_ros2_ws/install/nav2_smac_planner/lib:/home/bilal/learn_ros2_ws/install/nav2_rotation_shim_controller/lib:/home/bilal/learn_ros2_ws/install/nav2_regulated_pure_pursuit_controller/lib:/home/bilal/learn_ros2_ws/install/nav2_planner/lib:/home/bilal/learn_ros2_ws/install/nav2_navfn_planner/lib:/home/bilal/learn_ros2_ws/install/nav2_mppi_controller/lib:/home/bilal/learn_ros2_ws/install/nav2_constrained_smoother/lib:/home/bilal/learn_ros2_ws/install/nav2_bt_navigator/lib:/home/bilal/learn_ros2_ws/install/nav2_behaviors/lib:/home/bilal/learn_ros2_ws/install/nav2_collision_monitor/lib:/home/bilal/learn_ros2_ws/install/costmap_queue/lib:/home/bilal/learn_ros2_ws/install/nav2_costmap_2d/lib:/home/bilal/learn_ros2_ws/install/nav2_voxel_grid/lib:/home/bilal/learn_ros2_ws/install/nav2_velocity_smoother/lib:/home/bilal/learn_ros2_ws/install/nav2_rviz_plugins/lib:/home/bilal/learn_ros2_ws/install/nav2_map_server/lib:/home/bilal/learn_ros2_ws/install/nav2_lifecycle_manager/lib:/home/bilal/learn_ros2_ws/install/nav2_behavior_tree/lib:/home/bilal/learn_ros2_ws/install/nav2_amcl/lib:/home/bilal/learn_ros2_ws/install/nav2_util/lib:/home/bilal/learn_ros2_ws/install/nav2_msgs/lib:/home/bilal/learn_ros2_ws/install/gazebo_ros_skid_steer_drive_6w/lib:/home/bilal/learn_ros2_ws/install/gazebo_ros_ackermann_drive_4wd/lib:/home/bilal/ros2_ws/install/velodyne_simulation/lib:/home/bilal/ros2_ws/install/velodyne_control_msgs/lib:/usr/lib/x86_64-linux-gnu/gazebo-11/plugins:/opt/ros/humble/opt/rviz_ogre_vendor/lib:/opt/ros/humble/lib/x86_64-linux-gnu:/opt/ros/humble/lib:/usr/share/gazebo/../../lib/x86_64-linux-gnu/gazebo-11/plugins::/usr/share/gazebo/../../lib/x86_64-linux-gnu/gazebo-11/plugins:/usr/share/gazebo/../../lib/x86_64-linux-gnu/gazebo-11/plugins:'), ('HOME', '/home/bilal'), ('OLDPWD', '/home/bilal/trail_tracer/src'), ('DESKTOP_SESSION', 'ubuntu'), ('GAZEBO_MASTER_URI', 'http://localhost:11345'), ('ROS_PYTHON_VERSION', '3'), ('GNOME_SHELL_SESSION_MODE', 'ubuntu'), ('GTK_MODULES', 'gail:atk-bridge'), ('SYSTEMD_EXEC_PID', '124125'), ('DBUS_SESSION_BUS_ADDRESS', 'unix:path=/run/user/1000/bus'), ('COLORTERM', 'truecolor'), ('_colcon_cd_root', '/opt/ros/humble/'), ('COLCON_PREFIX_PATH', '/home/bilal/trail_tracer/install:/home/bilal/learn_ros2_ws/install:/home/bilal/mp/mp_ws/install:/home/bilal/ros2_ws/install'), ('ROS_DISTRO', 'humble'), ('GTK_IM_MODULE', 'ibus'), ('LOGNAME', 'bilal'), ('_', '/usr/bin/colcon'), ('ROS_VERSION', '2'), ('XDG_SESSION_CLASS', 'user'), ('USERNAME', 'bilal'), ('TERM', 'xterm-256color'), ('GAZEBO_MODEL_PATH', '/home/bilal/trail_tracer/install/argo_sim/share/argo_sim/models:/home/bilal/learn_ros2_ws/install/argo_sim/share/argo_sim/models:/usr/share/gazebo/../../share/gazebo-11/models:/home/bilal/trail_tracer/install/argo_sim/share/argo_sim/models:/home/bilal/learn_ros2_ws/install/argo_sim/share/argo_sim/models:/usr/share/gazebo/../../share/gazebo-11/models::/opt/ros/humble/share/turtlebot3_gazebo/models:/opt/ros/humble/share/turtlebot3_gazebo/models'), ('GNOME_DESKTOP_SESSION_ID', 'this-is-deprecated'), ('ROS_LOCALHOST_ONLY', '1'), ('WINDOWPATH', '2'), ('OGRE_RESOURCE_PATH', '/usr/lib/x86_64-linux-gnu/OGRE-1.9.0'), ('PATH', '/home/bilal/.local/bin:/opt/ros/humble/bin:/usr/local/sbin:/usr/local/bin:/usr/sbin:/usr/bin:/sbin:/bin:/usr/games:/usr/local/games:/snap/bin:/snap/bin'), ('SESSION_MANAGER', 'local/bilal-yousufzai:@/tmp/.ICE-unix/2234,unix/bilal-yousufzai:/tmp/.ICE-unix/2234'), ('XDG_MENU_PREFIX', 'gnome-'), ('GNOME_TERMINAL_SCREEN', '/org/gnome/Terminal/screen/422daff2_bc78_462e_90e3_8931db3b79af'), ('XDG_RUNTIME_DIR', '/run/user/1000'), ('DISPLAY', ':1'), ('LANG', 'en_US.UTF-8'), ('XDG_CURRENT_DESKTOP', 'ubuntu:GNOME'), ('XMODIFIERS', '@im=ibus'), ('XDG_SESSION_DESKTOP', 'ubuntu'), ('XAUTHORITY', '/run/user/1000/gdm/Xauthority'), ('GNOME_TERMINAL_SERVICE', ':1.1212'), ('SSH_AGENT_LAUNCHER', 'gnome-keyring'), ('SSH_AUTH_SOCK', '/run/user/1000/keyring/ssh'), ('AMENT_PREFIX_PATH', '/home/bilal/trail_tracer/install/web_gui:/home/bilal/trail_tracer/install/trail_tracer:/home/bilal/trail_tracer/install/traethlin_description:/home/bilal/trail_tracer/install/gps_to_utm_converter_cpp:/home/bilal/trail_tracer/install/argo_sim:/home/bilal/trail_tracer/install/gazebo_ros_skid_steer_drive_6w:/home/bilal/trail_tracer/install/gazebo_ros_ackermann_drive_4wd:/home/bilal/trail_tracer/install/argo_nav:/home/bilal/learn_ros2_ws/install/web_gui:/home/bilal/learn_ros2_ws/install/traethlin_description:/home/bilal/learn_ros2_ws/install/nav2_system_tests:/home/bilal/learn_ros2_ws/install/nav2_bringup:/home/bilal/learn_ros2_ws/install/navigation2:/home/bilal/learn_ros2_ws/install/nav2_smoother:/home/bilal/learn_ros2_ws/install/nav2_graceful_controller:/home/bilal/learn_ros2_ws/install/nav2_dwb_controller:/home/bilal/learn_ros2_ws/install/nav2_controller:/home/bilal/learn_ros2_ws/install/dwb_plugins:/home/bilal/learn_ros2_ws/install/dwb_critics:/home/bilal/learn_ros2_ws/install/dwb_core:/home/bilal/learn_ros2_ws/install/nav_2d_utils:/home/bilal/learn_ros2_ws/install/dwb_msgs:/home/bilal/learn_ros2_ws/install/nav_2d_msgs:/home/bilal/learn_ros2_ws/install/nav2_waypoint_follower:/home/bilal/learn_ros2_ws/install/nav2_theta_star_planner:/home/bilal/learn_ros2_ws/install/nav2_smac_planner:/home/bilal/learn_ros2_ws/install/nav2_rotation_shim_controller:/home/bilal/learn_ros2_ws/install/nav2_regulated_pure_pursuit_controller:/home/bilal/learn_ros2_ws/install/nav2_planner:/home/bilal/learn_ros2_ws/install/nav2_navfn_planner:/home/bilal/learn_ros2_ws/install/nav2_mppi_controller:/home/bilal/learn_ros2_ws/install/nav2_constrained_smoother:/home/bilal/learn_ros2_ws/install/nav2_bt_navigator:/home/bilal/learn_ros2_ws/install/nav2_behaviors:/home/bilal/learn_ros2_ws/install/nav2_core:/home/bilal/learn_ros2_ws/install/nav2_collision_monitor:/home/bilal/learn_ros2_ws/install/costmap_queue:/home/bilal/learn_ros2_ws/install/nav2_costmap_2d:/home/bilal/learn_ros2_ws/install/nav2_voxel_grid:/home/bilal/learn_ros2_ws/install/nav2_velocity_smoother:/home/bilal/learn_ros2_ws/install/nav2_rviz_plugins:/home/bilal/learn_ros2_ws/install/nav2_map_server:/home/bilal/learn_ros2_ws/install/nav2_lifecycle_manager:/home/bilal/learn_ros2_ws/install/nav2_behavior_tree:/home/bilal/learn_ros2_ws/install/nav2_amcl:/home/bilal/learn_ros2_ws/install/nav2_util:/home/bilal/learn_ros2_ws/install/nav2_simple_commander:/home/bilal/learn_ros2_ws/install/nav2_msgs:/home/bilal/learn_ros2_ws/install/nav2_common:/home/bilal/learn_ros2_ws/install/gps_to_utm_converter_cpp:/home/bilal/learn_ros2_ws/install/argo_sim:/home/bilal/learn_ros2_ws/install/gazebo_ros_skid_steer_drive_6w:/home/bilal/learn_ros2_ws/install/gazebo_ros_ackermann_drive_4wd:/home/bilal/learn_ros2_ws/install/biy1_ros360_cpp:/home/bilal/learn_ros2_ws/install/articubot_one:/home/bilal/mp/mp_ws/install/biy1_ros360_cpp:/home/bilal/ros2_ws/install/web_gui:/home/bilal/ros2_ws/install/velodyne_simulation:/home/bilal/ros2_ws/install/velodyne_control_msgs:/home/bilal/ros2_ws/install/track_envs:/home/bilal/ros2_ws/install/ros360_moveit:/home/bilal/ros2_ws/install/opencv_tools:/home/bilal/ros2_ws/install/biy1_ros360_py:/home/bilal/ros2_ws/install/biy1_ros360_cpp:/opt/ros/humble'), ('SHELL', '/bin/bash'), ('QT_ACCESSIBILITY', '1'), ('GDMSESSION', 'ubuntu'), ('GPG_AGENT_INFO', '/run/user/1000/gnupg/S.gpg-agent:0:1'), ('GAZEBO_RESOURCE_PATH', '/usr/share/gazebo/../../share/gazebo-11:/usr/share/gazebo/../../share/gazebo-11:'), ('GAZEBO_MODEL_DATABASE_URI', 'http://models.gazebosim.org'), ('QT_IM_MODULE', 'ibus'), ('PWD', '/home/bilal/trail_tracer/build/trail_tracer'), ('TURTLEBOT3_MODEL', 'waffle'), ('LC_ALL', 'en_US.UTF-8'), ('XDG_CONFIG_DIRS', '/etc/xdg/xdg-ubuntu:/etc/xdg'), ('GAZEBO_PLUGIN_PATH', '/usr/share/gazebo/../../lib/x86_64-linux-gnu/gazebo-11/plugins:/usr/share/gazebo/../../lib/x86_64-linux-gnu/gazebo-11/plugins:'), ('XDG_DATA_DIRS', '/usr/share/ubuntu:/usr/share/gnome:/usr/local/share/:/usr/share/:/var/lib/snapd/desktop'), ('PYTHONPATH', '/home/bilal/trail_tracer/install/web_gui/lib/python3.10/site-packages:/home/bilal/learn_ros2_ws/install/web_gui/lib/python3.10/site-packages:/home/bilal/learn_ros2_ws/install/dwb_msgs/local/lib/python3.10/dist-packages:/home/bilal/learn_ros2_ws/install/nav_2d_msgs/local/lib/python3.10/dist-packages:/home/bilal/learn_ros2_ws/install/nav2_simple_commander/lib/python3.10/site-packages:/home/bilal/learn_ros2_ws/install/nav2_msgs/local/lib/python3.10/dist-packages:/home/bilal/learn_ros2_ws/install/nav2_common/local/lib/python3.10/dist-packages:/home/bilal/ros2_ws/install/web_gui/lib/python3.10/site-packages:/home/bilal/ros2_ws/install/velodyne_control_msgs/local/lib/python3.10/dist-packages:/home/bilal/ros2_ws/install/opencv_tools/lib/python3.10/site-packages:/home/bilal/ros2_ws/install/biy1_ros360_py/lib/python3.10/site-packages:/opt/ros/humble/lib/python3.10/site-packages:/opt/ros/humble/local/lib/python3.10/dist-packages'), ('COLCON', '1'), ('VTE_VERSION', '6800'), ('CMAKE_PREFIX_PATH', '/home/bilal/trail_tracer/install/trail_tracer:/home/bilal/trail_tracer/install/traethlin_description:/home/bilal/trail_tracer/install/gps_to_utm_converter_cpp:/home/bilal/trail_tracer/install/argo_sim:/home/bilal/trail_tracer/install/gazebo_ros_skid_steer_drive_6w:/home/bilal/trail_tracer/install/gazebo_ros_ackermann_drive_4wd:/home/bilal/trail_tracer/install/argo_nav:/home/bilal/learn_ros2_ws/install/traethlin_description:/home/bilal/learn_ros2_ws/install/nav2_system_tests:/home/bilal/learn_ros2_ws/install/nav2_bringup:/home/bilal/learn_ros2_ws/install/navigation2:/home/bilal/learn_ros2_ws/install/nav2_smoother:/home/bilal/learn_ros2_ws/install/nav2_graceful_controller:/home/bilal/learn_ros2_ws/install/nav2_dwb_controller:/home/bilal/learn_ros2_ws/install/nav2_controller:/home/bilal/learn_ros2_ws/install/dwb_plugins:/home/bilal/learn_ros2_ws/install/dwb_critics:/home/bilal/learn_ros2_ws/install/dwb_core:/home/bilal/learn_ros2_ws/install/nav_2d_utils:/home/bilal/learn_ros2_ws/install/dwb_msgs:/home/bilal/learn_ros2_ws/install/nav_2d_msgs:/home/bilal/learn_ros2_ws/install/nav2_waypoint_follower:/home/bilal/learn_ros2_ws/install/nav2_theta_star_planner:/home/bilal/learn_ros2_ws/install/nav2_smac_planner:/home/bilal/learn_ros2_ws/install/nav2_rotation_shim_controller:/home/bilal/learn_ros2_ws/install/nav2_regulated_pure_pursuit_controller:/home/bilal/learn_ros2_ws/install/nav2_planner:/home/bilal/learn_ros2_ws/install/nav2_navfn_planner:/home/bilal/learn_ros2_ws/install/nav2_mppi_controller:/home/bilal/learn_ros2_ws/install/nav2_constrained_smoother:/home/bilal/learn_ros2_ws/install/nav2_bt_navigator:/home/bilal/learn_ros2_ws/install/nav2_behaviors:/home/bilal/learn_ros2_ws/install/nav2_core:/home/bilal/learn_ros2_ws/install/nav2_collision_monitor:/home/bilal/learn_ros2_ws/install/costmap_queue:/home/bilal/learn_ros2_ws/install/nav2_costmap_2d:/home/bilal/learn_ros2_ws/install/nav2_voxel_grid:/home/bilal/learn_ros2_ws/install/nav2_velocity_smoother:/home/bilal/learn_ros2_ws/install/nav2_rviz_plugins:/home/bilal/learn_ros2_ws/install/nav2_map_server:/home/bilal/learn_ros2_ws/install/nav2_lifecycle_manager:/home/bilal/learn_ros2_ws/install/nav2_behavior_tree:/home/bilal/learn_ros2_ws/install/nav2_amcl:/home/bilal/learn_ros2_ws/install/nav2_util:/home/bilal/learn_ros2_ws/install/nav2_msgs:/home/bilal/learn_ros2_ws/install/nav2_common:/home/bilal/learn_ros2_ws/install/gps_to_utm_converter_cpp:/home/bilal/learn_ros2_ws/install/argo_sim:/home/bilal/learn_ros2_ws/install/gazebo_ros_skid_steer_drive_6w:/home/bilal/learn_ros2_ws/install/gazebo_ros_ackermann_drive_4wd:/home/bilal/learn_ros2_ws/install/biy1_ros360_cpp:/home/bilal/learn_ros2_ws/install/articubot_one:/home/bilal/mp/mp_ws/install/biy1_ros360_cpp:/home/bilal/ros2_ws/install/velodyne_simulation:/home/bilal/ros2_ws/install/velodyne_control_msgs:/home/bilal/ros2_ws/install/track_envs:/home/bilal/ros2_ws/install/ros360_moveit:/home/bilal/ros2_ws/install/biy1_ros360_cpp:/home/bilal/trail_tracer/install/web_gui:/home/bilal/learn_ros2_ws/install/web_gui:/home/bilal/learn_ros2_ws/install/nav2_simple_commander:/home/bilal/ros2_ws/install/web_gui:/home/bilal/ros2_ws/install/opencv_tools:/home/bilal/ros2_ws/install/biy1_ros360_py:/opt/ros/humble')]), 'shell': False}
[40.127489] (trail_tracer) StdoutLine: {'line': b'-- Install configuration: ""\n'}
[40.128350] (trail_tracer) StdoutLine: {'line': b'-- Installing: /home/bilal/trail_tracer/install/trail_tracer/lib/trail_tracer/trail_tracer\n'}
[40.151004] (trail_tracer) StdoutLine: {'line': b'-- Set runtime path of "/home/bilal/trail_tracer/install/trail_tracer/lib/trail_tracer/trail_tracer" to ""\n'}
[40.151133] (trail_tracer) StdoutLine: {'line': b'-- Installing: /home/bilal/trail_tracer/install/trail_tracer/lib/trail_tracer/refactor\n'}
[40.169297] (trail_tracer) StdoutLine: {'line': b'-- Set runtime path of "/home/bilal/trail_tracer/install/trail_tracer/lib/trail_tracer/refactor" to ""\n'}
[40.169826] (trail_tracer) StdoutLine: {'line': b'-- Up-to-date: /home/bilal/trail_tracer/install/trail_tracer/share/ament_index/resource_index/package_run_dependencies/trail_tracer\n'}
[40.170002] (trail_tracer) StdoutLine: {'line': b'-- Up-to-date: /home/bilal/trail_tracer/install/trail_tracer/share/ament_index/resource_index/parent_prefix_path/trail_tracer\n'}
[40.170074] (trail_tracer) StdoutLine: {'line': b'-- Up-to-date: /home/bilal/trail_tracer/install/trail_tracer/share/trail_tracer/environment/ament_prefix_path.sh\n'}
[40.170148] (trail_tracer) StdoutLine: {'line': b'-- Installing: /home/bilal/trail_tracer/install/trail_tracer/share/trail_tracer/environment/ament_prefix_path.dsv\n'}
[40.170410] (trail_tracer) StdoutLine: {'line': b'-- Up-to-date: /home/bilal/trail_tracer/install/trail_tracer/share/trail_tracer/environment/path.sh\n'}
[40.170478] (trail_tracer) StdoutLine: {'line': b'-- Installing: /home/bilal/trail_tracer/install/trail_tracer/share/trail_tracer/environment/path.dsv\n'}
[40.170673] (trail_tracer) StdoutLine: {'line': b'-- Up-to-date: /home/bilal/trail_tracer/install/trail_tracer/share/trail_tracer/local_setup.bash\n'}
[40.170734] (trail_tracer) StdoutLine: {'line': b'-- Up-to-date: /home/bilal/trail_tracer/install/trail_tracer/share/trail_tracer/local_setup.sh\n'}
[40.170800] (trail_tracer) StdoutLine: {'line': b'-- Up-to-date: /home/bilal/trail_tracer/install/trail_tracer/share/trail_tracer/local_setup.zsh\n'}
[40.170843] (trail_tracer) StdoutLine: {'line': b'-- Installing: /home/bilal/trail_tracer/install/trail_tracer/share/trail_tracer/local_setup.dsv\n'}
[40.170972] (trail_tracer) StdoutLine: {'line': b'-- Installing: /home/bilal/trail_tracer/install/trail_tracer/share/trail_tracer/package.dsv\n'}
[40.171266] (trail_tracer) StdoutLine: {'line': b'-- Up-to-date: /home/bilal/trail_tracer/install/trail_tracer/share/ament_index/resource_index/packages/trail_tracer\n'}
[40.171319] (trail_tracer) StdoutLine: {'line': b'-- Up-to-date: /home/bilal/trail_tracer/install/trail_tracer/share/trail_tracer/cmake/trail_tracerConfig.cmake\n'}
[40.171381] (trail_tracer) StdoutLine: {'line': b'-- Up-to-date: /home/bilal/trail_tracer/install/trail_tracer/share/trail_tracer/cmake/trail_tracerConfig-version.cmake\n'}
[40.171423] (trail_tracer) StdoutLine: {'line': b'-- Up-to-date: /home/bilal/trail_tracer/install/trail_tracer/share/trail_tracer/package.xml\n'}
[40.173273] (trail_tracer) CommandEnded: {'returncode': 0}
[40.209061] (-) TimerEvent: {}
[40.242827] (trail_tracer) JobEnded: {'identifier': 'trail_tracer', 'rc': 0}
[40.243236] (-) EventReactorShutdown: {}
