[0.032s] Invoking command in '/home/bilal/trail_tracer/build/traethlin_description': CMAKE_PREFIX_PATH=${CMAKE_PREFIX_PATH}:/home/bilal/trail_tracer/install/web_gui:/home/bilal/learn_ros2_ws/install/web_gui:/home/bilal/learn_ros2_ws/install/nav2_simple_commander:/home/bilal/ros2_ws/install/web_gui:/home/bilal/ros2_ws/install/opencv_tools:/home/bilal/ros2_ws/install/biy1_ros360_py:/opt/ros/humble /usr/bin/cmake --build /home/bilal/trail_tracer/build/traethlin_description -- -j12 -l12
[0.420s] Invoked command in '/home/bilal/trail_tracer/build/traethlin_description' returned '0': CMAKE_PREFIX_PATH=${CMAKE_PREFIX_PATH}:/home/bilal/trail_tracer/install/web_gui:/home/bilal/learn_ros2_ws/install/web_gui:/home/bilal/learn_ros2_ws/install/nav2_simple_commander:/home/bilal/ros2_ws/install/web_gui:/home/bilal/ros2_ws/install/opencv_tools:/home/bilal/ros2_ws/install/biy1_ros360_py:/opt/ros/humble /usr/bin/cmake --build /home/bilal/trail_tracer/build/traethlin_description -- -j12 -l12
[0.487s] Invoking command in '/home/bilal/trail_tracer/build/traethlin_description': CMAKE_PREFIX_PATH=${CMAKE_PREFIX_PATH}:/home/bilal/trail_tracer/install/web_gui:/home/bilal/learn_ros2_ws/install/web_gui:/home/bilal/learn_ros2_ws/install/nav2_simple_commander:/home/bilal/ros2_ws/install/web_gui:/home/bilal/ros2_ws/install/opencv_tools:/home/bilal/ros2_ws/install/biy1_ros360_py:/opt/ros/humble /usr/bin/cmake --install /home/bilal/trail_tracer/build/traethlin_description
[0.503s] -- Install configuration: ""
[0.503s] -- Up-to-date: /home/bilal/trail_tracer/install/traethlin_description/share/traethlin_description/urdf
[0.504s] -- Up-to-date: /home/bilal/trail_tracer/install/traethlin_description/share/traethlin_description/urdf/gazebo.material
[0.504s] -- Up-to-date: /home/bilal/trail_tracer/install/traethlin_description/share/traethlin_description/urdf/traethlin_constants.xacro
[0.504s] -- Up-to-date: /home/bilal/trail_tracer/install/traethlin_description/share/traethlin_description/urdf/traethlin.urdf.xacro
[0.504s] -- Up-to-date: /home/bilal/trail_tracer/install/traethlin_description/share/traethlin_description/urdf/traethlin_shock_absorbers.xacro
[0.504s] -- Up-to-date: /home/bilal/trail_tracer/install/traethlin_description/share/traethlin_description/urdf/traethlin.gazebo.xacro
[0.504s] -- Up-to-date: /home/bilal/trail_tracer/install/traethlin_description/share/traethlin_description/urdf/traethlin_wheels.xacro
[0.504s] -- Up-to-date: /home/bilal/trail_tracer/install/traethlin_description/share/traethlin_description/rviz
[0.505s] -- Up-to-date: /home/bilal/trail_tracer/install/traethlin_description/share/traethlin_description/rviz/traethlin.rviz
[0.505s] -- Up-to-date: /home/bilal/trail_tracer/install/traethlin_description/share/traethlin_description/launch
[0.505s] -- Up-to-date: /home/bilal/trail_tracer/install/traethlin_description/share/traethlin_description/launch/description.launch.py
[0.505s] -- Up-to-date: /home/bilal/trail_tracer/install/traethlin_description/share/traethlin_description/launch/gazebo.launch.py
[0.505s] -- Up-to-date: /home/bilal/trail_tracer/install/traethlin_description/share/traethlin_description/worlds
[0.505s] -- Up-to-date: /home/bilal/trail_tracer/install/traethlin_description/share/traethlin_description/worlds/traethlin.world
[0.505s] -- Up-to-date: /home/bilal/trail_tracer/install/traethlin_description/share/traethlin_description/meshes
[0.505s] -- Up-to-date: /home/bilal/trail_tracer/install/traethlin_description/share/traethlin_description/meshes/camera_assembly.stl
[0.506s] -- Up-to-date: /home/bilal/trail_tracer/install/traethlin_description/share/traethlin_description/meshes/roverFrontWheelTextured.dae
[0.506s] -- Up-to-date: /home/bilal/trail_tracer/install/traethlin_description/share/traethlin_description/meshes/roverRearWheelTextured.dae
[0.506s] -- Up-to-date: /home/bilal/trail_tracer/install/traethlin_description/share/traethlin_description/meshes/rover.stl
[0.507s] -- Up-to-date: /home/bilal/trail_tracer/install/traethlin_description/share/traethlin_description/meshes/chassis.stl
[0.507s] -- Up-to-date: /home/bilal/trail_tracer/install/traethlin_description/share/traethlin_description/meshes/Wheel_Texture.jpg
[0.508s] -- Up-to-date: /home/bilal/trail_tracer/install/traethlin_description/share/traethlin_description/meshes/roverFrontWheel.stl
[0.508s] -- Up-to-date: /home/bilal/trail_tracer/install/traethlin_description/share/traethlin_description/meshes/wheel.stl
[0.508s] -- Up-to-date: /home/bilal/trail_tracer/install/traethlin_description/share/traethlin_description/meshes/old_rover.stl
[0.508s] -- Up-to-date: /home/bilal/trail_tracer/install/traethlin_description/share/traethlin_description/meshes/Vehicle_Texture.dae
[0.508s] -- Up-to-date: /home/bilal/trail_tracer/install/traethlin_description/share/traethlin_description/meshes/roverRearWheel.stl
[0.508s] -- Up-to-date: /home/bilal/trail_tracer/install/traethlin_description/share/ament_index/resource_index/package_run_dependencies/traethlin_description
[0.508s] -- Up-to-date: /home/bilal/trail_tracer/install/traethlin_description/share/ament_index/resource_index/parent_prefix_path/traethlin_description
[0.508s] -- Up-to-date: /home/bilal/trail_tracer/install/traethlin_description/share/traethlin_description/environment/ament_prefix_path.sh
[0.508s] -- Up-to-date: /home/bilal/trail_tracer/install/traethlin_description/share/traethlin_description/environment/ament_prefix_path.dsv
[0.509s] -- Up-to-date: /home/bilal/trail_tracer/install/traethlin_description/share/traethlin_description/environment/path.sh
[0.509s] -- Up-to-date: /home/bilal/trail_tracer/install/traethlin_description/share/traethlin_description/environment/path.dsv
[0.509s] -- Up-to-date: /home/bilal/trail_tracer/install/traethlin_description/share/traethlin_description/local_setup.bash
[0.510s] -- Up-to-date: /home/bilal/trail_tracer/install/traethlin_description/share/traethlin_description/local_setup.sh
[0.510s] -- Up-to-date: /home/bilal/trail_tracer/install/traethlin_description/share/traethlin_description/local_setup.zsh
[0.510s] -- Up-to-date: /home/bilal/trail_tracer/install/traethlin_description/share/traethlin_description/local_setup.dsv
[0.510s] -- Installing: /home/bilal/trail_tracer/install/traethlin_description/share/traethlin_description/package.dsv
[0.510s] -- Up-to-date: /home/bilal/trail_tracer/install/traethlin_description/share/ament_index/resource_index/packages/traethlin_description
[0.510s] -- Up-to-date: /home/bilal/trail_tracer/install/traethlin_description/share/traethlin_description/cmake/traethlin_descriptionConfig.cmake
[0.510s] -- Up-to-date: /home/bilal/trail_tracer/install/traethlin_description/share/traethlin_description/cmake/traethlin_descriptionConfig-version.cmake
[0.510s] -- Up-to-date: /home/bilal/trail_tracer/install/traethlin_description/share/traethlin_description/package.xml
[0.510s] Invoked command in '/home/bilal/trail_tracer/build/traethlin_description' returned '0': CMAKE_PREFIX_PATH=${CMAKE_PREFIX_PATH}:/home/bilal/trail_tracer/install/web_gui:/home/bilal/learn_ros2_ws/install/web_gui:/home/bilal/learn_ros2_ws/install/nav2_simple_commander:/home/bilal/ros2_ws/install/web_gui:/home/bilal/ros2_ws/install/opencv_tools:/home/bilal/ros2_ws/install/biy1_ros360_py:/opt/ros/humble /usr/bin/cmake --install /home/bilal/trail_tracer/build/traethlin_description
