[0.054s] Invoking command in '/home/bilal/trail_tracer/build/nav2_common': CMAKE_PREFIX_PATH=${CMAKE_PREFIX_PATH}:/home/bilal/learn_ros2_ws/install/web_gui:/home/bilal/learn_ros2_ws/install/nav2_simple_commander:/home/bilal/ros2_ws/install/web_gui:/home/bilal/ros2_ws/install/opencv_tools:/home/bilal/ros2_ws/install/biy1_ros360_py:/opt/ros/humble /usr/bin/cmake /home/bilal/trail_tracer/src/navigation2/nav2_common -DCMAKE_INSTALL_PREFIX=/home/bilal/trail_tracer/install/nav2_common
[0.110s] -- Found ament_cmake_core: 1.3.8 (/opt/ros/humble/share/ament_cmake_core/cmake)
[0.290s] -- Found Python3: /usr/bin/python3 (found version "3.10.12") found components: Interpreter 
[0.373s] -- Found ament_cmake_python: 1.3.8 (/opt/ros/humble/share/ament_cmake_python/cmake)
[0.542s] -- Configuring done
[0.545s] -- Generating done
[0.546s] -- Build files have been written to: /home/bilal/trail_tracer/build/nav2_common
[0.549s] Invoked command in '/home/bilal/trail_tracer/build/nav2_common' returned '0': CMAKE_PREFIX_PATH=${CMAKE_PREFIX_PATH}:/home/bilal/learn_ros2_ws/install/web_gui:/home/bilal/learn_ros2_ws/install/nav2_simple_commander:/home/bilal/ros2_ws/install/web_gui:/home/bilal/ros2_ws/install/opencv_tools:/home/bilal/ros2_ws/install/biy1_ros360_py:/opt/ros/humble /usr/bin/cmake /home/bilal/trail_tracer/src/navigation2/nav2_common -DCMAKE_INSTALL_PREFIX=/home/bilal/trail_tracer/install/nav2_common
[0.551s] Invoking command in '/home/bilal/trail_tracer/build/nav2_common': CMAKE_PREFIX_PATH=${CMAKE_PREFIX_PATH}:/home/bilal/learn_ros2_ws/install/web_gui:/home/bilal/learn_ros2_ws/install/nav2_simple_commander:/home/bilal/ros2_ws/install/web_gui:/home/bilal/ros2_ws/install/opencv_tools:/home/bilal/ros2_ws/install/biy1_ros360_py:/opt/ros/humble /usr/bin/cmake --build /home/bilal/trail_tracer/build/nav2_common -- -j12 -l12
[0.657s] Built target ament_cmake_python_copy_nav2_common
[1.048s] running egg_info
[1.048s] creating nav2_common.egg-info
[1.048s] writing nav2_common.egg-info/PKG-INFO
[1.049s] writing dependency_links to nav2_common.egg-info/dependency_links.txt
[1.049s] writing top-level names to nav2_common.egg-info/top_level.txt
[1.052s] writing manifest file 'nav2_common.egg-info/SOURCES.txt'
[1.053s] reading manifest file 'nav2_common.egg-info/SOURCES.txt'
[1.055s] writing manifest file 'nav2_common.egg-info/SOURCES.txt'
[1.083s] Built target ament_cmake_python_build_nav2_common_egg
[1.106s] Invoked command in '/home/bilal/trail_tracer/build/nav2_common' returned '0': CMAKE_PREFIX_PATH=${CMAKE_PREFIX_PATH}:/home/bilal/learn_ros2_ws/install/web_gui:/home/bilal/learn_ros2_ws/install/nav2_simple_commander:/home/bilal/ros2_ws/install/web_gui:/home/bilal/ros2_ws/install/opencv_tools:/home/bilal/ros2_ws/install/biy1_ros360_py:/opt/ros/humble /usr/bin/cmake --build /home/bilal/trail_tracer/build/nav2_common -- -j12 -l12
[1.156s] Invoking command in '/home/bilal/trail_tracer/build/nav2_common': CMAKE_PREFIX_PATH=${CMAKE_PREFIX_PATH}:/home/bilal/learn_ros2_ws/install/web_gui:/home/bilal/learn_ros2_ws/install/nav2_simple_commander:/home/bilal/ros2_ws/install/web_gui:/home/bilal/ros2_ws/install/opencv_tools:/home/bilal/ros2_ws/install/biy1_ros360_py:/opt/ros/humble /usr/bin/cmake --install /home/bilal/trail_tracer/build/nav2_common
[1.168s] -- Install configuration: ""
[1.168s] -- Installing: /home/bilal/trail_tracer/install/nav2_common/share/nav2_common/environment/pythonpath.sh
[1.169s] -- Installing: /home/bilal/trail_tracer/install/nav2_common/share/nav2_common/environment/pythonpath.dsv
[1.169s] -- Installing: /home/bilal/trail_tracer/install/nav2_common/local/lib/python3.10/dist-packages/nav2_common-1.1.13-py3.10.egg-info
[1.169s] -- Installing: /home/bilal/trail_tracer/install/nav2_common/local/lib/python3.10/dist-packages/nav2_common-1.1.13-py3.10.egg-info/PKG-INFO
[1.169s] -- Installing: /home/bilal/trail_tracer/install/nav2_common/local/lib/python3.10/dist-packages/nav2_common-1.1.13-py3.10.egg-info/top_level.txt
[1.170s] -- Installing: /home/bilal/trail_tracer/install/nav2_common/local/lib/python3.10/dist-packages/nav2_common-1.1.13-py3.10.egg-info/dependency_links.txt
[1.170s] -- Installing: /home/bilal/trail_tracer/install/nav2_common/local/lib/python3.10/dist-packages/nav2_common-1.1.13-py3.10.egg-info/SOURCES.txt
[1.170s] -- Installing: /home/bilal/trail_tracer/install/nav2_common/local/lib/python3.10/dist-packages/nav2_common
[1.170s] -- Installing: /home/bilal/trail_tracer/install/nav2_common/local/lib/python3.10/dist-packages/nav2_common/__init__.py
[1.170s] -- Installing: /home/bilal/trail_tracer/install/nav2_common/local/lib/python3.10/dist-packages/nav2_common/launch
[1.170s] -- Installing: /home/bilal/trail_tracer/install/nav2_common/local/lib/python3.10/dist-packages/nav2_common/launch/parse_multirobot_pose.py
[1.170s] -- Installing: /home/bilal/trail_tracer/install/nav2_common/local/lib/python3.10/dist-packages/nav2_common/launch/has_node_params.py
[1.170s] -- Installing: /home/bilal/trail_tracer/install/nav2_common/local/lib/python3.10/dist-packages/nav2_common/launch/rewritten_yaml.py
[1.170s] -- Installing: /home/bilal/trail_tracer/install/nav2_common/local/lib/python3.10/dist-packages/nav2_common/launch/__init__.py
[1.170s] -- Installing: /home/bilal/trail_tracer/install/nav2_common/local/lib/python3.10/dist-packages/nav2_common/launch/replace_string.py
[1.208s] Listing '/home/bilal/trail_tracer/install/nav2_common/local/lib/python3.10/dist-packages/nav2_common'...
[1.208s] Compiling '/home/bilal/trail_tracer/install/nav2_common/local/lib/python3.10/dist-packages/nav2_common/__init__.py'...
[1.208s] Listing '/home/bilal/trail_tracer/install/nav2_common/local/lib/python3.10/dist-packages/nav2_common/launch'...
[1.209s] Compiling '/home/bilal/trail_tracer/install/nav2_common/local/lib/python3.10/dist-packages/nav2_common/launch/__init__.py'...
[1.209s] Compiling '/home/bilal/trail_tracer/install/nav2_common/local/lib/python3.10/dist-packages/nav2_common/launch/has_node_params.py'...
[1.209s] Compiling '/home/bilal/trail_tracer/install/nav2_common/local/lib/python3.10/dist-packages/nav2_common/launch/parse_multirobot_pose.py'...
[1.209s] Compiling '/home/bilal/trail_tracer/install/nav2_common/local/lib/python3.10/dist-packages/nav2_common/launch/replace_string.py'...
[1.209s] Compiling '/home/bilal/trail_tracer/install/nav2_common/local/lib/python3.10/dist-packages/nav2_common/launch/rewritten_yaml.py'...
[1.209s] -- Installing: /home/bilal/trail_tracer/install/nav2_common/share/ament_index/resource_index/package_run_dependencies/nav2_common
[1.209s] -- Installing: /home/bilal/trail_tracer/install/nav2_common/share/ament_index/resource_index/parent_prefix_path/nav2_common
[1.209s] -- Installing: /home/bilal/trail_tracer/install/nav2_common/share/nav2_common/environment/ament_prefix_path.sh
[1.210s] -- Installing: /home/bilal/trail_tracer/install/nav2_common/share/nav2_common/environment/ament_prefix_path.dsv
[1.210s] -- Installing: /home/bilal/trail_tracer/install/nav2_common/share/nav2_common/environment/path.sh
[1.210s] -- Installing: /home/bilal/trail_tracer/install/nav2_common/share/nav2_common/environment/path.dsv
[1.210s] -- Installing: /home/bilal/trail_tracer/install/nav2_common/share/nav2_common/local_setup.bash
[1.210s] -- Installing: /home/bilal/trail_tracer/install/nav2_common/share/nav2_common/local_setup.sh
[1.210s] -- Installing: /home/bilal/trail_tracer/install/nav2_common/share/nav2_common/local_setup.zsh
[1.210s] -- Installing: /home/bilal/trail_tracer/install/nav2_common/share/nav2_common/local_setup.dsv
[1.211s] -- Installing: /home/bilal/trail_tracer/install/nav2_common/share/nav2_common/package.dsv
[1.211s] -- Installing: /home/bilal/trail_tracer/install/nav2_common/share/ament_index/resource_index/packages/nav2_common
[1.211s] -- Installing: /home/bilal/trail_tracer/install/nav2_common/share/nav2_common/cmake/nav2_common-extras.cmake
[1.211s] -- Installing: /home/bilal/trail_tracer/install/nav2_common/share/nav2_common/cmake/nav2_commonConfig.cmake
[1.211s] -- Installing: /home/bilal/trail_tracer/install/nav2_common/share/nav2_common/cmake/nav2_commonConfig-version.cmake
[1.212s] -- Installing: /home/bilal/trail_tracer/install/nav2_common/share/nav2_common/package.xml
[1.212s] -- Up-to-date: /home/bilal/trail_tracer/install/nav2_common/share/nav2_common/cmake
[1.212s] -- Installing: /home/bilal/trail_tracer/install/nav2_common/share/nav2_common/cmake/nav2_package.cmake
[1.214s] Invoked command in '/home/bilal/trail_tracer/build/nav2_common' returned '0': CMAKE_PREFIX_PATH=${CMAKE_PREFIX_PATH}:/home/bilal/learn_ros2_ws/install/web_gui:/home/bilal/learn_ros2_ws/install/nav2_simple_commander:/home/bilal/ros2_ws/install/web_gui:/home/bilal/ros2_ws/install/opencv_tools:/home/bilal/ros2_ws/install/biy1_ros360_py:/opt/ros/humble /usr/bin/cmake --install /home/bilal/trail_tracer/build/nav2_common
