[0.036s] Invoking command in '/home/bilal/trail_tracer/build/gazebo_ros_ackermann_drive_4wd': CMAKE_PREFIX_PATH=${CMAKE_PREFIX_PATH}:/home/bilal/learn_ros2_ws/install/web_gui:/home/bilal/learn_ros2_ws/install/nav2_simple_commander:/home/bilal/ros2_ws/install/web_gui:/home/bilal/ros2_ws/install/opencv_tools:/home/bilal/ros2_ws/install/biy1_ros360_py:/opt/ros/humble /usr/bin/cmake /home/bilal/trail_tracer/src/gazebo_ros_ackermann_drive_4wd -DCMAKE_INSTALL_PREFIX=/home/bilal/trail_tracer/install/gazebo_ros_ackermann_drive_4wd
[0.164s] -- The C compiler identification is GNU 11.4.0
[0.247s] -- The CXX compiler identification is GNU 11.4.0
[0.257s] -- Detecting C compiler ABI info
[0.349s] -- Detecting C compiler ABI info - done
[0.356s] -- Check for working C compiler: /usr/bin/cc - skipped
[0.356s] -- Detecting C compile features
[0.357s] -- Detecting C compile features - done
[0.361s] -- Detecting CXX compiler ABI info
[0.467s] -- Detecting CXX compiler ABI info - done
[0.476s] -- Check for working CXX compiler: /usr/bin/c++ - skipped
[0.476s] -- Detecting CXX compile features
[0.477s] -- Detecting CXX compile features - done
[0.488s] -- Found ament_cmake: 1.3.8 (/opt/ros/humble/share/ament_cmake/cmake)
[0.679s] -- Found Python3: /usr/bin/python3 (found version "3.10.12") found components: Interpreter 
[0.876s] -- Found rclcpp: 16.0.8 (/opt/ros/humble/share/rclcpp/cmake)
[1.036s] -- Found rosidl_generator_c: 3.1.5 (/opt/ros/humble/share/rosidl_generator_c/cmake)
[1.052s] -- Found rosidl_adapter: 3.1.5 (/opt/ros/humble/share/rosidl_adapter/cmake)
[1.074s] -- Found rosidl_generator_cpp: 3.1.5 (/opt/ros/humble/share/rosidl_generator_cpp/cmake)
[1.105s] -- Using all available rosidl_typesupport_c: rosidl_typesupport_fastrtps_c;rosidl_typesupport_introspection_c
[1.149s] -- Using all available rosidl_typesupport_cpp: rosidl_typesupport_fastrtps_cpp;rosidl_typesupport_introspection_cpp
[1.318s] -- Found rmw_implementation_cmake: 6.1.1 (/opt/ros/humble/share/rmw_implementation_cmake/cmake)
[1.332s] -- Found rmw_fastrtps_cpp: 6.2.6 (/opt/ros/humble/share/rmw_fastrtps_cpp/cmake)
[1.535s] -- Found OpenSSL: /usr/lib/x86_64-linux-gnu/libcrypto.so (found version "3.0.2")  
[1.585s] -- Found FastRTPS: /opt/ros/humble/include  
[1.663s] -- Using RMW implementation 'rmw_fastrtps_cpp' as default
[1.691s] -- Looking for pthread.h
[1.788s] -- Looking for pthread.h - found
[1.789s] -- Performing Test CMAKE_HAVE_LIBC_PTHREAD
[1.882s] -- Performing Test CMAKE_HAVE_LIBC_PTHREAD - Success
[1.883s] -- Found Threads: TRUE  
[2.074s] -- Found tf2: 0.25.6 (/opt/ros/humble/share/tf2/cmake)
[2.182s] -- Found tf2_geometry_msgs: 0.25.6 (/opt/ros/humble/share/tf2_geometry_msgs/cmake)
[2.229s] -- Found eigen3_cmake_module: 0.1.1 (/opt/ros/humble/share/eigen3_cmake_module/cmake)
[2.230s] -- Found Eigen3: TRUE (found version "3.4.0") 
[2.230s] -- Ensuring Eigen3 include directory is part of orocos-kdl CMake target
[2.590s] -- Found nav_msgs: 4.2.3 (/opt/ros/humble/share/nav_msgs/cmake)
[2.681s] -- Found gazebo_dev: 3.7.0 (/opt/ros/humble/share/gazebo_dev/cmake)
[2.701s] -- Found PkgConfig: /usr/bin/pkg-config (found version "0.29.2") 
[2.703s] -- Checking for module 'bullet>=2.82'
[2.733s] --   Found bullet, version 3.05
[2.943s] -- Found fcl: /usr/include (found suitable version "0.7.0", minimum required is "0.5.0") 
[3.041s] -- Found assimp: /usr/include (found version "5.2.0") 
[3.144s] -- Found DART: /usr/include (Required is at least version "6.6") found components: dart 
[3.304s] -- Found Boost: /usr/lib/x86_64-linux-gnu/cmake/Boost-1.74.0/BoostConfig.cmake (found suitable version "1.74.0", minimum required is "1.40.0") found components: thread system filesystem program_options regex iostreams date_time 
[3.371s] -- Found Protobuf: /usr/lib/x86_64-linux-gnu/libprotobuf.so (found version "3.12.4") 
[3.413s] -- Looking for ignition-math6 -- found version 6.15.1
[3.441s] -- Searching for dependencies of ignition-math6
[3.445s] -- Looking for OGRE...
[3.445s] -- OGRE_PREFIX_WATCH changed.
[3.455s] -- Checking for module 'OGRE'
[3.519s] --   Found OGRE, version 1.9.0
[3.854s] -- Found Ogre Ghadamon (1.9.0)
[3.924s] -- Found OGRE: optimized;/usr/lib/x86_64-linux-gnu/libOgreMain.so;debug;/usr/lib/x86_64-linux-gnu/libOgreMain.so
[3.950s] -- Looking for OGRE_Paging...
[3.979s] -- Found OGRE_Paging: optimized;/usr/lib/x86_64-linux-gnu/libOgrePaging.so;debug;/usr/lib/x86_64-linux-gnu/libOgrePaging.so
[3.979s] -- Looking for OGRE_Terrain...
[4.033s] -- Found OGRE_Terrain: optimized;/usr/lib/x86_64-linux-gnu/libOgreTerrain.so;debug;/usr/lib/x86_64-linux-gnu/libOgreTerrain.so
[4.033s] -- Looking for OGRE_Property...
[4.052s] -- Found OGRE_Property: optimized;/usr/lib/x86_64-linux-gnu/libOgreProperty.so;debug;/usr/lib/x86_64-linux-gnu/libOgreProperty.so
[4.052s] -- Looking for OGRE_RTShaderSystem...
[4.071s] -- Found OGRE_RTShaderSystem: optimized;/usr/lib/x86_64-linux-gnu/libOgreRTShaderSystem.so;debug;/usr/lib/x86_64-linux-gnu/libOgreRTShaderSystem.so
[4.071s] -- Looking for OGRE_Volume...
[4.090s] -- Found OGRE_Volume: optimized;/usr/lib/x86_64-linux-gnu/libOgreVolume.so;debug;/usr/lib/x86_64-linux-gnu/libOgreVolume.so
[4.090s] -- Looking for OGRE_Overlay...
[4.115s] -- Found OGRE_Overlay: optimized;/usr/lib/x86_64-linux-gnu/libOgreOverlay.so;debug;/usr/lib/x86_64-linux-gnu/libOgreOverlay.so
[5.217s] -- Looking for ignition-math6 -- found version 6.15.1
[5.256s] -- Looking for ignition-transport8 -- found version 8.2.1
[5.257s] -- Searching for dependencies of ignition-transport8
[5.361s] -- Found Protobuf: /usr/lib/x86_64-linux-gnu/libprotobuf.so (found suitable version "3.12.4", minimum required is "3") 
[5.423s] -- Config-file not installed for ZeroMQ -- checking for pkg-config
[5.457s] -- Checking for module 'libzmq >= 4'
[5.600s] --   Found libzmq , version 4.3.4
[6.042s] -- Found ZeroMQ: TRUE (Required is at least version "4") 
[6.069s] -- Checking for module 'uuid'
[6.209s] --   Found uuid, version 2.37.2
[6.588s] -- Found UUID: TRUE  
[6.606s] -- Looking for ignition-msgs5 -- found version 5.8.1
[6.607s] -- Searching for dependencies of ignition-msgs5
[6.649s] -- Looking for ignition-math6 -- found version 6.15.1
[6.658s] -- Checking for module 'tinyxml2'
[6.788s] --   Found tinyxml2, version 9.0.0
[6.977s] -- Looking for ignition-msgs5 -- found version 5.8.1
[7.005s] -- Looking for ignition-common3 -- found version 3.14.0
[7.006s] -- Searching for dependencies of ignition-common3
[7.007s] -- Looking for dlfcn.h - found
[7.011s] -- Looking for libdl - found
[7.013s] -- Found DL: TRUE  
[7.080s] -- Found tinyobjloader: /usr/lib/x86_64-linux-gnu/cmake/tinyobjloader/tinyobjloader-config.cmake (found version "2.0.0") 
[7.080s] -- Searching for <ignition-common3> component [graphics]
[7.099s] -- Looking for ignition-common3-graphics -- found version 3.14.0
[7.099s] -- Searching for dependencies of ignition-common3-graphics
[7.100s] -- Looking for ignition-math6 -- found version 6.15.1
[7.131s] -- Looking for ignition-fuel_tools4 -- found version 4.4.0
[7.131s] -- Searching for dependencies of ignition-fuel_tools4
[7.636s] -- Found CURL: /usr/lib/x86_64-linux-gnu/libcurl.so (found version "7.81.0")  
[7.697s] -- Checking for module 'jsoncpp'
[7.754s] --   Found jsoncpp, version 1.9.5
[7.939s] -- Found JSONCPP: TRUE  
[7.956s] -- Checking for module 'libzip'
[8.027s] --   Found libzip, version 1.7.3
[8.149s] -- Found ZIP: TRUE  
[8.150s] -- Looking for ignition-common3 -- found version 3.14.0
[8.150s] -- Looking for ignition-math6 -- found version 6.15.1
[8.151s] -- Looking for ignition-msgs5 -- found version 5.8.1
[8.171s] -- Gazebo version: 11.10
[8.172s] -- Checking for module 'tbb'
[8.240s] --   Found tbb, version 2021.5.0
[8.589s] -- Configuring done
[8.659s] -- Generating done
[8.663s] -- Build files have been written to: /home/bilal/trail_tracer/build/gazebo_ros_ackermann_drive_4wd
[8.767s] Invoked command in '/home/bilal/trail_tracer/build/gazebo_ros_ackermann_drive_4wd' returned '0': CMAKE_PREFIX_PATH=${CMAKE_PREFIX_PATH}:/home/bilal/learn_ros2_ws/install/web_gui:/home/bilal/learn_ros2_ws/install/nav2_simple_commander:/home/bilal/ros2_ws/install/web_gui:/home/bilal/ros2_ws/install/opencv_tools:/home/bilal/ros2_ws/install/biy1_ros360_py:/opt/ros/humble /usr/bin/cmake /home/bilal/trail_tracer/src/gazebo_ros_ackermann_drive_4wd -DCMAKE_INSTALL_PREFIX=/home/bilal/trail_tracer/install/gazebo_ros_ackermann_drive_4wd
[8.768s] Invoking command in '/home/bilal/trail_tracer/build/gazebo_ros_ackermann_drive_4wd': CMAKE_PREFIX_PATH=${CMAKE_PREFIX_PATH}:/home/bilal/learn_ros2_ws/install/web_gui:/home/bilal/learn_ros2_ws/install/nav2_simple_commander:/home/bilal/ros2_ws/install/web_gui:/home/bilal/ros2_ws/install/opencv_tools:/home/bilal/ros2_ws/install/biy1_ros360_py:/opt/ros/humble /usr/bin/cmake --build /home/bilal/trail_tracer/build/gazebo_ros_ackermann_drive_4wd -- -j12 -l12
[8.982s] [ 50%] [32mBuilding CXX object CMakeFiles/gazebo_ros_ackermann_drive_4wd.dir/src/gazebo_ros_ackermann_drive_4wd.cpp.o[0m
[37.150s] [100%] [32m[1mLinking CXX shared library libgazebo_ros_ackermann_drive_4wd.so[0m
[37.732s] [100%] Built target gazebo_ros_ackermann_drive_4wd
[37.747s] Invoked command in '/home/bilal/trail_tracer/build/gazebo_ros_ackermann_drive_4wd' returned '0': CMAKE_PREFIX_PATH=${CMAKE_PREFIX_PATH}:/home/bilal/learn_ros2_ws/install/web_gui:/home/bilal/learn_ros2_ws/install/nav2_simple_commander:/home/bilal/ros2_ws/install/web_gui:/home/bilal/ros2_ws/install/opencv_tools:/home/bilal/ros2_ws/install/biy1_ros360_py:/opt/ros/humble /usr/bin/cmake --build /home/bilal/trail_tracer/build/gazebo_ros_ackermann_drive_4wd -- -j12 -l12
[37.796s] Invoking command in '/home/bilal/trail_tracer/build/gazebo_ros_ackermann_drive_4wd': CMAKE_PREFIX_PATH=${CMAKE_PREFIX_PATH}:/home/bilal/learn_ros2_ws/install/web_gui:/home/bilal/learn_ros2_ws/install/nav2_simple_commander:/home/bilal/ros2_ws/install/web_gui:/home/bilal/ros2_ws/install/opencv_tools:/home/bilal/ros2_ws/install/biy1_ros360_py:/opt/ros/humble /usr/bin/cmake --install /home/bilal/trail_tracer/build/gazebo_ros_ackermann_drive_4wd
[37.806s] -- Install configuration: ""
[37.806s] -- Installing: /home/bilal/trail_tracer/install/gazebo_ros_ackermann_drive_4wd/share/gazebo_ros_ackermann_drive_4wd/environment/library_path.sh
[37.806s] -- Installing: /home/bilal/trail_tracer/install/gazebo_ros_ackermann_drive_4wd/share/gazebo_ros_ackermann_drive_4wd/environment/library_path.dsv
[37.807s] -- Installing: /home/bilal/trail_tracer/install/gazebo_ros_ackermann_drive_4wd/include
[37.807s] -- Installing: /home/bilal/trail_tracer/install/gazebo_ros_ackermann_drive_4wd/lib/libgazebo_ros_ackermann_drive_4wd.so
[37.817s] -- Set runtime path of "/home/bilal/trail_tracer/install/gazebo_ros_ackermann_drive_4wd/lib/libgazebo_ros_ackermann_drive_4wd.so" to ""
[37.817s] -- Installing: /home/bilal/trail_tracer/install/gazebo_ros_ackermann_drive_4wd/share/ament_index/resource_index/package_run_dependencies/gazebo_ros_ackermann_drive_4wd
[37.817s] -- Installing: /home/bilal/trail_tracer/install/gazebo_ros_ackermann_drive_4wd/share/ament_index/resource_index/parent_prefix_path/gazebo_ros_ackermann_drive_4wd
[37.817s] -- Installing: /home/bilal/trail_tracer/install/gazebo_ros_ackermann_drive_4wd/share/gazebo_ros_ackermann_drive_4wd/environment/ament_prefix_path.sh
[37.817s] -- Installing: /home/bilal/trail_tracer/install/gazebo_ros_ackermann_drive_4wd/share/gazebo_ros_ackermann_drive_4wd/environment/ament_prefix_path.dsv
[37.817s] -- Installing: /home/bilal/trail_tracer/install/gazebo_ros_ackermann_drive_4wd/share/gazebo_ros_ackermann_drive_4wd/environment/path.sh
[37.817s] -- Installing: /home/bilal/trail_tracer/install/gazebo_ros_ackermann_drive_4wd/share/gazebo_ros_ackermann_drive_4wd/environment/path.dsv
[37.818s] -- Installing: /home/bilal/trail_tracer/install/gazebo_ros_ackermann_drive_4wd/share/gazebo_ros_ackermann_drive_4wd/local_setup.bash
[37.818s] -- Installing: /home/bilal/trail_tracer/install/gazebo_ros_ackermann_drive_4wd/share/gazebo_ros_ackermann_drive_4wd/local_setup.sh
[37.818s] -- Installing: /home/bilal/trail_tracer/install/gazebo_ros_ackermann_drive_4wd/share/gazebo_ros_ackermann_drive_4wd/local_setup.zsh
[37.818s] -- Installing: /home/bilal/trail_tracer/install/gazebo_ros_ackermann_drive_4wd/share/gazebo_ros_ackermann_drive_4wd/local_setup.dsv
[37.818s] -- Installing: /home/bilal/trail_tracer/install/gazebo_ros_ackermann_drive_4wd/share/gazebo_ros_ackermann_drive_4wd/package.dsv
[37.818s] -- Installing: /home/bilal/trail_tracer/install/gazebo_ros_ackermann_drive_4wd/share/ament_index/resource_index/packages/gazebo_ros_ackermann_drive_4wd
[37.818s] -- Installing: /home/bilal/trail_tracer/install/gazebo_ros_ackermann_drive_4wd/share/gazebo_ros_ackermann_drive_4wd/cmake/ament_cmake_export_libraries-extras.cmake
[37.818s] -- Installing: /home/bilal/trail_tracer/install/gazebo_ros_ackermann_drive_4wd/share/gazebo_ros_ackermann_drive_4wd/cmake/ament_cmake_export_dependencies-extras.cmake
[37.819s] -- Installing: /home/bilal/trail_tracer/install/gazebo_ros_ackermann_drive_4wd/share/gazebo_ros_ackermann_drive_4wd/cmake/ament_cmake_export_include_directories-extras.cmake
[37.819s] -- Installing: /home/bilal/trail_tracer/install/gazebo_ros_ackermann_drive_4wd/share/gazebo_ros_ackermann_drive_4wd/cmake/gazebo_ros_ackermann_drive_4wdConfig.cmake
[37.819s] -- Installing: /home/bilal/trail_tracer/install/gazebo_ros_ackermann_drive_4wd/share/gazebo_ros_ackermann_drive_4wd/cmake/gazebo_ros_ackermann_drive_4wdConfig-version.cmake
[37.819s] -- Installing: /home/bilal/trail_tracer/install/gazebo_ros_ackermann_drive_4wd/share/gazebo_ros_ackermann_drive_4wd/package.xml
[37.821s] Invoked command in '/home/bilal/trail_tracer/build/gazebo_ros_ackermann_drive_4wd' returned '0': CMAKE_PREFIX_PATH=${CMAKE_PREFIX_PATH}:/home/bilal/learn_ros2_ws/install/web_gui:/home/bilal/learn_ros2_ws/install/nav2_simple_commander:/home/bilal/ros2_ws/install/web_gui:/home/bilal/ros2_ws/install/opencv_tools:/home/bilal/ros2_ws/install/biy1_ros360_py:/opt/ros/humble /usr/bin/cmake --install /home/bilal/trail_tracer/build/gazebo_ros_ackermann_drive_4wd
