[0.034s] Invoking command in '/home/bilal/trail_tracer/build/gps_to_utm_converter_cpp': CMAKE_PREFIX_PATH=${CMAKE_PREFIX_PATH}:/home/bilal/trail_tracer/install/web_gui:/home/bilal/learn_ros2_ws/install/web_gui:/home/bilal/learn_ros2_ws/install/nav2_simple_commander:/home/bilal/ros2_ws/install/web_gui:/home/bilal/ros2_ws/install/opencv_tools:/home/bilal/ros2_ws/install/biy1_ros360_py:/opt/ros/humble /usr/bin/cmake /home/bilal/trail_tracer/src/gps_to_utm_converter_cpp -DCMAKE_INSTALL_PREFIX=/home/bilal/trail_tracer/install/gps_to_utm_converter_cpp
[0.097s] -- The C compiler identification is GNU 11.4.0
[0.162s] -- The CXX compiler identification is GNU 11.4.0
[0.170s] -- Detecting C compiler ABI info
[0.261s] -- Detecting C compiler ABI info - done
[0.269s] -- Check for working C compiler: /usr/bin/cc - skipped
[0.270s] -- Detecting C compile features
[0.270s] -- Detecting C compile features - done
[0.272s] -- Detecting CXX compiler ABI info
[0.372s] -- Detecting CXX compiler ABI info - done
[0.377s] -- Check for working CXX compiler: /usr/bin/c++ - skipped
[0.377s] -- Detecting CXX compile features
[0.378s] -- Detecting CXX compile features - done
[0.387s] -- Found ament_cmake: 1.3.8 (/opt/ros/humble/share/ament_cmake/cmake)
[0.561s] -- Found Python3: /usr/bin/python3 (found version "3.10.12") found components: Interpreter 
[0.750s] -- Found rclcpp: 16.0.8 (/opt/ros/humble/share/rclcpp/cmake)
[0.879s] -- Found rosidl_generator_c: 3.1.5 (/opt/ros/humble/share/rosidl_generator_c/cmake)
[0.898s] -- Found rosidl_adapter: 3.1.5 (/opt/ros/humble/share/rosidl_adapter/cmake)
[0.920s] -- Found rosidl_generator_cpp: 3.1.5 (/opt/ros/humble/share/rosidl_generator_cpp/cmake)
[0.950s] -- Using all available rosidl_typesupport_c: rosidl_typesupport_fastrtps_c;rosidl_typesupport_introspection_c
[0.995s] -- Using all available rosidl_typesupport_cpp: rosidl_typesupport_fastrtps_cpp;rosidl_typesupport_introspection_cpp
[1.132s] -- Found rmw_implementation_cmake: 6.1.1 (/opt/ros/humble/share/rmw_implementation_cmake/cmake)
[1.143s] -- Found rmw_fastrtps_cpp: 6.2.6 (/opt/ros/humble/share/rmw_fastrtps_cpp/cmake)
[1.308s] -- Found OpenSSL: /usr/lib/x86_64-linux-gnu/libcrypto.so (found version "3.0.2")  
[1.350s] -- Found FastRTPS: /opt/ros/humble/include  
[1.411s] -- Using RMW implementation 'rmw_fastrtps_cpp' as default
[1.439s] -- Looking for pthread.h
[1.519s] -- Looking for pthread.h - found
[1.519s] -- Performing Test CMAKE_HAVE_LIBC_PTHREAD
[1.602s] -- Performing Test CMAKE_HAVE_LIBC_PTHREAD - Success
[1.603s] -- Found Threads: TRUE  
[1.763s] -- Found geometry_msgs: 4.2.3 (/opt/ros/humble/share/geometry_msgs/cmake)
[1.827s] -- Found sensor_msgs: 4.2.3 (/opt/ros/humble/share/sensor_msgs/cmake)
[1.898s] -- Found tf2_geometry_msgs: 0.25.6 (/opt/ros/humble/share/tf2_geometry_msgs/cmake)
[1.937s] -- Found eigen3_cmake_module: 0.1.1 (/opt/ros/humble/share/eigen3_cmake_module/cmake)
[1.937s] -- Found Eigen3: TRUE (found version "3.4.0") 
[1.938s] -- Ensuring Eigen3 include directory is part of orocos-kdl CMake target
[2.263s] -- Found GeographicLib: /usr/lib/x86_64-linux-gnu  
[2.277s] -- Found ament_lint_auto: 0.12.10 (/opt/ros/humble/share/ament_lint_auto/cmake)
[2.384s] -- Added test 'cppcheck' to perform static code analysis on C / C++ code
[2.384s] -- Configured cppcheck include dirs: 
[2.384s] -- Configured cppcheck exclude dirs and/or files: 
[2.386s] -- Added test 'lint_cmake' to check CMake code style
[2.387s] -- Added test 'uncrustify' to check C / C++ code style
[2.387s] -- Configured uncrustify additional arguments: 
[2.389s] -- Added test 'xmllint' to check XML markup files
[2.391s] -- Configuring done
[2.400s] -- Generating done
[2.402s] -- Build files have been written to: /home/bilal/trail_tracer/build/gps_to_utm_converter_cpp
[2.411s] Invoked command in '/home/bilal/trail_tracer/build/gps_to_utm_converter_cpp' returned '0': CMAKE_PREFIX_PATH=${CMAKE_PREFIX_PATH}:/home/bilal/trail_tracer/install/web_gui:/home/bilal/learn_ros2_ws/install/web_gui:/home/bilal/learn_ros2_ws/install/nav2_simple_commander:/home/bilal/ros2_ws/install/web_gui:/home/bilal/ros2_ws/install/opencv_tools:/home/bilal/ros2_ws/install/biy1_ros360_py:/opt/ros/humble /usr/bin/cmake /home/bilal/trail_tracer/src/gps_to_utm_converter_cpp -DCMAKE_INSTALL_PREFIX=/home/bilal/trail_tracer/install/gps_to_utm_converter_cpp
[2.413s] Invoking command in '/home/bilal/trail_tracer/build/gps_to_utm_converter_cpp': CMAKE_PREFIX_PATH=${CMAKE_PREFIX_PATH}:/home/bilal/trail_tracer/install/web_gui:/home/bilal/learn_ros2_ws/install/web_gui:/home/bilal/learn_ros2_ws/install/nav2_simple_commander:/home/bilal/ros2_ws/install/web_gui:/home/bilal/ros2_ws/install/opencv_tools:/home/bilal/ros2_ws/install/biy1_ros360_py:/opt/ros/humble /usr/bin/cmake --build /home/bilal/trail_tracer/build/gps_to_utm_converter_cpp -- -j12 -l12
[2.483s] [ 50%] [32mBuilding CXX object CMakeFiles/converter_node.dir/src/converter_node.cpp.o[0m
[12.245s] [100%] [32m[1mLinking CXX executable converter_node[0m
[12.803s] [100%] Built target converter_node
[12.826s] Invoked command in '/home/bilal/trail_tracer/build/gps_to_utm_converter_cpp' returned '0': CMAKE_PREFIX_PATH=${CMAKE_PREFIX_PATH}:/home/bilal/trail_tracer/install/web_gui:/home/bilal/learn_ros2_ws/install/web_gui:/home/bilal/learn_ros2_ws/install/nav2_simple_commander:/home/bilal/ros2_ws/install/web_gui:/home/bilal/ros2_ws/install/opencv_tools:/home/bilal/ros2_ws/install/biy1_ros360_py:/opt/ros/humble /usr/bin/cmake --build /home/bilal/trail_tracer/build/gps_to_utm_converter_cpp -- -j12 -l12
[12.898s] Invoking command in '/home/bilal/trail_tracer/build/gps_to_utm_converter_cpp': CMAKE_PREFIX_PATH=${CMAKE_PREFIX_PATH}:/home/bilal/trail_tracer/install/web_gui:/home/bilal/learn_ros2_ws/install/web_gui:/home/bilal/learn_ros2_ws/install/nav2_simple_commander:/home/bilal/ros2_ws/install/web_gui:/home/bilal/ros2_ws/install/opencv_tools:/home/bilal/ros2_ws/install/biy1_ros360_py:/opt/ros/humble /usr/bin/cmake --install /home/bilal/trail_tracer/build/gps_to_utm_converter_cpp
[12.916s] -- Install configuration: ""
[12.916s] -- Installing: /home/bilal/trail_tracer/install/gps_to_utm_converter_cpp/lib/gps_to_utm_converter_cpp/converter_node
[12.923s] -- Set runtime path of "/home/bilal/trail_tracer/install/gps_to_utm_converter_cpp/lib/gps_to_utm_converter_cpp/converter_node" to ""
[12.923s] -- Installing: /home/bilal/trail_tracer/install/gps_to_utm_converter_cpp/share/ament_index/resource_index/package_run_dependencies/gps_to_utm_converter_cpp
[12.923s] -- Installing: /home/bilal/trail_tracer/install/gps_to_utm_converter_cpp/share/ament_index/resource_index/parent_prefix_path/gps_to_utm_converter_cpp
[12.924s] -- Installing: /home/bilal/trail_tracer/install/gps_to_utm_converter_cpp/share/gps_to_utm_converter_cpp/environment/ament_prefix_path.sh
[12.924s] -- Installing: /home/bilal/trail_tracer/install/gps_to_utm_converter_cpp/share/gps_to_utm_converter_cpp/environment/ament_prefix_path.dsv
[12.924s] -- Installing: /home/bilal/trail_tracer/install/gps_to_utm_converter_cpp/share/gps_to_utm_converter_cpp/environment/path.sh
[12.924s] -- Installing: /home/bilal/trail_tracer/install/gps_to_utm_converter_cpp/share/gps_to_utm_converter_cpp/environment/path.dsv
[12.924s] -- Installing: /home/bilal/trail_tracer/install/gps_to_utm_converter_cpp/share/gps_to_utm_converter_cpp/local_setup.bash
[12.924s] -- Installing: /home/bilal/trail_tracer/install/gps_to_utm_converter_cpp/share/gps_to_utm_converter_cpp/local_setup.sh
[12.925s] -- Installing: /home/bilal/trail_tracer/install/gps_to_utm_converter_cpp/share/gps_to_utm_converter_cpp/local_setup.zsh
[12.925s] -- Installing: /home/bilal/trail_tracer/install/gps_to_utm_converter_cpp/share/gps_to_utm_converter_cpp/local_setup.dsv
[12.925s] -- Installing: /home/bilal/trail_tracer/install/gps_to_utm_converter_cpp/share/gps_to_utm_converter_cpp/package.dsv
[12.925s] -- Installing: /home/bilal/trail_tracer/install/gps_to_utm_converter_cpp/share/ament_index/resource_index/packages/gps_to_utm_converter_cpp
[12.925s] -- Installing: /home/bilal/trail_tracer/install/gps_to_utm_converter_cpp/share/gps_to_utm_converter_cpp/cmake/gps_to_utm_converter_cppConfig.cmake
[12.926s] -- Installing: /home/bilal/trail_tracer/install/gps_to_utm_converter_cpp/share/gps_to_utm_converter_cpp/cmake/gps_to_utm_converter_cppConfig-version.cmake
[12.926s] -- Installing: /home/bilal/trail_tracer/install/gps_to_utm_converter_cpp/share/gps_to_utm_converter_cpp/package.xml
[12.929s] Invoked command in '/home/bilal/trail_tracer/build/gps_to_utm_converter_cpp' returned '0': CMAKE_PREFIX_PATH=${CMAKE_PREFIX_PATH}:/home/bilal/trail_tracer/install/web_gui:/home/bilal/learn_ros2_ws/install/web_gui:/home/bilal/learn_ros2_ws/install/nav2_simple_commander:/home/bilal/ros2_ws/install/web_gui:/home/bilal/ros2_ws/install/opencv_tools:/home/bilal/ros2_ws/install/biy1_ros360_py:/opt/ros/humble /usr/bin/cmake --install /home/bilal/trail_tracer/build/gps_to_utm_converter_cpp
