[0.068s] Invoking command in '/home/bilal/trail_tracer/build/biy1_ros360_cpp': CMAKE_PREFIX_PATH=${CMAKE_PREFIX_PATH}:/home/bilal/trail_tracer/install/web_gui:/home/bilal/trail_tracer/install/nav2_simple_commander:/home/bilal/learn_ros2_ws/install/web_gui:/home/bilal/learn_ros2_ws/install/nav2_simple_commander:/home/bilal/ros2_ws/install/web_gui:/home/bilal/ros2_ws/install/opencv_tools:/home/bilal/ros2_ws/install/biy1_ros360_py:/opt/ros/humble /usr/bin/cmake --build /home/bilal/trail_tracer/build/biy1_ros360_cpp -- -j12 -l12
[0.212s] [35m[1mConsolidate compiler generated dependencies of target trail_tracer[0m
[0.250s] [ 16%] Built target examplePublisher
[0.263s] [ 33%] Built target helloWorld
[0.265s] [ 50%] Built target testCode
[0.281s] [ 66%] Built target nav2
[0.282s] [ 83%] Built target exampleSubscriber
[0.283s] [ 91%] [32mBuilding CXX object CMakeFiles/trail_tracer.dir/src/trail_tracer.cpp.o[0m
[2.716s] [01m[K/home/bilal/trail_tracer/src/biy1_ros360_cpp/src/trail_tracer.cpp:[m[K In constructor ‘[01m[KTestCode::TestCode()[m[K’:
[2.716s] [01m[K/home/bilal/trail_tracer/src/biy1_ros360_cpp/src/trail_tracer.cpp:64:81:[m[K [01;31m[Kerror: [m[Kno match for ‘[01m[Koperator=[m[K’ (operand types are ‘[01m[Krclcpp::Subscription<std_msgs::msg::String_<std::allocator<void> > >::SharedPtr[m[K’ {aka ‘[01m[Kstd::shared_ptr<rclcpp::Subscription<std_msgs::msg::String_<std::allocator<void> > > >[m[K’} and ‘[01m[Kstd::shared_ptr<rclcpp::Subscription<geometry_msgs::msg::PoseStamped_<std::allocator<void> >, std::allocator<void>, geometry_msgs::msg::PoseStamped_<std::allocator<void> >, geometry_msgs::msg::PoseStamped_<std::allocator<void> >, rclcpp::message_memory_strategy::MessageMemoryStrategy<geometry_msgs::msg::PoseStamped_<std::allocator<void> >, std::allocator<void> > > >[m[K’)
[2.716s]    64 |             std::bind(&TestCode::utm_data_callback, this, std::placeholders::_1)[01;31m[K)[m[K;
[2.716s]       |                                                                                 [01;31m[K^[m[K
[2.716s] In file included from [01m[K/usr/include/c++/11/memory:77[m[K,
[2.716s]                  from [01m[K/home/bilal/trail_tracer/src/biy1_ros360_cpp/src/trail_tracer.cpp:4[m[K:
[2.716s] [01m[K/usr/include/c++/11/bits/shared_ptr.h:363:9:[m[K [01;36m[Knote: [m[Kcandidate: ‘[01m[Ktemplate<class _Yp> std::shared_ptr<_Tp>::_Assignable<const std::shared_ptr<_Yp>&> std::shared_ptr<_Tp>::operator=(const std::shared_ptr<_Yp>&) [with _Yp = _Yp; _Tp = rclcpp::Subscription<std_msgs::msg::String_<std::allocator<void> > >][m[K’
[2.716s]   363 |         [01;36m[Koperator[m[K=(const shared_ptr<_Yp>& __r) noexcept
[2.716s]       |         [01;36m[K^~~~~~~~[m[K
[2.716s] [01m[K/usr/include/c++/11/bits/shared_ptr.h:363:9:[m[K [01;36m[Knote: [m[K  template argument deduction/substitution failed:
[2.717s] /usr/include/c++/11/bits/shared_ptr.h: In substitution of ‘[01m[Ktemplate<class _Tp> template<class _Arg> using _Assignable = typename std::enable_if<std::is_assignable<std::__shared_ptr<_Tp>&, _Arg>::value, std::shared_ptr<_Tp>&>::type [with _Arg = const std::shared_ptr<rclcpp::Subscription<geometry_msgs::msg::PoseStamped_<std::allocator<void> >, std::allocator<void>, geometry_msgs::msg::PoseStamped_<std::allocator<void> >, geometry_msgs::msg::PoseStamped_<std::allocator<void> >, rclcpp::message_memory_strategy::MessageMemoryStrategy<geometry_msgs::msg::PoseStamped_<std::allocator<void> >, std::allocator<void> > > >&; _Tp = rclcpp::Subscription<std_msgs::msg::String_<std::allocator<void> > >][m[K’:
[2.717s] [01m[K/usr/include/c++/11/bits/shared_ptr.h:363:2:[m[K   required by substitution of ‘[01m[Ktemplate<class _Yp> std::shared_ptr<rclcpp::Subscription<std_msgs::msg::String_<std::allocator<void> > > >::_Assignable<const std::shared_ptr<_Tp>&> std::shared_ptr<rclcpp::Subscription<std_msgs::msg::String_<std::allocator<void> > > >::operator=<_Yp>(const std::shared_ptr<_Tp>&) [with _Yp = rclcpp::Subscription<geometry_msgs::msg::PoseStamped_<std::allocator<void> >, std::allocator<void>, geometry_msgs::msg::PoseStamped_<std::allocator<void> >, geometry_msgs::msg::PoseStamped_<std::allocator<void> >, rclcpp::message_memory_strategy::MessageMemoryStrategy<geometry_msgs::msg::PoseStamped_<std::allocator<void> >, std::allocator<void> > >][m[K’
[2.717s] [01m[K/home/bilal/trail_tracer/src/biy1_ros360_cpp/src/trail_tracer.cpp:64:81:[m[K   required from here
[2.717s] [01m[K/usr/include/c++/11/bits/shared_ptr.h:130:15:[m[K [01;31m[Kerror: [m[Kno type named ‘[01m[Ktype[m[K’ in ‘[01m[Kstruct std::enable_if<false, std::shared_ptr<rclcpp::Subscription<std_msgs::msg::String_<std::allocator<void> > > >&>[m[K’
[2.717s]   130 |         using [01;31m[K_Assignable[m[K = typename enable_if<
[2.717s]       |               [01;31m[K^~~~~~~~~~~[m[K
[2.717s] [01m[K/usr/include/c++/11/bits/shared_ptr.h:374:9:[m[K [01;36m[Knote: [m[Kcandidate: ‘[01m[Ktemplate<class _Yp> std::shared_ptr<_Tp>::_Assignable<std::auto_ptr<_Up> > std::shared_ptr<_Tp>::operator=(std::auto_ptr<_Up>&&) [with _Yp = _Yp; _Tp = rclcpp::Subscription<std_msgs::msg::String_<std::allocator<void> > >][m[K’
[2.717s]   374 |         [01;36m[Koperator[m[K=(auto_ptr<_Yp>&& __r)
[2.717s]       |         [01;36m[K^~~~~~~~[m[K
[2.717s] [01m[K/usr/include/c++/11/bits/shared_ptr.h:374:9:[m[K [01;36m[Knote: [m[K  template argument deduction/substitution failed:
[2.717s] [01m[K/home/bilal/trail_tracer/src/biy1_ros360_cpp/src/trail_tracer.cpp:64:81:[m[K [01;36m[Knote: [m[K  ‘[01m[Kstd::shared_ptr<rclcpp::Subscription<geometry_msgs::msg::PoseStamped_<std::allocator<void> >, std::allocator<void>, geometry_msgs::msg::PoseStamped_<std::allocator<void> >, geometry_msgs::msg::PoseStamped_<std::allocator<void> >, rclcpp::message_memory_strategy::MessageMemoryStrategy<geometry_msgs::msg::PoseStamped_<std::allocator<void> >, std::allocator<void> > > >[m[K’ is not derived from ‘[01m[Kstd::auto_ptr<_Up>[m[K’
[2.717s]    64 |             std::bind(&TestCode::utm_data_callback, this, std::placeholders::_1)[01;36m[K)[m[K;
[2.717s]       |                                                                                 [01;36m[K^[m[K
[2.717s] In file included from [01m[K/usr/include/c++/11/memory:77[m[K,
[2.717s]                  from [01m[K/home/bilal/trail_tracer/src/biy1_ros360_cpp/src/trail_tracer.cpp:4[m[K:
[2.717s] [01m[K/usr/include/c++/11/bits/shared_ptr.h:391:9:[m[K [01;36m[Knote: [m[Kcandidate: ‘[01m[Ktemplate<class _Yp> std::shared_ptr<_Tp>::_Assignable<std::shared_ptr<_Yp> > std::shared_ptr<_Tp>::operator=(std::shared_ptr<_Yp>&&) [with _Yp = _Yp; _Tp = rclcpp::Subscription<std_msgs::msg::String_<std::allocator<void> > >][m[K’
[2.718s]   391 |         [01;36m[Koperator[m[K=(shared_ptr<_Yp>&& __r) noexcept
[2.718s]       |         [01;36m[K^~~~~~~~[m[K
[2.718s] [01m[K/usr/include/c++/11/bits/shared_ptr.h:391:9:[m[K [01;36m[Knote: [m[K  template argument deduction/substitution failed:
[2.718s] /usr/include/c++/11/bits/shared_ptr.h: In substitution of ‘[01m[Ktemplate<class _Tp> template<class _Arg> using _Assignable = typename std::enable_if<std::is_assignable<std::__shared_ptr<_Tp>&, _Arg>::value, std::shared_ptr<_Tp>&>::type [with _Arg = std::shared_ptr<rclcpp::Subscription<geometry_msgs::msg::PoseStamped_<std::allocator<void> >, std::allocator<void>, geometry_msgs::msg::PoseStamped_<std::allocator<void> >, geometry_msgs::msg::PoseStamped_<std::allocator<void> >, rclcpp::message_memory_strategy::MessageMemoryStrategy<geometry_msgs::msg::PoseStamped_<std::allocator<void> >, std::allocator<void> > > >; _Tp = rclcpp::Subscription<std_msgs::msg::String_<std::allocator<void> > >][m[K’:
[2.718s] [01m[K/usr/include/c++/11/bits/shared_ptr.h:391:2:[m[K   required by substitution of ‘[01m[Ktemplate<class _Yp> std::shared_ptr<rclcpp::Subscription<std_msgs::msg::String_<std::allocator<void> > > >::_Assignable<std::shared_ptr<_Tp> > std::shared_ptr<rclcpp::Subscription<std_msgs::msg::String_<std::allocator<void> > > >::operator=<_Yp>(std::shared_ptr<_Tp>&&) [with _Yp = rclcpp::Subscription<geometry_msgs::msg::PoseStamped_<std::allocator<void> >, std::allocator<void>, geometry_msgs::msg::PoseStamped_<std::allocator<void> >, geometry_msgs::msg::PoseStamped_<std::allocator<void> >, rclcpp::message_memory_strategy::MessageMemoryStrategy<geometry_msgs::msg::PoseStamped_<std::allocator<void> >, std::allocator<void> > >][m[K’
[2.718s] [01m[K/home/bilal/trail_tracer/src/biy1_ros360_cpp/src/trail_tracer.cpp:64:81:[m[K   required from here
[2.718s] [01m[K/usr/include/c++/11/bits/shared_ptr.h:130:15:[m[K [01;31m[Kerror: [m[Kno type named ‘[01m[Ktype[m[K’ in ‘[01m[Kstruct std::enable_if<false, std::shared_ptr<rclcpp::Subscription<std_msgs::msg::String_<std::allocator<void> > > >&>[m[K’
[2.718s]   130 |         using [01;31m[K_Assignable[m[K = typename enable_if<
[2.718s]       |               [01;31m[K^~~~~~~~~~~[m[K
[2.718s] [01m[K/usr/include/c++/11/bits/shared_ptr.h:399:9:[m[K [01;36m[Knote: [m[Kcandidate: ‘[01m[Ktemplate<class _Yp, class _Del> std::shared_ptr<_Tp>::_Assignable<std::unique_ptr<_Up, _Ep> > std::shared_ptr<_Tp>::operator=(std::unique_ptr<_Up, _Ep>&&) [with _Yp = _Yp; _Del = _Del; _Tp = rclcpp::Subscription<std_msgs::msg::String_<std::allocator<void> > >][m[K’
[2.718s]   399 |         [01;36m[Koperator[m[K=(unique_ptr<_Yp, _Del>&& __r)
[2.718s]       |         [01;36m[K^~~~~~~~[m[K
[2.718s] [01m[K/usr/include/c++/11/bits/shared_ptr.h:399:9:[m[K [01;36m[Knote: [m[K  template argument deduction/substitution failed:
[2.718s] [01m[K/home/bilal/trail_tracer/src/biy1_ros360_cpp/src/trail_tracer.cpp:64:81:[m[K [01;36m[Knote: [m[K  ‘[01m[Kstd::shared_ptr<rclcpp::Subscription<geometry_msgs::msg::PoseStamped_<std::allocator<void> >, std::allocator<void>, geometry_msgs::msg::PoseStamped_<std::allocator<void> >, geometry_msgs::msg::PoseStamped_<std::allocator<void> >, rclcpp::message_memory_strategy::MessageMemoryStrategy<geometry_msgs::msg::PoseStamped_<std::allocator<void> >, std::allocator<void> > > >[m[K’ is not derived from ‘[01m[Kstd::unique_ptr<_Tp, _Dp>[m[K’
[2.718s]    64 |             std::bind(&TestCode::utm_data_callback, this, std::placeholders::_1)[01;36m[K)[m[K;
[2.718s]       |                                                                                 [01;36m[K^[m[K
[2.719s] In file included from [01m[K/usr/include/c++/11/memory:77[m[K,
[2.719s]                  from [01m[K/home/bilal/trail_tracer/src/biy1_ros360_cpp/src/trail_tracer.cpp:4[m[K:
[2.719s] [01m[K/usr/include/c++/11/bits/shared_ptr.h:359:19:[m[K [01;36m[Knote: [m[Kcandidate: ‘[01m[Kstd::shared_ptr<_Tp>& std::shared_ptr<_Tp>::operator=(const std::shared_ptr<_Tp>&) [with _Tp = rclcpp::Subscription<std_msgs::msg::String_<std::allocator<void> > >][m[K’
[2.719s]   359 |       shared_ptr& [01;36m[Koperator[m[K=(const shared_ptr&) noexcept = default;
[2.719s]       |                   [01;36m[K^~~~~~~~[m[K
[2.719s] [01m[K/usr/include/c++/11/bits/shared_ptr.h:359:29:[m[K [01;36m[Knote: [m[K  no known conversion for argument 1 from ‘[01m[Kstd::shared_ptr<rclcpp::Subscription<geometry_msgs::msg::PoseStamped_<std::allocator<void> >, std::allocator<void>, geometry_msgs::msg::PoseStamped_<std::allocator<void> >, geometry_msgs::msg::PoseStamped_<std::allocator<void> >, rclcpp::message_memory_strategy::MessageMemoryStrategy<geometry_msgs::msg::PoseStamped_<std::allocator<void> >, std::allocator<void> > > >[m[K’ to ‘[01m[Kconst std::shared_ptr<rclcpp::Subscription<std_msgs::msg::String_<std::allocator<void> > > >&[m[K’
[2.719s]   359 |       shared_ptr& operator=([01;36m[Kconst shared_ptr&[m[K) noexcept = default;
[2.719s]       |                             [01;36m[K^~~~~~~~~~~~~~~~~[m[K
[2.719s] [01m[K/usr/include/c++/11/bits/shared_ptr.h:383:7:[m[K [01;36m[Knote: [m[Kcandidate: ‘[01m[Kstd::shared_ptr<_Tp>& std::shared_ptr<_Tp>::operator=(std::shared_ptr<_Tp>&&) [with _Tp = rclcpp::Subscription<std_msgs::msg::String_<std::allocator<void> > >][m[K’
[2.719s]   383 |       [01;36m[Koperator[m[K=(shared_ptr&& __r) noexcept
[2.719s]       |       [01;36m[K^~~~~~~~[m[K
[2.719s] [01m[K/usr/include/c++/11/bits/shared_ptr.h:383:30:[m[K [01;36m[Knote: [m[K  no known conversion for argument 1 from ‘[01m[Kstd::shared_ptr<rclcpp::Subscription<geometry_msgs::msg::PoseStamped_<std::allocator<void> >, std::allocator<void>, geometry_msgs::msg::PoseStamped_<std::allocator<void> >, geometry_msgs::msg::PoseStamped_<std::allocator<void> >, rclcpp::message_memory_strategy::MessageMemoryStrategy<geometry_msgs::msg::PoseStamped_<std::allocator<void> >, std::allocator<void> > > >[m[K’ to ‘[01m[Kstd::shared_ptr<rclcpp::Subscription<std_msgs::msg::String_<std::allocator<void> > > >&&[m[K’
[2.719s]   383 |       operator=([01;36m[Kshared_ptr&& __r[m[K) noexcept
[2.719s]       |                 [01;36m[K~~~~~~~~~~~~~^~~[m[K
[9.059s] gmake[2]: *** [CMakeFiles/trail_tracer.dir/build.make:76: CMakeFiles/trail_tracer.dir/src/trail_tracer.cpp.o] Error 1
[9.059s] gmake[1]: *** [CMakeFiles/Makefile2:277: CMakeFiles/trail_tracer.dir/all] Error 2
[9.059s] gmake: *** [Makefile:146: all] Error 2
[9.062s] Invoked command in '/home/bilal/trail_tracer/build/biy1_ros360_cpp' returned '2': CMAKE_PREFIX_PATH=${CMAKE_PREFIX_PATH}:/home/bilal/trail_tracer/install/web_gui:/home/bilal/trail_tracer/install/nav2_simple_commander:/home/bilal/learn_ros2_ws/install/web_gui:/home/bilal/learn_ros2_ws/install/nav2_simple_commander:/home/bilal/ros2_ws/install/web_gui:/home/bilal/ros2_ws/install/opencv_tools:/home/bilal/ros2_ws/install/biy1_ros360_py:/opt/ros/humble /usr/bin/cmake --build /home/bilal/trail_tracer/build/biy1_ros360_cpp -- -j12 -l12
