[0.053s] Invoking command in '/home/bilal/trail_tracer/build/gps_to_utm_converter_cpp': CMAKE_PREFIX_PATH=${CMAKE_PREFIX_PATH}:/home/bilal/trail_tracer/install/web_gui:/home/bilal/trail_tracer/install/nav2_simple_commander:/home/bilal/learn_ros2_ws/install/web_gui:/home/bilal/learn_ros2_ws/install/nav2_simple_commander:/home/bilal/ros2_ws/install/web_gui:/home/bilal/ros2_ws/install/opencv_tools:/home/bilal/ros2_ws/install/biy1_ros360_py:/opt/ros/humble /usr/bin/cmake --build /home/bilal/trail_tracer/build/gps_to_utm_converter_cpp -- -j12 -l12
[0.227s] [ 50%] [32mBuilding CXX object CMakeFiles/converter_node.dir/src/converter_node.cpp.o[0m
[7.548s] [100%] [32m[1mLinking CXX executable converter_node[0m
[8.195s] [100%] Built target converter_node
[8.215s] Invoked command in '/home/bilal/trail_tracer/build/gps_to_utm_converter_cpp' returned '0': CMAKE_PREFIX_PATH=${CMAKE_PREFIX_PATH}:/home/bilal/trail_tracer/install/web_gui:/home/bilal/trail_tracer/install/nav2_simple_commander:/home/bilal/learn_ros2_ws/install/web_gui:/home/bilal/learn_ros2_ws/install/nav2_simple_commander:/home/bilal/ros2_ws/install/web_gui:/home/bilal/ros2_ws/install/opencv_tools:/home/bilal/ros2_ws/install/biy1_ros360_py:/opt/ros/humble /usr/bin/cmake --build /home/bilal/trail_tracer/build/gps_to_utm_converter_cpp -- -j12 -l12
[8.291s] Invoking command in '/home/bilal/trail_tracer/build/gps_to_utm_converter_cpp': CMAKE_PREFIX_PATH=${CMAKE_PREFIX_PATH}:/home/bilal/trail_tracer/install/web_gui:/home/bilal/trail_tracer/install/nav2_simple_commander:/home/bilal/learn_ros2_ws/install/web_gui:/home/bilal/learn_ros2_ws/install/nav2_simple_commander:/home/bilal/ros2_ws/install/web_gui:/home/bilal/ros2_ws/install/opencv_tools:/home/bilal/ros2_ws/install/biy1_ros360_py:/opt/ros/humble /usr/bin/cmake --install /home/bilal/trail_tracer/build/gps_to_utm_converter_cpp
[8.307s] -- Install configuration: ""
[8.307s] -- Installing: /home/bilal/trail_tracer/install/gps_to_utm_converter_cpp/lib/gps_to_utm_converter_cpp/converter_node
[8.314s] -- Set runtime path of "/home/bilal/trail_tracer/install/gps_to_utm_converter_cpp/lib/gps_to_utm_converter_cpp/converter_node" to ""
[8.314s] -- Up-to-date: /home/bilal/trail_tracer/install/gps_to_utm_converter_cpp/share/ament_index/resource_index/package_run_dependencies/gps_to_utm_converter_cpp
[8.314s] -- Up-to-date: /home/bilal/trail_tracer/install/gps_to_utm_converter_cpp/share/ament_index/resource_index/parent_prefix_path/gps_to_utm_converter_cpp
[8.314s] -- Up-to-date: /home/bilal/trail_tracer/install/gps_to_utm_converter_cpp/share/gps_to_utm_converter_cpp/environment/ament_prefix_path.sh
[8.314s] -- Up-to-date: /home/bilal/trail_tracer/install/gps_to_utm_converter_cpp/share/gps_to_utm_converter_cpp/environment/ament_prefix_path.dsv
[8.314s] -- Up-to-date: /home/bilal/trail_tracer/install/gps_to_utm_converter_cpp/share/gps_to_utm_converter_cpp/environment/path.sh
[8.314s] -- Up-to-date: /home/bilal/trail_tracer/install/gps_to_utm_converter_cpp/share/gps_to_utm_converter_cpp/environment/path.dsv
[8.314s] -- Up-to-date: /home/bilal/trail_tracer/install/gps_to_utm_converter_cpp/share/gps_to_utm_converter_cpp/local_setup.bash
[8.314s] -- Up-to-date: /home/bilal/trail_tracer/install/gps_to_utm_converter_cpp/share/gps_to_utm_converter_cpp/local_setup.sh
[8.315s] -- Up-to-date: /home/bilal/trail_tracer/install/gps_to_utm_converter_cpp/share/gps_to_utm_converter_cpp/local_setup.zsh
[8.315s] -- Up-to-date: /home/bilal/trail_tracer/install/gps_to_utm_converter_cpp/share/gps_to_utm_converter_cpp/local_setup.dsv
[8.315s] -- Installing: /home/bilal/trail_tracer/install/gps_to_utm_converter_cpp/share/gps_to_utm_converter_cpp/package.dsv
[8.315s] -- Up-to-date: /home/bilal/trail_tracer/install/gps_to_utm_converter_cpp/share/ament_index/resource_index/packages/gps_to_utm_converter_cpp
[8.315s] -- Up-to-date: /home/bilal/trail_tracer/install/gps_to_utm_converter_cpp/share/gps_to_utm_converter_cpp/cmake/gps_to_utm_converter_cppConfig.cmake
[8.315s] -- Up-to-date: /home/bilal/trail_tracer/install/gps_to_utm_converter_cpp/share/gps_to_utm_converter_cpp/cmake/gps_to_utm_converter_cppConfig-version.cmake
[8.315s] -- Up-to-date: /home/bilal/trail_tracer/install/gps_to_utm_converter_cpp/share/gps_to_utm_converter_cpp/package.xml
[8.317s] Invoked command in '/home/bilal/trail_tracer/build/gps_to_utm_converter_cpp' returned '0': CMAKE_PREFIX_PATH=${CMAKE_PREFIX_PATH}:/home/bilal/trail_tracer/install/web_gui:/home/bilal/trail_tracer/install/nav2_simple_commander:/home/bilal/learn_ros2_ws/install/web_gui:/home/bilal/learn_ros2_ws/install/nav2_simple_commander:/home/bilal/ros2_ws/install/web_gui:/home/bilal/ros2_ws/install/opencv_tools:/home/bilal/ros2_ws/install/biy1_ros360_py:/opt/ros/humble /usr/bin/cmake --install /home/bilal/trail_tracer/build/gps_to_utm_converter_cpp
