[0.000000] (-) TimerEvent: {}
[0.000367] (-) JobUnselected: {'identifier': 'argo_nav'}
[0.000573] (-) JobUnselected: {'identifier': 'argo_sim'}
[0.000664] (-) JobUnselected: {'identifier': 'gazebo_ros_ackermann_drive_4wd'}
[0.000774] (-) JobUnselected: {'identifier': 'gazebo_ros_skid_steer_drive_6w'}
[0.000808] (-) JobUnselected: {'identifier': 'gps_to_utm_converter_cpp'}
[0.000835] (-) JobUnselected: {'identifier': 'traethlin_description'}
[0.000906] (-) JobUnselected: {'identifier': 'web_gui'}
[0.000926] (biy1_ros360_cpp) JobQueued: {'identifier': 'biy1_ros360_cpp', 'dependencies': OrderedDict()}
[0.000943] (biy1_ros360_cpp) JobStarted: {'identifier': 'biy1_ros360_cpp'}
[0.013792] (biy1_ros360_cpp) JobProgress: {'identifier': 'biy1_ros360_cpp', 'progress': 'cmake'}
[0.014164] (biy1_ros360_cpp) JobProgress: {'identifier': 'biy1_ros360_cpp', 'progress': 'build'}
[0.014740] (biy1_ros360_cpp) Command: {'cmd': ['/usr/bin/cmake', '--build', '/home/bilal/trail_tracer/build/biy1_ros360_cpp', '--', '-j12', '-l12'], 'cwd': '/home/bilal/trail_tracer/build/biy1_ros360_cpp', 'env': OrderedDict([('LANGUAGE', 'en_GB:en'), ('USER', 'bilal'), ('XDG_SESSION_TYPE', 'x11'), ('SHLVL', '1'), ('LD_LIBRARY_PATH', '/home/bilal/trail_tracer/install/gazebo_ros_skid_steer_drive_6w/lib:/home/bilal/trail_tracer/install/gazebo_ros_ackermann_drive_4wd/lib:/home/bilal/learn_ros2_ws/install/nav2_smoother/lib:/home/bilal/learn_ros2_ws/install/nav2_graceful_controller/lib:/home/bilal/learn_ros2_ws/install/nav2_controller/lib:/home/bilal/learn_ros2_ws/install/dwb_plugins/lib:/home/bilal/learn_ros2_ws/install/dwb_critics/lib:/home/bilal/learn_ros2_ws/install/dwb_core/lib:/home/bilal/learn_ros2_ws/install/nav_2d_utils/lib:/home/bilal/learn_ros2_ws/install/dwb_msgs/lib:/home/bilal/learn_ros2_ws/install/nav_2d_msgs/lib:/home/bilal/learn_ros2_ws/install/nav2_waypoint_follower/lib:/home/bilal/learn_ros2_ws/install/nav2_theta_star_planner/lib:/home/bilal/learn_ros2_ws/install/nav2_smac_planner/lib:/home/bilal/learn_ros2_ws/install/nav2_rotation_shim_controller/lib:/home/bilal/learn_ros2_ws/install/nav2_regulated_pure_pursuit_controller/lib:/home/bilal/learn_ros2_ws/install/nav2_planner/lib:/home/bilal/learn_ros2_ws/install/nav2_navfn_planner/lib:/home/bilal/learn_ros2_ws/install/nav2_mppi_controller/lib:/home/bilal/learn_ros2_ws/install/nav2_constrained_smoother/lib:/home/bilal/learn_ros2_ws/install/nav2_bt_navigator/lib:/home/bilal/learn_ros2_ws/install/nav2_behaviors/lib:/home/bilal/learn_ros2_ws/install/nav2_collision_monitor/lib:/home/bilal/learn_ros2_ws/install/costmap_queue/lib:/home/bilal/learn_ros2_ws/install/nav2_costmap_2d/lib:/home/bilal/learn_ros2_ws/install/nav2_voxel_grid/lib:/home/bilal/learn_ros2_ws/install/nav2_velocity_smoother/lib:/home/bilal/learn_ros2_ws/install/nav2_rviz_plugins/lib:/home/bilal/learn_ros2_ws/install/nav2_map_server/lib:/home/bilal/learn_ros2_ws/install/nav2_lifecycle_manager/lib:/home/bilal/learn_ros2_ws/install/nav2_behavior_tree/lib:/home/bilal/learn_ros2_ws/install/nav2_amcl/lib:/home/bilal/learn_ros2_ws/install/nav2_util/lib:/home/bilal/learn_ros2_ws/install/nav2_msgs/lib:/home/bilal/learn_ros2_ws/install/gazebo_ros_skid_steer_drive_6w/lib:/home/bilal/learn_ros2_ws/install/gazebo_ros_ackermann_drive_4wd/lib:/home/bilal/ros2_ws/install/velodyne_simulation/lib:/home/bilal/ros2_ws/install/velodyne_control_msgs/lib:/usr/lib/x86_64-linux-gnu/gazebo-11/plugins:/opt/ros/humble/opt/rviz_ogre_vendor/lib:/opt/ros/humble/lib/x86_64-linux-gnu:/opt/ros/humble/lib:/usr/share/gazebo/../../lib/x86_64-linux-gnu/gazebo-11/plugins::/usr/share/gazebo/../../lib/x86_64-linux-gnu/gazebo-11/plugins:/usr/share/gazebo/../../lib/x86_64-linux-gnu/gazebo-11/plugins:'), ('HOME', '/home/bilal'), ('OLDPWD', '/home/bilal/trail_tracer/src'), ('DESKTOP_SESSION', 'ubuntu'), ('GAZEBO_MASTER_URI', 'http://localhost:11345'), ('ROS_PYTHON_VERSION', '3'), ('GNOME_SHELL_SESSION_MODE', 'ubuntu'), ('GTK_MODULES', 'gail:atk-bridge'), ('SYSTEMD_EXEC_PID', '12232'), ('DBUS_SESSION_BUS_ADDRESS', 'unix:path=/run/user/1000/bus'), ('COLORTERM', 'truecolor'), ('_colcon_cd_root', '/opt/ros/humble/'), ('COLCON_PREFIX_PATH', '/home/bilal/trail_tracer/install:/home/bilal/learn_ros2_ws/install:/home/bilal/mp/mp_ws/install:/home/bilal/ros2_ws/install'), ('ROS_DISTRO', 'humble'), ('GTK_IM_MODULE', 'ibus'), ('LOGNAME', 'bilal'), ('_', '/usr/bin/colcon'), ('ROS_VERSION', '2'), ('XDG_SESSION_CLASS', 'user'), ('USERNAME', 'bilal'), ('TERM', 'xterm-256color'), ('GAZEBO_MODEL_PATH', '/home/bilal/trail_tracer/install/argo_sim/share/argo_sim/models:/home/bilal/learn_ros2_ws/install/argo_sim/share/argo_sim/models:/usr/share/gazebo/../../share/gazebo-11/models:/home/bilal/trail_tracer/install/argo_sim/share/argo_sim/models:/home/bilal/learn_ros2_ws/install/argo_sim/share/argo_sim/models:/usr/share/gazebo/../../share/gazebo-11/models::/opt/ros/humble/share/turtlebot3_gazebo/models:/opt/ros/humble/share/turtlebot3_gazebo/models'), ('GNOME_DESKTOP_SESSION_ID', 'this-is-deprecated'), ('ROS_LOCALHOST_ONLY', '1'), ('WINDOWPATH', '2'), ('OGRE_RESOURCE_PATH', '/usr/lib/x86_64-linux-gnu/OGRE-1.9.0'), ('PATH', '/home/bilal/.local/bin:/opt/ros/humble/bin:/usr/local/sbin:/usr/local/bin:/usr/sbin:/usr/bin:/sbin:/bin:/usr/games:/usr/local/games:/snap/bin:/snap/bin'), ('SESSION_MANAGER', 'local/bilal-yousufzai:@/tmp/.ICE-unix/2118,unix/bilal-yousufzai:/tmp/.ICE-unix/2118'), ('XDG_MENU_PREFIX', 'gnome-'), ('GNOME_TERMINAL_SCREEN', '/org/gnome/Terminal/screen/667a6253_e50e_4cdd_a0c8_aaa42aae522e'), ('XDG_RUNTIME_DIR', '/run/user/1000'), ('DISPLAY', ':1'), ('LANG', 'en_US.UTF-8'), ('XDG_CURRENT_DESKTOP', 'ubuntu:GNOME'), ('XMODIFIERS', '@im=ibus'), ('XDG_SESSION_DESKTOP', 'ubuntu'), ('XAUTHORITY', '/run/user/1000/gdm/Xauthority'), ('GNOME_TERMINAL_SERVICE', ':1.127'), ('SSH_AGENT_LAUNCHER', 'gnome-keyring'), ('SSH_AUTH_SOCK', '/run/user/1000/keyring/ssh'), ('AMENT_PREFIX_PATH', '/home/bilal/trail_tracer/install/web_gui:/home/bilal/trail_tracer/install/traethlin_description:/home/bilal/trail_tracer/install/gps_to_utm_converter_cpp:/home/bilal/trail_tracer/install/argo_sim:/home/bilal/trail_tracer/install/gazebo_ros_skid_steer_drive_6w:/home/bilal/trail_tracer/install/gazebo_ros_ackermann_drive_4wd:/home/bilal/trail_tracer/install/biy1_ros360_cpp:/home/bilal/trail_tracer/install/argo_nav:/home/bilal/learn_ros2_ws/install/web_gui:/home/bilal/learn_ros2_ws/install/traethlin_description:/home/bilal/learn_ros2_ws/install/nav2_system_tests:/home/bilal/learn_ros2_ws/install/nav2_bringup:/home/bilal/learn_ros2_ws/install/navigation2:/home/bilal/learn_ros2_ws/install/nav2_smoother:/home/bilal/learn_ros2_ws/install/nav2_graceful_controller:/home/bilal/learn_ros2_ws/install/nav2_dwb_controller:/home/bilal/learn_ros2_ws/install/nav2_controller:/home/bilal/learn_ros2_ws/install/dwb_plugins:/home/bilal/learn_ros2_ws/install/dwb_critics:/home/bilal/learn_ros2_ws/install/dwb_core:/home/bilal/learn_ros2_ws/install/nav_2d_utils:/home/bilal/learn_ros2_ws/install/dwb_msgs:/home/bilal/learn_ros2_ws/install/nav_2d_msgs:/home/bilal/learn_ros2_ws/install/nav2_waypoint_follower:/home/bilal/learn_ros2_ws/install/nav2_theta_star_planner:/home/bilal/learn_ros2_ws/install/nav2_smac_planner:/home/bilal/learn_ros2_ws/install/nav2_rotation_shim_controller:/home/bilal/learn_ros2_ws/install/nav2_regulated_pure_pursuit_controller:/home/bilal/learn_ros2_ws/install/nav2_planner:/home/bilal/learn_ros2_ws/install/nav2_navfn_planner:/home/bilal/learn_ros2_ws/install/nav2_mppi_controller:/home/bilal/learn_ros2_ws/install/nav2_constrained_smoother:/home/bilal/learn_ros2_ws/install/nav2_bt_navigator:/home/bilal/learn_ros2_ws/install/nav2_behaviors:/home/bilal/learn_ros2_ws/install/nav2_core:/home/bilal/learn_ros2_ws/install/nav2_collision_monitor:/home/bilal/learn_ros2_ws/install/costmap_queue:/home/bilal/learn_ros2_ws/install/nav2_costmap_2d:/home/bilal/learn_ros2_ws/install/nav2_voxel_grid:/home/bilal/learn_ros2_ws/install/nav2_velocity_smoother:/home/bilal/learn_ros2_ws/install/nav2_rviz_plugins:/home/bilal/learn_ros2_ws/install/nav2_map_server:/home/bilal/learn_ros2_ws/install/nav2_lifecycle_manager:/home/bilal/learn_ros2_ws/install/nav2_behavior_tree:/home/bilal/learn_ros2_ws/install/nav2_amcl:/home/bilal/learn_ros2_ws/install/nav2_util:/home/bilal/learn_ros2_ws/install/nav2_simple_commander:/home/bilal/learn_ros2_ws/install/nav2_msgs:/home/bilal/learn_ros2_ws/install/nav2_common:/home/bilal/learn_ros2_ws/install/gps_to_utm_converter_cpp:/home/bilal/learn_ros2_ws/install/argo_sim:/home/bilal/learn_ros2_ws/install/gazebo_ros_skid_steer_drive_6w:/home/bilal/learn_ros2_ws/install/gazebo_ros_ackermann_drive_4wd:/home/bilal/learn_ros2_ws/install/biy1_ros360_cpp:/home/bilal/learn_ros2_ws/install/articubot_one:/home/bilal/mp/mp_ws/install/biy1_ros360_cpp:/home/bilal/ros2_ws/install/web_gui:/home/bilal/ros2_ws/install/velodyne_simulation:/home/bilal/ros2_ws/install/velodyne_control_msgs:/home/bilal/ros2_ws/install/track_envs:/home/bilal/ros2_ws/install/ros360_moveit:/home/bilal/ros2_ws/install/opencv_tools:/home/bilal/ros2_ws/install/biy1_ros360_py:/home/bilal/ros2_ws/install/biy1_ros360_cpp:/opt/ros/humble'), ('SHELL', '/bin/bash'), ('QT_ACCESSIBILITY', '1'), ('GDMSESSION', 'ubuntu'), ('GPG_AGENT_INFO', '/run/user/1000/gnupg/S.gpg-agent:0:1'), ('GAZEBO_RESOURCE_PATH', '/usr/share/gazebo/../../share/gazebo-11:/usr/share/gazebo/../../share/gazebo-11:'), ('GAZEBO_MODEL_DATABASE_URI', 'http://models.gazebosim.org'), ('QT_IM_MODULE', 'ibus'), ('PWD', '/home/bilal/trail_tracer/build/biy1_ros360_cpp'), ('TURTLEBOT3_MODEL', 'waffle'), ('LC_ALL', 'en_US.UTF-8'), ('XDG_CONFIG_DIRS', '/etc/xdg/xdg-ubuntu:/etc/xdg'), ('GAZEBO_PLUGIN_PATH', '/usr/share/gazebo/../../lib/x86_64-linux-gnu/gazebo-11/plugins:/usr/share/gazebo/../../lib/x86_64-linux-gnu/gazebo-11/plugins:'), ('XDG_DATA_DIRS', '/usr/share/ubuntu:/usr/share/gnome:/usr/local/share/:/usr/share/:/var/lib/snapd/desktop'), ('PYTHONPATH', '/home/bilal/trail_tracer/install/web_gui/lib/python3.10/site-packages:/home/bilal/learn_ros2_ws/install/web_gui/lib/python3.10/site-packages:/home/bilal/learn_ros2_ws/install/dwb_msgs/local/lib/python3.10/dist-packages:/home/bilal/learn_ros2_ws/install/nav_2d_msgs/local/lib/python3.10/dist-packages:/home/bilal/learn_ros2_ws/install/nav2_simple_commander/lib/python3.10/site-packages:/home/bilal/learn_ros2_ws/install/nav2_msgs/local/lib/python3.10/dist-packages:/home/bilal/learn_ros2_ws/install/nav2_common/local/lib/python3.10/dist-packages:/home/bilal/ros2_ws/install/web_gui/lib/python3.10/site-packages:/home/bilal/ros2_ws/install/velodyne_control_msgs/local/lib/python3.10/dist-packages:/home/bilal/ros2_ws/install/opencv_tools/lib/python3.10/site-packages:/home/bilal/ros2_ws/install/biy1_ros360_py/lib/python3.10/site-packages:/opt/ros/humble/lib/python3.10/site-packages:/opt/ros/humble/local/lib/python3.10/dist-packages'), ('COLCON', '1'), ('VTE_VERSION', '6800'), ('CMAKE_PREFIX_PATH', '/home/bilal/trail_tracer/install/traethlin_description:/home/bilal/trail_tracer/install/gps_to_utm_converter_cpp:/home/bilal/trail_tracer/install/argo_sim:/home/bilal/trail_tracer/install/gazebo_ros_skid_steer_drive_6w:/home/bilal/trail_tracer/install/gazebo_ros_ackermann_drive_4wd:/home/bilal/trail_tracer/install/biy1_ros360_cpp:/home/bilal/trail_tracer/install/argo_nav:/home/bilal/learn_ros2_ws/install/traethlin_description:/home/bilal/learn_ros2_ws/install/nav2_system_tests:/home/bilal/learn_ros2_ws/install/nav2_bringup:/home/bilal/learn_ros2_ws/install/navigation2:/home/bilal/learn_ros2_ws/install/nav2_smoother:/home/bilal/learn_ros2_ws/install/nav2_graceful_controller:/home/bilal/learn_ros2_ws/install/nav2_dwb_controller:/home/bilal/learn_ros2_ws/install/nav2_controller:/home/bilal/learn_ros2_ws/install/dwb_plugins:/home/bilal/learn_ros2_ws/install/dwb_critics:/home/bilal/learn_ros2_ws/install/dwb_core:/home/bilal/learn_ros2_ws/install/nav_2d_utils:/home/bilal/learn_ros2_ws/install/dwb_msgs:/home/bilal/learn_ros2_ws/install/nav_2d_msgs:/home/bilal/learn_ros2_ws/install/nav2_waypoint_follower:/home/bilal/learn_ros2_ws/install/nav2_theta_star_planner:/home/bilal/learn_ros2_ws/install/nav2_smac_planner:/home/bilal/learn_ros2_ws/install/nav2_rotation_shim_controller:/home/bilal/learn_ros2_ws/install/nav2_regulated_pure_pursuit_controller:/home/bilal/learn_ros2_ws/install/nav2_planner:/home/bilal/learn_ros2_ws/install/nav2_navfn_planner:/home/bilal/learn_ros2_ws/install/nav2_mppi_controller:/home/bilal/learn_ros2_ws/install/nav2_constrained_smoother:/home/bilal/learn_ros2_ws/install/nav2_bt_navigator:/home/bilal/learn_ros2_ws/install/nav2_behaviors:/home/bilal/learn_ros2_ws/install/nav2_core:/home/bilal/learn_ros2_ws/install/nav2_collision_monitor:/home/bilal/learn_ros2_ws/install/costmap_queue:/home/bilal/learn_ros2_ws/install/nav2_costmap_2d:/home/bilal/learn_ros2_ws/install/nav2_voxel_grid:/home/bilal/learn_ros2_ws/install/nav2_velocity_smoother:/home/bilal/learn_ros2_ws/install/nav2_rviz_plugins:/home/bilal/learn_ros2_ws/install/nav2_map_server:/home/bilal/learn_ros2_ws/install/nav2_lifecycle_manager:/home/bilal/learn_ros2_ws/install/nav2_behavior_tree:/home/bilal/learn_ros2_ws/install/nav2_amcl:/home/bilal/learn_ros2_ws/install/nav2_util:/home/bilal/learn_ros2_ws/install/nav2_msgs:/home/bilal/learn_ros2_ws/install/nav2_common:/home/bilal/learn_ros2_ws/install/gps_to_utm_converter_cpp:/home/bilal/learn_ros2_ws/install/argo_sim:/home/bilal/learn_ros2_ws/install/gazebo_ros_skid_steer_drive_6w:/home/bilal/learn_ros2_ws/install/gazebo_ros_ackermann_drive_4wd:/home/bilal/learn_ros2_ws/install/biy1_ros360_cpp:/home/bilal/learn_ros2_ws/install/articubot_one:/home/bilal/mp/mp_ws/install/biy1_ros360_cpp:/home/bilal/ros2_ws/install/velodyne_simulation:/home/bilal/ros2_ws/install/velodyne_control_msgs:/home/bilal/ros2_ws/install/track_envs:/home/bilal/ros2_ws/install/ros360_moveit:/home/bilal/ros2_ws/install/biy1_ros360_cpp:/home/bilal/trail_tracer/install/web_gui:/home/bilal/learn_ros2_ws/install/web_gui:/home/bilal/learn_ros2_ws/install/nav2_simple_commander:/home/bilal/ros2_ws/install/web_gui:/home/bilal/ros2_ws/install/opencv_tools:/home/bilal/ros2_ws/install/biy1_ros360_py:/opt/ros/humble')]), 'shell': False}
[0.099853] (-) TimerEvent: {}
[0.101832] (biy1_ros360_cpp) StdoutLine: {'line': b'[ 25%] Built target nav2\n'}
[0.102091] (biy1_ros360_cpp) StdoutLine: {'line': b'[ 25%] Built target examplePublisher\n'}
[0.102183] (biy1_ros360_cpp) StdoutLine: {'line': b'[ 43%] Built target exampleSubscriber\n'}
[0.102253] (biy1_ros360_cpp) StdoutLine: {'line': b'[ 56%] Built target testCode\n'}
[0.102324] (biy1_ros360_cpp) StdoutLine: {'line': b'[ 62%] Built target waypoint_navigator\n'}
[0.103243] (biy1_ros360_cpp) StdoutLine: {'line': b'[ 68%] \x1b[32mBuilding CXX object CMakeFiles/follower.dir/src/follower.cpp.o\x1b[0m\n'}
[0.104909] (biy1_ros360_cpp) StdoutLine: {'line': b'[ 87%] Built target helloWorld\n'}
[0.105008] (biy1_ros360_cpp) StdoutLine: {'line': b'[ 93%] Built target trail_tracer\n'}
[0.199937] (-) TimerEvent: {}
[0.300276] (-) TimerEvent: {}
[0.400536] (-) TimerEvent: {}
[0.500803] (-) TimerEvent: {}
[0.601062] (-) TimerEvent: {}
[0.701341] (-) TimerEvent: {}
[0.801616] (-) TimerEvent: {}
[0.901881] (-) TimerEvent: {}
[1.002155] (-) TimerEvent: {}
[1.102408] (-) TimerEvent: {}
[1.202660] (-) TimerEvent: {}
[1.302939] (-) TimerEvent: {}
[1.403210] (-) TimerEvent: {}
[1.503500] (-) TimerEvent: {}
[1.603753] (-) TimerEvent: {}
[1.704032] (-) TimerEvent: {}
[1.804312] (-) TimerEvent: {}
[1.904568] (-) TimerEvent: {}
[2.004838] (-) TimerEvent: {}
[2.105083] (-) TimerEvent: {}
[2.205351] (-) TimerEvent: {}
[2.206968] (biy1_ros360_cpp) StderrLine: {'line': b'\x1b[01m\x1b[K/home/bilal/trail_tracer/src/biy1_ros360_cpp/src/follower.cpp:\x1b[m\x1b[K In member function \xe2\x80\x98\x1b[01m\x1b[Kvoid TestCode::web_messages_callback(std_msgs::msg::String_<std::allocator<void> >::SharedPtr)\x1b[m\x1b[K\xe2\x80\x99:\n'}
[2.207130] (biy1_ros360_cpp) StderrLine: {'line': b'\x1b[01m\x1b[K/home/bilal/trail_tracer/src/biy1_ros360_cpp/src/follower.cpp:115:11:\x1b[m\x1b[K \x1b[01;31m\x1b[Kerror: \x1b[m\x1b[K\xe2\x80\x98\x1b[01m\x1b[Kelif\x1b[m\x1b[K\xe2\x80\x99 was not declared in this scope\n'}
[2.207198] (biy1_ros360_cpp) StderrLine: {'line': b'  115 |         } \x1b[01;31m\x1b[Kelif\x1b[m\x1b[K (msg->data == "end-trail"){\n'}
[2.207254] (biy1_ros360_cpp) StderrLine: {'line': b'      |           \x1b[01;31m\x1b[K^~~~\x1b[m\x1b[K\n'}
[2.305428] (-) TimerEvent: {}
[2.405675] (-) TimerEvent: {}
[2.505929] (-) TimerEvent: {}
[2.606207] (-) TimerEvent: {}
[2.706455] (-) TimerEvent: {}
[2.806715] (-) TimerEvent: {}
[2.906949] (-) TimerEvent: {}
[3.007239] (-) TimerEvent: {}
[3.107497] (-) TimerEvent: {}
[3.207773] (-) TimerEvent: {}
[3.308020] (-) TimerEvent: {}
[3.408269] (-) TimerEvent: {}
[3.508513] (-) TimerEvent: {}
[3.608757] (-) TimerEvent: {}
[3.709008] (-) TimerEvent: {}
[3.809281] (-) TimerEvent: {}
[3.909531] (-) TimerEvent: {}
[4.009781] (-) TimerEvent: {}
[4.110033] (-) TimerEvent: {}
[4.210281] (-) TimerEvent: {}
[4.310528] (-) TimerEvent: {}
[4.410762] (-) TimerEvent: {}
[4.511049] (-) TimerEvent: {}
[4.611300] (-) TimerEvent: {}
[4.711544] (-) TimerEvent: {}
[4.811794] (-) TimerEvent: {}
[4.912044] (-) TimerEvent: {}
[5.012304] (-) TimerEvent: {}
[5.112554] (-) TimerEvent: {}
[5.212834] (-) TimerEvent: {}
[5.313124] (-) TimerEvent: {}
[5.413379] (-) TimerEvent: {}
[5.513629] (-) TimerEvent: {}
[5.613896] (-) TimerEvent: {}
[5.714151] (-) TimerEvent: {}
[5.814435] (-) TimerEvent: {}
[5.914697] (-) TimerEvent: {}
[6.015011] (-) TimerEvent: {}
[6.085387] (biy1_ros360_cpp) StderrLine: {'line': b'gmake[2]: *** [CMakeFiles/follower.dir/build.make:76: CMakeFiles/follower.dir/src/follower.cpp.o] Error 1\n'}
[6.085705] (biy1_ros360_cpp) StderrLine: {'line': b'gmake[1]: *** [CMakeFiles/Makefile2:333: CMakeFiles/follower.dir/all] Error 2\n'}
[6.085952] (biy1_ros360_cpp) StderrLine: {'line': b'gmake: *** [Makefile:146: all] Error 2\n'}
[6.088047] (biy1_ros360_cpp) CommandEnded: {'returncode': 2}
[6.115073] (-) TimerEvent: {}
[6.193142] (biy1_ros360_cpp) JobEnded: {'identifier': 'biy1_ros360_cpp', 'rc': 2}
[6.203428] (-) EventReactorShutdown: {}
