[0.077s] Invoking command in '/home/bilal/trail_tracer/build/nav_2d_msgs': CMAKE_PREFIX_PATH=${CMAKE_PREFIX_PATH}:/home/bilal/trail_tracer/install/web_gui:/home/bilal/trail_tracer/install/nav2_simple_commander:/home/bilal/learn_ros2_ws/install/web_gui:/home/bilal/learn_ros2_ws/install/nav2_simple_commander:/home/bilal/ros2_ws/install/web_gui:/home/bilal/ros2_ws/install/opencv_tools:/home/bilal/ros2_ws/install/biy1_ros360_py:/opt/ros/humble /usr/bin/cmake --build /home/bilal/trail_tracer/build/nav_2d_msgs -- -j12 -l12
[0.258s] [  1%] Built target nav_2d_msgs__cpp
[0.288s] [ 12%] Built target nav_2d_msgs__rosidl_generator_c
[0.293s] [ 12%] Built target ament_cmake_python_copy_nav_2d_msgs
[0.343s] [ 23%] Built target nav_2d_msgs__rosidl_typesupport_cpp
[0.344s] [ 35%] Built target nav_2d_msgs__rosidl_typesupport_fastrtps_cpp
[0.360s] [ 46%] Built target nav_2d_msgs__rosidl_typesupport_introspection_cpp
[0.362s] [ 57%] Built target nav_2d_msgs__rosidl_typesupport_c
[0.370s] [ 69%] Built target nav_2d_msgs__rosidl_typesupport_fastrtps_c
[0.370s] [ 80%] Built target nav_2d_msgs__rosidl_typesupport_introspection_c
[0.428s] [ 80%] Built target nav_2d_msgs
[0.479s] [ 81%] Built target nav_2d_msgs__py
[0.533s] [ 91%] Built target nav_2d_msgs__rosidl_generator_py
[0.590s] [ 94%] Built target nav_2d_msgs__rosidl_typesupport_introspection_c__pyext
[0.591s] [100%] Built target nav_2d_msgs__rosidl_typesupport_c__pyext
[0.591s] [100%] Built target nav_2d_msgs__rosidl_typesupport_fastrtps_c__pyext
[0.726s] running egg_info
[0.728s] writing nav_2d_msgs.egg-info/PKG-INFO
[0.728s] writing dependency_links to nav_2d_msgs.egg-info/dependency_links.txt
[0.728s] writing top-level names to nav_2d_msgs.egg-info/top_level.txt
[0.733s] reading manifest file 'nav_2d_msgs.egg-info/SOURCES.txt'
[0.734s] writing manifest file 'nav_2d_msgs.egg-info/SOURCES.txt'
[0.791s] [100%] Built target ament_cmake_python_build_nav_2d_msgs_egg
[0.821s] Invoked command in '/home/bilal/trail_tracer/build/nav_2d_msgs' returned '0': CMAKE_PREFIX_PATH=${CMAKE_PREFIX_PATH}:/home/bilal/trail_tracer/install/web_gui:/home/bilal/trail_tracer/install/nav2_simple_commander:/home/bilal/learn_ros2_ws/install/web_gui:/home/bilal/learn_ros2_ws/install/nav2_simple_commander:/home/bilal/ros2_ws/install/web_gui:/home/bilal/ros2_ws/install/opencv_tools:/home/bilal/ros2_ws/install/biy1_ros360_py:/opt/ros/humble /usr/bin/cmake --build /home/bilal/trail_tracer/build/nav_2d_msgs -- -j12 -l12
[1.467s] Invoking command in '/home/bilal/trail_tracer/build/nav_2d_msgs': CMAKE_PREFIX_PATH=${CMAKE_PREFIX_PATH}:/home/bilal/trail_tracer/install/web_gui:/home/bilal/trail_tracer/install/nav2_simple_commander:/home/bilal/learn_ros2_ws/install/web_gui:/home/bilal/learn_ros2_ws/install/nav2_simple_commander:/home/bilal/ros2_ws/install/web_gui:/home/bilal/ros2_ws/install/opencv_tools:/home/bilal/ros2_ws/install/biy1_ros360_py:/opt/ros/humble /usr/bin/cmake --install /home/bilal/trail_tracer/build/nav_2d_msgs
[1.490s] -- Install configuration: ""
[1.490s] -- Up-to-date: /home/bilal/trail_tracer/install/nav_2d_msgs/share/ament_index/resource_index/rosidl_interfaces/nav_2d_msgs
[1.490s] -- Up-to-date: /home/bilal/trail_tracer/install/nav_2d_msgs/include/nav_2d_msgs/nav_2d_msgs
[1.490s] -- Up-to-date: /home/bilal/trail_tracer/install/nav_2d_msgs/include/nav_2d_msgs/nav_2d_msgs/msg
[1.491s] -- Up-to-date: /home/bilal/trail_tracer/install/nav_2d_msgs/include/nav_2d_msgs/nav_2d_msgs/msg/rosidl_generator_c__visibility_control.h
[1.491s] -- Up-to-date: /home/bilal/trail_tracer/install/nav_2d_msgs/include/nav_2d_msgs/nav_2d_msgs/msg/twist2_d32.h
[1.491s] -- Up-to-date: /home/bilal/trail_tracer/install/nav_2d_msgs/include/nav_2d_msgs/nav_2d_msgs/msg/twist2_d.h
[1.491s] -- Up-to-date: /home/bilal/trail_tracer/install/nav_2d_msgs/include/nav_2d_msgs/nav_2d_msgs/msg/twist2_d_stamped.h
[1.491s] -- Up-to-date: /home/bilal/trail_tracer/install/nav_2d_msgs/include/nav_2d_msgs/nav_2d_msgs/msg/pose2_d_stamped.h
[1.491s] -- Up-to-date: /home/bilal/trail_tracer/install/nav_2d_msgs/include/nav_2d_msgs/nav_2d_msgs/msg/pose2_d32.h
[1.491s] -- Up-to-date: /home/bilal/trail_tracer/install/nav_2d_msgs/include/nav_2d_msgs/nav_2d_msgs/msg/path2_d.h
[1.491s] -- Up-to-date: /home/bilal/trail_tracer/install/nav_2d_msgs/include/nav_2d_msgs/nav_2d_msgs/msg/detail
[1.491s] -- Up-to-date: /home/bilal/trail_tracer/install/nav_2d_msgs/include/nav_2d_msgs/nav_2d_msgs/msg/detail/path2_d__struct.h
[1.491s] -- Up-to-date: /home/bilal/trail_tracer/install/nav_2d_msgs/include/nav_2d_msgs/nav_2d_msgs/msg/detail/twist2_d__functions.c
[1.492s] -- Up-to-date: /home/bilal/trail_tracer/install/nav_2d_msgs/include/nav_2d_msgs/nav_2d_msgs/msg/detail/path2_d__type_support.h
[1.492s] -- Up-to-date: /home/bilal/trail_tracer/install/nav_2d_msgs/include/nav_2d_msgs/nav_2d_msgs/msg/detail/pose2_d32__struct.h
[1.492s] -- Up-to-date: /home/bilal/trail_tracer/install/nav_2d_msgs/include/nav_2d_msgs/nav_2d_msgs/msg/detail/pose2_d32__functions.c
[1.492s] -- Up-to-date: /home/bilal/trail_tracer/install/nav_2d_msgs/include/nav_2d_msgs/nav_2d_msgs/msg/detail/pose2_d32__type_support.h
[1.492s] -- Up-to-date: /home/bilal/trail_tracer/install/nav_2d_msgs/include/nav_2d_msgs/nav_2d_msgs/msg/detail/twist2_d__functions.h
[1.492s] -- Up-to-date: /home/bilal/trail_tracer/install/nav_2d_msgs/include/nav_2d_msgs/nav_2d_msgs/msg/detail/path2_d__functions.h
[1.492s] -- Up-to-date: /home/bilal/trail_tracer/install/nav_2d_msgs/include/nav_2d_msgs/nav_2d_msgs/msg/detail/twist2_d32__functions.c
[1.492s] -- Up-to-date: /home/bilal/trail_tracer/install/nav_2d_msgs/include/nav_2d_msgs/nav_2d_msgs/msg/detail/pose2_d32__functions.h
[1.493s] -- Up-to-date: /home/bilal/trail_tracer/install/nav_2d_msgs/include/nav_2d_msgs/nav_2d_msgs/msg/detail/pose2_d_stamped__functions.h
[1.493s] -- Up-to-date: /home/bilal/trail_tracer/install/nav_2d_msgs/include/nav_2d_msgs/nav_2d_msgs/msg/detail/twist2_d_stamped__struct.h
[1.494s] -- Up-to-date: /home/bilal/trail_tracer/install/nav_2d_msgs/include/nav_2d_msgs/nav_2d_msgs/msg/detail/twist2_d_stamped__functions.h
[1.494s] -- Up-to-date: /home/bilal/trail_tracer/install/nav_2d_msgs/include/nav_2d_msgs/nav_2d_msgs/msg/detail/twist2_d_stamped__functions.c
[1.494s] -- Up-to-date: /home/bilal/trail_tracer/install/nav_2d_msgs/include/nav_2d_msgs/nav_2d_msgs/msg/detail/twist2_d__struct.h
[1.494s] -- Up-to-date: /home/bilal/trail_tracer/install/nav_2d_msgs/include/nav_2d_msgs/nav_2d_msgs/msg/detail/twist2_d_stamped__type_support.h
[1.494s] -- Up-to-date: /home/bilal/trail_tracer/install/nav_2d_msgs/include/nav_2d_msgs/nav_2d_msgs/msg/detail/pose2_d_stamped__type_support.h
[1.494s] -- Up-to-date: /home/bilal/trail_tracer/install/nav_2d_msgs/include/nav_2d_msgs/nav_2d_msgs/msg/detail/twist2_d32__type_support.h
[1.494s] -- Up-to-date: /home/bilal/trail_tracer/install/nav_2d_msgs/include/nav_2d_msgs/nav_2d_msgs/msg/detail/twist2_d32__functions.h
[1.494s] -- Up-to-date: /home/bilal/trail_tracer/install/nav_2d_msgs/include/nav_2d_msgs/nav_2d_msgs/msg/detail/path2_d__functions.c
[1.495s] -- Up-to-date: /home/bilal/trail_tracer/install/nav_2d_msgs/include/nav_2d_msgs/nav_2d_msgs/msg/detail/twist2_d32__struct.h
[1.495s] -- Up-to-date: /home/bilal/trail_tracer/install/nav_2d_msgs/include/nav_2d_msgs/nav_2d_msgs/msg/detail/twist2_d__type_support.h
[1.495s] -- Up-to-date: /home/bilal/trail_tracer/install/nav_2d_msgs/include/nav_2d_msgs/nav_2d_msgs/msg/detail/pose2_d_stamped__functions.c
[1.495s] -- Up-to-date: /home/bilal/trail_tracer/install/nav_2d_msgs/include/nav_2d_msgs/nav_2d_msgs/msg/detail/pose2_d_stamped__struct.h
[1.495s] -- Up-to-date: /home/bilal/trail_tracer/install/nav_2d_msgs/share/nav_2d_msgs/environment/library_path.sh
[1.495s] -- Up-to-date: /home/bilal/trail_tracer/install/nav_2d_msgs/share/nav_2d_msgs/environment/library_path.dsv
[1.495s] -- Up-to-date: /home/bilal/trail_tracer/install/nav_2d_msgs/lib/libnav_2d_msgs__rosidl_generator_c.so
[1.495s] -- Up-to-date: /home/bilal/trail_tracer/install/nav_2d_msgs/include/nav_2d_msgs/nav_2d_msgs
[1.495s] -- Up-to-date: /home/bilal/trail_tracer/install/nav_2d_msgs/include/nav_2d_msgs/nav_2d_msgs/msg
[1.495s] -- Up-to-date: /home/bilal/trail_tracer/install/nav_2d_msgs/include/nav_2d_msgs/nav_2d_msgs/msg/rosidl_typesupport_fastrtps_c__visibility_control.h
[1.495s] -- Up-to-date: /home/bilal/trail_tracer/install/nav_2d_msgs/include/nav_2d_msgs/nav_2d_msgs/msg/detail
[1.495s] -- Up-to-date: /home/bilal/trail_tracer/install/nav_2d_msgs/include/nav_2d_msgs/nav_2d_msgs/msg/detail/twist2_d__rosidl_typesupport_fastrtps_c.h
[1.496s] -- Up-to-date: /home/bilal/trail_tracer/install/nav_2d_msgs/include/nav_2d_msgs/nav_2d_msgs/msg/detail/twist2_d32__rosidl_typesupport_fastrtps_c.h
[1.496s] -- Up-to-date: /home/bilal/trail_tracer/install/nav_2d_msgs/include/nav_2d_msgs/nav_2d_msgs/msg/detail/pose2_d_stamped__rosidl_typesupport_fastrtps_c.h
[1.496s] -- Up-to-date: /home/bilal/trail_tracer/install/nav_2d_msgs/include/nav_2d_msgs/nav_2d_msgs/msg/detail/pose2_d32__rosidl_typesupport_fastrtps_c.h
[1.496s] -- Up-to-date: /home/bilal/trail_tracer/install/nav_2d_msgs/include/nav_2d_msgs/nav_2d_msgs/msg/detail/twist2_d_stamped__rosidl_typesupport_fastrtps_c.h
[1.496s] -- Up-to-date: /home/bilal/trail_tracer/install/nav_2d_msgs/include/nav_2d_msgs/nav_2d_msgs/msg/detail/path2_d__rosidl_typesupport_fastrtps_c.h
[1.496s] -- Up-to-date: /home/bilal/trail_tracer/install/nav_2d_msgs/lib/libnav_2d_msgs__rosidl_typesupport_fastrtps_c.so
[1.496s] -- Up-to-date: /home/bilal/trail_tracer/install/nav_2d_msgs/include/nav_2d_msgs/nav_2d_msgs
[1.496s] -- Up-to-date: /home/bilal/trail_tracer/install/nav_2d_msgs/include/nav_2d_msgs/nav_2d_msgs/msg
[1.497s] -- Up-to-date: /home/bilal/trail_tracer/install/nav_2d_msgs/include/nav_2d_msgs/nav_2d_msgs/msg/twist2_d32.hpp
[1.497s] -- Up-to-date: /home/bilal/trail_tracer/install/nav_2d_msgs/include/nav_2d_msgs/nav_2d_msgs/msg/pose2_d_stamped.hpp
[1.497s] -- Up-to-date: /home/bilal/trail_tracer/install/nav_2d_msgs/include/nav_2d_msgs/nav_2d_msgs/msg/pose2_d32.hpp
[1.497s] -- Up-to-date: /home/bilal/trail_tracer/install/nav_2d_msgs/include/nav_2d_msgs/nav_2d_msgs/msg/path2_d.hpp
[1.497s] -- Up-to-date: /home/bilal/trail_tracer/install/nav_2d_msgs/include/nav_2d_msgs/nav_2d_msgs/msg/twist2_d_stamped.hpp
[1.497s] -- Up-to-date: /home/bilal/trail_tracer/install/nav_2d_msgs/include/nav_2d_msgs/nav_2d_msgs/msg/twist2_d.hpp
[1.497s] -- Up-to-date: /home/bilal/trail_tracer/install/nav_2d_msgs/include/nav_2d_msgs/nav_2d_msgs/msg/detail
[1.498s] -- Up-to-date: /home/bilal/trail_tracer/install/nav_2d_msgs/include/nav_2d_msgs/nav_2d_msgs/msg/detail/pose2_d32__builder.hpp
[1.498s] -- Up-to-date: /home/bilal/trail_tracer/install/nav_2d_msgs/include/nav_2d_msgs/nav_2d_msgs/msg/detail/path2_d__builder.hpp
[1.498s] -- Up-to-date: /home/bilal/trail_tracer/install/nav_2d_msgs/include/nav_2d_msgs/nav_2d_msgs/msg/detail/twist2_d32__traits.hpp
[1.498s] -- Up-to-date: /home/bilal/trail_tracer/install/nav_2d_msgs/include/nav_2d_msgs/nav_2d_msgs/msg/detail/twist2_d_stamped__traits.hpp
[1.498s] -- Up-to-date: /home/bilal/trail_tracer/install/nav_2d_msgs/include/nav_2d_msgs/nav_2d_msgs/msg/detail/path2_d__struct.hpp
[1.498s] -- Up-to-date: /home/bilal/trail_tracer/install/nav_2d_msgs/include/nav_2d_msgs/nav_2d_msgs/msg/detail/pose2_d_stamped__builder.hpp
[1.499s] -- Up-to-date: /home/bilal/trail_tracer/install/nav_2d_msgs/include/nav_2d_msgs/nav_2d_msgs/msg/detail/path2_d__traits.hpp
[1.499s] -- Up-to-date: /home/bilal/trail_tracer/install/nav_2d_msgs/include/nav_2d_msgs/nav_2d_msgs/msg/detail/pose2_d_stamped__struct.hpp
[1.500s] -- Up-to-date: /home/bilal/trail_tracer/install/nav_2d_msgs/include/nav_2d_msgs/nav_2d_msgs/msg/detail/twist2_d32__builder.hpp
[1.500s] -- Up-to-date: /home/bilal/trail_tracer/install/nav_2d_msgs/include/nav_2d_msgs/nav_2d_msgs/msg/detail/pose2_d32__struct.hpp
[1.500s] -- Up-to-date: /home/bilal/trail_tracer/install/nav_2d_msgs/include/nav_2d_msgs/nav_2d_msgs/msg/detail/twist2_d__struct.hpp
[1.500s] -- Up-to-date: /home/bilal/trail_tracer/install/nav_2d_msgs/include/nav_2d_msgs/nav_2d_msgs/msg/detail/pose2_d32__traits.hpp
[1.500s] -- Up-to-date: /home/bilal/trail_tracer/install/nav_2d_msgs/include/nav_2d_msgs/nav_2d_msgs/msg/detail/twist2_d32__struct.hpp
[1.500s] -- Up-to-date: /home/bilal/trail_tracer/install/nav_2d_msgs/include/nav_2d_msgs/nav_2d_msgs/msg/detail/twist2_d__traits.hpp
[1.500s] -- Up-to-date: /home/bilal/trail_tracer/install/nav_2d_msgs/include/nav_2d_msgs/nav_2d_msgs/msg/detail/twist2_d__builder.hpp
[1.500s] -- Up-to-date: /home/bilal/trail_tracer/install/nav_2d_msgs/include/nav_2d_msgs/nav_2d_msgs/msg/detail/twist2_d_stamped__struct.hpp
[1.500s] -- Up-to-date: /home/bilal/trail_tracer/install/nav_2d_msgs/include/nav_2d_msgs/nav_2d_msgs/msg/detail/pose2_d_stamped__traits.hpp
[1.500s] -- Up-to-date: /home/bilal/trail_tracer/install/nav_2d_msgs/include/nav_2d_msgs/nav_2d_msgs/msg/detail/twist2_d_stamped__builder.hpp
[1.500s] -- Up-to-date: /home/bilal/trail_tracer/install/nav_2d_msgs/include/nav_2d_msgs/nav_2d_msgs
[1.501s] -- Up-to-date: /home/bilal/trail_tracer/install/nav_2d_msgs/include/nav_2d_msgs/nav_2d_msgs/msg
[1.501s] -- Up-to-date: /home/bilal/trail_tracer/install/nav_2d_msgs/include/nav_2d_msgs/nav_2d_msgs/msg/rosidl_typesupport_fastrtps_cpp__visibility_control.h
[1.501s] -- Up-to-date: /home/bilal/trail_tracer/install/nav_2d_msgs/include/nav_2d_msgs/nav_2d_msgs/msg/detail
[1.501s] -- Up-to-date: /home/bilal/trail_tracer/install/nav_2d_msgs/include/nav_2d_msgs/nav_2d_msgs/msg/detail/twist2_d32__rosidl_typesupport_fastrtps_cpp.hpp
[1.501s] -- Up-to-date: /home/bilal/trail_tracer/install/nav_2d_msgs/include/nav_2d_msgs/nav_2d_msgs/msg/detail/pose2_d_stamped__rosidl_typesupport_fastrtps_cpp.hpp
[1.501s] -- Up-to-date: /home/bilal/trail_tracer/install/nav_2d_msgs/include/nav_2d_msgs/nav_2d_msgs/msg/detail/path2_d__rosidl_typesupport_fastrtps_cpp.hpp
[1.501s] -- Up-to-date: /home/bilal/trail_tracer/install/nav_2d_msgs/include/nav_2d_msgs/nav_2d_msgs/msg/detail/pose2_d32__rosidl_typesupport_fastrtps_cpp.hpp
[1.501s] -- Up-to-date: /home/bilal/trail_tracer/install/nav_2d_msgs/include/nav_2d_msgs/nav_2d_msgs/msg/detail/twist2_d__rosidl_typesupport_fastrtps_cpp.hpp
[1.501s] -- Up-to-date: /home/bilal/trail_tracer/install/nav_2d_msgs/include/nav_2d_msgs/nav_2d_msgs/msg/detail/twist2_d_stamped__rosidl_typesupport_fastrtps_cpp.hpp
[1.501s] -- Up-to-date: /home/bilal/trail_tracer/install/nav_2d_msgs/include/nav_2d_msgs/nav_2d_msgs/msg/detail/dds_fastrtps
[1.501s] -- Up-to-date: /home/bilal/trail_tracer/install/nav_2d_msgs/lib/libnav_2d_msgs__rosidl_typesupport_fastrtps_cpp.so
[1.502s] -- Up-to-date: /home/bilal/trail_tracer/install/nav_2d_msgs/include/nav_2d_msgs/nav_2d_msgs
[1.502s] -- Up-to-date: /home/bilal/trail_tracer/install/nav_2d_msgs/include/nav_2d_msgs/nav_2d_msgs/msg
[1.502s] -- Up-to-date: /home/bilal/trail_tracer/install/nav_2d_msgs/include/nav_2d_msgs/nav_2d_msgs/msg/detail
[1.502s] -- Up-to-date: /home/bilal/trail_tracer/install/nav_2d_msgs/include/nav_2d_msgs/nav_2d_msgs/msg/detail/path2_d__rosidl_typesupport_introspection_c.h
[1.502s] -- Up-to-date: /home/bilal/trail_tracer/install/nav_2d_msgs/include/nav_2d_msgs/nav_2d_msgs/msg/detail/twist2_d32__rosidl_typesupport_introspection_c.h
[1.502s] -- Up-to-date: /home/bilal/trail_tracer/install/nav_2d_msgs/include/nav_2d_msgs/nav_2d_msgs/msg/detail/path2_d__type_support.c
[1.502s] -- Up-to-date: /home/bilal/trail_tracer/install/nav_2d_msgs/include/nav_2d_msgs/nav_2d_msgs/msg/detail/twist2_d_stamped__rosidl_typesupport_introspection_c.h
[1.502s] -- Up-to-date: /home/bilal/trail_tracer/install/nav_2d_msgs/include/nav_2d_msgs/nav_2d_msgs/msg/detail/pose2_d_stamped__type_support.c
[1.502s] -- Up-to-date: /home/bilal/trail_tracer/install/nav_2d_msgs/include/nav_2d_msgs/nav_2d_msgs/msg/detail/pose2_d32__type_support.c
[1.502s] -- Up-to-date: /home/bilal/trail_tracer/install/nav_2d_msgs/include/nav_2d_msgs/nav_2d_msgs/msg/detail/pose2_d_stamped__rosidl_typesupport_introspection_c.h
[1.502s] -- Up-to-date: /home/bilal/trail_tracer/install/nav_2d_msgs/include/nav_2d_msgs/nav_2d_msgs/msg/detail/twist2_d32__type_support.c
[1.502s] -- Up-to-date: /home/bilal/trail_tracer/install/nav_2d_msgs/include/nav_2d_msgs/nav_2d_msgs/msg/detail/twist2_d__type_support.c
[1.503s] -- Up-to-date: /home/bilal/trail_tracer/install/nav_2d_msgs/include/nav_2d_msgs/nav_2d_msgs/msg/detail/pose2_d32__rosidl_typesupport_introspection_c.h
[1.503s] -- Up-to-date: /home/bilal/trail_tracer/install/nav_2d_msgs/include/nav_2d_msgs/nav_2d_msgs/msg/detail/twist2_d_stamped__type_support.c
[1.503s] -- Up-to-date: /home/bilal/trail_tracer/install/nav_2d_msgs/include/nav_2d_msgs/nav_2d_msgs/msg/detail/twist2_d__rosidl_typesupport_introspection_c.h
[1.503s] -- Up-to-date: /home/bilal/trail_tracer/install/nav_2d_msgs/include/nav_2d_msgs/nav_2d_msgs/msg/rosidl_typesupport_introspection_c__visibility_control.h
[1.503s] -- Up-to-date: /home/bilal/trail_tracer/install/nav_2d_msgs/lib/libnav_2d_msgs__rosidl_typesupport_introspection_c.so
[1.504s] -- Up-to-date: /home/bilal/trail_tracer/install/nav_2d_msgs/lib/libnav_2d_msgs__rosidl_typesupport_c.so
[1.504s] -- Up-to-date: /home/bilal/trail_tracer/install/nav_2d_msgs/include/nav_2d_msgs/nav_2d_msgs
[1.504s] -- Up-to-date: /home/bilal/trail_tracer/install/nav_2d_msgs/include/nav_2d_msgs/nav_2d_msgs/msg
[1.504s] -- Up-to-date: /home/bilal/trail_tracer/install/nav_2d_msgs/include/nav_2d_msgs/nav_2d_msgs/msg/detail
[1.504s] -- Up-to-date: /home/bilal/trail_tracer/install/nav_2d_msgs/include/nav_2d_msgs/nav_2d_msgs/msg/detail/twist2_d__rosidl_typesupport_introspection_cpp.hpp
[1.504s] -- Up-to-date: /home/bilal/trail_tracer/install/nav_2d_msgs/include/nav_2d_msgs/nav_2d_msgs/msg/detail/pose2_d_stamped__type_support.cpp
[1.504s] -- Up-to-date: /home/bilal/trail_tracer/install/nav_2d_msgs/include/nav_2d_msgs/nav_2d_msgs/msg/detail/pose2_d32__rosidl_typesupport_introspection_cpp.hpp
[1.504s] -- Up-to-date: /home/bilal/trail_tracer/install/nav_2d_msgs/include/nav_2d_msgs/nav_2d_msgs/msg/detail/twist2_d__type_support.cpp
[1.504s] -- Up-to-date: /home/bilal/trail_tracer/install/nav_2d_msgs/include/nav_2d_msgs/nav_2d_msgs/msg/detail/twist2_d_stamped__rosidl_typesupport_introspection_cpp.hpp
[1.504s] -- Up-to-date: /home/bilal/trail_tracer/install/nav_2d_msgs/include/nav_2d_msgs/nav_2d_msgs/msg/detail/pose2_d32__type_support.cpp
[1.504s] -- Up-to-date: /home/bilal/trail_tracer/install/nav_2d_msgs/include/nav_2d_msgs/nav_2d_msgs/msg/detail/twist2_d32__type_support.cpp
[1.505s] -- Up-to-date: /home/bilal/trail_tracer/install/nav_2d_msgs/include/nav_2d_msgs/nav_2d_msgs/msg/detail/pose2_d_stamped__rosidl_typesupport_introspection_cpp.hpp
[1.505s] -- Up-to-date: /home/bilal/trail_tracer/install/nav_2d_msgs/include/nav_2d_msgs/nav_2d_msgs/msg/detail/twist2_d32__rosidl_typesupport_introspection_cpp.hpp
[1.505s] -- Up-to-date: /home/bilal/trail_tracer/install/nav_2d_msgs/include/nav_2d_msgs/nav_2d_msgs/msg/detail/path2_d__type_support.cpp
[1.505s] -- Up-to-date: /home/bilal/trail_tracer/install/nav_2d_msgs/include/nav_2d_msgs/nav_2d_msgs/msg/detail/twist2_d_stamped__type_support.cpp
[1.505s] -- Up-to-date: /home/bilal/trail_tracer/install/nav_2d_msgs/include/nav_2d_msgs/nav_2d_msgs/msg/detail/path2_d__rosidl_typesupport_introspection_cpp.hpp
[1.505s] -- Up-to-date: /home/bilal/trail_tracer/install/nav_2d_msgs/lib/libnav_2d_msgs__rosidl_typesupport_introspection_cpp.so
[1.505s] -- Up-to-date: /home/bilal/trail_tracer/install/nav_2d_msgs/lib/libnav_2d_msgs__rosidl_typesupport_cpp.so
[1.505s] -- Up-to-date: /home/bilal/trail_tracer/install/nav_2d_msgs/share/nav_2d_msgs/environment/pythonpath.sh
[1.505s] -- Up-to-date: /home/bilal/trail_tracer/install/nav_2d_msgs/share/nav_2d_msgs/environment/pythonpath.dsv
[1.505s] -- Up-to-date: /home/bilal/trail_tracer/install/nav_2d_msgs/local/lib/python3.10/dist-packages/nav_2d_msgs-1.1.13-py3.10.egg-info
[1.505s] -- Installing: /home/bilal/trail_tracer/install/nav_2d_msgs/local/lib/python3.10/dist-packages/nav_2d_msgs-1.1.13-py3.10.egg-info/PKG-INFO
[1.505s] -- Installing: /home/bilal/trail_tracer/install/nav_2d_msgs/local/lib/python3.10/dist-packages/nav_2d_msgs-1.1.13-py3.10.egg-info/top_level.txt
[1.505s] -- Installing: /home/bilal/trail_tracer/install/nav_2d_msgs/local/lib/python3.10/dist-packages/nav_2d_msgs-1.1.13-py3.10.egg-info/dependency_links.txt
[1.506s] -- Installing: /home/bilal/trail_tracer/install/nav_2d_msgs/local/lib/python3.10/dist-packages/nav_2d_msgs-1.1.13-py3.10.egg-info/SOURCES.txt
[1.506s] -- Up-to-date: /home/bilal/trail_tracer/install/nav_2d_msgs/local/lib/python3.10/dist-packages/nav_2d_msgs
[1.506s] -- Up-to-date: /home/bilal/trail_tracer/install/nav_2d_msgs/local/lib/python3.10/dist-packages/nav_2d_msgs/nav_2d_msgs_s__rosidl_typesupport_introspection_c.cpython-310-x86_64-linux-gnu.so
[1.506s] -- Up-to-date: /home/bilal/trail_tracer/install/nav_2d_msgs/local/lib/python3.10/dist-packages/nav_2d_msgs/_nav_2d_msgs_s.ep.rosidl_typesupport_fastrtps_c.c
[1.506s] -- Up-to-date: /home/bilal/trail_tracer/install/nav_2d_msgs/local/lib/python3.10/dist-packages/nav_2d_msgs/libnav_2d_msgs__rosidl_generator_py.so
[1.506s] -- Up-to-date: /home/bilal/trail_tracer/install/nav_2d_msgs/local/lib/python3.10/dist-packages/nav_2d_msgs/nav_2d_msgs_s__rosidl_typesupport_fastrtps_c.cpython-310-x86_64-linux-gnu.so
[1.506s] -- Up-to-date: /home/bilal/trail_tracer/install/nav_2d_msgs/local/lib/python3.10/dist-packages/nav_2d_msgs/__init__.py
[1.506s] -- Up-to-date: /home/bilal/trail_tracer/install/nav_2d_msgs/local/lib/python3.10/dist-packages/nav_2d_msgs/_nav_2d_msgs_s.ep.rosidl_typesupport_introspection_c.c
[1.506s] -- Up-to-date: /home/bilal/trail_tracer/install/nav_2d_msgs/local/lib/python3.10/dist-packages/nav_2d_msgs/msg
[1.506s] -- Up-to-date: /home/bilal/trail_tracer/install/nav_2d_msgs/local/lib/python3.10/dist-packages/nav_2d_msgs/msg/_pose2_d_stamped_s.c
[1.507s] -- Up-to-date: /home/bilal/trail_tracer/install/nav_2d_msgs/local/lib/python3.10/dist-packages/nav_2d_msgs/msg/_path2_d.py
[1.507s] -- Up-to-date: /home/bilal/trail_tracer/install/nav_2d_msgs/local/lib/python3.10/dist-packages/nav_2d_msgs/msg/_path2_d_s.c
[1.507s] -- Up-to-date: /home/bilal/trail_tracer/install/nav_2d_msgs/local/lib/python3.10/dist-packages/nav_2d_msgs/msg/_twist2_d32.py
[1.507s] -- Up-to-date: /home/bilal/trail_tracer/install/nav_2d_msgs/local/lib/python3.10/dist-packages/nav_2d_msgs/msg/_pose2_d32.py
[1.507s] -- Up-to-date: /home/bilal/trail_tracer/install/nav_2d_msgs/local/lib/python3.10/dist-packages/nav_2d_msgs/msg/__init__.py
[1.507s] -- Up-to-date: /home/bilal/trail_tracer/install/nav_2d_msgs/local/lib/python3.10/dist-packages/nav_2d_msgs/msg/_twist2_d.py
[1.507s] -- Up-to-date: /home/bilal/trail_tracer/install/nav_2d_msgs/local/lib/python3.10/dist-packages/nav_2d_msgs/msg/_pose2_d_stamped.py
[1.507s] -- Up-to-date: /home/bilal/trail_tracer/install/nav_2d_msgs/local/lib/python3.10/dist-packages/nav_2d_msgs/msg/_twist2_d32_s.c
[1.507s] -- Up-to-date: /home/bilal/trail_tracer/install/nav_2d_msgs/local/lib/python3.10/dist-packages/nav_2d_msgs/msg/_pose2_d32_s.c
[1.507s] -- Up-to-date: /home/bilal/trail_tracer/install/nav_2d_msgs/local/lib/python3.10/dist-packages/nav_2d_msgs/msg/_twist2_d_s.c
[1.507s] -- Up-to-date: /home/bilal/trail_tracer/install/nav_2d_msgs/local/lib/python3.10/dist-packages/nav_2d_msgs/msg/_twist2_d_stamped_s.c
[1.507s] -- Up-to-date: /home/bilal/trail_tracer/install/nav_2d_msgs/local/lib/python3.10/dist-packages/nav_2d_msgs/msg/_twist2_d_stamped.py
[1.507s] -- Up-to-date: /home/bilal/trail_tracer/install/nav_2d_msgs/local/lib/python3.10/dist-packages/nav_2d_msgs/_nav_2d_msgs_s.ep.rosidl_typesupport_c.c
[1.508s] -- Up-to-date: /home/bilal/trail_tracer/install/nav_2d_msgs/local/lib/python3.10/dist-packages/nav_2d_msgs/nav_2d_msgs_s__rosidl_typesupport_c.cpython-310-x86_64-linux-gnu.so
[1.541s] Listing '/home/bilal/trail_tracer/install/nav_2d_msgs/local/lib/python3.10/dist-packages/nav_2d_msgs'...
[1.542s] Listing '/home/bilal/trail_tracer/install/nav_2d_msgs/local/lib/python3.10/dist-packages/nav_2d_msgs/msg'...
[1.546s] -- Up-to-date: /home/bilal/trail_tracer/install/nav_2d_msgs/local/lib/python3.10/dist-packages/nav_2d_msgs/nav_2d_msgs_s__rosidl_typesupport_fastrtps_c.cpython-310-x86_64-linux-gnu.so
[1.547s] -- Up-to-date: /home/bilal/trail_tracer/install/nav_2d_msgs/local/lib/python3.10/dist-packages/nav_2d_msgs/nav_2d_msgs_s__rosidl_typesupport_introspection_c.cpython-310-x86_64-linux-gnu.so
[1.547s] -- Up-to-date: /home/bilal/trail_tracer/install/nav_2d_msgs/local/lib/python3.10/dist-packages/nav_2d_msgs/nav_2d_msgs_s__rosidl_typesupport_c.cpython-310-x86_64-linux-gnu.so
[1.547s] -- Up-to-date: /home/bilal/trail_tracer/install/nav_2d_msgs/lib/libnav_2d_msgs__rosidl_generator_py.so
[1.548s] -- Up-to-date: /home/bilal/trail_tracer/install/nav_2d_msgs/share/nav_2d_msgs/msg/Path2D.idl
[1.548s] -- Up-to-date: /home/bilal/trail_tracer/install/nav_2d_msgs/share/nav_2d_msgs/msg/Pose2D32.idl
[1.548s] -- Up-to-date: /home/bilal/trail_tracer/install/nav_2d_msgs/share/nav_2d_msgs/msg/Pose2DStamped.idl
[1.548s] -- Up-to-date: /home/bilal/trail_tracer/install/nav_2d_msgs/share/nav_2d_msgs/msg/Twist2D.idl
[1.548s] -- Up-to-date: /home/bilal/trail_tracer/install/nav_2d_msgs/share/nav_2d_msgs/msg/Twist2D32.idl
[1.548s] -- Up-to-date: /home/bilal/trail_tracer/install/nav_2d_msgs/share/nav_2d_msgs/msg/Twist2DStamped.idl
[1.548s] -- Up-to-date: /home/bilal/trail_tracer/install/nav_2d_msgs/share/nav_2d_msgs/msg/Path2D.msg
[1.549s] -- Up-to-date: /home/bilal/trail_tracer/install/nav_2d_msgs/share/nav_2d_msgs/msg/Pose2D32.msg
[1.549s] -- Up-to-date: /home/bilal/trail_tracer/install/nav_2d_msgs/share/nav_2d_msgs/msg/Pose2DStamped.msg
[1.549s] -- Up-to-date: /home/bilal/trail_tracer/install/nav_2d_msgs/share/nav_2d_msgs/msg/Twist2D.msg
[1.549s] -- Up-to-date: /home/bilal/trail_tracer/install/nav_2d_msgs/share/nav_2d_msgs/msg/Twist2D32.msg
[1.549s] -- Up-to-date: /home/bilal/trail_tracer/install/nav_2d_msgs/share/nav_2d_msgs/msg/Twist2DStamped.msg
[1.549s] -- Up-to-date: /home/bilal/trail_tracer/install/nav_2d_msgs/share/ament_index/resource_index/package_run_dependencies/nav_2d_msgs
[1.550s] -- Up-to-date: /home/bilal/trail_tracer/install/nav_2d_msgs/share/ament_index/resource_index/parent_prefix_path/nav_2d_msgs
[1.550s] -- Up-to-date: /home/bilal/trail_tracer/install/nav_2d_msgs/share/nav_2d_msgs/environment/ament_prefix_path.sh
[1.550s] -- Up-to-date: /home/bilal/trail_tracer/install/nav_2d_msgs/share/nav_2d_msgs/environment/ament_prefix_path.dsv
[1.550s] -- Up-to-date: /home/bilal/trail_tracer/install/nav_2d_msgs/share/nav_2d_msgs/environment/path.sh
[1.550s] -- Up-to-date: /home/bilal/trail_tracer/install/nav_2d_msgs/share/nav_2d_msgs/environment/path.dsv
[1.551s] -- Up-to-date: /home/bilal/trail_tracer/install/nav_2d_msgs/share/nav_2d_msgs/local_setup.bash
[1.552s] -- Up-to-date: /home/bilal/trail_tracer/install/nav_2d_msgs/share/nav_2d_msgs/local_setup.sh
[1.552s] -- Up-to-date: /home/bilal/trail_tracer/install/nav_2d_msgs/share/nav_2d_msgs/local_setup.zsh
[1.552s] -- Up-to-date: /home/bilal/trail_tracer/install/nav_2d_msgs/share/nav_2d_msgs/local_setup.dsv
[1.552s] -- Installing: /home/bilal/trail_tracer/install/nav_2d_msgs/share/nav_2d_msgs/package.dsv
[1.552s] -- Up-to-date: /home/bilal/trail_tracer/install/nav_2d_msgs/share/ament_index/resource_index/packages/nav_2d_msgs
[1.552s] -- Up-to-date: /home/bilal/trail_tracer/install/nav_2d_msgs/share/nav_2d_msgs/cmake/export_nav_2d_msgs__rosidl_generator_cExport.cmake
[1.552s] -- Up-to-date: /home/bilal/trail_tracer/install/nav_2d_msgs/share/nav_2d_msgs/cmake/export_nav_2d_msgs__rosidl_generator_cExport-noconfig.cmake
[1.552s] -- Up-to-date: /home/bilal/trail_tracer/install/nav_2d_msgs/share/nav_2d_msgs/cmake/export_nav_2d_msgs__rosidl_typesupport_fastrtps_cExport.cmake
[1.552s] -- Up-to-date: /home/bilal/trail_tracer/install/nav_2d_msgs/share/nav_2d_msgs/cmake/export_nav_2d_msgs__rosidl_typesupport_fastrtps_cExport-noconfig.cmake
[1.552s] -- Up-to-date: /home/bilal/trail_tracer/install/nav_2d_msgs/share/nav_2d_msgs/cmake/export_nav_2d_msgs__rosidl_generator_cppExport.cmake
[1.553s] -- Up-to-date: /home/bilal/trail_tracer/install/nav_2d_msgs/share/nav_2d_msgs/cmake/export_nav_2d_msgs__rosidl_typesupport_fastrtps_cppExport.cmake
[1.553s] -- Up-to-date: /home/bilal/trail_tracer/install/nav_2d_msgs/share/nav_2d_msgs/cmake/export_nav_2d_msgs__rosidl_typesupport_fastrtps_cppExport-noconfig.cmake
[1.553s] -- Up-to-date: /home/bilal/trail_tracer/install/nav_2d_msgs/share/nav_2d_msgs/cmake/nav_2d_msgs__rosidl_typesupport_introspection_cExport.cmake
[1.553s] -- Up-to-date: /home/bilal/trail_tracer/install/nav_2d_msgs/share/nav_2d_msgs/cmake/nav_2d_msgs__rosidl_typesupport_introspection_cExport-noconfig.cmake
[1.553s] -- Up-to-date: /home/bilal/trail_tracer/install/nav_2d_msgs/share/nav_2d_msgs/cmake/nav_2d_msgs__rosidl_typesupport_cExport.cmake
[1.553s] -- Up-to-date: /home/bilal/trail_tracer/install/nav_2d_msgs/share/nav_2d_msgs/cmake/nav_2d_msgs__rosidl_typesupport_cExport-noconfig.cmake
[1.553s] -- Up-to-date: /home/bilal/trail_tracer/install/nav_2d_msgs/share/nav_2d_msgs/cmake/nav_2d_msgs__rosidl_typesupport_introspection_cppExport.cmake
[1.553s] -- Up-to-date: /home/bilal/trail_tracer/install/nav_2d_msgs/share/nav_2d_msgs/cmake/nav_2d_msgs__rosidl_typesupport_introspection_cppExport-noconfig.cmake
[1.553s] -- Up-to-date: /home/bilal/trail_tracer/install/nav_2d_msgs/share/nav_2d_msgs/cmake/nav_2d_msgs__rosidl_typesupport_cppExport.cmake
[1.553s] -- Up-to-date: /home/bilal/trail_tracer/install/nav_2d_msgs/share/nav_2d_msgs/cmake/nav_2d_msgs__rosidl_typesupport_cppExport-noconfig.cmake
[1.553s] -- Up-to-date: /home/bilal/trail_tracer/install/nav_2d_msgs/share/nav_2d_msgs/cmake/export_nav_2d_msgs__rosidl_generator_pyExport.cmake
[1.553s] -- Up-to-date: /home/bilal/trail_tracer/install/nav_2d_msgs/share/nav_2d_msgs/cmake/export_nav_2d_msgs__rosidl_generator_pyExport-noconfig.cmake
[1.553s] -- Up-to-date: /home/bilal/trail_tracer/install/nav_2d_msgs/share/nav_2d_msgs/cmake/rosidl_cmake-extras.cmake
[1.554s] -- Up-to-date: /home/bilal/trail_tracer/install/nav_2d_msgs/share/nav_2d_msgs/cmake/ament_cmake_export_dependencies-extras.cmake
[1.554s] -- Up-to-date: /home/bilal/trail_tracer/install/nav_2d_msgs/share/nav_2d_msgs/cmake/ament_cmake_export_include_directories-extras.cmake
[1.554s] -- Up-to-date: /home/bilal/trail_tracer/install/nav_2d_msgs/share/nav_2d_msgs/cmake/ament_cmake_export_libraries-extras.cmake
[1.554s] -- Up-to-date: /home/bilal/trail_tracer/install/nav_2d_msgs/share/nav_2d_msgs/cmake/ament_cmake_export_targets-extras.cmake
[1.554s] -- Up-to-date: /home/bilal/trail_tracer/install/nav_2d_msgs/share/nav_2d_msgs/cmake/rosidl_cmake_export_typesupport_targets-extras.cmake
[1.554s] -- Up-to-date: /home/bilal/trail_tracer/install/nav_2d_msgs/share/nav_2d_msgs/cmake/rosidl_cmake_export_typesupport_libraries-extras.cmake
[1.554s] -- Up-to-date: /home/bilal/trail_tracer/install/nav_2d_msgs/share/nav_2d_msgs/cmake/nav_2d_msgsConfig.cmake
[1.554s] -- Up-to-date: /home/bilal/trail_tracer/install/nav_2d_msgs/share/nav_2d_msgs/cmake/nav_2d_msgsConfig-version.cmake
[1.554s] -- Up-to-date: /home/bilal/trail_tracer/install/nav_2d_msgs/share/nav_2d_msgs/package.xml
[1.555s] Invoked command in '/home/bilal/trail_tracer/build/nav_2d_msgs' returned '0': CMAKE_PREFIX_PATH=${CMAKE_PREFIX_PATH}:/home/bilal/trail_tracer/install/web_gui:/home/bilal/trail_tracer/install/nav2_simple_commander:/home/bilal/learn_ros2_ws/install/web_gui:/home/bilal/learn_ros2_ws/install/nav2_simple_commander:/home/bilal/ros2_ws/install/web_gui:/home/bilal/ros2_ws/install/opencv_tools:/home/bilal/ros2_ws/install/biy1_ros360_py:/opt/ros/humble /usr/bin/cmake --install /home/bilal/trail_tracer/build/nav_2d_msgs
