[0.042s] Invoking command in '/home/bilal/trail_tracer/build/gazebo_ros_ackermann_drive_4wd': CMAKE_PREFIX_PATH=${CMAKE_PREFIX_PATH}:/home/bilal/trail_tracer/install/web_gui:/home/bilal/learn_ros2_ws/install/web_gui:/home/bilal/learn_ros2_ws/install/nav2_simple_commander:/home/bilal/ros2_ws/install/web_gui:/home/bilal/ros2_ws/install/opencv_tools:/home/bilal/ros2_ws/install/biy1_ros360_py:/opt/ros/humble /usr/bin/cmake /home/bilal/trail_tracer/src/gazebo_ros_ackermann_drive_4wd -DCMAKE_INSTALL_PREFIX=/home/bilal/trail_tracer/install/gazebo_ros_ackermann_drive_4wd
[0.133s] -- The C compiler identification is GNU 11.4.0
[0.212s] -- The CXX compiler identification is GNU 11.4.0
[0.224s] -- Detecting C compiler ABI info
[0.380s] -- Detecting C compiler ABI info - done
[0.390s] -- Check for working C compiler: /usr/bin/cc - skipped
[0.391s] -- Detecting C compile features
[0.391s] -- Detecting C compile features - done
[0.395s] -- Detecting CXX compiler ABI info
[0.555s] -- Detecting CXX compiler ABI info - done
[0.564s] -- Check for working CXX compiler: /usr/bin/c++ - skipped
[0.564s] -- Detecting CXX compile features
[0.565s] -- Detecting CXX compile features - done
[0.582s] -- Found ament_cmake: 1.3.8 (/opt/ros/humble/share/ament_cmake/cmake)
[0.877s] -- Found Python3: /usr/bin/python3 (found version "3.10.12") found components: Interpreter 
[1.150s] -- Found rclcpp: 16.0.8 (/opt/ros/humble/share/rclcpp/cmake)
[1.314s] -- Found rosidl_generator_c: 3.1.5 (/opt/ros/humble/share/rosidl_generator_c/cmake)
[1.336s] -- Found rosidl_adapter: 3.1.5 (/opt/ros/humble/share/rosidl_adapter/cmake)
[1.368s] -- Found rosidl_generator_cpp: 3.1.5 (/opt/ros/humble/share/rosidl_generator_cpp/cmake)
[1.406s] -- Using all available rosidl_typesupport_c: rosidl_typesupport_fastrtps_c;rosidl_typesupport_introspection_c
[1.466s] -- Using all available rosidl_typesupport_cpp: rosidl_typesupport_fastrtps_cpp;rosidl_typesupport_introspection_cpp
[1.638s] -- Found rmw_implementation_cmake: 6.1.1 (/opt/ros/humble/share/rmw_implementation_cmake/cmake)
[1.652s] -- Found rmw_fastrtps_cpp: 6.2.6 (/opt/ros/humble/share/rmw_fastrtps_cpp/cmake)
[1.847s] -- Found OpenSSL: /usr/lib/x86_64-linux-gnu/libcrypto.so (found version "3.0.2")  
[1.892s] -- Found FastRTPS: /opt/ros/humble/include  
[1.982s] -- Using RMW implementation 'rmw_fastrtps_cpp' as default
[2.016s] -- Looking for pthread.h
[2.125s] -- Looking for pthread.h - found
[2.126s] -- Performing Test CMAKE_HAVE_LIBC_PTHREAD
[2.224s] -- Performing Test CMAKE_HAVE_LIBC_PTHREAD - Success
[2.225s] -- Found Threads: TRUE  
[2.409s] -- Found tf2: 0.25.6 (/opt/ros/humble/share/tf2/cmake)
[2.496s] -- Found tf2_geometry_msgs: 0.25.6 (/opt/ros/humble/share/tf2_geometry_msgs/cmake)
[2.543s] -- Found eigen3_cmake_module: 0.1.1 (/opt/ros/humble/share/eigen3_cmake_module/cmake)
[2.544s] -- Found Eigen3: TRUE (found version "3.4.0") 
[2.544s] -- Ensuring Eigen3 include directory is part of orocos-kdl CMake target
[2.909s] -- Found nav_msgs: 4.2.3 (/opt/ros/humble/share/nav_msgs/cmake)
[2.988s] -- Found gazebo_dev: 3.7.0 (/opt/ros/humble/share/gazebo_dev/cmake)
[3.004s] -- Found PkgConfig: /usr/bin/pkg-config (found version "0.29.2") 
[3.006s] -- Checking for module 'bullet>=2.82'
[3.029s] --   Found bullet, version 3.05
[3.217s] -- Found fcl: /usr/include (found suitable version "0.7.0", minimum required is "0.5.0") 
[3.308s] -- Found assimp: /usr/include (found version "5.2.0") 
[3.368s] -- Found DART: /usr/include (Required is at least version "6.6") found components: dart 
[3.441s] -- Found Boost: /usr/lib/x86_64-linux-gnu/cmake/Boost-1.74.0/BoostConfig.cmake (found suitable version "1.74.0", minimum required is "1.40.0") found components: thread system filesystem program_options regex iostreams date_time 
[3.463s] -- Found Protobuf: /usr/lib/x86_64-linux-gnu/libprotobuf.so (found version "3.12.4") 
[3.484s] -- Looking for ignition-math6 -- found version 6.15.1
[3.501s] -- Searching for dependencies of ignition-math6
[3.502s] -- Looking for OGRE...
[3.503s] -- OGRE_PREFIX_WATCH changed.
[3.510s] -- Checking for module 'OGRE'
[3.533s] --   Found OGRE, version 1.9.0
[3.588s] -- Found Ogre Ghadamon (1.9.0)
[3.608s] -- Found OGRE: optimized;/usr/lib/x86_64-linux-gnu/libOgreMain.so;debug;/usr/lib/x86_64-linux-gnu/libOgreMain.so
[3.619s] -- Looking for OGRE_Paging...
[3.632s] -- Found OGRE_Paging: optimized;/usr/lib/x86_64-linux-gnu/libOgrePaging.so;debug;/usr/lib/x86_64-linux-gnu/libOgrePaging.so
[3.633s] -- Looking for OGRE_Terrain...
[3.644s] -- Found OGRE_Terrain: optimized;/usr/lib/x86_64-linux-gnu/libOgreTerrain.so;debug;/usr/lib/x86_64-linux-gnu/libOgreTerrain.so
[3.644s] -- Looking for OGRE_Property...
[3.655s] -- Found OGRE_Property: optimized;/usr/lib/x86_64-linux-gnu/libOgreProperty.so;debug;/usr/lib/x86_64-linux-gnu/libOgreProperty.so
[3.655s] -- Looking for OGRE_RTShaderSystem...
[3.666s] -- Found OGRE_RTShaderSystem: optimized;/usr/lib/x86_64-linux-gnu/libOgreRTShaderSystem.so;debug;/usr/lib/x86_64-linux-gnu/libOgreRTShaderSystem.so
[3.666s] -- Looking for OGRE_Volume...
[3.677s] -- Found OGRE_Volume: optimized;/usr/lib/x86_64-linux-gnu/libOgreVolume.so;debug;/usr/lib/x86_64-linux-gnu/libOgreVolume.so
[3.677s] -- Looking for OGRE_Overlay...
[3.688s] -- Found OGRE_Overlay: optimized;/usr/lib/x86_64-linux-gnu/libOgreOverlay.so;debug;/usr/lib/x86_64-linux-gnu/libOgreOverlay.so
[4.072s] -- Looking for ignition-math6 -- found version 6.15.1
[4.085s] -- Looking for ignition-transport8 -- found version 8.2.1
[4.086s] -- Searching for dependencies of ignition-transport8
[4.126s] -- Found Protobuf: /usr/lib/x86_64-linux-gnu/libprotobuf.so (found suitable version "3.12.4", minimum required is "3") 
[4.155s] -- Config-file not installed for ZeroMQ -- checking for pkg-config
[4.163s] -- Checking for module 'libzmq >= 4'
[4.191s] --   Found libzmq , version 4.3.4
[4.250s] -- Found ZeroMQ: TRUE (Required is at least version "4") 
[4.258s] -- Checking for module 'uuid'
[4.281s] --   Found uuid, version 2.37.2
[4.341s] -- Found UUID: TRUE  
[4.350s] -- Looking for ignition-msgs5 -- found version 5.8.1
[4.350s] -- Searching for dependencies of ignition-msgs5
[4.380s] -- Looking for ignition-math6 -- found version 6.15.1
[4.387s] -- Checking for module 'tinyxml2'
[4.411s] --   Found tinyxml2, version 9.0.0
[4.468s] -- Looking for ignition-msgs5 -- found version 5.8.1
[4.477s] -- Looking for ignition-common3 -- found version 3.14.0
[4.477s] -- Searching for dependencies of ignition-common3
[4.478s] -- Looking for dlfcn.h - found
[4.480s] -- Looking for libdl - found
[4.481s] -- Found DL: TRUE  
[4.504s] -- Found tinyobjloader: /usr/lib/x86_64-linux-gnu/cmake/tinyobjloader/tinyobjloader-config.cmake (found version "2.0.0") 
[4.504s] -- Searching for <ignition-common3> component [graphics]
[4.515s] -- Looking for ignition-common3-graphics -- found version 3.14.0
[4.515s] -- Searching for dependencies of ignition-common3-graphics
[4.516s] -- Looking for ignition-math6 -- found version 6.15.1
[4.527s] -- Looking for ignition-fuel_tools4 -- found version 4.4.0
[4.527s] -- Searching for dependencies of ignition-fuel_tools4
[4.663s] -- Found CURL: /usr/lib/x86_64-linux-gnu/libcurl.so (found version "7.81.0")  
[4.678s] -- Checking for module 'jsoncpp'
[4.702s] --   Found jsoncpp, version 1.9.5
[4.760s] -- Found JSONCPP: TRUE  
[4.767s] -- Checking for module 'libzip'
[4.793s] --   Found libzip, version 1.7.3
[4.852s] -- Found ZIP: TRUE  
[4.853s] -- Looking for ignition-common3 -- found version 3.14.0
[4.853s] -- Looking for ignition-math6 -- found version 6.15.1
[4.854s] -- Looking for ignition-msgs5 -- found version 5.8.1
[4.864s] -- Gazebo version: 11.10
[4.864s] -- Checking for module 'tbb'
[4.897s] --   Found tbb, version 2021.5.0
[5.044s] -- Configuring done
[5.066s] -- Generating done
[5.068s] -- Build files have been written to: /home/bilal/trail_tracer/build/gazebo_ros_ackermann_drive_4wd
[5.088s] Invoked command in '/home/bilal/trail_tracer/build/gazebo_ros_ackermann_drive_4wd' returned '0': CMAKE_PREFIX_PATH=${CMAKE_PREFIX_PATH}:/home/bilal/trail_tracer/install/web_gui:/home/bilal/learn_ros2_ws/install/web_gui:/home/bilal/learn_ros2_ws/install/nav2_simple_commander:/home/bilal/ros2_ws/install/web_gui:/home/bilal/ros2_ws/install/opencv_tools:/home/bilal/ros2_ws/install/biy1_ros360_py:/opt/ros/humble /usr/bin/cmake /home/bilal/trail_tracer/src/gazebo_ros_ackermann_drive_4wd -DCMAKE_INSTALL_PREFIX=/home/bilal/trail_tracer/install/gazebo_ros_ackermann_drive_4wd
[5.091s] Invoking command in '/home/bilal/trail_tracer/build/gazebo_ros_ackermann_drive_4wd': CMAKE_PREFIX_PATH=${CMAKE_PREFIX_PATH}:/home/bilal/trail_tracer/install/web_gui:/home/bilal/learn_ros2_ws/install/web_gui:/home/bilal/learn_ros2_ws/install/nav2_simple_commander:/home/bilal/ros2_ws/install/web_gui:/home/bilal/ros2_ws/install/opencv_tools:/home/bilal/ros2_ws/install/biy1_ros360_py:/opt/ros/humble /usr/bin/cmake --build /home/bilal/trail_tracer/build/gazebo_ros_ackermann_drive_4wd -- -j12 -l12
[5.191s] [ 50%] [32mBuilding CXX object CMakeFiles/gazebo_ros_ackermann_drive_4wd.dir/src/gazebo_ros_ackermann_drive_4wd.cpp.o[0m
[20.646s] [100%] [32m[1mLinking CXX shared library libgazebo_ros_ackermann_drive_4wd.so[0m
[21.306s] [100%] Built target gazebo_ros_ackermann_drive_4wd
[21.323s] Invoked command in '/home/bilal/trail_tracer/build/gazebo_ros_ackermann_drive_4wd' returned '0': CMAKE_PREFIX_PATH=${CMAKE_PREFIX_PATH}:/home/bilal/trail_tracer/install/web_gui:/home/bilal/learn_ros2_ws/install/web_gui:/home/bilal/learn_ros2_ws/install/nav2_simple_commander:/home/bilal/ros2_ws/install/web_gui:/home/bilal/ros2_ws/install/opencv_tools:/home/bilal/ros2_ws/install/biy1_ros360_py:/opt/ros/humble /usr/bin/cmake --build /home/bilal/trail_tracer/build/gazebo_ros_ackermann_drive_4wd -- -j12 -l12
[21.376s] Invoking command in '/home/bilal/trail_tracer/build/gazebo_ros_ackermann_drive_4wd': CMAKE_PREFIX_PATH=${CMAKE_PREFIX_PATH}:/home/bilal/trail_tracer/install/web_gui:/home/bilal/learn_ros2_ws/install/web_gui:/home/bilal/learn_ros2_ws/install/nav2_simple_commander:/home/bilal/ros2_ws/install/web_gui:/home/bilal/ros2_ws/install/opencv_tools:/home/bilal/ros2_ws/install/biy1_ros360_py:/opt/ros/humble /usr/bin/cmake --install /home/bilal/trail_tracer/build/gazebo_ros_ackermann_drive_4wd
[21.389s] -- Install configuration: ""
[21.389s] -- Installing: /home/bilal/trail_tracer/install/gazebo_ros_ackermann_drive_4wd/share/gazebo_ros_ackermann_drive_4wd/environment/library_path.sh
[21.390s] -- Installing: /home/bilal/trail_tracer/install/gazebo_ros_ackermann_drive_4wd/share/gazebo_ros_ackermann_drive_4wd/environment/library_path.dsv
[21.390s] -- Installing: /home/bilal/trail_tracer/install/gazebo_ros_ackermann_drive_4wd/include
[21.390s] -- Installing: /home/bilal/trail_tracer/install/gazebo_ros_ackermann_drive_4wd/lib/libgazebo_ros_ackermann_drive_4wd.so
[21.405s] -- Set runtime path of "/home/bilal/trail_tracer/install/gazebo_ros_ackermann_drive_4wd/lib/libgazebo_ros_ackermann_drive_4wd.so" to ""
[21.405s] -- Installing: /home/bilal/trail_tracer/install/gazebo_ros_ackermann_drive_4wd/share/ament_index/resource_index/package_run_dependencies/gazebo_ros_ackermann_drive_4wd
[21.405s] -- Installing: /home/bilal/trail_tracer/install/gazebo_ros_ackermann_drive_4wd/share/ament_index/resource_index/parent_prefix_path/gazebo_ros_ackermann_drive_4wd
[21.406s] -- Installing: /home/bilal/trail_tracer/install/gazebo_ros_ackermann_drive_4wd/share/gazebo_ros_ackermann_drive_4wd/environment/ament_prefix_path.sh
[21.406s] -- Installing: /home/bilal/trail_tracer/install/gazebo_ros_ackermann_drive_4wd/share/gazebo_ros_ackermann_drive_4wd/environment/ament_prefix_path.dsv
[21.406s] -- Installing: /home/bilal/trail_tracer/install/gazebo_ros_ackermann_drive_4wd/share/gazebo_ros_ackermann_drive_4wd/environment/path.sh
[21.406s] -- Installing: /home/bilal/trail_tracer/install/gazebo_ros_ackermann_drive_4wd/share/gazebo_ros_ackermann_drive_4wd/environment/path.dsv
[21.406s] -- Installing: /home/bilal/trail_tracer/install/gazebo_ros_ackermann_drive_4wd/share/gazebo_ros_ackermann_drive_4wd/local_setup.bash
[21.406s] -- Installing: /home/bilal/trail_tracer/install/gazebo_ros_ackermann_drive_4wd/share/gazebo_ros_ackermann_drive_4wd/local_setup.sh
[21.406s] -- Installing: /home/bilal/trail_tracer/install/gazebo_ros_ackermann_drive_4wd/share/gazebo_ros_ackermann_drive_4wd/local_setup.zsh
[21.407s] -- Installing: /home/bilal/trail_tracer/install/gazebo_ros_ackermann_drive_4wd/share/gazebo_ros_ackermann_drive_4wd/local_setup.dsv
[21.407s] -- Installing: /home/bilal/trail_tracer/install/gazebo_ros_ackermann_drive_4wd/share/gazebo_ros_ackermann_drive_4wd/package.dsv
[21.407s] -- Installing: /home/bilal/trail_tracer/install/gazebo_ros_ackermann_drive_4wd/share/ament_index/resource_index/packages/gazebo_ros_ackermann_drive_4wd
[21.407s] -- Installing: /home/bilal/trail_tracer/install/gazebo_ros_ackermann_drive_4wd/share/gazebo_ros_ackermann_drive_4wd/cmake/ament_cmake_export_libraries-extras.cmake
[21.407s] -- Installing: /home/bilal/trail_tracer/install/gazebo_ros_ackermann_drive_4wd/share/gazebo_ros_ackermann_drive_4wd/cmake/ament_cmake_export_dependencies-extras.cmake
[21.407s] -- Installing: /home/bilal/trail_tracer/install/gazebo_ros_ackermann_drive_4wd/share/gazebo_ros_ackermann_drive_4wd/cmake/ament_cmake_export_include_directories-extras.cmake
[21.407s] -- Installing: /home/bilal/trail_tracer/install/gazebo_ros_ackermann_drive_4wd/share/gazebo_ros_ackermann_drive_4wd/cmake/gazebo_ros_ackermann_drive_4wdConfig.cmake
[21.407s] -- Installing: /home/bilal/trail_tracer/install/gazebo_ros_ackermann_drive_4wd/share/gazebo_ros_ackermann_drive_4wd/cmake/gazebo_ros_ackermann_drive_4wdConfig-version.cmake
[21.408s] -- Installing: /home/bilal/trail_tracer/install/gazebo_ros_ackermann_drive_4wd/share/gazebo_ros_ackermann_drive_4wd/package.xml
[21.410s] Invoked command in '/home/bilal/trail_tracer/build/gazebo_ros_ackermann_drive_4wd' returned '0': CMAKE_PREFIX_PATH=${CMAKE_PREFIX_PATH}:/home/bilal/trail_tracer/install/web_gui:/home/bilal/learn_ros2_ws/install/web_gui:/home/bilal/learn_ros2_ws/install/nav2_simple_commander:/home/bilal/ros2_ws/install/web_gui:/home/bilal/ros2_ws/install/opencv_tools:/home/bilal/ros2_ws/install/biy1_ros360_py:/opt/ros/humble /usr/bin/cmake --install /home/bilal/trail_tracer/build/gazebo_ros_ackermann_drive_4wd
