[0.060s] Invoking command in '/home/bilal/trail_tracer/build/biy1_ros360_cpp': CMAKE_PREFIX_PATH=${CMAKE_PREFIX_PATH}:/home/bilal/trail_tracer/install/web_gui:/home/bilal/trail_tracer/install/nav2_simple_commander:/home/bilal/learn_ros2_ws/install/web_gui:/home/bilal/learn_ros2_ws/install/nav2_simple_commander:/home/bilal/ros2_ws/install/web_gui:/home/bilal/ros2_ws/install/opencv_tools:/home/bilal/ros2_ws/install/biy1_ros360_py:/opt/ros/humble /usr/bin/cmake --build /home/bilal/trail_tracer/build/biy1_ros360_cpp -- -j12 -l12
[0.211s] [35m[1mConsolidate compiler generated dependencies of target waypoint_navigator[0m
[0.238s] [ 14%] Built target helloWorld
[0.254s] [ 28%] Built target exampleSubscriber
[0.256s] [ 42%] Built target examplePublisher
[0.261s] [ 57%] Built target testCode
[0.271s] [ 64%] [32mBuilding CXX object CMakeFiles/waypoint_navigator.dir/src/waypoint_navigator.cpp.o[0m
[0.273s] [ 78%] Built target nav2
[0.274s] [ 92%] Built target trail_tracer
[7.229s] [100%] [32m[1mLinking CXX executable waypoint_navigator[0m
[7.915s] [100%] Built target waypoint_navigator
[7.945s] Invoked command in '/home/bilal/trail_tracer/build/biy1_ros360_cpp' returned '0': CMAKE_PREFIX_PATH=${CMAKE_PREFIX_PATH}:/home/bilal/trail_tracer/install/web_gui:/home/bilal/trail_tracer/install/nav2_simple_commander:/home/bilal/learn_ros2_ws/install/web_gui:/home/bilal/learn_ros2_ws/install/nav2_simple_commander:/home/bilal/ros2_ws/install/web_gui:/home/bilal/ros2_ws/install/opencv_tools:/home/bilal/ros2_ws/install/biy1_ros360_py:/opt/ros/humble /usr/bin/cmake --build /home/bilal/trail_tracer/build/biy1_ros360_cpp -- -j12 -l12
[8.083s] Invoking command in '/home/bilal/trail_tracer/build/biy1_ros360_cpp': CMAKE_PREFIX_PATH=${CMAKE_PREFIX_PATH}:/home/bilal/trail_tracer/install/web_gui:/home/bilal/trail_tracer/install/nav2_simple_commander:/home/bilal/learn_ros2_ws/install/web_gui:/home/bilal/learn_ros2_ws/install/nav2_simple_commander:/home/bilal/ros2_ws/install/web_gui:/home/bilal/ros2_ws/install/opencv_tools:/home/bilal/ros2_ws/install/biy1_ros360_py:/opt/ros/humble /usr/bin/cmake --install /home/bilal/trail_tracer/build/biy1_ros360_cpp
[8.099s] -- Install configuration: ""
[8.099s] -- Up-to-date: /home/bilal/trail_tracer/install/biy1_ros360_cpp/lib/biy1_ros360_cpp/helloWorld
[8.099s] -- Up-to-date: /home/bilal/trail_tracer/install/biy1_ros360_cpp/lib/biy1_ros360_cpp/examplePublisher
[8.100s] -- Up-to-date: /home/bilal/trail_tracer/install/biy1_ros360_cpp/lib/biy1_ros360_cpp/exampleSubscriber
[8.100s] -- Up-to-date: /home/bilal/trail_tracer/install/biy1_ros360_cpp/lib/biy1_ros360_cpp/testCode
[8.101s] -- Up-to-date: /home/bilal/trail_tracer/install/biy1_ros360_cpp/lib/biy1_ros360_cpp/nav2
[8.101s] -- Up-to-date: /home/bilal/trail_tracer/install/biy1_ros360_cpp/lib/biy1_ros360_cpp/trail_tracer
[8.101s] -- Installing: /home/bilal/trail_tracer/install/biy1_ros360_cpp/lib/biy1_ros360_cpp/waypoint_navigator
[8.107s] -- Set runtime path of "/home/bilal/trail_tracer/install/biy1_ros360_cpp/lib/biy1_ros360_cpp/waypoint_navigator" to ""
[8.107s] -- Up-to-date: /home/bilal/trail_tracer/install/biy1_ros360_cpp/share/ament_index/resource_index/package_run_dependencies/biy1_ros360_cpp
[8.107s] -- Up-to-date: /home/bilal/trail_tracer/install/biy1_ros360_cpp/share/ament_index/resource_index/parent_prefix_path/biy1_ros360_cpp
[8.107s] -- Up-to-date: /home/bilal/trail_tracer/install/biy1_ros360_cpp/share/biy1_ros360_cpp/environment/ament_prefix_path.sh
[8.107s] -- Up-to-date: /home/bilal/trail_tracer/install/biy1_ros360_cpp/share/biy1_ros360_cpp/environment/ament_prefix_path.dsv
[8.107s] -- Up-to-date: /home/bilal/trail_tracer/install/biy1_ros360_cpp/share/biy1_ros360_cpp/environment/path.sh
[8.107s] -- Up-to-date: /home/bilal/trail_tracer/install/biy1_ros360_cpp/share/biy1_ros360_cpp/environment/path.dsv
[8.107s] -- Up-to-date: /home/bilal/trail_tracer/install/biy1_ros360_cpp/share/biy1_ros360_cpp/local_setup.bash
[8.107s] -- Up-to-date: /home/bilal/trail_tracer/install/biy1_ros360_cpp/share/biy1_ros360_cpp/local_setup.sh
[8.107s] -- Up-to-date: /home/bilal/trail_tracer/install/biy1_ros360_cpp/share/biy1_ros360_cpp/local_setup.zsh
[8.108s] -- Up-to-date: /home/bilal/trail_tracer/install/biy1_ros360_cpp/share/biy1_ros360_cpp/local_setup.dsv
[8.108s] -- Installing: /home/bilal/trail_tracer/install/biy1_ros360_cpp/share/biy1_ros360_cpp/package.dsv
[8.108s] -- Up-to-date: /home/bilal/trail_tracer/install/biy1_ros360_cpp/share/ament_index/resource_index/packages/biy1_ros360_cpp
[8.108s] -- Up-to-date: /home/bilal/trail_tracer/install/biy1_ros360_cpp/share/biy1_ros360_cpp/cmake/biy1_ros360_cppConfig.cmake
[8.109s] -- Up-to-date: /home/bilal/trail_tracer/install/biy1_ros360_cpp/share/biy1_ros360_cpp/cmake/biy1_ros360_cppConfig-version.cmake
[8.109s] -- Up-to-date: /home/bilal/trail_tracer/install/biy1_ros360_cpp/share/biy1_ros360_cpp/package.xml
[8.111s] Invoked command in '/home/bilal/trail_tracer/build/biy1_ros360_cpp' returned '0': CMAKE_PREFIX_PATH=${CMAKE_PREFIX_PATH}:/home/bilal/trail_tracer/install/web_gui:/home/bilal/trail_tracer/install/nav2_simple_commander:/home/bilal/learn_ros2_ws/install/web_gui:/home/bilal/learn_ros2_ws/install/nav2_simple_commander:/home/bilal/ros2_ws/install/web_gui:/home/bilal/ros2_ws/install/opencv_tools:/home/bilal/ros2_ws/install/biy1_ros360_py:/opt/ros/humble /usr/bin/cmake --install /home/bilal/trail_tracer/build/biy1_ros360_cpp
