[0.037s] Invoking command in '/home/bilal/trail_tracer/build/gps_to_utm_converter_cpp': CMAKE_PREFIX_PATH=${CMAKE_PREFIX_PATH}:/home/bilal/trail_tracer/install/web_gui:/home/bilal/learn_ros2_ws/install/web_gui:/home/bilal/learn_ros2_ws/install/nav2_simple_commander:/home/bilal/ros2_ws/install/web_gui:/home/bilal/ros2_ws/install/opencv_tools:/home/bilal/ros2_ws/install/biy1_ros360_py:/opt/ros/humble /usr/bin/cmake /home/bilal/trail_tracer/src/gps_to_utm_converter_cpp -DCMAKE_INSTALL_PREFIX=/home/bilal/trail_tracer/install/gps_to_utm_converter_cpp
[0.118s] -- The C compiler identification is GNU 11.4.0
[0.191s] -- The CXX compiler identification is GNU 11.4.0
[0.200s] -- Detecting C compiler ABI info
[0.332s] -- Detecting C compiler ABI info - done
[0.341s] -- Check for working C compiler: /usr/bin/cc - skipped
[0.341s] -- Detecting C compile features
[0.342s] -- Detecting C compile features - done
[0.346s] -- Detecting CXX compiler ABI info
[0.530s] -- Detecting CXX compiler ABI info - done
[0.539s] -- Check for working CXX compiler: /usr/bin/c++ - skipped
[0.540s] -- Detecting CXX compile features
[0.540s] -- Detecting CXX compile features - done
[0.570s] -- Found ament_cmake: 1.3.8 (/opt/ros/humble/share/ament_cmake/cmake)
[0.885s] -- Found Python3: /usr/bin/python3 (found version "3.10.12") found components: Interpreter 
[1.116s] -- Found rclcpp: 16.0.8 (/opt/ros/humble/share/rclcpp/cmake)
[1.268s] -- Found rosidl_generator_c: 3.1.5 (/opt/ros/humble/share/rosidl_generator_c/cmake)
[1.294s] -- Found rosidl_adapter: 3.1.5 (/opt/ros/humble/share/rosidl_adapter/cmake)
[1.324s] -- Found rosidl_generator_cpp: 3.1.5 (/opt/ros/humble/share/rosidl_generator_cpp/cmake)
[1.358s] -- Using all available rosidl_typesupport_c: rosidl_typesupport_fastrtps_c;rosidl_typesupport_introspection_c
[1.407s] -- Using all available rosidl_typesupport_cpp: rosidl_typesupport_fastrtps_cpp;rosidl_typesupport_introspection_cpp
[1.597s] -- Found rmw_implementation_cmake: 6.1.1 (/opt/ros/humble/share/rmw_implementation_cmake/cmake)
[1.612s] -- Found rmw_fastrtps_cpp: 6.2.6 (/opt/ros/humble/share/rmw_fastrtps_cpp/cmake)
[1.810s] -- Found OpenSSL: /usr/lib/x86_64-linux-gnu/libcrypto.so (found version "3.0.2")  
[1.860s] -- Found FastRTPS: /opt/ros/humble/include  
[1.933s] -- Using RMW implementation 'rmw_fastrtps_cpp' as default
[1.962s] -- Looking for pthread.h
[2.066s] -- Looking for pthread.h - found
[2.066s] -- Performing Test CMAKE_HAVE_LIBC_PTHREAD
[2.166s] -- Performing Test CMAKE_HAVE_LIBC_PTHREAD - Success
[2.167s] -- Found Threads: TRUE  
[2.333s] -- Found geometry_msgs: 4.2.3 (/opt/ros/humble/share/geometry_msgs/cmake)
[2.381s] -- Found sensor_msgs: 4.2.3 (/opt/ros/humble/share/sensor_msgs/cmake)
[2.473s] -- Found tf2_geometry_msgs: 0.25.6 (/opt/ros/humble/share/tf2_geometry_msgs/cmake)
[2.523s] -- Found eigen3_cmake_module: 0.1.1 (/opt/ros/humble/share/eigen3_cmake_module/cmake)
[2.524s] -- Found Eigen3: TRUE (found version "3.4.0") 
[2.524s] -- Ensuring Eigen3 include directory is part of orocos-kdl CMake target
[2.902s] -- Found GeographicLib: /usr/lib/x86_64-linux-gnu  
[2.915s] -- Found ament_lint_auto: 0.12.10 (/opt/ros/humble/share/ament_lint_auto/cmake)
[3.040s] -- Added test 'cppcheck' to perform static code analysis on C / C++ code
[3.040s] -- Configured cppcheck include dirs: 
[3.040s] -- Configured cppcheck exclude dirs and/or files: 
[3.041s] -- Added test 'lint_cmake' to check CMake code style
[3.043s] -- Added test 'uncrustify' to check C / C++ code style
[3.044s] -- Configured uncrustify additional arguments: 
[3.045s] -- Added test 'xmllint' to check XML markup files
[3.049s] -- Configuring done
[3.060s] -- Generating done
[3.062s] -- Build files have been written to: /home/bilal/trail_tracer/build/gps_to_utm_converter_cpp
[3.077s] Invoked command in '/home/bilal/trail_tracer/build/gps_to_utm_converter_cpp' returned '0': CMAKE_PREFIX_PATH=${CMAKE_PREFIX_PATH}:/home/bilal/trail_tracer/install/web_gui:/home/bilal/learn_ros2_ws/install/web_gui:/home/bilal/learn_ros2_ws/install/nav2_simple_commander:/home/bilal/ros2_ws/install/web_gui:/home/bilal/ros2_ws/install/opencv_tools:/home/bilal/ros2_ws/install/biy1_ros360_py:/opt/ros/humble /usr/bin/cmake /home/bilal/trail_tracer/src/gps_to_utm_converter_cpp -DCMAKE_INSTALL_PREFIX=/home/bilal/trail_tracer/install/gps_to_utm_converter_cpp
[3.079s] Invoking command in '/home/bilal/trail_tracer/build/gps_to_utm_converter_cpp': CMAKE_PREFIX_PATH=${CMAKE_PREFIX_PATH}:/home/bilal/trail_tracer/install/web_gui:/home/bilal/learn_ros2_ws/install/web_gui:/home/bilal/learn_ros2_ws/install/nav2_simple_commander:/home/bilal/ros2_ws/install/web_gui:/home/bilal/ros2_ws/install/opencv_tools:/home/bilal/ros2_ws/install/biy1_ros360_py:/opt/ros/humble /usr/bin/cmake --build /home/bilal/trail_tracer/build/gps_to_utm_converter_cpp -- -j12 -l12
[3.166s] [ 50%] [32mBuilding CXX object CMakeFiles/converter_node.dir/src/converter_node.cpp.o[0m
[10.970s] [100%] [32m[1mLinking CXX executable converter_node[0m
[11.329s] [100%] Built target converter_node
[11.347s] Invoked command in '/home/bilal/trail_tracer/build/gps_to_utm_converter_cpp' returned '0': CMAKE_PREFIX_PATH=${CMAKE_PREFIX_PATH}:/home/bilal/trail_tracer/install/web_gui:/home/bilal/learn_ros2_ws/install/web_gui:/home/bilal/learn_ros2_ws/install/nav2_simple_commander:/home/bilal/ros2_ws/install/web_gui:/home/bilal/ros2_ws/install/opencv_tools:/home/bilal/ros2_ws/install/biy1_ros360_py:/opt/ros/humble /usr/bin/cmake --build /home/bilal/trail_tracer/build/gps_to_utm_converter_cpp -- -j12 -l12
[11.403s] Invoking command in '/home/bilal/trail_tracer/build/gps_to_utm_converter_cpp': CMAKE_PREFIX_PATH=${CMAKE_PREFIX_PATH}:/home/bilal/trail_tracer/install/web_gui:/home/bilal/learn_ros2_ws/install/web_gui:/home/bilal/learn_ros2_ws/install/nav2_simple_commander:/home/bilal/ros2_ws/install/web_gui:/home/bilal/ros2_ws/install/opencv_tools:/home/bilal/ros2_ws/install/biy1_ros360_py:/opt/ros/humble /usr/bin/cmake --install /home/bilal/trail_tracer/build/gps_to_utm_converter_cpp
[11.417s] -- Install configuration: ""
[11.417s] -- Installing: /home/bilal/trail_tracer/install/gps_to_utm_converter_cpp/lib/gps_to_utm_converter_cpp/converter_node
[11.421s] -- Set runtime path of "/home/bilal/trail_tracer/install/gps_to_utm_converter_cpp/lib/gps_to_utm_converter_cpp/converter_node" to ""
[11.421s] -- Installing: /home/bilal/trail_tracer/install/gps_to_utm_converter_cpp/share/ament_index/resource_index/package_run_dependencies/gps_to_utm_converter_cpp
[11.421s] -- Installing: /home/bilal/trail_tracer/install/gps_to_utm_converter_cpp/share/ament_index/resource_index/parent_prefix_path/gps_to_utm_converter_cpp
[11.422s] -- Installing: /home/bilal/trail_tracer/install/gps_to_utm_converter_cpp/share/gps_to_utm_converter_cpp/environment/ament_prefix_path.sh
[11.422s] -- Installing: /home/bilal/trail_tracer/install/gps_to_utm_converter_cpp/share/gps_to_utm_converter_cpp/environment/ament_prefix_path.dsv
[11.422s] -- Installing: /home/bilal/trail_tracer/install/gps_to_utm_converter_cpp/share/gps_to_utm_converter_cpp/environment/path.sh
[11.422s] -- Installing: /home/bilal/trail_tracer/install/gps_to_utm_converter_cpp/share/gps_to_utm_converter_cpp/environment/path.dsv
[11.422s] -- Installing: /home/bilal/trail_tracer/install/gps_to_utm_converter_cpp/share/gps_to_utm_converter_cpp/local_setup.bash
[11.422s] -- Installing: /home/bilal/trail_tracer/install/gps_to_utm_converter_cpp/share/gps_to_utm_converter_cpp/local_setup.sh
[11.422s] -- Installing: /home/bilal/trail_tracer/install/gps_to_utm_converter_cpp/share/gps_to_utm_converter_cpp/local_setup.zsh
[11.423s] -- Installing: /home/bilal/trail_tracer/install/gps_to_utm_converter_cpp/share/gps_to_utm_converter_cpp/local_setup.dsv
[11.423s] -- Installing: /home/bilal/trail_tracer/install/gps_to_utm_converter_cpp/share/gps_to_utm_converter_cpp/package.dsv
[11.423s] -- Installing: /home/bilal/trail_tracer/install/gps_to_utm_converter_cpp/share/ament_index/resource_index/packages/gps_to_utm_converter_cpp
[11.423s] -- Installing: /home/bilal/trail_tracer/install/gps_to_utm_converter_cpp/share/gps_to_utm_converter_cpp/cmake/gps_to_utm_converter_cppConfig.cmake
[11.423s] -- Installing: /home/bilal/trail_tracer/install/gps_to_utm_converter_cpp/share/gps_to_utm_converter_cpp/cmake/gps_to_utm_converter_cppConfig-version.cmake
[11.424s] -- Installing: /home/bilal/trail_tracer/install/gps_to_utm_converter_cpp/share/gps_to_utm_converter_cpp/package.xml
[11.426s] Invoked command in '/home/bilal/trail_tracer/build/gps_to_utm_converter_cpp' returned '0': CMAKE_PREFIX_PATH=${CMAKE_PREFIX_PATH}:/home/bilal/trail_tracer/install/web_gui:/home/bilal/learn_ros2_ws/install/web_gui:/home/bilal/learn_ros2_ws/install/nav2_simple_commander:/home/bilal/ros2_ws/install/web_gui:/home/bilal/ros2_ws/install/opencv_tools:/home/bilal/ros2_ws/install/biy1_ros360_py:/opt/ros/humble /usr/bin/cmake --install /home/bilal/trail_tracer/build/gps_to_utm_converter_cpp
