[0.037s] Invoking command in '/home/bilal/trail_tracer/build/gazebo_ros_ackermann_drive_4wd': CMAKE_PREFIX_PATH=${CMAKE_PREFIX_PATH}:/home/bilal/trail_tracer/install/web_gui:/home/bilal/trail_tracer/install/nav2_simple_commander:/home/bilal/learn_ros2_ws/install/web_gui:/home/bilal/learn_ros2_ws/install/nav2_simple_commander:/home/bilal/ros2_ws/install/web_gui:/home/bilal/ros2_ws/install/opencv_tools:/home/bilal/ros2_ws/install/biy1_ros360_py:/opt/ros/humble /usr/bin/cmake /home/bilal/trail_tracer/src/gazebo_ros_ackermann_drive_4wd -DCMAKE_INSTALL_PREFIX=/home/bilal/trail_tracer/install/gazebo_ros_ackermann_drive_4wd
[0.124s] -- The C compiler identification is GNU 11.4.0
[0.192s] -- The CXX compiler identification is GNU 11.4.0
[0.202s] -- Detecting C compiler ABI info
[0.324s] -- Detecting C compiler ABI info - done
[0.334s] -- Check for working C compiler: /usr/bin/cc - skipped
[0.334s] -- Detecting C compile features
[0.334s] -- Detecting C compile features - done
[0.337s] -- Detecting CXX compiler ABI info
[0.460s] -- Detecting CXX compiler ABI info - done
[0.469s] -- Check for working CXX compiler: /usr/bin/c++ - skipped
[0.469s] -- Detecting CXX compile features
[0.470s] -- Detecting CXX compile features - done
[0.482s] -- Found ament_cmake: 1.3.8 (/opt/ros/humble/share/ament_cmake/cmake)
[0.715s] -- Found Python3: /usr/bin/python3 (found version "3.10.12") found components: Interpreter 
[0.945s] -- Found rclcpp: 16.0.8 (/opt/ros/humble/share/rclcpp/cmake)
[1.092s] -- Found rosidl_generator_c: 3.1.5 (/opt/ros/humble/share/rosidl_generator_c/cmake)
[1.110s] -- Found rosidl_adapter: 3.1.5 (/opt/ros/humble/share/rosidl_adapter/cmake)
[1.135s] -- Found rosidl_generator_cpp: 3.1.5 (/opt/ros/humble/share/rosidl_generator_cpp/cmake)
[1.164s] -- Using all available rosidl_typesupport_c: rosidl_typesupport_fastrtps_c;rosidl_typesupport_introspection_c
[1.207s] -- Using all available rosidl_typesupport_cpp: rosidl_typesupport_fastrtps_cpp;rosidl_typesupport_introspection_cpp
[1.337s] -- Found rmw_implementation_cmake: 6.1.1 (/opt/ros/humble/share/rmw_implementation_cmake/cmake)
[1.348s] -- Found rmw_fastrtps_cpp: 6.2.6 (/opt/ros/humble/share/rmw_fastrtps_cpp/cmake)
[1.530s] -- Found OpenSSL: /usr/lib/x86_64-linux-gnu/libcrypto.so (found version "3.0.2")  
[1.572s] -- Found FastRTPS: /opt/ros/humble/include  
[1.640s] -- Using RMW implementation 'rmw_fastrtps_cpp' as default
[1.671s] -- Looking for pthread.h
[1.764s] -- Looking for pthread.h - found
[1.765s] -- Performing Test CMAKE_HAVE_LIBC_PTHREAD
[1.863s] -- Performing Test CMAKE_HAVE_LIBC_PTHREAD - Success
[1.864s] -- Found Threads: TRUE  
[2.014s] -- Found tf2: 0.25.6 (/opt/ros/humble/share/tf2/cmake)
[2.081s] -- Found tf2_geometry_msgs: 0.25.6 (/opt/ros/humble/share/tf2_geometry_msgs/cmake)
[2.123s] -- Found eigen3_cmake_module: 0.1.1 (/opt/ros/humble/share/eigen3_cmake_module/cmake)
[2.124s] -- Found Eigen3: TRUE (found version "3.4.0") 
[2.124s] -- Ensuring Eigen3 include directory is part of orocos-kdl CMake target
[2.449s] -- Found nav_msgs: 4.2.3 (/opt/ros/humble/share/nav_msgs/cmake)
[2.516s] -- Found gazebo_dev: 3.7.0 (/opt/ros/humble/share/gazebo_dev/cmake)
[2.531s] -- Found PkgConfig: /usr/bin/pkg-config (found version "0.29.2") 
[2.532s] -- Checking for module 'bullet>=2.82'
[2.560s] --   Found bullet, version 3.05
[2.776s] -- Found fcl: /usr/include (found suitable version "0.7.0", minimum required is "0.5.0") 
[2.874s] -- Found assimp: /usr/include (found version "5.2.0") 
[2.920s] -- Found DART: /usr/include (Required is at least version "6.6") found components: dart 
[2.991s] -- Found Boost: /usr/lib/x86_64-linux-gnu/cmake/Boost-1.74.0/BoostConfig.cmake (found suitable version "1.74.0", minimum required is "1.40.0") found components: thread system filesystem program_options regex iostreams date_time 
[3.015s] -- Found Protobuf: /usr/lib/x86_64-linux-gnu/libprotobuf.so (found version "3.12.4") 
[3.033s] -- Looking for ignition-math6 -- found version 6.15.1
[3.048s] -- Searching for dependencies of ignition-math6
[3.050s] -- Looking for OGRE...
[3.050s] -- OGRE_PREFIX_WATCH changed.
[3.058s] -- Checking for module 'OGRE'
[3.088s] --   Found OGRE, version 1.9.0
[3.157s] -- Found Ogre Ghadamon (1.9.0)
[3.176s] -- Found OGRE: optimized;/usr/lib/x86_64-linux-gnu/libOgreMain.so;debug;/usr/lib/x86_64-linux-gnu/libOgreMain.so
[3.185s] -- Looking for OGRE_Paging...
[3.200s] -- Found OGRE_Paging: optimized;/usr/lib/x86_64-linux-gnu/libOgrePaging.so;debug;/usr/lib/x86_64-linux-gnu/libOgrePaging.so
[3.200s] -- Looking for OGRE_Terrain...
[3.213s] -- Found OGRE_Terrain: optimized;/usr/lib/x86_64-linux-gnu/libOgreTerrain.so;debug;/usr/lib/x86_64-linux-gnu/libOgreTerrain.so
[3.213s] -- Looking for OGRE_Property...
[3.226s] -- Found OGRE_Property: optimized;/usr/lib/x86_64-linux-gnu/libOgreProperty.so;debug;/usr/lib/x86_64-linux-gnu/libOgreProperty.so
[3.226s] -- Looking for OGRE_RTShaderSystem...
[3.239s] -- Found OGRE_RTShaderSystem: optimized;/usr/lib/x86_64-linux-gnu/libOgreRTShaderSystem.so;debug;/usr/lib/x86_64-linux-gnu/libOgreRTShaderSystem.so
[3.240s] -- Looking for OGRE_Volume...
[3.255s] -- Found OGRE_Volume: optimized;/usr/lib/x86_64-linux-gnu/libOgreVolume.so;debug;/usr/lib/x86_64-linux-gnu/libOgreVolume.so
[3.255s] -- Looking for OGRE_Overlay...
[3.277s] -- Found OGRE_Overlay: optimized;/usr/lib/x86_64-linux-gnu/libOgreOverlay.so;debug;/usr/lib/x86_64-linux-gnu/libOgreOverlay.so
[4.001s] -- Looking for ignition-math6 -- found version 6.15.1
[4.027s] -- Looking for ignition-transport8 -- found version 8.2.1
[4.027s] -- Searching for dependencies of ignition-transport8
[4.070s] -- Found Protobuf: /usr/lib/x86_64-linux-gnu/libprotobuf.so (found suitable version "3.12.4", minimum required is "3") 
[4.103s] -- Config-file not installed for ZeroMQ -- checking for pkg-config
[4.121s] -- Checking for module 'libzmq >= 4'
[4.165s] --   Found libzmq , version 4.3.4
[4.280s] -- Found ZeroMQ: TRUE (Required is at least version "4") 
[4.295s] -- Checking for module 'uuid'
[4.345s] --   Found uuid, version 2.37.2
[4.451s] -- Found UUID: TRUE  
[4.467s] -- Looking for ignition-msgs5 -- found version 5.8.1
[4.468s] -- Searching for dependencies of ignition-msgs5
[4.518s] -- Looking for ignition-math6 -- found version 6.15.1
[4.533s] -- Checking for module 'tinyxml2'
[4.576s] --   Found tinyxml2, version 9.0.0
[4.696s] -- Looking for ignition-msgs5 -- found version 5.8.1
[4.712s] -- Looking for ignition-common3 -- found version 3.14.0
[4.713s] -- Searching for dependencies of ignition-common3
[4.718s] -- Looking for dlfcn.h - found
[4.720s] -- Looking for libdl - found
[4.722s] -- Found DL: TRUE  
[4.775s] -- Found tinyobjloader: /usr/lib/x86_64-linux-gnu/cmake/tinyobjloader/tinyobjloader-config.cmake (found version "2.0.0") 
[4.776s] -- Searching for <ignition-common3> component [graphics]
[4.790s] -- Looking for ignition-common3-graphics -- found version 3.14.0
[4.790s] -- Searching for dependencies of ignition-common3-graphics
[4.791s] -- Looking for ignition-math6 -- found version 6.15.1
[4.807s] -- Looking for ignition-fuel_tools4 -- found version 4.4.0
[4.808s] -- Searching for dependencies of ignition-fuel_tools4
[5.055s] -- Found CURL: /usr/lib/x86_64-linux-gnu/libcurl.so (found version "7.81.0")  
[5.109s] -- Checking for module 'jsoncpp'
[5.162s] --   Found jsoncpp, version 1.9.5
[5.311s] -- Found JSONCPP: TRUE  
[5.325s] -- Checking for module 'libzip'
[5.375s] --   Found libzip, version 1.7.3
[5.504s] -- Found ZIP: TRUE  
[5.504s] -- Looking for ignition-common3 -- found version 3.14.0
[5.504s] -- Looking for ignition-math6 -- found version 6.15.1
[5.505s] -- Looking for ignition-msgs5 -- found version 5.8.1
[5.536s] -- Gazebo version: 11.10
[5.537s] -- Checking for module 'tbb'
[5.595s] --   Found tbb, version 2021.5.0
[5.895s] -- Configuring done
[5.931s] -- Generating done
[5.935s] -- Build files have been written to: /home/bilal/trail_tracer/build/gazebo_ros_ackermann_drive_4wd
[6.017s] Invoked command in '/home/bilal/trail_tracer/build/gazebo_ros_ackermann_drive_4wd' returned '0': CMAKE_PREFIX_PATH=${CMAKE_PREFIX_PATH}:/home/bilal/trail_tracer/install/web_gui:/home/bilal/trail_tracer/install/nav2_simple_commander:/home/bilal/learn_ros2_ws/install/web_gui:/home/bilal/learn_ros2_ws/install/nav2_simple_commander:/home/bilal/ros2_ws/install/web_gui:/home/bilal/ros2_ws/install/opencv_tools:/home/bilal/ros2_ws/install/biy1_ros360_py:/opt/ros/humble /usr/bin/cmake /home/bilal/trail_tracer/src/gazebo_ros_ackermann_drive_4wd -DCMAKE_INSTALL_PREFIX=/home/bilal/trail_tracer/install/gazebo_ros_ackermann_drive_4wd
[6.018s] Invoking command in '/home/bilal/trail_tracer/build/gazebo_ros_ackermann_drive_4wd': CMAKE_PREFIX_PATH=${CMAKE_PREFIX_PATH}:/home/bilal/trail_tracer/install/web_gui:/home/bilal/trail_tracer/install/nav2_simple_commander:/home/bilal/learn_ros2_ws/install/web_gui:/home/bilal/learn_ros2_ws/install/nav2_simple_commander:/home/bilal/ros2_ws/install/web_gui:/home/bilal/ros2_ws/install/opencv_tools:/home/bilal/ros2_ws/install/biy1_ros360_py:/opt/ros/humble /usr/bin/cmake --build /home/bilal/trail_tracer/build/gazebo_ros_ackermann_drive_4wd -- -j12 -l12
[6.181s] [ 50%] [32mBuilding CXX object CMakeFiles/gazebo_ros_ackermann_drive_4wd.dir/src/gazebo_ros_ackermann_drive_4wd.cpp.o[0m
[26.339s] [100%] [32m[1mLinking CXX shared library libgazebo_ros_ackermann_drive_4wd.so[0m
[26.845s] [100%] Built target gazebo_ros_ackermann_drive_4wd
[26.859s] Invoked command in '/home/bilal/trail_tracer/build/gazebo_ros_ackermann_drive_4wd' returned '0': CMAKE_PREFIX_PATH=${CMAKE_PREFIX_PATH}:/home/bilal/trail_tracer/install/web_gui:/home/bilal/trail_tracer/install/nav2_simple_commander:/home/bilal/learn_ros2_ws/install/web_gui:/home/bilal/learn_ros2_ws/install/nav2_simple_commander:/home/bilal/ros2_ws/install/web_gui:/home/bilal/ros2_ws/install/opencv_tools:/home/bilal/ros2_ws/install/biy1_ros360_py:/opt/ros/humble /usr/bin/cmake --build /home/bilal/trail_tracer/build/gazebo_ros_ackermann_drive_4wd -- -j12 -l12
[26.922s] Invoking command in '/home/bilal/trail_tracer/build/gazebo_ros_ackermann_drive_4wd': CMAKE_PREFIX_PATH=${CMAKE_PREFIX_PATH}:/home/bilal/trail_tracer/install/web_gui:/home/bilal/trail_tracer/install/nav2_simple_commander:/home/bilal/learn_ros2_ws/install/web_gui:/home/bilal/learn_ros2_ws/install/nav2_simple_commander:/home/bilal/ros2_ws/install/web_gui:/home/bilal/ros2_ws/install/opencv_tools:/home/bilal/ros2_ws/install/biy1_ros360_py:/opt/ros/humble /usr/bin/cmake --install /home/bilal/trail_tracer/build/gazebo_ros_ackermann_drive_4wd
[26.934s] -- Install configuration: ""
[26.934s] -- Installing: /home/bilal/trail_tracer/install/gazebo_ros_ackermann_drive_4wd/share/gazebo_ros_ackermann_drive_4wd/environment/library_path.sh
[26.935s] -- Installing: /home/bilal/trail_tracer/install/gazebo_ros_ackermann_drive_4wd/share/gazebo_ros_ackermann_drive_4wd/environment/library_path.dsv
[26.935s] -- Installing: /home/bilal/trail_tracer/install/gazebo_ros_ackermann_drive_4wd/include
[26.935s] -- Installing: /home/bilal/trail_tracer/install/gazebo_ros_ackermann_drive_4wd/lib/libgazebo_ros_ackermann_drive_4wd.so
[26.947s] -- Set runtime path of "/home/bilal/trail_tracer/install/gazebo_ros_ackermann_drive_4wd/lib/libgazebo_ros_ackermann_drive_4wd.so" to ""
[26.947s] -- Installing: /home/bilal/trail_tracer/install/gazebo_ros_ackermann_drive_4wd/share/ament_index/resource_index/package_run_dependencies/gazebo_ros_ackermann_drive_4wd
[26.947s] -- Installing: /home/bilal/trail_tracer/install/gazebo_ros_ackermann_drive_4wd/share/ament_index/resource_index/parent_prefix_path/gazebo_ros_ackermann_drive_4wd
[26.947s] -- Installing: /home/bilal/trail_tracer/install/gazebo_ros_ackermann_drive_4wd/share/gazebo_ros_ackermann_drive_4wd/environment/ament_prefix_path.sh
[26.947s] -- Installing: /home/bilal/trail_tracer/install/gazebo_ros_ackermann_drive_4wd/share/gazebo_ros_ackermann_drive_4wd/environment/ament_prefix_path.dsv
[26.947s] -- Installing: /home/bilal/trail_tracer/install/gazebo_ros_ackermann_drive_4wd/share/gazebo_ros_ackermann_drive_4wd/environment/path.sh
[26.948s] -- Installing: /home/bilal/trail_tracer/install/gazebo_ros_ackermann_drive_4wd/share/gazebo_ros_ackermann_drive_4wd/environment/path.dsv
[26.948s] -- Installing: /home/bilal/trail_tracer/install/gazebo_ros_ackermann_drive_4wd/share/gazebo_ros_ackermann_drive_4wd/local_setup.bash
[26.948s] -- Installing: /home/bilal/trail_tracer/install/gazebo_ros_ackermann_drive_4wd/share/gazebo_ros_ackermann_drive_4wd/local_setup.sh
[26.948s] -- Installing: /home/bilal/trail_tracer/install/gazebo_ros_ackermann_drive_4wd/share/gazebo_ros_ackermann_drive_4wd/local_setup.zsh
[26.948s] -- Installing: /home/bilal/trail_tracer/install/gazebo_ros_ackermann_drive_4wd/share/gazebo_ros_ackermann_drive_4wd/local_setup.dsv
[26.948s] -- Installing: /home/bilal/trail_tracer/install/gazebo_ros_ackermann_drive_4wd/share/gazebo_ros_ackermann_drive_4wd/package.dsv
[26.949s] -- Installing: /home/bilal/trail_tracer/install/gazebo_ros_ackermann_drive_4wd/share/ament_index/resource_index/packages/gazebo_ros_ackermann_drive_4wd
[26.949s] -- Installing: /home/bilal/trail_tracer/install/gazebo_ros_ackermann_drive_4wd/share/gazebo_ros_ackermann_drive_4wd/cmake/ament_cmake_export_libraries-extras.cmake
[26.949s] -- Installing: /home/bilal/trail_tracer/install/gazebo_ros_ackermann_drive_4wd/share/gazebo_ros_ackermann_drive_4wd/cmake/ament_cmake_export_dependencies-extras.cmake
[26.949s] -- Installing: /home/bilal/trail_tracer/install/gazebo_ros_ackermann_drive_4wd/share/gazebo_ros_ackermann_drive_4wd/cmake/ament_cmake_export_include_directories-extras.cmake
[26.949s] -- Installing: /home/bilal/trail_tracer/install/gazebo_ros_ackermann_drive_4wd/share/gazebo_ros_ackermann_drive_4wd/cmake/gazebo_ros_ackermann_drive_4wdConfig.cmake
[26.949s] -- Installing: /home/bilal/trail_tracer/install/gazebo_ros_ackermann_drive_4wd/share/gazebo_ros_ackermann_drive_4wd/cmake/gazebo_ros_ackermann_drive_4wdConfig-version.cmake
[26.950s] -- Installing: /home/bilal/trail_tracer/install/gazebo_ros_ackermann_drive_4wd/share/gazebo_ros_ackermann_drive_4wd/package.xml
[26.951s] Invoked command in '/home/bilal/trail_tracer/build/gazebo_ros_ackermann_drive_4wd' returned '0': CMAKE_PREFIX_PATH=${CMAKE_PREFIX_PATH}:/home/bilal/trail_tracer/install/web_gui:/home/bilal/trail_tracer/install/nav2_simple_commander:/home/bilal/learn_ros2_ws/install/web_gui:/home/bilal/learn_ros2_ws/install/nav2_simple_commander:/home/bilal/ros2_ws/install/web_gui:/home/bilal/ros2_ws/install/opencv_tools:/home/bilal/ros2_ws/install/biy1_ros360_py:/opt/ros/humble /usr/bin/cmake --install /home/bilal/trail_tracer/build/gazebo_ros_ackermann_drive_4wd
