[0.055s] Invoking command in '/home/bilal/trail_tracer/build/gazebo_ros_skid_steer_drive_6w': CMAKE_PREFIX_PATH=${CMAKE_PREFIX_PATH}:/home/bilal/trail_tracer/install/web_gui:/home/bilal/learn_ros2_ws/install/web_gui:/home/bilal/learn_ros2_ws/install/nav2_simple_commander:/home/bilal/ros2_ws/install/web_gui:/home/bilal/ros2_ws/install/opencv_tools:/home/bilal/ros2_ws/install/biy1_ros360_py:/opt/ros/humble /usr/bin/cmake /home/bilal/trail_tracer/src/gazebo_ros_skid_steer_drive_6w -DCMAKE_INSTALL_PREFIX=/home/bilal/trail_tracer/install/gazebo_ros_skid_steer_drive_6w
[0.141s] -- The C compiler identification is GNU 11.4.0
[0.214s] -- The CXX compiler identification is GNU 11.4.0
[0.223s] -- Detecting C compiler ABI info
[0.377s] -- Detecting C compiler ABI info - done
[0.387s] -- Check for working C compiler: /usr/bin/cc - skipped
[0.387s] -- Detecting C compile features
[0.388s] -- Detecting C compile features - done
[0.390s] -- Detecting CXX compiler ABI info
[0.584s] -- Detecting CXX compiler ABI info - done
[0.585s] -- Check for working CXX compiler: /usr/bin/c++ - skipped
[0.586s] -- Detecting CXX compile features
[0.586s] -- Detecting CXX compile features - done
[0.589s] -- Found ament_cmake: 1.3.8 (/opt/ros/humble/share/ament_cmake/cmake)
[0.870s] -- Found Python3: /usr/bin/python3 (found version "3.10.12") found components: Interpreter 
[1.114s] -- Found rclcpp: 16.0.8 (/opt/ros/humble/share/rclcpp/cmake)
[1.277s] -- Found rosidl_generator_c: 3.1.5 (/opt/ros/humble/share/rosidl_generator_c/cmake)
[1.299s] -- Found rosidl_adapter: 3.1.5 (/opt/ros/humble/share/rosidl_adapter/cmake)
[1.328s] -- Found rosidl_generator_cpp: 3.1.5 (/opt/ros/humble/share/rosidl_generator_cpp/cmake)
[1.363s] -- Using all available rosidl_typesupport_c: rosidl_typesupport_fastrtps_c;rosidl_typesupport_introspection_c
[1.423s] -- Using all available rosidl_typesupport_cpp: rosidl_typesupport_fastrtps_cpp;rosidl_typesupport_introspection_cpp
[1.607s] -- Found rmw_implementation_cmake: 6.1.1 (/opt/ros/humble/share/rmw_implementation_cmake/cmake)
[1.624s] -- Found rmw_fastrtps_cpp: 6.2.6 (/opt/ros/humble/share/rmw_fastrtps_cpp/cmake)
[1.834s] -- Found OpenSSL: /usr/lib/x86_64-linux-gnu/libcrypto.so (found version "3.0.2")  
[1.883s] -- Found FastRTPS: /opt/ros/humble/include  
[1.965s] -- Using RMW implementation 'rmw_fastrtps_cpp' as default
[2.001s] -- Looking for pthread.h
[2.104s] -- Looking for pthread.h - found
[2.105s] -- Performing Test CMAKE_HAVE_LIBC_PTHREAD
[2.207s] -- Performing Test CMAKE_HAVE_LIBC_PTHREAD - Success
[2.208s] -- Found Threads: TRUE  
[2.407s] -- Found tf2: 0.25.6 (/opt/ros/humble/share/tf2/cmake)
[2.493s] -- Found tf2_ros: 0.25.6 (/opt/ros/humble/share/tf2_ros/cmake)
[2.835s] -- Found nav_msgs: 4.2.3 (/opt/ros/humble/share/nav_msgs/cmake)
[2.910s] -- Found gazebo_ros: 3.7.0 (/opt/ros/humble/share/gazebo_ros/cmake)
[2.936s] -- Found PkgConfig: /usr/bin/pkg-config (found version "0.29.2") 
[2.937s] -- Checking for module 'bullet>=2.82'
[2.962s] --   Found bullet, version 3.05
[3.165s] -- Found fcl: /usr/include (found suitable version "0.7.0", minimum required is "0.5.0") 
[3.252s] -- Found assimp: /usr/include (found version "5.2.0") 
[3.302s] -- Found DART: /usr/include (Required is at least version "6.6") found components: dart 
[3.383s] -- Found Boost: /usr/lib/x86_64-linux-gnu/cmake/Boost-1.74.0/BoostConfig.cmake (found suitable version "1.74.0", minimum required is "1.40.0") found components: thread system filesystem program_options regex iostreams date_time 
[3.405s] -- Found Protobuf: /usr/lib/x86_64-linux-gnu/libprotobuf.so (found version "3.12.4") 
[3.427s] -- Looking for ignition-math6 -- found version 6.15.1
[3.443s] -- Searching for dependencies of ignition-math6
[3.445s] -- Looking for OGRE...
[3.445s] -- OGRE_PREFIX_WATCH changed.
[3.453s] -- Checking for module 'OGRE'
[3.478s] --   Found OGRE, version 1.9.0
[3.542s] -- Found Ogre Ghadamon (1.9.0)
[3.562s] -- Found OGRE: optimized;/usr/lib/x86_64-linux-gnu/libOgreMain.so;debug;/usr/lib/x86_64-linux-gnu/libOgreMain.so
[3.571s] -- Looking for OGRE_Paging...
[3.583s] -- Found OGRE_Paging: optimized;/usr/lib/x86_64-linux-gnu/libOgrePaging.so;debug;/usr/lib/x86_64-linux-gnu/libOgrePaging.so
[3.583s] -- Looking for OGRE_Terrain...
[3.597s] -- Found OGRE_Terrain: optimized;/usr/lib/x86_64-linux-gnu/libOgreTerrain.so;debug;/usr/lib/x86_64-linux-gnu/libOgreTerrain.so
[3.597s] -- Looking for OGRE_Property...
[3.609s] -- Found OGRE_Property: optimized;/usr/lib/x86_64-linux-gnu/libOgreProperty.so;debug;/usr/lib/x86_64-linux-gnu/libOgreProperty.so
[3.609s] -- Looking for OGRE_RTShaderSystem...
[3.620s] -- Found OGRE_RTShaderSystem: optimized;/usr/lib/x86_64-linux-gnu/libOgreRTShaderSystem.so;debug;/usr/lib/x86_64-linux-gnu/libOgreRTShaderSystem.so
[3.621s] -- Looking for OGRE_Volume...
[3.633s] -- Found OGRE_Volume: optimized;/usr/lib/x86_64-linux-gnu/libOgreVolume.so;debug;/usr/lib/x86_64-linux-gnu/libOgreVolume.so
[3.633s] -- Looking for OGRE_Overlay...
[3.645s] -- Found OGRE_Overlay: optimized;/usr/lib/x86_64-linux-gnu/libOgreOverlay.so;debug;/usr/lib/x86_64-linux-gnu/libOgreOverlay.so
[3.926s] -- Looking for ignition-math6 -- found version 6.15.1
[3.935s] -- Looking for ignition-transport8 -- found version 8.2.1
[3.935s] -- Searching for dependencies of ignition-transport8
[3.966s] -- Found Protobuf: /usr/lib/x86_64-linux-gnu/libprotobuf.so (found suitable version "3.12.4", minimum required is "3") 
[3.986s] -- Config-file not installed for ZeroMQ -- checking for pkg-config
[3.993s] -- Checking for module 'libzmq >= 4'
[4.017s] --   Found libzmq , version 4.3.4
[4.079s] -- Found ZeroMQ: TRUE (Required is at least version "4") 
[4.086s] -- Checking for module 'uuid'
[4.110s] --   Found uuid, version 2.37.2
[4.167s] -- Found UUID: TRUE  
[4.176s] -- Looking for ignition-msgs5 -- found version 5.8.1
[4.176s] -- Searching for dependencies of ignition-msgs5
[4.208s] -- Looking for ignition-math6 -- found version 6.15.1
[4.214s] -- Checking for module 'tinyxml2'
[4.236s] --   Found tinyxml2, version 9.0.0
[4.293s] -- Looking for ignition-msgs5 -- found version 5.8.1
[4.302s] -- Looking for ignition-common3 -- found version 3.14.0
[4.302s] -- Searching for dependencies of ignition-common3
[4.303s] -- Looking for dlfcn.h - found
[4.306s] -- Looking for libdl - found
[4.307s] -- Found DL: TRUE  
[4.330s] -- Found tinyobjloader: /usr/lib/x86_64-linux-gnu/cmake/tinyobjloader/tinyobjloader-config.cmake (found version "2.0.0") 
[4.331s] -- Searching for <ignition-common3> component [graphics]
[4.340s] -- Looking for ignition-common3-graphics -- found version 3.14.0
[4.340s] -- Searching for dependencies of ignition-common3-graphics
[4.341s] -- Looking for ignition-math6 -- found version 6.15.1
[4.350s] -- Looking for ignition-fuel_tools4 -- found version 4.4.0
[4.351s] -- Searching for dependencies of ignition-fuel_tools4
[4.491s] -- Found CURL: /usr/lib/x86_64-linux-gnu/libcurl.so (found version "7.81.0")  
[4.516s] -- Checking for module 'jsoncpp'
[4.544s] --   Found jsoncpp, version 1.9.5
[4.601s] -- Found JSONCPP: TRUE  
[4.607s] -- Checking for module 'libzip'
[4.635s] --   Found libzip, version 1.7.3
[4.695s] -- Found ZIP: TRUE  
[4.695s] -- Looking for ignition-common3 -- found version 3.14.0
[4.696s] -- Looking for ignition-math6 -- found version 6.15.1
[4.696s] -- Looking for ignition-msgs5 -- found version 5.8.1
[4.710s] -- Gazebo version: 11.10
[4.711s] -- Checking for module 'tbb'
[4.739s] --   Found tbb, version 2021.5.0
[4.806s] -- Found Boost: /usr/lib/x86_64-linux-gnu/cmake/Boost-1.74.0/BoostConfig.cmake (found version "1.74.0") found components: thread 
[4.934s] -- Configuring done
[4.959s] -- Generating done
[4.961s] -- Build files have been written to: /home/bilal/trail_tracer/build/gazebo_ros_skid_steer_drive_6w
[4.984s] Invoked command in '/home/bilal/trail_tracer/build/gazebo_ros_skid_steer_drive_6w' returned '0': CMAKE_PREFIX_PATH=${CMAKE_PREFIX_PATH}:/home/bilal/trail_tracer/install/web_gui:/home/bilal/learn_ros2_ws/install/web_gui:/home/bilal/learn_ros2_ws/install/nav2_simple_commander:/home/bilal/ros2_ws/install/web_gui:/home/bilal/ros2_ws/install/opencv_tools:/home/bilal/ros2_ws/install/biy1_ros360_py:/opt/ros/humble /usr/bin/cmake /home/bilal/trail_tracer/src/gazebo_ros_skid_steer_drive_6w -DCMAKE_INSTALL_PREFIX=/home/bilal/trail_tracer/install/gazebo_ros_skid_steer_drive_6w
[4.986s] Invoking command in '/home/bilal/trail_tracer/build/gazebo_ros_skid_steer_drive_6w': CMAKE_PREFIX_PATH=${CMAKE_PREFIX_PATH}:/home/bilal/trail_tracer/install/web_gui:/home/bilal/learn_ros2_ws/install/web_gui:/home/bilal/learn_ros2_ws/install/nav2_simple_commander:/home/bilal/ros2_ws/install/web_gui:/home/bilal/ros2_ws/install/opencv_tools:/home/bilal/ros2_ws/install/biy1_ros360_py:/opt/ros/humble /usr/bin/cmake --build /home/bilal/trail_tracer/build/gazebo_ros_skid_steer_drive_6w -- -j12 -l12
[5.083s] [ 50%] [32mBuilding CXX object CMakeFiles/gazebo_ros_skid_steer_drive_6w.dir/src/gazebo_ros_skid_steer_drive_6w.cpp.o[0m
[20.363s] [100%] [32m[1mLinking CXX shared library libgazebo_ros_skid_steer_drive_6w.so[0m
[21.101s] [100%] Built target gazebo_ros_skid_steer_drive_6w
[21.119s] Invoked command in '/home/bilal/trail_tracer/build/gazebo_ros_skid_steer_drive_6w' returned '0': CMAKE_PREFIX_PATH=${CMAKE_PREFIX_PATH}:/home/bilal/trail_tracer/install/web_gui:/home/bilal/learn_ros2_ws/install/web_gui:/home/bilal/learn_ros2_ws/install/nav2_simple_commander:/home/bilal/ros2_ws/install/web_gui:/home/bilal/ros2_ws/install/opencv_tools:/home/bilal/ros2_ws/install/biy1_ros360_py:/opt/ros/humble /usr/bin/cmake --build /home/bilal/trail_tracer/build/gazebo_ros_skid_steer_drive_6w -- -j12 -l12
[21.170s] Invoking command in '/home/bilal/trail_tracer/build/gazebo_ros_skid_steer_drive_6w': CMAKE_PREFIX_PATH=${CMAKE_PREFIX_PATH}:/home/bilal/trail_tracer/install/web_gui:/home/bilal/learn_ros2_ws/install/web_gui:/home/bilal/learn_ros2_ws/install/nav2_simple_commander:/home/bilal/ros2_ws/install/web_gui:/home/bilal/ros2_ws/install/opencv_tools:/home/bilal/ros2_ws/install/biy1_ros360_py:/opt/ros/humble /usr/bin/cmake --install /home/bilal/trail_tracer/build/gazebo_ros_skid_steer_drive_6w
[21.184s] -- Install configuration: ""
[21.185s] -- Installing: /home/bilal/trail_tracer/install/gazebo_ros_skid_steer_drive_6w/share/gazebo_ros_skid_steer_drive_6w/environment/library_path.sh
[21.185s] -- Installing: /home/bilal/trail_tracer/install/gazebo_ros_skid_steer_drive_6w/share/gazebo_ros_skid_steer_drive_6w/environment/library_path.dsv
[21.185s] -- Installing: /home/bilal/trail_tracer/install/gazebo_ros_skid_steer_drive_6w/include
[21.185s] -- Installing: /home/bilal/trail_tracer/install/gazebo_ros_skid_steer_drive_6w/include/gazebo_ros_skid_steer_drive_6w.h
[21.186s] -- Installing: /home/bilal/trail_tracer/install/gazebo_ros_skid_steer_drive_6w/lib/libgazebo_ros_skid_steer_drive_6w.so
[21.201s] -- Set runtime path of "/home/bilal/trail_tracer/install/gazebo_ros_skid_steer_drive_6w/lib/libgazebo_ros_skid_steer_drive_6w.so" to ""
[21.201s] -- Installing: /home/bilal/trail_tracer/install/gazebo_ros_skid_steer_drive_6w/share/ament_index/resource_index/package_run_dependencies/gazebo_ros_skid_steer_drive_6w
[21.201s] -- Installing: /home/bilal/trail_tracer/install/gazebo_ros_skid_steer_drive_6w/share/ament_index/resource_index/parent_prefix_path/gazebo_ros_skid_steer_drive_6w
[21.201s] -- Installing: /home/bilal/trail_tracer/install/gazebo_ros_skid_steer_drive_6w/share/gazebo_ros_skid_steer_drive_6w/environment/ament_prefix_path.sh
[21.201s] -- Installing: /home/bilal/trail_tracer/install/gazebo_ros_skid_steer_drive_6w/share/gazebo_ros_skid_steer_drive_6w/environment/ament_prefix_path.dsv
[21.201s] -- Installing: /home/bilal/trail_tracer/install/gazebo_ros_skid_steer_drive_6w/share/gazebo_ros_skid_steer_drive_6w/environment/path.sh
[21.201s] -- Installing: /home/bilal/trail_tracer/install/gazebo_ros_skid_steer_drive_6w/share/gazebo_ros_skid_steer_drive_6w/environment/path.dsv
[21.202s] -- Installing: /home/bilal/trail_tracer/install/gazebo_ros_skid_steer_drive_6w/share/gazebo_ros_skid_steer_drive_6w/local_setup.bash
[21.202s] -- Installing: /home/bilal/trail_tracer/install/gazebo_ros_skid_steer_drive_6w/share/gazebo_ros_skid_steer_drive_6w/local_setup.sh
[21.202s] -- Installing: /home/bilal/trail_tracer/install/gazebo_ros_skid_steer_drive_6w/share/gazebo_ros_skid_steer_drive_6w/local_setup.zsh
[21.202s] -- Installing: /home/bilal/trail_tracer/install/gazebo_ros_skid_steer_drive_6w/share/gazebo_ros_skid_steer_drive_6w/local_setup.dsv
[21.202s] -- Installing: /home/bilal/trail_tracer/install/gazebo_ros_skid_steer_drive_6w/share/gazebo_ros_skid_steer_drive_6w/package.dsv
[21.202s] -- Installing: /home/bilal/trail_tracer/install/gazebo_ros_skid_steer_drive_6w/share/ament_index/resource_index/packages/gazebo_ros_skid_steer_drive_6w
[21.202s] -- Installing: /home/bilal/trail_tracer/install/gazebo_ros_skid_steer_drive_6w/share/gazebo_ros_skid_steer_drive_6w/cmake/ament_cmake_export_libraries-extras.cmake
[21.202s] -- Installing: /home/bilal/trail_tracer/install/gazebo_ros_skid_steer_drive_6w/share/gazebo_ros_skid_steer_drive_6w/cmake/ament_cmake_export_dependencies-extras.cmake
[21.203s] -- Installing: /home/bilal/trail_tracer/install/gazebo_ros_skid_steer_drive_6w/share/gazebo_ros_skid_steer_drive_6w/cmake/ament_cmake_export_include_directories-extras.cmake
[21.203s] -- Installing: /home/bilal/trail_tracer/install/gazebo_ros_skid_steer_drive_6w/share/gazebo_ros_skid_steer_drive_6w/cmake/gazebo_ros_skid_steer_drive_6wConfig.cmake
[21.203s] -- Installing: /home/bilal/trail_tracer/install/gazebo_ros_skid_steer_drive_6w/share/gazebo_ros_skid_steer_drive_6w/cmake/gazebo_ros_skid_steer_drive_6wConfig-version.cmake
[21.203s] -- Installing: /home/bilal/trail_tracer/install/gazebo_ros_skid_steer_drive_6w/share/gazebo_ros_skid_steer_drive_6w/package.xml
[21.206s] Invoked command in '/home/bilal/trail_tracer/build/gazebo_ros_skid_steer_drive_6w' returned '0': CMAKE_PREFIX_PATH=${CMAKE_PREFIX_PATH}:/home/bilal/trail_tracer/install/web_gui:/home/bilal/learn_ros2_ws/install/web_gui:/home/bilal/learn_ros2_ws/install/nav2_simple_commander:/home/bilal/ros2_ws/install/web_gui:/home/bilal/ros2_ws/install/opencv_tools:/home/bilal/ros2_ws/install/biy1_ros360_py:/opt/ros/humble /usr/bin/cmake --install /home/bilal/trail_tracer/build/gazebo_ros_skid_steer_drive_6w
