[0.031s] Invoking command in '/home/bilal/trail_tracer/build/gps_to_utm_converter_cpp': CMAKE_PREFIX_PATH=${CMAKE_PREFIX_PATH}:/home/bilal/trail_tracer/install/web_gui:/home/bilal/trail_tracer/install/nav2_simple_commander:/home/bilal/learn_ros2_ws/install/web_gui:/home/bilal/learn_ros2_ws/install/nav2_simple_commander:/home/bilal/ros2_ws/install/web_gui:/home/bilal/ros2_ws/install/opencv_tools:/home/bilal/ros2_ws/install/biy1_ros360_py:/opt/ros/humble /usr/bin/cmake /home/bilal/trail_tracer/src/gps_to_utm_converter_cpp -DCMAKE_INSTALL_PREFIX=/home/bilal/trail_tracer/install/gps_to_utm_converter_cpp
[0.124s] -- The C compiler identification is GNU 11.4.0
[0.189s] -- The CXX compiler identification is GNU 11.4.0
[0.197s] -- Detecting C compiler ABI info
[0.309s] -- Detecting C compiler ABI info - done
[0.318s] -- Check for working C compiler: /usr/bin/cc - skipped
[0.319s] -- Detecting C compile features
[0.319s] -- Detecting C compile features - done
[0.323s] -- Detecting CXX compiler ABI info
[0.454s] -- Detecting CXX compiler ABI info - done
[0.463s] -- Check for working CXX compiler: /usr/bin/c++ - skipped
[0.463s] -- Detecting CXX compile features
[0.464s] -- Detecting CXX compile features - done
[0.473s] -- Found ament_cmake: 1.3.8 (/opt/ros/humble/share/ament_cmake/cmake)
[0.662s] -- Found Python3: /usr/bin/python3 (found version "3.10.12") found components: Interpreter 
[0.890s] -- Found rclcpp: 16.0.8 (/opt/ros/humble/share/rclcpp/cmake)
[1.029s] -- Found rosidl_generator_c: 3.1.5 (/opt/ros/humble/share/rosidl_generator_c/cmake)
[1.048s] -- Found rosidl_adapter: 3.1.5 (/opt/ros/humble/share/rosidl_adapter/cmake)
[1.075s] -- Found rosidl_generator_cpp: 3.1.5 (/opt/ros/humble/share/rosidl_generator_cpp/cmake)
[1.113s] -- Using all available rosidl_typesupport_c: rosidl_typesupport_fastrtps_c;rosidl_typesupport_introspection_c
[1.167s] -- Using all available rosidl_typesupport_cpp: rosidl_typesupport_fastrtps_cpp;rosidl_typesupport_introspection_cpp
[1.334s] -- Found rmw_implementation_cmake: 6.1.1 (/opt/ros/humble/share/rmw_implementation_cmake/cmake)
[1.350s] -- Found rmw_fastrtps_cpp: 6.2.6 (/opt/ros/humble/share/rmw_fastrtps_cpp/cmake)
[1.561s] -- Found OpenSSL: /usr/lib/x86_64-linux-gnu/libcrypto.so (found version "3.0.2")  
[1.612s] -- Found FastRTPS: /opt/ros/humble/include  
[1.682s] -- Using RMW implementation 'rmw_fastrtps_cpp' as default
[1.710s] -- Looking for pthread.h
[1.806s] -- Looking for pthread.h - found
[1.807s] -- Performing Test CMAKE_HAVE_LIBC_PTHREAD
[1.902s] -- Performing Test CMAKE_HAVE_LIBC_PTHREAD - Success
[1.903s] -- Found Threads: TRUE  
[2.057s] -- Found geometry_msgs: 4.2.3 (/opt/ros/humble/share/geometry_msgs/cmake)
[2.094s] -- Found sensor_msgs: 4.2.3 (/opt/ros/humble/share/sensor_msgs/cmake)
[2.161s] -- Found tf2_geometry_msgs: 0.25.6 (/opt/ros/humble/share/tf2_geometry_msgs/cmake)
[2.201s] -- Found eigen3_cmake_module: 0.1.1 (/opt/ros/humble/share/eigen3_cmake_module/cmake)
[2.202s] -- Found Eigen3: TRUE (found version "3.4.0") 
[2.202s] -- Ensuring Eigen3 include directory is part of orocos-kdl CMake target
[2.562s] -- Found GeographicLib: /usr/lib/x86_64-linux-gnu  
[2.579s] -- Found ament_lint_auto: 0.12.10 (/opt/ros/humble/share/ament_lint_auto/cmake)
[2.695s] -- Added test 'cppcheck' to perform static code analysis on C / C++ code
[2.695s] -- Configured cppcheck include dirs: 
[2.695s] -- Configured cppcheck exclude dirs and/or files: 
[2.698s] -- Added test 'lint_cmake' to check CMake code style
[2.700s] -- Added test 'uncrustify' to check C / C++ code style
[2.700s] -- Configured uncrustify additional arguments: 
[2.702s] -- Added test 'xmllint' to check XML markup files
[2.705s] -- Configuring done
[2.715s] -- Generating done
[2.716s] -- Build files have been written to: /home/bilal/trail_tracer/build/gps_to_utm_converter_cpp
[2.729s] Invoked command in '/home/bilal/trail_tracer/build/gps_to_utm_converter_cpp' returned '0': CMAKE_PREFIX_PATH=${CMAKE_PREFIX_PATH}:/home/bilal/trail_tracer/install/web_gui:/home/bilal/trail_tracer/install/nav2_simple_commander:/home/bilal/learn_ros2_ws/install/web_gui:/home/bilal/learn_ros2_ws/install/nav2_simple_commander:/home/bilal/ros2_ws/install/web_gui:/home/bilal/ros2_ws/install/opencv_tools:/home/bilal/ros2_ws/install/biy1_ros360_py:/opt/ros/humble /usr/bin/cmake /home/bilal/trail_tracer/src/gps_to_utm_converter_cpp -DCMAKE_INSTALL_PREFIX=/home/bilal/trail_tracer/install/gps_to_utm_converter_cpp
[2.730s] Invoking command in '/home/bilal/trail_tracer/build/gps_to_utm_converter_cpp': CMAKE_PREFIX_PATH=${CMAKE_PREFIX_PATH}:/home/bilal/trail_tracer/install/web_gui:/home/bilal/trail_tracer/install/nav2_simple_commander:/home/bilal/learn_ros2_ws/install/web_gui:/home/bilal/learn_ros2_ws/install/nav2_simple_commander:/home/bilal/ros2_ws/install/web_gui:/home/bilal/ros2_ws/install/opencv_tools:/home/bilal/ros2_ws/install/biy1_ros360_py:/opt/ros/humble /usr/bin/cmake --build /home/bilal/trail_tracer/build/gps_to_utm_converter_cpp -- -j12 -l12
[2.816s] [ 50%] [32mBuilding CXX object CMakeFiles/converter_node.dir/src/converter_node.cpp.o[0m
[13.369s] [100%] [32m[1mLinking CXX executable converter_node[0m
[14.080s] [100%] Built target converter_node
[14.114s] Invoked command in '/home/bilal/trail_tracer/build/gps_to_utm_converter_cpp' returned '0': CMAKE_PREFIX_PATH=${CMAKE_PREFIX_PATH}:/home/bilal/trail_tracer/install/web_gui:/home/bilal/trail_tracer/install/nav2_simple_commander:/home/bilal/learn_ros2_ws/install/web_gui:/home/bilal/learn_ros2_ws/install/nav2_simple_commander:/home/bilal/ros2_ws/install/web_gui:/home/bilal/ros2_ws/install/opencv_tools:/home/bilal/ros2_ws/install/biy1_ros360_py:/opt/ros/humble /usr/bin/cmake --build /home/bilal/trail_tracer/build/gps_to_utm_converter_cpp -- -j12 -l12
[14.218s] Invoking command in '/home/bilal/trail_tracer/build/gps_to_utm_converter_cpp': CMAKE_PREFIX_PATH=${CMAKE_PREFIX_PATH}:/home/bilal/trail_tracer/install/web_gui:/home/bilal/trail_tracer/install/nav2_simple_commander:/home/bilal/learn_ros2_ws/install/web_gui:/home/bilal/learn_ros2_ws/install/nav2_simple_commander:/home/bilal/ros2_ws/install/web_gui:/home/bilal/ros2_ws/install/opencv_tools:/home/bilal/ros2_ws/install/biy1_ros360_py:/opt/ros/humble /usr/bin/cmake --install /home/bilal/trail_tracer/build/gps_to_utm_converter_cpp
[14.239s] -- Install configuration: ""
[14.240s] -- Installing: /home/bilal/trail_tracer/install/gps_to_utm_converter_cpp/lib/gps_to_utm_converter_cpp/converter_node
[14.246s] -- Set runtime path of "/home/bilal/trail_tracer/install/gps_to_utm_converter_cpp/lib/gps_to_utm_converter_cpp/converter_node" to ""
[14.246s] -- Installing: /home/bilal/trail_tracer/install/gps_to_utm_converter_cpp/share/ament_index/resource_index/package_run_dependencies/gps_to_utm_converter_cpp
[14.247s] -- Installing: /home/bilal/trail_tracer/install/gps_to_utm_converter_cpp/share/ament_index/resource_index/parent_prefix_path/gps_to_utm_converter_cpp
[14.247s] -- Installing: /home/bilal/trail_tracer/install/gps_to_utm_converter_cpp/share/gps_to_utm_converter_cpp/environment/ament_prefix_path.sh
[14.247s] -- Installing: /home/bilal/trail_tracer/install/gps_to_utm_converter_cpp/share/gps_to_utm_converter_cpp/environment/ament_prefix_path.dsv
[14.247s] -- Installing: /home/bilal/trail_tracer/install/gps_to_utm_converter_cpp/share/gps_to_utm_converter_cpp/environment/path.sh
[14.248s] -- Installing: /home/bilal/trail_tracer/install/gps_to_utm_converter_cpp/share/gps_to_utm_converter_cpp/environment/path.dsv
[14.248s] -- Installing: /home/bilal/trail_tracer/install/gps_to_utm_converter_cpp/share/gps_to_utm_converter_cpp/local_setup.bash
[14.248s] -- Installing: /home/bilal/trail_tracer/install/gps_to_utm_converter_cpp/share/gps_to_utm_converter_cpp/local_setup.sh
[14.248s] -- Installing: /home/bilal/trail_tracer/install/gps_to_utm_converter_cpp/share/gps_to_utm_converter_cpp/local_setup.zsh
[14.249s] -- Installing: /home/bilal/trail_tracer/install/gps_to_utm_converter_cpp/share/gps_to_utm_converter_cpp/local_setup.dsv
[14.249s] -- Installing: /home/bilal/trail_tracer/install/gps_to_utm_converter_cpp/share/gps_to_utm_converter_cpp/package.dsv
[14.249s] -- Installing: /home/bilal/trail_tracer/install/gps_to_utm_converter_cpp/share/ament_index/resource_index/packages/gps_to_utm_converter_cpp
[14.249s] -- Installing: /home/bilal/trail_tracer/install/gps_to_utm_converter_cpp/share/gps_to_utm_converter_cpp/cmake/gps_to_utm_converter_cppConfig.cmake
[14.250s] -- Installing: /home/bilal/trail_tracer/install/gps_to_utm_converter_cpp/share/gps_to_utm_converter_cpp/cmake/gps_to_utm_converter_cppConfig-version.cmake
[14.250s] -- Installing: /home/bilal/trail_tracer/install/gps_to_utm_converter_cpp/share/gps_to_utm_converter_cpp/package.xml
[14.253s] Invoked command in '/home/bilal/trail_tracer/build/gps_to_utm_converter_cpp' returned '0': CMAKE_PREFIX_PATH=${CMAKE_PREFIX_PATH}:/home/bilal/trail_tracer/install/web_gui:/home/bilal/trail_tracer/install/nav2_simple_commander:/home/bilal/learn_ros2_ws/install/web_gui:/home/bilal/learn_ros2_ws/install/nav2_simple_commander:/home/bilal/ros2_ws/install/web_gui:/home/bilal/ros2_ws/install/opencv_tools:/home/bilal/ros2_ws/install/biy1_ros360_py:/opt/ros/humble /usr/bin/cmake --install /home/bilal/trail_tracer/build/gps_to_utm_converter_cpp
