-- Install configuration: ""
-- Up-to-date: /home/bilal/trail_tracer/install/traethlin_description/share/traethlin_description/urdf
-- Up-to-date: /home/bilal/trail_tracer/install/traethlin_description/share/traethlin_description/urdf/gazebo.material
-- Up-to-date: /home/bilal/trail_tracer/install/traethlin_description/share/traethlin_description/urdf/traethlin_constants.xacro
-- Up-to-date: /home/bilal/trail_tracer/install/traethlin_description/share/traethlin_description/urdf/traethlin.urdf.xacro
-- Up-to-date: /home/bilal/trail_tracer/install/traethlin_description/share/traethlin_description/urdf/traethlin_shock_absorbers.xacro
-- Up-to-date: /home/bilal/trail_tracer/install/traethlin_description/share/traethlin_description/urdf/traethlin.gazebo.xacro
-- Up-to-date: /home/bilal/trail_tracer/install/traethlin_description/share/traethlin_description/urdf/traethlin_wheels.xacro
-- Up-to-date: /home/bilal/trail_tracer/install/traethlin_description/share/traethlin_description/rviz
-- Up-to-date: /home/bilal/trail_tracer/install/traethlin_description/share/traethlin_description/rviz/traethlin.rviz
-- Up-to-date: /home/bilal/trail_tracer/install/traethlin_description/share/traethlin_description/launch
-- Up-to-date: /home/bilal/trail_tracer/install/traethlin_description/share/traethlin_description/launch/description.launch.py
-- Up-to-date: /home/bilal/trail_tracer/install/traethlin_description/share/traethlin_description/launch/gazebo.launch.py
-- Up-to-date: /home/bilal/trail_tracer/install/traethlin_description/share/traethlin_description/worlds
-- Up-to-date: /home/bilal/trail_tracer/install/traethlin_description/share/traethlin_description/worlds/traethlin.world
-- Up-to-date: /home/bilal/trail_tracer/install/traethlin_description/share/traethlin_description/meshes
-- Up-to-date: /home/bilal/trail_tracer/install/traethlin_description/share/traethlin_description/meshes/camera_assembly.stl
-- Up-to-date: /home/bilal/trail_tracer/install/traethlin_description/share/traethlin_description/meshes/roverFrontWheelTextured.dae
-- Up-to-date: /home/bilal/trail_tracer/install/traethlin_description/share/traethlin_description/meshes/roverRearWheelTextured.dae
-- Up-to-date: /home/bilal/trail_tracer/install/traethlin_description/share/traethlin_description/meshes/rover.stl
-- Up-to-date: /home/bilal/trail_tracer/install/traethlin_description/share/traethlin_description/meshes/chassis.stl
-- Up-to-date: /home/bilal/trail_tracer/install/traethlin_description/share/traethlin_description/meshes/Wheel_Texture.jpg
-- Up-to-date: /home/bilal/trail_tracer/install/traethlin_description/share/traethlin_description/meshes/roverFrontWheel.stl
-- Up-to-date: /home/bilal/trail_tracer/install/traethlin_description/share/traethlin_description/meshes/wheel.stl
-- Up-to-date: /home/bilal/trail_tracer/install/traethlin_description/share/traethlin_description/meshes/old_rover.stl
-- Up-to-date: /home/bilal/trail_tracer/install/traethlin_description/share/traethlin_description/meshes/Vehicle_Texture.dae
-- Up-to-date: /home/bilal/trail_tracer/install/traethlin_description/share/traethlin_description/meshes/roverRearWheel.stl
-- Up-to-date: /home/bilal/trail_tracer/install/traethlin_description/share/ament_index/resource_index/package_run_dependencies/traethlin_description
-- Up-to-date: /home/bilal/trail_tracer/install/traethlin_description/share/ament_index/resource_index/parent_prefix_path/traethlin_description
-- Up-to-date: /home/bilal/trail_tracer/install/traethlin_description/share/traethlin_description/environment/ament_prefix_path.sh
-- Up-to-date: /home/bilal/trail_tracer/install/traethlin_description/share/traethlin_description/environment/ament_prefix_path.dsv
-- Up-to-date: /home/bilal/trail_tracer/install/traethlin_description/share/traethlin_description/environment/path.sh
-- Up-to-date: /home/bilal/trail_tracer/install/traethlin_description/share/traethlin_description/environment/path.dsv
-- Up-to-date: /home/bilal/trail_tracer/install/traethlin_description/share/traethlin_description/local_setup.bash
-- Up-to-date: /home/bilal/trail_tracer/install/traethlin_description/share/traethlin_description/local_setup.sh
-- Up-to-date: /home/bilal/trail_tracer/install/traethlin_description/share/traethlin_description/local_setup.zsh
-- Up-to-date: /home/bilal/trail_tracer/install/traethlin_description/share/traethlin_description/local_setup.dsv
-- Up-to-date: /home/bilal/trail_tracer/install/traethlin_description/share/traethlin_description/package.dsv
-- Up-to-date: /home/bilal/trail_tracer/install/traethlin_description/share/ament_index/resource_index/packages/traethlin_description
-- Up-to-date: /home/bilal/trail_tracer/install/traethlin_description/share/traethlin_description/cmake/traethlin_descriptionConfig.cmake
-- Up-to-date: /home/bilal/trail_tracer/install/traethlin_description/share/traethlin_description/cmake/traethlin_descriptionConfig-version.cmake
-- Up-to-date: /home/bilal/trail_tracer/install/traethlin_description/share/traethlin_description/package.xml
