[0.082s] Invoking command in '/home/bilal/trail_tracer/build/nav_2d_msgs': CMAKE_PREFIX_PATH=${CMAKE_PREFIX_PATH}:/home/bilal/trail_tracer/install/web_gui:/home/bilal/trail_tracer/install/nav2_simple_commander:/home/bilal/learn_ros2_ws/install/web_gui:/home/bilal/learn_ros2_ws/install/nav2_simple_commander:/home/bilal/ros2_ws/install/web_gui:/home/bilal/ros2_ws/install/opencv_tools:/home/bilal/ros2_ws/install/biy1_ros360_py:/opt/ros/humble /usr/bin/cmake --build /home/bilal/trail_tracer/build/nav_2d_msgs -- -j12 -l12
[0.243s] [  1%] Built target nav_2d_msgs__cpp
[0.253s] [ 12%] Built target nav_2d_msgs__rosidl_generator_c
[0.281s] [ 12%] Built target ament_cmake_python_copy_nav_2d_msgs
[0.322s] [ 23%] Built target nav_2d_msgs__rosidl_typesupport_fastrtps_cpp
[0.323s] [ 35%] Built target nav_2d_msgs__rosidl_typesupport_introspection_c
[0.323s] [ 46%] Built target nav_2d_msgs__rosidl_typesupport_cpp
[0.324s] [ 57%] Built target nav_2d_msgs__rosidl_typesupport_fastrtps_c
[0.324s] [ 69%] Built target nav_2d_msgs__rosidl_typesupport_introspection_cpp
[0.327s] [ 80%] Built target nav_2d_msgs__rosidl_typesupport_c
[0.374s] [ 80%] Built target nav_2d_msgs
[0.418s] [ 81%] Built target nav_2d_msgs__py
[0.468s] [ 91%] Built target nav_2d_msgs__rosidl_generator_py
[0.532s] [ 97%] Built target nav_2d_msgs__rosidl_typesupport_c__pyext
[0.532s] [ 97%] Built target nav_2d_msgs__rosidl_typesupport_introspection_c__pyext
[0.533s] [100%] Built target nav_2d_msgs__rosidl_typesupport_fastrtps_c__pyext
[0.650s] running egg_info
[0.651s] writing nav_2d_msgs.egg-info/PKG-INFO
[0.651s] writing dependency_links to nav_2d_msgs.egg-info/dependency_links.txt
[0.651s] writing top-level names to nav_2d_msgs.egg-info/top_level.txt
[0.656s] reading manifest file 'nav_2d_msgs.egg-info/SOURCES.txt'
[0.659s] writing manifest file 'nav_2d_msgs.egg-info/SOURCES.txt'
[0.716s] [100%] Built target ament_cmake_python_build_nav_2d_msgs_egg
[0.749s] Invoked command in '/home/bilal/trail_tracer/build/nav_2d_msgs' returned '0': CMAKE_PREFIX_PATH=${CMAKE_PREFIX_PATH}:/home/bilal/trail_tracer/install/web_gui:/home/bilal/trail_tracer/install/nav2_simple_commander:/home/bilal/learn_ros2_ws/install/web_gui:/home/bilal/learn_ros2_ws/install/nav2_simple_commander:/home/bilal/ros2_ws/install/web_gui:/home/bilal/ros2_ws/install/opencv_tools:/home/bilal/ros2_ws/install/biy1_ros360_py:/opt/ros/humble /usr/bin/cmake --build /home/bilal/trail_tracer/build/nav_2d_msgs -- -j12 -l12
[1.286s] Invoking command in '/home/bilal/trail_tracer/build/nav_2d_msgs': CMAKE_PREFIX_PATH=${CMAKE_PREFIX_PATH}:/home/bilal/trail_tracer/install/web_gui:/home/bilal/trail_tracer/install/nav2_simple_commander:/home/bilal/learn_ros2_ws/install/web_gui:/home/bilal/learn_ros2_ws/install/nav2_simple_commander:/home/bilal/ros2_ws/install/web_gui:/home/bilal/ros2_ws/install/opencv_tools:/home/bilal/ros2_ws/install/biy1_ros360_py:/opt/ros/humble /usr/bin/cmake --install /home/bilal/trail_tracer/build/nav_2d_msgs
[1.302s] -- Install configuration: ""
[1.302s] -- Up-to-date: /home/bilal/trail_tracer/install/nav_2d_msgs/share/ament_index/resource_index/rosidl_interfaces/nav_2d_msgs
[1.302s] -- Up-to-date: /home/bilal/trail_tracer/install/nav_2d_msgs/include/nav_2d_msgs/nav_2d_msgs
[1.302s] -- Up-to-date: /home/bilal/trail_tracer/install/nav_2d_msgs/include/nav_2d_msgs/nav_2d_msgs/msg
[1.302s] -- Up-to-date: /home/bilal/trail_tracer/install/nav_2d_msgs/include/nav_2d_msgs/nav_2d_msgs/msg/rosidl_generator_c__visibility_control.h
[1.302s] -- Up-to-date: /home/bilal/trail_tracer/install/nav_2d_msgs/include/nav_2d_msgs/nav_2d_msgs/msg/twist2_d32.h
[1.303s] -- Up-to-date: /home/bilal/trail_tracer/install/nav_2d_msgs/include/nav_2d_msgs/nav_2d_msgs/msg/twist2_d.h
[1.303s] -- Up-to-date: /home/bilal/trail_tracer/install/nav_2d_msgs/include/nav_2d_msgs/nav_2d_msgs/msg/twist2_d_stamped.h
[1.303s] -- Up-to-date: /home/bilal/trail_tracer/install/nav_2d_msgs/include/nav_2d_msgs/nav_2d_msgs/msg/pose2_d_stamped.h
[1.303s] -- Up-to-date: /home/bilal/trail_tracer/install/nav_2d_msgs/include/nav_2d_msgs/nav_2d_msgs/msg/pose2_d32.h
[1.303s] -- Up-to-date: /home/bilal/trail_tracer/install/nav_2d_msgs/include/nav_2d_msgs/nav_2d_msgs/msg/path2_d.h
[1.303s] -- Up-to-date: /home/bilal/trail_tracer/install/nav_2d_msgs/include/nav_2d_msgs/nav_2d_msgs/msg/detail
[1.303s] -- Up-to-date: /home/bilal/trail_tracer/install/nav_2d_msgs/include/nav_2d_msgs/nav_2d_msgs/msg/detail/path2_d__struct.h
[1.303s] -- Up-to-date: /home/bilal/trail_tracer/install/nav_2d_msgs/include/nav_2d_msgs/nav_2d_msgs/msg/detail/twist2_d__functions.c
[1.303s] -- Up-to-date: /home/bilal/trail_tracer/install/nav_2d_msgs/include/nav_2d_msgs/nav_2d_msgs/msg/detail/path2_d__type_support.h
[1.304s] -- Up-to-date: /home/bilal/trail_tracer/install/nav_2d_msgs/include/nav_2d_msgs/nav_2d_msgs/msg/detail/pose2_d32__struct.h
[1.304s] -- Up-to-date: /home/bilal/trail_tracer/install/nav_2d_msgs/include/nav_2d_msgs/nav_2d_msgs/msg/detail/pose2_d32__functions.c
[1.304s] -- Up-to-date: /home/bilal/trail_tracer/install/nav_2d_msgs/include/nav_2d_msgs/nav_2d_msgs/msg/detail/pose2_d32__type_support.h
[1.304s] -- Up-to-date: /home/bilal/trail_tracer/install/nav_2d_msgs/include/nav_2d_msgs/nav_2d_msgs/msg/detail/twist2_d__functions.h
[1.304s] -- Up-to-date: /home/bilal/trail_tracer/install/nav_2d_msgs/include/nav_2d_msgs/nav_2d_msgs/msg/detail/path2_d__functions.h
[1.304s] -- Up-to-date: /home/bilal/trail_tracer/install/nav_2d_msgs/include/nav_2d_msgs/nav_2d_msgs/msg/detail/twist2_d32__functions.c
[1.304s] -- Up-to-date: /home/bilal/trail_tracer/install/nav_2d_msgs/include/nav_2d_msgs/nav_2d_msgs/msg/detail/pose2_d32__functions.h
[1.304s] -- Up-to-date: /home/bilal/trail_tracer/install/nav_2d_msgs/include/nav_2d_msgs/nav_2d_msgs/msg/detail/pose2_d_stamped__functions.h
[1.304s] -- Up-to-date: /home/bilal/trail_tracer/install/nav_2d_msgs/include/nav_2d_msgs/nav_2d_msgs/msg/detail/twist2_d_stamped__struct.h
[1.304s] -- Up-to-date: /home/bilal/trail_tracer/install/nav_2d_msgs/include/nav_2d_msgs/nav_2d_msgs/msg/detail/twist2_d_stamped__functions.h
[1.305s] -- Up-to-date: /home/bilal/trail_tracer/install/nav_2d_msgs/include/nav_2d_msgs/nav_2d_msgs/msg/detail/twist2_d_stamped__functions.c
[1.305s] -- Up-to-date: /home/bilal/trail_tracer/install/nav_2d_msgs/include/nav_2d_msgs/nav_2d_msgs/msg/detail/twist2_d__struct.h
[1.305s] -- Up-to-date: /home/bilal/trail_tracer/install/nav_2d_msgs/include/nav_2d_msgs/nav_2d_msgs/msg/detail/twist2_d_stamped__type_support.h
[1.305s] -- Up-to-date: /home/bilal/trail_tracer/install/nav_2d_msgs/include/nav_2d_msgs/nav_2d_msgs/msg/detail/pose2_d_stamped__type_support.h
[1.305s] -- Up-to-date: /home/bilal/trail_tracer/install/nav_2d_msgs/include/nav_2d_msgs/nav_2d_msgs/msg/detail/twist2_d32__type_support.h
[1.305s] -- Up-to-date: /home/bilal/trail_tracer/install/nav_2d_msgs/include/nav_2d_msgs/nav_2d_msgs/msg/detail/twist2_d32__functions.h
[1.305s] -- Up-to-date: /home/bilal/trail_tracer/install/nav_2d_msgs/include/nav_2d_msgs/nav_2d_msgs/msg/detail/path2_d__functions.c
[1.305s] -- Up-to-date: /home/bilal/trail_tracer/install/nav_2d_msgs/include/nav_2d_msgs/nav_2d_msgs/msg/detail/twist2_d32__struct.h
[1.306s] -- Up-to-date: /home/bilal/trail_tracer/install/nav_2d_msgs/include/nav_2d_msgs/nav_2d_msgs/msg/detail/twist2_d__type_support.h
[1.306s] -- Up-to-date: /home/bilal/trail_tracer/install/nav_2d_msgs/include/nav_2d_msgs/nav_2d_msgs/msg/detail/pose2_d_stamped__functions.c
[1.306s] -- Up-to-date: /home/bilal/trail_tracer/install/nav_2d_msgs/include/nav_2d_msgs/nav_2d_msgs/msg/detail/pose2_d_stamped__struct.h
[1.306s] -- Up-to-date: /home/bilal/trail_tracer/install/nav_2d_msgs/share/nav_2d_msgs/environment/library_path.sh
[1.306s] -- Up-to-date: /home/bilal/trail_tracer/install/nav_2d_msgs/share/nav_2d_msgs/environment/library_path.dsv
[1.306s] -- Up-to-date: /home/bilal/trail_tracer/install/nav_2d_msgs/lib/libnav_2d_msgs__rosidl_generator_c.so
[1.306s] -- Up-to-date: /home/bilal/trail_tracer/install/nav_2d_msgs/include/nav_2d_msgs/nav_2d_msgs
[1.306s] -- Up-to-date: /home/bilal/trail_tracer/install/nav_2d_msgs/include/nav_2d_msgs/nav_2d_msgs/msg
[1.306s] -- Up-to-date: /home/bilal/trail_tracer/install/nav_2d_msgs/include/nav_2d_msgs/nav_2d_msgs/msg/rosidl_typesupport_fastrtps_c__visibility_control.h
[1.307s] -- Up-to-date: /home/bilal/trail_tracer/install/nav_2d_msgs/include/nav_2d_msgs/nav_2d_msgs/msg/detail
[1.307s] -- Up-to-date: /home/bilal/trail_tracer/install/nav_2d_msgs/include/nav_2d_msgs/nav_2d_msgs/msg/detail/twist2_d__rosidl_typesupport_fastrtps_c.h
[1.307s] -- Up-to-date: /home/bilal/trail_tracer/install/nav_2d_msgs/include/nav_2d_msgs/nav_2d_msgs/msg/detail/twist2_d32__rosidl_typesupport_fastrtps_c.h
[1.307s] -- Up-to-date: /home/bilal/trail_tracer/install/nav_2d_msgs/include/nav_2d_msgs/nav_2d_msgs/msg/detail/pose2_d_stamped__rosidl_typesupport_fastrtps_c.h
[1.307s] -- Up-to-date: /home/bilal/trail_tracer/install/nav_2d_msgs/include/nav_2d_msgs/nav_2d_msgs/msg/detail/pose2_d32__rosidl_typesupport_fastrtps_c.h
[1.307s] -- Up-to-date: /home/bilal/trail_tracer/install/nav_2d_msgs/include/nav_2d_msgs/nav_2d_msgs/msg/detail/twist2_d_stamped__rosidl_typesupport_fastrtps_c.h
[1.307s] -- Up-to-date: /home/bilal/trail_tracer/install/nav_2d_msgs/include/nav_2d_msgs/nav_2d_msgs/msg/detail/path2_d__rosidl_typesupport_fastrtps_c.h
[1.307s] -- Up-to-date: /home/bilal/trail_tracer/install/nav_2d_msgs/lib/libnav_2d_msgs__rosidl_typesupport_fastrtps_c.so
[1.307s] -- Up-to-date: /home/bilal/trail_tracer/install/nav_2d_msgs/include/nav_2d_msgs/nav_2d_msgs
[1.307s] -- Up-to-date: /home/bilal/trail_tracer/install/nav_2d_msgs/include/nav_2d_msgs/nav_2d_msgs/msg
[1.307s] -- Up-to-date: /home/bilal/trail_tracer/install/nav_2d_msgs/include/nav_2d_msgs/nav_2d_msgs/msg/twist2_d32.hpp
[1.307s] -- Up-to-date: /home/bilal/trail_tracer/install/nav_2d_msgs/include/nav_2d_msgs/nav_2d_msgs/msg/pose2_d_stamped.hpp
[1.308s] -- Up-to-date: /home/bilal/trail_tracer/install/nav_2d_msgs/include/nav_2d_msgs/nav_2d_msgs/msg/pose2_d32.hpp
[1.308s] -- Up-to-date: /home/bilal/trail_tracer/install/nav_2d_msgs/include/nav_2d_msgs/nav_2d_msgs/msg/path2_d.hpp
[1.308s] -- Up-to-date: /home/bilal/trail_tracer/install/nav_2d_msgs/include/nav_2d_msgs/nav_2d_msgs/msg/twist2_d_stamped.hpp
[1.308s] -- Up-to-date: /home/bilal/trail_tracer/install/nav_2d_msgs/include/nav_2d_msgs/nav_2d_msgs/msg/twist2_d.hpp
[1.308s] -- Up-to-date: /home/bilal/trail_tracer/install/nav_2d_msgs/include/nav_2d_msgs/nav_2d_msgs/msg/detail
[1.308s] -- Up-to-date: /home/bilal/trail_tracer/install/nav_2d_msgs/include/nav_2d_msgs/nav_2d_msgs/msg/detail/pose2_d32__builder.hpp
[1.308s] -- Up-to-date: /home/bilal/trail_tracer/install/nav_2d_msgs/include/nav_2d_msgs/nav_2d_msgs/msg/detail/path2_d__builder.hpp
[1.308s] -- Up-to-date: /home/bilal/trail_tracer/install/nav_2d_msgs/include/nav_2d_msgs/nav_2d_msgs/msg/detail/twist2_d32__traits.hpp
[1.308s] -- Up-to-date: /home/bilal/trail_tracer/install/nav_2d_msgs/include/nav_2d_msgs/nav_2d_msgs/msg/detail/twist2_d_stamped__traits.hpp
[1.308s] -- Up-to-date: /home/bilal/trail_tracer/install/nav_2d_msgs/include/nav_2d_msgs/nav_2d_msgs/msg/detail/path2_d__struct.hpp
[1.309s] -- Up-to-date: /home/bilal/trail_tracer/install/nav_2d_msgs/include/nav_2d_msgs/nav_2d_msgs/msg/detail/pose2_d_stamped__builder.hpp
[1.309s] -- Up-to-date: /home/bilal/trail_tracer/install/nav_2d_msgs/include/nav_2d_msgs/nav_2d_msgs/msg/detail/path2_d__traits.hpp
[1.309s] -- Up-to-date: /home/bilal/trail_tracer/install/nav_2d_msgs/include/nav_2d_msgs/nav_2d_msgs/msg/detail/pose2_d_stamped__struct.hpp
[1.309s] -- Up-to-date: /home/bilal/trail_tracer/install/nav_2d_msgs/include/nav_2d_msgs/nav_2d_msgs/msg/detail/twist2_d32__builder.hpp
[1.309s] -- Up-to-date: /home/bilal/trail_tracer/install/nav_2d_msgs/include/nav_2d_msgs/nav_2d_msgs/msg/detail/pose2_d32__struct.hpp
[1.309s] -- Up-to-date: /home/bilal/trail_tracer/install/nav_2d_msgs/include/nav_2d_msgs/nav_2d_msgs/msg/detail/twist2_d__struct.hpp
[1.309s] -- Up-to-date: /home/bilal/trail_tracer/install/nav_2d_msgs/include/nav_2d_msgs/nav_2d_msgs/msg/detail/pose2_d32__traits.hpp
[1.309s] -- Up-to-date: /home/bilal/trail_tracer/install/nav_2d_msgs/include/nav_2d_msgs/nav_2d_msgs/msg/detail/twist2_d32__struct.hpp
[1.309s] -- Up-to-date: /home/bilal/trail_tracer/install/nav_2d_msgs/include/nav_2d_msgs/nav_2d_msgs/msg/detail/twist2_d__traits.hpp
[1.309s] -- Up-to-date: /home/bilal/trail_tracer/install/nav_2d_msgs/include/nav_2d_msgs/nav_2d_msgs/msg/detail/twist2_d__builder.hpp
[1.309s] -- Up-to-date: /home/bilal/trail_tracer/install/nav_2d_msgs/include/nav_2d_msgs/nav_2d_msgs/msg/detail/twist2_d_stamped__struct.hpp
[1.309s] -- Up-to-date: /home/bilal/trail_tracer/install/nav_2d_msgs/include/nav_2d_msgs/nav_2d_msgs/msg/detail/pose2_d_stamped__traits.hpp
[1.310s] -- Up-to-date: /home/bilal/trail_tracer/install/nav_2d_msgs/include/nav_2d_msgs/nav_2d_msgs/msg/detail/twist2_d_stamped__builder.hpp
[1.310s] -- Up-to-date: /home/bilal/trail_tracer/install/nav_2d_msgs/include/nav_2d_msgs/nav_2d_msgs
[1.310s] -- Up-to-date: /home/bilal/trail_tracer/install/nav_2d_msgs/include/nav_2d_msgs/nav_2d_msgs/msg
[1.310s] -- Up-to-date: /home/bilal/trail_tracer/install/nav_2d_msgs/include/nav_2d_msgs/nav_2d_msgs/msg/rosidl_typesupport_fastrtps_cpp__visibility_control.h
[1.310s] -- Up-to-date: /home/bilal/trail_tracer/install/nav_2d_msgs/include/nav_2d_msgs/nav_2d_msgs/msg/detail
[1.310s] -- Up-to-date: /home/bilal/trail_tracer/install/nav_2d_msgs/include/nav_2d_msgs/nav_2d_msgs/msg/detail/twist2_d32__rosidl_typesupport_fastrtps_cpp.hpp
[1.310s] -- Up-to-date: /home/bilal/trail_tracer/install/nav_2d_msgs/include/nav_2d_msgs/nav_2d_msgs/msg/detail/pose2_d_stamped__rosidl_typesupport_fastrtps_cpp.hpp
[1.310s] -- Up-to-date: /home/bilal/trail_tracer/install/nav_2d_msgs/include/nav_2d_msgs/nav_2d_msgs/msg/detail/path2_d__rosidl_typesupport_fastrtps_cpp.hpp
[1.310s] -- Up-to-date: /home/bilal/trail_tracer/install/nav_2d_msgs/include/nav_2d_msgs/nav_2d_msgs/msg/detail/pose2_d32__rosidl_typesupport_fastrtps_cpp.hpp
[1.311s] -- Up-to-date: /home/bilal/trail_tracer/install/nav_2d_msgs/include/nav_2d_msgs/nav_2d_msgs/msg/detail/twist2_d__rosidl_typesupport_fastrtps_cpp.hpp
[1.311s] -- Up-to-date: /home/bilal/trail_tracer/install/nav_2d_msgs/include/nav_2d_msgs/nav_2d_msgs/msg/detail/twist2_d_stamped__rosidl_typesupport_fastrtps_cpp.hpp
[1.311s] -- Up-to-date: /home/bilal/trail_tracer/install/nav_2d_msgs/include/nav_2d_msgs/nav_2d_msgs/msg/detail/dds_fastrtps
[1.311s] -- Up-to-date: /home/bilal/trail_tracer/install/nav_2d_msgs/lib/libnav_2d_msgs__rosidl_typesupport_fastrtps_cpp.so
[1.311s] -- Up-to-date: /home/bilal/trail_tracer/install/nav_2d_msgs/include/nav_2d_msgs/nav_2d_msgs
[1.311s] -- Up-to-date: /home/bilal/trail_tracer/install/nav_2d_msgs/include/nav_2d_msgs/nav_2d_msgs/msg
[1.311s] -- Up-to-date: /home/bilal/trail_tracer/install/nav_2d_msgs/include/nav_2d_msgs/nav_2d_msgs/msg/detail
[1.311s] -- Up-to-date: /home/bilal/trail_tracer/install/nav_2d_msgs/include/nav_2d_msgs/nav_2d_msgs/msg/detail/path2_d__rosidl_typesupport_introspection_c.h
[1.311s] -- Up-to-date: /home/bilal/trail_tracer/install/nav_2d_msgs/include/nav_2d_msgs/nav_2d_msgs/msg/detail/twist2_d32__rosidl_typesupport_introspection_c.h
[1.311s] -- Up-to-date: /home/bilal/trail_tracer/install/nav_2d_msgs/include/nav_2d_msgs/nav_2d_msgs/msg/detail/path2_d__type_support.c
[1.312s] -- Up-to-date: /home/bilal/trail_tracer/install/nav_2d_msgs/include/nav_2d_msgs/nav_2d_msgs/msg/detail/twist2_d_stamped__rosidl_typesupport_introspection_c.h
[1.312s] -- Up-to-date: /home/bilal/trail_tracer/install/nav_2d_msgs/include/nav_2d_msgs/nav_2d_msgs/msg/detail/pose2_d_stamped__type_support.c
[1.312s] -- Up-to-date: /home/bilal/trail_tracer/install/nav_2d_msgs/include/nav_2d_msgs/nav_2d_msgs/msg/detail/pose2_d32__type_support.c
[1.312s] -- Up-to-date: /home/bilal/trail_tracer/install/nav_2d_msgs/include/nav_2d_msgs/nav_2d_msgs/msg/detail/pose2_d_stamped__rosidl_typesupport_introspection_c.h
[1.312s] -- Up-to-date: /home/bilal/trail_tracer/install/nav_2d_msgs/include/nav_2d_msgs/nav_2d_msgs/msg/detail/twist2_d32__type_support.c
[1.312s] -- Up-to-date: /home/bilal/trail_tracer/install/nav_2d_msgs/include/nav_2d_msgs/nav_2d_msgs/msg/detail/twist2_d__type_support.c
[1.312s] -- Up-to-date: /home/bilal/trail_tracer/install/nav_2d_msgs/include/nav_2d_msgs/nav_2d_msgs/msg/detail/pose2_d32__rosidl_typesupport_introspection_c.h
[1.312s] -- Up-to-date: /home/bilal/trail_tracer/install/nav_2d_msgs/include/nav_2d_msgs/nav_2d_msgs/msg/detail/twist2_d_stamped__type_support.c
[1.312s] -- Up-to-date: /home/bilal/trail_tracer/install/nav_2d_msgs/include/nav_2d_msgs/nav_2d_msgs/msg/detail/twist2_d__rosidl_typesupport_introspection_c.h
[1.312s] -- Up-to-date: /home/bilal/trail_tracer/install/nav_2d_msgs/include/nav_2d_msgs/nav_2d_msgs/msg/rosidl_typesupport_introspection_c__visibility_control.h
[1.312s] -- Up-to-date: /home/bilal/trail_tracer/install/nav_2d_msgs/lib/libnav_2d_msgs__rosidl_typesupport_introspection_c.so
[1.312s] -- Up-to-date: /home/bilal/trail_tracer/install/nav_2d_msgs/lib/libnav_2d_msgs__rosidl_typesupport_c.so
[1.312s] -- Up-to-date: /home/bilal/trail_tracer/install/nav_2d_msgs/include/nav_2d_msgs/nav_2d_msgs
[1.313s] -- Up-to-date: /home/bilal/trail_tracer/install/nav_2d_msgs/include/nav_2d_msgs/nav_2d_msgs/msg
[1.313s] -- Up-to-date: /home/bilal/trail_tracer/install/nav_2d_msgs/include/nav_2d_msgs/nav_2d_msgs/msg/detail
[1.313s] -- Up-to-date: /home/bilal/trail_tracer/install/nav_2d_msgs/include/nav_2d_msgs/nav_2d_msgs/msg/detail/twist2_d__rosidl_typesupport_introspection_cpp.hpp
[1.313s] -- Up-to-date: /home/bilal/trail_tracer/install/nav_2d_msgs/include/nav_2d_msgs/nav_2d_msgs/msg/detail/pose2_d_stamped__type_support.cpp
[1.313s] -- Up-to-date: /home/bilal/trail_tracer/install/nav_2d_msgs/include/nav_2d_msgs/nav_2d_msgs/msg/detail/pose2_d32__rosidl_typesupport_introspection_cpp.hpp
[1.313s] -- Up-to-date: /home/bilal/trail_tracer/install/nav_2d_msgs/include/nav_2d_msgs/nav_2d_msgs/msg/detail/twist2_d__type_support.cpp
[1.313s] -- Up-to-date: /home/bilal/trail_tracer/install/nav_2d_msgs/include/nav_2d_msgs/nav_2d_msgs/msg/detail/twist2_d_stamped__rosidl_typesupport_introspection_cpp.hpp
[1.313s] -- Up-to-date: /home/bilal/trail_tracer/install/nav_2d_msgs/include/nav_2d_msgs/nav_2d_msgs/msg/detail/pose2_d32__type_support.cpp
[1.313s] -- Up-to-date: /home/bilal/trail_tracer/install/nav_2d_msgs/include/nav_2d_msgs/nav_2d_msgs/msg/detail/twist2_d32__type_support.cpp
[1.313s] -- Up-to-date: /home/bilal/trail_tracer/install/nav_2d_msgs/include/nav_2d_msgs/nav_2d_msgs/msg/detail/pose2_d_stamped__rosidl_typesupport_introspection_cpp.hpp
[1.313s] -- Up-to-date: /home/bilal/trail_tracer/install/nav_2d_msgs/include/nav_2d_msgs/nav_2d_msgs/msg/detail/twist2_d32__rosidl_typesupport_introspection_cpp.hpp
[1.313s] -- Up-to-date: /home/bilal/trail_tracer/install/nav_2d_msgs/include/nav_2d_msgs/nav_2d_msgs/msg/detail/path2_d__type_support.cpp
[1.313s] -- Up-to-date: /home/bilal/trail_tracer/install/nav_2d_msgs/include/nav_2d_msgs/nav_2d_msgs/msg/detail/twist2_d_stamped__type_support.cpp
[1.314s] -- Up-to-date: /home/bilal/trail_tracer/install/nav_2d_msgs/include/nav_2d_msgs/nav_2d_msgs/msg/detail/path2_d__rosidl_typesupport_introspection_cpp.hpp
[1.314s] -- Up-to-date: /home/bilal/trail_tracer/install/nav_2d_msgs/lib/libnav_2d_msgs__rosidl_typesupport_introspection_cpp.so
[1.314s] -- Up-to-date: /home/bilal/trail_tracer/install/nav_2d_msgs/lib/libnav_2d_msgs__rosidl_typesupport_cpp.so
[1.314s] -- Up-to-date: /home/bilal/trail_tracer/install/nav_2d_msgs/share/nav_2d_msgs/environment/pythonpath.sh
[1.314s] -- Up-to-date: /home/bilal/trail_tracer/install/nav_2d_msgs/share/nav_2d_msgs/environment/pythonpath.dsv
[1.314s] -- Up-to-date: /home/bilal/trail_tracer/install/nav_2d_msgs/local/lib/python3.10/dist-packages/nav_2d_msgs-1.1.13-py3.10.egg-info
[1.314s] -- Installing: /home/bilal/trail_tracer/install/nav_2d_msgs/local/lib/python3.10/dist-packages/nav_2d_msgs-1.1.13-py3.10.egg-info/PKG-INFO
[1.314s] -- Installing: /home/bilal/trail_tracer/install/nav_2d_msgs/local/lib/python3.10/dist-packages/nav_2d_msgs-1.1.13-py3.10.egg-info/top_level.txt
[1.314s] -- Installing: /home/bilal/trail_tracer/install/nav_2d_msgs/local/lib/python3.10/dist-packages/nav_2d_msgs-1.1.13-py3.10.egg-info/dependency_links.txt
[1.314s] -- Installing: /home/bilal/trail_tracer/install/nav_2d_msgs/local/lib/python3.10/dist-packages/nav_2d_msgs-1.1.13-py3.10.egg-info/SOURCES.txt
[1.314s] -- Up-to-date: /home/bilal/trail_tracer/install/nav_2d_msgs/local/lib/python3.10/dist-packages/nav_2d_msgs
[1.314s] -- Up-to-date: /home/bilal/trail_tracer/install/nav_2d_msgs/local/lib/python3.10/dist-packages/nav_2d_msgs/nav_2d_msgs_s__rosidl_typesupport_introspection_c.cpython-310-x86_64-linux-gnu.so
[1.315s] -- Up-to-date: /home/bilal/trail_tracer/install/nav_2d_msgs/local/lib/python3.10/dist-packages/nav_2d_msgs/_nav_2d_msgs_s.ep.rosidl_typesupport_fastrtps_c.c
[1.315s] -- Up-to-date: /home/bilal/trail_tracer/install/nav_2d_msgs/local/lib/python3.10/dist-packages/nav_2d_msgs/libnav_2d_msgs__rosidl_generator_py.so
[1.315s] -- Up-to-date: /home/bilal/trail_tracer/install/nav_2d_msgs/local/lib/python3.10/dist-packages/nav_2d_msgs/nav_2d_msgs_s__rosidl_typesupport_fastrtps_c.cpython-310-x86_64-linux-gnu.so
[1.315s] -- Up-to-date: /home/bilal/trail_tracer/install/nav_2d_msgs/local/lib/python3.10/dist-packages/nav_2d_msgs/__init__.py
[1.315s] -- Up-to-date: /home/bilal/trail_tracer/install/nav_2d_msgs/local/lib/python3.10/dist-packages/nav_2d_msgs/_nav_2d_msgs_s.ep.rosidl_typesupport_introspection_c.c
[1.315s] -- Up-to-date: /home/bilal/trail_tracer/install/nav_2d_msgs/local/lib/python3.10/dist-packages/nav_2d_msgs/msg
[1.315s] -- Up-to-date: /home/bilal/trail_tracer/install/nav_2d_msgs/local/lib/python3.10/dist-packages/nav_2d_msgs/msg/_pose2_d_stamped_s.c
[1.315s] -- Up-to-date: /home/bilal/trail_tracer/install/nav_2d_msgs/local/lib/python3.10/dist-packages/nav_2d_msgs/msg/_path2_d.py
[1.315s] -- Up-to-date: /home/bilal/trail_tracer/install/nav_2d_msgs/local/lib/python3.10/dist-packages/nav_2d_msgs/msg/_path2_d_s.c
[1.315s] -- Up-to-date: /home/bilal/trail_tracer/install/nav_2d_msgs/local/lib/python3.10/dist-packages/nav_2d_msgs/msg/_twist2_d32.py
[1.315s] -- Up-to-date: /home/bilal/trail_tracer/install/nav_2d_msgs/local/lib/python3.10/dist-packages/nav_2d_msgs/msg/_pose2_d32.py
[1.315s] -- Up-to-date: /home/bilal/trail_tracer/install/nav_2d_msgs/local/lib/python3.10/dist-packages/nav_2d_msgs/msg/__init__.py
[1.316s] -- Up-to-date: /home/bilal/trail_tracer/install/nav_2d_msgs/local/lib/python3.10/dist-packages/nav_2d_msgs/msg/_twist2_d.py
[1.316s] -- Up-to-date: /home/bilal/trail_tracer/install/nav_2d_msgs/local/lib/python3.10/dist-packages/nav_2d_msgs/msg/_pose2_d_stamped.py
[1.316s] -- Up-to-date: /home/bilal/trail_tracer/install/nav_2d_msgs/local/lib/python3.10/dist-packages/nav_2d_msgs/msg/_twist2_d32_s.c
[1.316s] -- Up-to-date: /home/bilal/trail_tracer/install/nav_2d_msgs/local/lib/python3.10/dist-packages/nav_2d_msgs/msg/_pose2_d32_s.c
[1.316s] -- Up-to-date: /home/bilal/trail_tracer/install/nav_2d_msgs/local/lib/python3.10/dist-packages/nav_2d_msgs/msg/_twist2_d_s.c
[1.316s] -- Up-to-date: /home/bilal/trail_tracer/install/nav_2d_msgs/local/lib/python3.10/dist-packages/nav_2d_msgs/msg/_twist2_d_stamped_s.c
[1.316s] -- Up-to-date: /home/bilal/trail_tracer/install/nav_2d_msgs/local/lib/python3.10/dist-packages/nav_2d_msgs/msg/_twist2_d_stamped.py
[1.316s] -- Up-to-date: /home/bilal/trail_tracer/install/nav_2d_msgs/local/lib/python3.10/dist-packages/nav_2d_msgs/_nav_2d_msgs_s.ep.rosidl_typesupport_c.c
[1.316s] -- Up-to-date: /home/bilal/trail_tracer/install/nav_2d_msgs/local/lib/python3.10/dist-packages/nav_2d_msgs/nav_2d_msgs_s__rosidl_typesupport_c.cpython-310-x86_64-linux-gnu.so
[1.351s] Listing '/home/bilal/trail_tracer/install/nav_2d_msgs/local/lib/python3.10/dist-packages/nav_2d_msgs'...
[1.351s] Listing '/home/bilal/trail_tracer/install/nav_2d_msgs/local/lib/python3.10/dist-packages/nav_2d_msgs/msg'...
[1.356s] -- Up-to-date: /home/bilal/trail_tracer/install/nav_2d_msgs/local/lib/python3.10/dist-packages/nav_2d_msgs/nav_2d_msgs_s__rosidl_typesupport_fastrtps_c.cpython-310-x86_64-linux-gnu.so
[1.356s] -- Up-to-date: /home/bilal/trail_tracer/install/nav_2d_msgs/local/lib/python3.10/dist-packages/nav_2d_msgs/nav_2d_msgs_s__rosidl_typesupport_introspection_c.cpython-310-x86_64-linux-gnu.so
[1.357s] -- Up-to-date: /home/bilal/trail_tracer/install/nav_2d_msgs/local/lib/python3.10/dist-packages/nav_2d_msgs/nav_2d_msgs_s__rosidl_typesupport_c.cpython-310-x86_64-linux-gnu.so
[1.357s] -- Up-to-date: /home/bilal/trail_tracer/install/nav_2d_msgs/lib/libnav_2d_msgs__rosidl_generator_py.so
[1.357s] -- Up-to-date: /home/bilal/trail_tracer/install/nav_2d_msgs/share/nav_2d_msgs/msg/Path2D.idl
[1.357s] -- Up-to-date: /home/bilal/trail_tracer/install/nav_2d_msgs/share/nav_2d_msgs/msg/Pose2D32.idl
[1.357s] -- Up-to-date: /home/bilal/trail_tracer/install/nav_2d_msgs/share/nav_2d_msgs/msg/Pose2DStamped.idl
[1.357s] -- Up-to-date: /home/bilal/trail_tracer/install/nav_2d_msgs/share/nav_2d_msgs/msg/Twist2D.idl
[1.357s] -- Up-to-date: /home/bilal/trail_tracer/install/nav_2d_msgs/share/nav_2d_msgs/msg/Twist2D32.idl
[1.357s] -- Up-to-date: /home/bilal/trail_tracer/install/nav_2d_msgs/share/nav_2d_msgs/msg/Twist2DStamped.idl
[1.358s] -- Up-to-date: /home/bilal/trail_tracer/install/nav_2d_msgs/share/nav_2d_msgs/msg/Path2D.msg
[1.358s] -- Up-to-date: /home/bilal/trail_tracer/install/nav_2d_msgs/share/nav_2d_msgs/msg/Pose2D32.msg
[1.358s] -- Up-to-date: /home/bilal/trail_tracer/install/nav_2d_msgs/share/nav_2d_msgs/msg/Pose2DStamped.msg
[1.358s] -- Up-to-date: /home/bilal/trail_tracer/install/nav_2d_msgs/share/nav_2d_msgs/msg/Twist2D.msg
[1.358s] -- Up-to-date: /home/bilal/trail_tracer/install/nav_2d_msgs/share/nav_2d_msgs/msg/Twist2D32.msg
[1.358s] -- Up-to-date: /home/bilal/trail_tracer/install/nav_2d_msgs/share/nav_2d_msgs/msg/Twist2DStamped.msg
[1.358s] -- Up-to-date: /home/bilal/trail_tracer/install/nav_2d_msgs/share/ament_index/resource_index/package_run_dependencies/nav_2d_msgs
[1.358s] -- Up-to-date: /home/bilal/trail_tracer/install/nav_2d_msgs/share/ament_index/resource_index/parent_prefix_path/nav_2d_msgs
[1.358s] -- Up-to-date: /home/bilal/trail_tracer/install/nav_2d_msgs/share/nav_2d_msgs/environment/ament_prefix_path.sh
[1.358s] -- Up-to-date: /home/bilal/trail_tracer/install/nav_2d_msgs/share/nav_2d_msgs/environment/ament_prefix_path.dsv
[1.358s] -- Up-to-date: /home/bilal/trail_tracer/install/nav_2d_msgs/share/nav_2d_msgs/environment/path.sh
[1.358s] -- Up-to-date: /home/bilal/trail_tracer/install/nav_2d_msgs/share/nav_2d_msgs/environment/path.dsv
[1.358s] -- Up-to-date: /home/bilal/trail_tracer/install/nav_2d_msgs/share/nav_2d_msgs/local_setup.bash
[1.358s] -- Up-to-date: /home/bilal/trail_tracer/install/nav_2d_msgs/share/nav_2d_msgs/local_setup.sh
[1.358s] -- Up-to-date: /home/bilal/trail_tracer/install/nav_2d_msgs/share/nav_2d_msgs/local_setup.zsh
[1.358s] -- Up-to-date: /home/bilal/trail_tracer/install/nav_2d_msgs/share/nav_2d_msgs/local_setup.dsv
[1.358s] -- Installing: /home/bilal/trail_tracer/install/nav_2d_msgs/share/nav_2d_msgs/package.dsv
[1.359s] -- Up-to-date: /home/bilal/trail_tracer/install/nav_2d_msgs/share/ament_index/resource_index/packages/nav_2d_msgs
[1.359s] -- Up-to-date: /home/bilal/trail_tracer/install/nav_2d_msgs/share/nav_2d_msgs/cmake/export_nav_2d_msgs__rosidl_generator_cExport.cmake
[1.359s] -- Up-to-date: /home/bilal/trail_tracer/install/nav_2d_msgs/share/nav_2d_msgs/cmake/export_nav_2d_msgs__rosidl_generator_cExport-noconfig.cmake
[1.360s] -- Up-to-date: /home/bilal/trail_tracer/install/nav_2d_msgs/share/nav_2d_msgs/cmake/export_nav_2d_msgs__rosidl_typesupport_fastrtps_cExport.cmake
[1.360s] -- Up-to-date: /home/bilal/trail_tracer/install/nav_2d_msgs/share/nav_2d_msgs/cmake/export_nav_2d_msgs__rosidl_typesupport_fastrtps_cExport-noconfig.cmake
[1.360s] -- Up-to-date: /home/bilal/trail_tracer/install/nav_2d_msgs/share/nav_2d_msgs/cmake/export_nav_2d_msgs__rosidl_generator_cppExport.cmake
[1.360s] -- Up-to-date: /home/bilal/trail_tracer/install/nav_2d_msgs/share/nav_2d_msgs/cmake/export_nav_2d_msgs__rosidl_typesupport_fastrtps_cppExport.cmake
[1.360s] -- Up-to-date: /home/bilal/trail_tracer/install/nav_2d_msgs/share/nav_2d_msgs/cmake/export_nav_2d_msgs__rosidl_typesupport_fastrtps_cppExport-noconfig.cmake
[1.360s] -- Up-to-date: /home/bilal/trail_tracer/install/nav_2d_msgs/share/nav_2d_msgs/cmake/nav_2d_msgs__rosidl_typesupport_introspection_cExport.cmake
[1.360s] -- Up-to-date: /home/bilal/trail_tracer/install/nav_2d_msgs/share/nav_2d_msgs/cmake/nav_2d_msgs__rosidl_typesupport_introspection_cExport-noconfig.cmake
[1.361s] -- Up-to-date: /home/bilal/trail_tracer/install/nav_2d_msgs/share/nav_2d_msgs/cmake/nav_2d_msgs__rosidl_typesupport_cExport.cmake
[1.361s] -- Up-to-date: /home/bilal/trail_tracer/install/nav_2d_msgs/share/nav_2d_msgs/cmake/nav_2d_msgs__rosidl_typesupport_cExport-noconfig.cmake
[1.361s] -- Up-to-date: /home/bilal/trail_tracer/install/nav_2d_msgs/share/nav_2d_msgs/cmake/nav_2d_msgs__rosidl_typesupport_introspection_cppExport.cmake
[1.361s] -- Up-to-date: /home/bilal/trail_tracer/install/nav_2d_msgs/share/nav_2d_msgs/cmake/nav_2d_msgs__rosidl_typesupport_introspection_cppExport-noconfig.cmake
[1.361s] -- Up-to-date: /home/bilal/trail_tracer/install/nav_2d_msgs/share/nav_2d_msgs/cmake/nav_2d_msgs__rosidl_typesupport_cppExport.cmake
[1.361s] -- Up-to-date: /home/bilal/trail_tracer/install/nav_2d_msgs/share/nav_2d_msgs/cmake/nav_2d_msgs__rosidl_typesupport_cppExport-noconfig.cmake
[1.361s] -- Up-to-date: /home/bilal/trail_tracer/install/nav_2d_msgs/share/nav_2d_msgs/cmake/export_nav_2d_msgs__rosidl_generator_pyExport.cmake
[1.362s] -- Up-to-date: /home/bilal/trail_tracer/install/nav_2d_msgs/share/nav_2d_msgs/cmake/export_nav_2d_msgs__rosidl_generator_pyExport-noconfig.cmake
[1.362s] -- Up-to-date: /home/bilal/trail_tracer/install/nav_2d_msgs/share/nav_2d_msgs/cmake/rosidl_cmake-extras.cmake
[1.362s] -- Up-to-date: /home/bilal/trail_tracer/install/nav_2d_msgs/share/nav_2d_msgs/cmake/ament_cmake_export_dependencies-extras.cmake
[1.362s] -- Up-to-date: /home/bilal/trail_tracer/install/nav_2d_msgs/share/nav_2d_msgs/cmake/ament_cmake_export_include_directories-extras.cmake
[1.362s] -- Up-to-date: /home/bilal/trail_tracer/install/nav_2d_msgs/share/nav_2d_msgs/cmake/ament_cmake_export_libraries-extras.cmake
[1.362s] -- Up-to-date: /home/bilal/trail_tracer/install/nav_2d_msgs/share/nav_2d_msgs/cmake/ament_cmake_export_targets-extras.cmake
[1.362s] -- Up-to-date: /home/bilal/trail_tracer/install/nav_2d_msgs/share/nav_2d_msgs/cmake/rosidl_cmake_export_typesupport_targets-extras.cmake
[1.362s] -- Up-to-date: /home/bilal/trail_tracer/install/nav_2d_msgs/share/nav_2d_msgs/cmake/rosidl_cmake_export_typesupport_libraries-extras.cmake
[1.362s] -- Up-to-date: /home/bilal/trail_tracer/install/nav_2d_msgs/share/nav_2d_msgs/cmake/nav_2d_msgsConfig.cmake
[1.362s] -- Up-to-date: /home/bilal/trail_tracer/install/nav_2d_msgs/share/nav_2d_msgs/cmake/nav_2d_msgsConfig-version.cmake
[1.362s] -- Up-to-date: /home/bilal/trail_tracer/install/nav_2d_msgs/share/nav_2d_msgs/package.xml
[1.365s] Invoked command in '/home/bilal/trail_tracer/build/nav_2d_msgs' returned '0': CMAKE_PREFIX_PATH=${CMAKE_PREFIX_PATH}:/home/bilal/trail_tracer/install/web_gui:/home/bilal/trail_tracer/install/nav2_simple_commander:/home/bilal/learn_ros2_ws/install/web_gui:/home/bilal/learn_ros2_ws/install/nav2_simple_commander:/home/bilal/ros2_ws/install/web_gui:/home/bilal/ros2_ws/install/opencv_tools:/home/bilal/ros2_ws/install/biy1_ros360_py:/opt/ros/humble /usr/bin/cmake --install /home/bilal/trail_tracer/build/nav_2d_msgs
