[0.062s] Invoking command in '/home/bilal/trail_tracer/build/argo_nav': CMAKE_PREFIX_PATH=${CMAKE_PREFIX_PATH}:/home/bilal/trail_tracer/install/web_gui:/home/bilal/trail_tracer/install/nav2_simple_commander:/home/bilal/learn_ros2_ws/install/web_gui:/home/bilal/learn_ros2_ws/install/nav2_simple_commander:/home/bilal/ros2_ws/install/web_gui:/home/bilal/ros2_ws/install/opencv_tools:/home/bilal/ros2_ws/install/biy1_ros360_py:/opt/ros/humble /usr/bin/cmake /home/bilal/trail_tracer/src/argo_nav -DCMAKE_INSTALL_PREFIX=/home/bilal/trail_tracer/install/argo_nav
[0.249s] -- The C compiler identification is GNU 11.4.0
[0.370s] -- The CXX compiler identification is GNU 11.4.0
[0.381s] -- Detecting C compiler ABI info
[0.506s] -- Detecting C compiler ABI info - done
[0.516s] -- Check for working C compiler: /usr/bin/cc - skipped
[0.517s] -- Detecting C compile features
[0.517s] -- Detecting C compile features - done
[0.521s] -- Detecting CXX compiler ABI info
[0.667s] -- Detecting CXX compiler ABI info - done
[0.677s] -- Check for working CXX compiler: /usr/bin/c++ - skipped
[0.677s] -- Detecting CXX compile features
[0.677s] -- Detecting CXX compile features - done
[0.697s] -- Found ament_cmake: 1.3.8 (/opt/ros/humble/share/ament_cmake/cmake)
[0.898s] -- Found Python3: /usr/bin/python3 (found version "3.10.12") found components: Interpreter 
[1.206s] -- Found ament_lint_auto: 0.12.10 (/opt/ros/humble/share/ament_lint_auto/cmake)
[1.396s] -- Added test 'copyright' to check source files copyright and LICENSE
[1.403s] -- Added test 'flake8' to check Python code syntax and style conventions
[1.406s] -- Added test 'lint_cmake' to check CMake code style
[1.408s] -- Added test 'pep257' to check Python code against some of the docstring style conventions in PEP 257
[1.413s] -- Added test 'xmllint' to check XML markup files
[1.417s] -- Configuring done
[1.419s] -- Generating done
[1.420s] -- Build files have been written to: /home/bilal/trail_tracer/build/argo_nav
[1.424s] Invoked command in '/home/bilal/trail_tracer/build/argo_nav' returned '0': CMAKE_PREFIX_PATH=${CMAKE_PREFIX_PATH}:/home/bilal/trail_tracer/install/web_gui:/home/bilal/trail_tracer/install/nav2_simple_commander:/home/bilal/learn_ros2_ws/install/web_gui:/home/bilal/learn_ros2_ws/install/nav2_simple_commander:/home/bilal/ros2_ws/install/web_gui:/home/bilal/ros2_ws/install/opencv_tools:/home/bilal/ros2_ws/install/biy1_ros360_py:/opt/ros/humble /usr/bin/cmake /home/bilal/trail_tracer/src/argo_nav -DCMAKE_INSTALL_PREFIX=/home/bilal/trail_tracer/install/argo_nav
[1.425s] Invoking command in '/home/bilal/trail_tracer/build/argo_nav': CMAKE_PREFIX_PATH=${CMAKE_PREFIX_PATH}:/home/bilal/trail_tracer/install/web_gui:/home/bilal/trail_tracer/install/nav2_simple_commander:/home/bilal/learn_ros2_ws/install/web_gui:/home/bilal/learn_ros2_ws/install/nav2_simple_commander:/home/bilal/ros2_ws/install/web_gui:/home/bilal/ros2_ws/install/opencv_tools:/home/bilal/ros2_ws/install/biy1_ros360_py:/opt/ros/humble /usr/bin/cmake --build /home/bilal/trail_tracer/build/argo_nav -- -j12 -l12
[1.495s] Invoked command in '/home/bilal/trail_tracer/build/argo_nav' returned '0': CMAKE_PREFIX_PATH=${CMAKE_PREFIX_PATH}:/home/bilal/trail_tracer/install/web_gui:/home/bilal/trail_tracer/install/nav2_simple_commander:/home/bilal/learn_ros2_ws/install/web_gui:/home/bilal/learn_ros2_ws/install/nav2_simple_commander:/home/bilal/ros2_ws/install/web_gui:/home/bilal/ros2_ws/install/opencv_tools:/home/bilal/ros2_ws/install/biy1_ros360_py:/opt/ros/humble /usr/bin/cmake --build /home/bilal/trail_tracer/build/argo_nav -- -j12 -l12
[1.549s] Invoking command in '/home/bilal/trail_tracer/build/argo_nav': CMAKE_PREFIX_PATH=${CMAKE_PREFIX_PATH}:/home/bilal/trail_tracer/install/web_gui:/home/bilal/trail_tracer/install/nav2_simple_commander:/home/bilal/learn_ros2_ws/install/web_gui:/home/bilal/learn_ros2_ws/install/nav2_simple_commander:/home/bilal/ros2_ws/install/web_gui:/home/bilal/ros2_ws/install/opencv_tools:/home/bilal/ros2_ws/install/biy1_ros360_py:/opt/ros/humble /usr/bin/cmake --install /home/bilal/trail_tracer/build/argo_nav
[1.564s] -- Install configuration: ""
[1.564s] -- Installing: /home/bilal/trail_tracer/install/argo_nav/share/argo_nav/launch
[1.564s] -- Installing: /home/bilal/trail_tracer/install/argo_nav/share/argo_nav/launch/nav.launch.py
[1.564s] -- Installing: /home/bilal/trail_tracer/install/argo_nav/share/argo_nav/config
[1.564s] -- Installing: /home/bilal/trail_tracer/install/argo_nav/share/argo_nav/config/nav2_no_map_params.yaml
[1.565s] -- Installing: /home/bilal/trail_tracer/install/argo_nav/share/ament_index/resource_index/package_run_dependencies/argo_nav
[1.565s] -- Installing: /home/bilal/trail_tracer/install/argo_nav/share/ament_index/resource_index/parent_prefix_path/argo_nav
[1.565s] -- Installing: /home/bilal/trail_tracer/install/argo_nav/share/argo_nav/environment/ament_prefix_path.sh
[1.565s] -- Installing: /home/bilal/trail_tracer/install/argo_nav/share/argo_nav/environment/ament_prefix_path.dsv
[1.565s] -- Installing: /home/bilal/trail_tracer/install/argo_nav/share/argo_nav/environment/path.sh
[1.565s] -- Installing: /home/bilal/trail_tracer/install/argo_nav/share/argo_nav/environment/path.dsv
[1.565s] -- Installing: /home/bilal/trail_tracer/install/argo_nav/share/argo_nav/local_setup.bash
[1.566s] -- Installing: /home/bilal/trail_tracer/install/argo_nav/share/argo_nav/local_setup.sh
[1.566s] -- Installing: /home/bilal/trail_tracer/install/argo_nav/share/argo_nav/local_setup.zsh
[1.566s] -- Installing: /home/bilal/trail_tracer/install/argo_nav/share/argo_nav/local_setup.dsv
[1.566s] -- Installing: /home/bilal/trail_tracer/install/argo_nav/share/argo_nav/package.dsv
[1.566s] -- Installing: /home/bilal/trail_tracer/install/argo_nav/share/ament_index/resource_index/packages/argo_nav
[1.566s] -- Installing: /home/bilal/trail_tracer/install/argo_nav/share/argo_nav/cmake/argo_navConfig.cmake
[1.566s] -- Installing: /home/bilal/trail_tracer/install/argo_nav/share/argo_nav/cmake/argo_navConfig-version.cmake
[1.566s] -- Installing: /home/bilal/trail_tracer/install/argo_nav/share/argo_nav/package.xml
[1.568s] Invoked command in '/home/bilal/trail_tracer/build/argo_nav' returned '0': CMAKE_PREFIX_PATH=${CMAKE_PREFIX_PATH}:/home/bilal/trail_tracer/install/web_gui:/home/bilal/trail_tracer/install/nav2_simple_commander:/home/bilal/learn_ros2_ws/install/web_gui:/home/bilal/learn_ros2_ws/install/nav2_simple_commander:/home/bilal/ros2_ws/install/web_gui:/home/bilal/ros2_ws/install/opencv_tools:/home/bilal/ros2_ws/install/biy1_ros360_py:/opt/ros/humble /usr/bin/cmake --install /home/bilal/trail_tracer/build/argo_nav
