-- Found ament_cmake: 1.3.8 (/opt/ros/humble/share/ament_cmake/cmake)
-- Found rclcpp: 16.0.8 (/opt/ros/humble/share/rclcpp/cmake)
-- Found rosidl_generator_c: 3.1.5 (/opt/ros/humble/share/rosidl_generator_c/cmake)
-- Found rosidl_adapter: 3.1.5 (/opt/ros/humble/share/rosidl_adapter/cmake)
-- Found rosidl_generator_cpp: 3.1.5 (/opt/ros/humble/share/rosidl_generator_cpp/cmake)
-- Using all available rosidl_typesupport_c: rosidl_typesupport_fastrtps_c;rosidl_typesupport_introspection_c
-- Using all available rosidl_typesupport_cpp: rosidl_typesupport_fastrtps_cpp;rosidl_typesupport_introspection_cpp
-- Found rmw_implementation_cmake: 6.1.1 (/opt/ros/humble/share/rmw_implementation_cmake/cmake)
-- Found rmw_fastrtps_cpp: 6.2.6 (/opt/ros/humble/share/rmw_fastrtps_cpp/cmake)
-- Using RMW implementation 'rmw_fastrtps_cpp' as default
-- Found geometry_msgs: 4.2.3 (/opt/ros/humble/share/geometry_msgs/cmake)
-- Found sensor_msgs: 4.2.3 (/opt/ros/humble/share/sensor_msgs/cmake)
-- Found tf2_geometry_msgs: 0.25.6 (/opt/ros/humble/share/tf2_geometry_msgs/cmake)
-- Found eigen3_cmake_module: 0.1.1 (/opt/ros/humble/share/eigen3_cmake_module/cmake)
-- Ensuring Eigen3 include directory is part of orocos-kdl CMake target
-- Found nav2_msgs: 1.1.13 (/home/bilal/learn_ros2_ws/install/nav2_msgs/share/nav2_msgs/cmake)
-- Found ament_lint_auto: 0.12.10 (/opt/ros/humble/share/ament_lint_auto/cmake)
-- Added test 'cppcheck' to perform static code analysis on C / C++ code
-- Configured cppcheck include dirs: $<BUILD_INTERFACE:/home/bilal/trail_tracer/src/trail_tracer/include>
-- Configured cppcheck exclude dirs and/or files: 
-- Added test 'lint_cmake' to check CMake code style
-- Added test 'uncrustify' to check C / C++ code style
-- Configured uncrustify additional arguments: 
-- Added test 'xmllint' to check XML markup files
-- Configuring done
-- Generating done
-- Build files have been written to: /home/bilal/trail_tracer/build/trail_tracer
[35m[1mConsolidate compiler generated dependencies of target code_test[0m
[35m[1mConsolidate compiler generated dependencies of target waypoint_navigator[0m
[35m[1mConsolidate compiler generated dependencies of target sparse[0m
[35m[1mConsolidate compiler generated dependencies of target follower[0m
[35m[1mConsolidate compiler generated dependencies of target polishedCode[0m
[35m[1mConsolidate compiler generated dependencies of target trail_tracer[0m
[35m[1mConsolidate compiler generated dependencies of target nav2[0m
[ 14%] Built target nav2
[ 50%] Built target waypoint_navigator
[ 57%] Built target sparse
[ 57%] Built target code_test
[ 71%] Built target polishedCode
[ 85%] Built target follower
[100%] Built target trail_tracer
-- Install configuration: ""
-- Up-to-date: /home/bilal/trail_tracer/install/trail_tracer/lib/trail_tracer/trail_tracer
-- Up-to-date: /home/bilal/trail_tracer/install/trail_tracer/lib/trail_tracer/nav2
-- Up-to-date: /home/bilal/trail_tracer/install/trail_tracer/lib/trail_tracer/trail_tracer
-- Up-to-date: /home/bilal/trail_tracer/install/trail_tracer/lib/trail_tracer/waypoint_navigator
-- Up-to-date: /home/bilal/trail_tracer/install/trail_tracer/lib/trail_tracer/follower
-- Up-to-date: /home/bilal/trail_tracer/install/trail_tracer/lib/trail_tracer/code_test
-- Up-to-date: /home/bilal/trail_tracer/install/trail_tracer/lib/trail_tracer/polishedCode
-- Up-to-date: /home/bilal/trail_tracer/install/trail_tracer/lib/trail_tracer/sparse
-- Up-to-date: /home/bilal/trail_tracer/install/trail_tracer/share/ament_index/resource_index/package_run_dependencies/trail_tracer
-- Installing: /home/bilal/trail_tracer/install/trail_tracer/share/ament_index/resource_index/parent_prefix_path/trail_tracer
-- Up-to-date: /home/bilal/trail_tracer/install/trail_tracer/share/trail_tracer/environment/ament_prefix_path.sh
-- Installing: /home/bilal/trail_tracer/install/trail_tracer/share/trail_tracer/environment/ament_prefix_path.dsv
-- Up-to-date: /home/bilal/trail_tracer/install/trail_tracer/share/trail_tracer/environment/path.sh
-- Installing: /home/bilal/trail_tracer/install/trail_tracer/share/trail_tracer/environment/path.dsv
-- Up-to-date: /home/bilal/trail_tracer/install/trail_tracer/share/trail_tracer/local_setup.bash
-- Up-to-date: /home/bilal/trail_tracer/install/trail_tracer/share/trail_tracer/local_setup.sh
-- Up-to-date: /home/bilal/trail_tracer/install/trail_tracer/share/trail_tracer/local_setup.zsh
-- Installing: /home/bilal/trail_tracer/install/trail_tracer/share/trail_tracer/local_setup.dsv
-- Installing: /home/bilal/trail_tracer/install/trail_tracer/share/trail_tracer/package.dsv
-- Up-to-date: /home/bilal/trail_tracer/install/trail_tracer/share/ament_index/resource_index/packages/trail_tracer
-- Up-to-date: /home/bilal/trail_tracer/install/trail_tracer/share/trail_tracer/cmake/trail_tracerConfig.cmake
-- Up-to-date: /home/bilal/trail_tracer/install/trail_tracer/share/trail_tracer/cmake/trail_tracerConfig-version.cmake
-- Up-to-date: /home/bilal/trail_tracer/install/trail_tracer/share/trail_tracer/package.xml
