[0.030s] Invoking command in '/home/bilal/trail_tracer/build/trail_tracer': CMAKE_PREFIX_PATH=${CMAKE_PREFIX_PATH}:/home/bilal/trail_tracer/install/web_gui:/home/bilal/learn_ros2_ws/install/web_gui:/home/bilal/learn_ros2_ws/install/nav2_simple_commander:/home/bilal/ros2_ws/install/web_gui:/home/bilal/ros2_ws/install/opencv_tools:/home/bilal/ros2_ws/install/biy1_ros360_py:/opt/ros/humble /usr/bin/cmake --build /home/bilal/trail_tracer/build/trail_tracer -- -j12 -l12
[0.087s] -- Found ament_cmake: 1.3.8 (/opt/ros/humble/share/ament_cmake/cmake)
[0.210s] -- Found rclcpp: 16.0.8 (/opt/ros/humble/share/rclcpp/cmake)
[0.251s] -- Found rosidl_generator_c: 3.1.5 (/opt/ros/humble/share/rosidl_generator_c/cmake)
[0.254s] -- Found rosidl_adapter: 3.1.5 (/opt/ros/humble/share/rosidl_adapter/cmake)
[0.260s] -- Found rosidl_generator_cpp: 3.1.5 (/opt/ros/humble/share/rosidl_generator_cpp/cmake)
[0.271s] -- Using all available rosidl_typesupport_c: rosidl_typesupport_fastrtps_c;rosidl_typesupport_introspection_c
[0.286s] -- Using all available rosidl_typesupport_cpp: rosidl_typesupport_fastrtps_cpp;rosidl_typesupport_introspection_cpp
[0.338s] -- Found rmw_implementation_cmake: 6.1.1 (/opt/ros/humble/share/rmw_implementation_cmake/cmake)
[0.343s] -- Found rmw_fastrtps_cpp: 6.2.6 (/opt/ros/humble/share/rmw_fastrtps_cpp/cmake)
[0.535s] -- Using RMW implementation 'rmw_fastrtps_cpp' as default
[0.650s] -- Found geometry_msgs: 4.2.3 (/opt/ros/humble/share/geometry_msgs/cmake)
[0.684s] -- Found sensor_msgs: 4.2.3 (/opt/ros/humble/share/sensor_msgs/cmake)
[0.741s] -- Found tf2_geometry_msgs: 0.25.6 (/opt/ros/humble/share/tf2_geometry_msgs/cmake)
[0.745s] -- Found eigen3_cmake_module: 0.1.1 (/opt/ros/humble/share/eigen3_cmake_module/cmake)
[0.746s] -- Ensuring Eigen3 include directory is part of orocos-kdl CMake target
[0.990s] -- Found nav2_msgs: 1.1.13 (/home/bilal/learn_ros2_ws/install/nav2_msgs/share/nav2_msgs/cmake)
[1.238s] -- Found ament_lint_auto: 0.12.10 (/opt/ros/humble/share/ament_lint_auto/cmake)
[1.297s] -- Added test 'cppcheck' to perform static code analysis on C / C++ code
[1.297s] -- Configured cppcheck include dirs: $<BUILD_INTERFACE:/home/bilal/trail_tracer/src/trail_tracer/include>
[1.297s] -- Configured cppcheck exclude dirs and/or files: 
[1.298s] -- Added test 'lint_cmake' to check CMake code style
[1.299s] -- Added test 'uncrustify' to check C / C++ code style
[1.299s] -- Configured uncrustify additional arguments: 
[1.299s] -- Added test 'xmllint' to check XML markup files
[1.300s] -- Configuring done
[1.334s] -- Generating done
[1.336s] -- Build files have been written to: /home/bilal/trail_tracer/build/trail_tracer
[1.373s] [35m[1mConsolidate compiler generated dependencies of target code_test[0m
[1.373s] [35m[1mConsolidate compiler generated dependencies of target waypoint_navigator[0m
[1.373s] [35m[1mConsolidate compiler generated dependencies of target sparse[0m
[1.373s] [35m[1mConsolidate compiler generated dependencies of target follower[0m
[1.373s] [35m[1mConsolidate compiler generated dependencies of target polishedCode[0m
[1.374s] [35m[1mConsolidate compiler generated dependencies of target trail_tracer[0m
[1.375s] [35m[1mConsolidate compiler generated dependencies of target nav2[0m
[1.398s] [ 14%] Built target nav2
[1.398s] [ 50%] Built target waypoint_navigator
[1.398s] [ 57%] Built target sparse
[1.398s] [ 57%] Built target code_test
[1.398s] [ 71%] Built target polishedCode
[1.401s] [ 85%] Built target follower
[1.401s] [100%] Built target trail_tracer
[1.414s] Invoked command in '/home/bilal/trail_tracer/build/trail_tracer' returned '0': CMAKE_PREFIX_PATH=${CMAKE_PREFIX_PATH}:/home/bilal/trail_tracer/install/web_gui:/home/bilal/learn_ros2_ws/install/web_gui:/home/bilal/learn_ros2_ws/install/nav2_simple_commander:/home/bilal/ros2_ws/install/web_gui:/home/bilal/ros2_ws/install/opencv_tools:/home/bilal/ros2_ws/install/biy1_ros360_py:/opt/ros/humble /usr/bin/cmake --build /home/bilal/trail_tracer/build/trail_tracer -- -j12 -l12
[1.496s] Invoking command in '/home/bilal/trail_tracer/build/trail_tracer': CMAKE_PREFIX_PATH=${CMAKE_PREFIX_PATH}:/home/bilal/trail_tracer/install/web_gui:/home/bilal/learn_ros2_ws/install/web_gui:/home/bilal/learn_ros2_ws/install/nav2_simple_commander:/home/bilal/ros2_ws/install/web_gui:/home/bilal/ros2_ws/install/opencv_tools:/home/bilal/ros2_ws/install/biy1_ros360_py:/opt/ros/humble /usr/bin/cmake --install /home/bilal/trail_tracer/build/trail_tracer
[1.507s] -- Install configuration: ""
[1.512s] -- Up-to-date: /home/bilal/trail_tracer/install/trail_tracer/lib/trail_tracer/trail_tracer
[1.512s] -- Up-to-date: /home/bilal/trail_tracer/install/trail_tracer/lib/trail_tracer/nav2
[1.512s] -- Up-to-date: /home/bilal/trail_tracer/install/trail_tracer/lib/trail_tracer/trail_tracer
[1.513s] -- Up-to-date: /home/bilal/trail_tracer/install/trail_tracer/lib/trail_tracer/waypoint_navigator
[1.513s] -- Up-to-date: /home/bilal/trail_tracer/install/trail_tracer/lib/trail_tracer/follower
[1.514s] -- Up-to-date: /home/bilal/trail_tracer/install/trail_tracer/lib/trail_tracer/code_test
[1.515s] -- Up-to-date: /home/bilal/trail_tracer/install/trail_tracer/lib/trail_tracer/polishedCode
[1.515s] -- Up-to-date: /home/bilal/trail_tracer/install/trail_tracer/lib/trail_tracer/sparse
[1.515s] -- Up-to-date: /home/bilal/trail_tracer/install/trail_tracer/share/ament_index/resource_index/package_run_dependencies/trail_tracer
[1.515s] -- Installing: /home/bilal/trail_tracer/install/trail_tracer/share/ament_index/resource_index/parent_prefix_path/trail_tracer
[1.515s] -- Up-to-date: /home/bilal/trail_tracer/install/trail_tracer/share/trail_tracer/environment/ament_prefix_path.sh
[1.516s] -- Installing: /home/bilal/trail_tracer/install/trail_tracer/share/trail_tracer/environment/ament_prefix_path.dsv
[1.516s] -- Up-to-date: /home/bilal/trail_tracer/install/trail_tracer/share/trail_tracer/environment/path.sh
[1.516s] -- Installing: /home/bilal/trail_tracer/install/trail_tracer/share/trail_tracer/environment/path.dsv
[1.516s] -- Up-to-date: /home/bilal/trail_tracer/install/trail_tracer/share/trail_tracer/local_setup.bash
[1.516s] -- Up-to-date: /home/bilal/trail_tracer/install/trail_tracer/share/trail_tracer/local_setup.sh
[1.516s] -- Up-to-date: /home/bilal/trail_tracer/install/trail_tracer/share/trail_tracer/local_setup.zsh
[1.516s] -- Installing: /home/bilal/trail_tracer/install/trail_tracer/share/trail_tracer/local_setup.dsv
[1.516s] -- Installing: /home/bilal/trail_tracer/install/trail_tracer/share/trail_tracer/package.dsv
[1.516s] -- Up-to-date: /home/bilal/trail_tracer/install/trail_tracer/share/ament_index/resource_index/packages/trail_tracer
[1.516s] -- Up-to-date: /home/bilal/trail_tracer/install/trail_tracer/share/trail_tracer/cmake/trail_tracerConfig.cmake
[1.517s] -- Up-to-date: /home/bilal/trail_tracer/install/trail_tracer/share/trail_tracer/cmake/trail_tracerConfig-version.cmake
[1.517s] -- Up-to-date: /home/bilal/trail_tracer/install/trail_tracer/share/trail_tracer/package.xml
[1.519s] Invoked command in '/home/bilal/trail_tracer/build/trail_tracer' returned '0': CMAKE_PREFIX_PATH=${CMAKE_PREFIX_PATH}:/home/bilal/trail_tracer/install/web_gui:/home/bilal/learn_ros2_ws/install/web_gui:/home/bilal/learn_ros2_ws/install/nav2_simple_commander:/home/bilal/ros2_ws/install/web_gui:/home/bilal/ros2_ws/install/opencv_tools:/home/bilal/ros2_ws/install/biy1_ros360_py:/opt/ros/humble /usr/bin/cmake --install /home/bilal/trail_tracer/build/trail_tracer
