[0.000000] (-) TimerEvent: {}
[0.000215] (-) JobUnselected: {'identifier': 'argo_nav'}
[0.000373] (-) JobUnselected: {'identifier': 'argo_sim'}
[0.000461] (-) JobUnselected: {'identifier': 'gazebo_ros_ackermann_drive_4wd'}
[0.000548] (-) JobUnselected: {'identifier': 'gazebo_ros_skid_steer_drive_6w'}
[0.000582] (-) JobUnselected: {'identifier': 'gps_to_utm_converter_cpp'}
[0.000625] (-) JobUnselected: {'identifier': 'traethlin_description'}
[0.000665] (-) JobUnselected: {'identifier': 'web_gui'}
[0.000693] (biy1_ros360_cpp) JobQueued: {'identifier': 'biy1_ros360_cpp', 'dependencies': OrderedDict()}
[0.000731] (biy1_ros360_cpp) JobStarted: {'identifier': 'biy1_ros360_cpp'}
[0.014639] (biy1_ros360_cpp) JobProgress: {'identifier': 'biy1_ros360_cpp', 'progress': 'cmake'}
[0.015023] (biy1_ros360_cpp) JobProgress: {'identifier': 'biy1_ros360_cpp', 'progress': 'build'}
[0.015537] (biy1_ros360_cpp) Command: {'cmd': ['/usr/bin/cmake', '--build', '/home/bilal/trail_tracer/build/biy1_ros360_cpp', '--', '-j12', '-l12'], 'cwd': '/home/bilal/trail_tracer/build/biy1_ros360_cpp', 'env': OrderedDict([('LANGUAGE', 'en_GB:en'), ('USER', 'bilal'), ('XDG_SESSION_TYPE', 'x11'), ('SHLVL', '1'), ('LD_LIBRARY_PATH', '/home/bilal/trail_tracer/install/gazebo_ros_skid_steer_drive_6w/lib:/home/bilal/trail_tracer/install/gazebo_ros_ackermann_drive_4wd/lib:/home/bilal/learn_ros2_ws/install/nav2_smoother/lib:/home/bilal/learn_ros2_ws/install/nav2_graceful_controller/lib:/home/bilal/learn_ros2_ws/install/nav2_controller/lib:/home/bilal/learn_ros2_ws/install/dwb_plugins/lib:/home/bilal/learn_ros2_ws/install/dwb_critics/lib:/home/bilal/learn_ros2_ws/install/dwb_core/lib:/home/bilal/learn_ros2_ws/install/nav_2d_utils/lib:/home/bilal/learn_ros2_ws/install/dwb_msgs/lib:/home/bilal/learn_ros2_ws/install/nav_2d_msgs/lib:/home/bilal/learn_ros2_ws/install/nav2_waypoint_follower/lib:/home/bilal/learn_ros2_ws/install/nav2_theta_star_planner/lib:/home/bilal/learn_ros2_ws/install/nav2_smac_planner/lib:/home/bilal/learn_ros2_ws/install/nav2_rotation_shim_controller/lib:/home/bilal/learn_ros2_ws/install/nav2_regulated_pure_pursuit_controller/lib:/home/bilal/learn_ros2_ws/install/nav2_planner/lib:/home/bilal/learn_ros2_ws/install/nav2_navfn_planner/lib:/home/bilal/learn_ros2_ws/install/nav2_mppi_controller/lib:/home/bilal/learn_ros2_ws/install/nav2_constrained_smoother/lib:/home/bilal/learn_ros2_ws/install/nav2_bt_navigator/lib:/home/bilal/learn_ros2_ws/install/nav2_behaviors/lib:/home/bilal/learn_ros2_ws/install/nav2_collision_monitor/lib:/home/bilal/learn_ros2_ws/install/costmap_queue/lib:/home/bilal/learn_ros2_ws/install/nav2_costmap_2d/lib:/home/bilal/learn_ros2_ws/install/nav2_voxel_grid/lib:/home/bilal/learn_ros2_ws/install/nav2_velocity_smoother/lib:/home/bilal/learn_ros2_ws/install/nav2_rviz_plugins/lib:/home/bilal/learn_ros2_ws/install/nav2_map_server/lib:/home/bilal/learn_ros2_ws/install/nav2_lifecycle_manager/lib:/home/bilal/learn_ros2_ws/install/nav2_behavior_tree/lib:/home/bilal/learn_ros2_ws/install/nav2_amcl/lib:/home/bilal/learn_ros2_ws/install/nav2_util/lib:/home/bilal/learn_ros2_ws/install/nav2_msgs/lib:/home/bilal/learn_ros2_ws/install/gazebo_ros_skid_steer_drive_6w/lib:/home/bilal/learn_ros2_ws/install/gazebo_ros_ackermann_drive_4wd/lib:/home/bilal/ros2_ws/install/velodyne_simulation/lib:/home/bilal/ros2_ws/install/velodyne_control_msgs/lib:/usr/lib/x86_64-linux-gnu/gazebo-11/plugins:/opt/ros/humble/opt/rviz_ogre_vendor/lib:/opt/ros/humble/lib/x86_64-linux-gnu:/opt/ros/humble/lib:/usr/share/gazebo/../../lib/x86_64-linux-gnu/gazebo-11/plugins::/usr/share/gazebo/../../lib/x86_64-linux-gnu/gazebo-11/plugins:/usr/share/gazebo/../../lib/x86_64-linux-gnu/gazebo-11/plugins:'), ('HOME', '/home/bilal'), ('DESKTOP_SESSION', 'ubuntu'), ('GAZEBO_MASTER_URI', 'http://localhost:11345'), ('ROS_PYTHON_VERSION', '3'), ('GNOME_SHELL_SESSION_MODE', 'ubuntu'), ('GTK_MODULES', 'gail:atk-bridge'), ('SYSTEMD_EXEC_PID', '18819'), ('DBUS_SESSION_BUS_ADDRESS', 'unix:path=/run/user/1000/bus'), ('COLORTERM', 'truecolor'), ('_colcon_cd_root', '/opt/ros/humble/'), ('COLCON_PREFIX_PATH', '/home/bilal/trail_tracer/install:/home/bilal/learn_ros2_ws/install:/home/bilal/mp/mp_ws/install:/home/bilal/ros2_ws/install'), ('ROS_DISTRO', 'humble'), ('GTK_IM_MODULE', 'ibus'), ('LOGNAME', 'bilal'), ('_', '/usr/bin/colcon'), ('ROS_VERSION', '2'), ('XDG_SESSION_CLASS', 'user'), ('USERNAME', 'bilal'), ('TERM', 'xterm-256color'), ('GAZEBO_MODEL_PATH', '/home/bilal/trail_tracer/install/argo_sim/share/argo_sim/models:/home/bilal/learn_ros2_ws/install/argo_sim/share/argo_sim/models:/usr/share/gazebo/../../share/gazebo-11/models:/home/bilal/trail_tracer/install/argo_sim/share/argo_sim/models:/home/bilal/learn_ros2_ws/install/argo_sim/share/argo_sim/models:/usr/share/gazebo/../../share/gazebo-11/models::/opt/ros/humble/share/turtlebot3_gazebo/models:/opt/ros/humble/share/turtlebot3_gazebo/models'), ('GNOME_DESKTOP_SESSION_ID', 'this-is-deprecated'), ('ROS_LOCALHOST_ONLY', '1'), ('WINDOWPATH', '2'), ('OGRE_RESOURCE_PATH', '/usr/lib/x86_64-linux-gnu/OGRE-1.9.0'), ('PATH', '/home/bilal/.local/bin:/opt/ros/humble/bin:/usr/local/sbin:/usr/local/bin:/usr/sbin:/usr/bin:/sbin:/bin:/usr/games:/usr/local/games:/snap/bin:/snap/bin'), ('SESSION_MANAGER', 'local/bilal-yousufzai:@/tmp/.ICE-unix/2116,unix/bilal-yousufzai:/tmp/.ICE-unix/2116'), ('XDG_MENU_PREFIX', 'gnome-'), ('GNOME_TERMINAL_SCREEN', '/org/gnome/Terminal/screen/816c1d80_a582_4879_9544_16ffaacc6f3e'), ('XDG_RUNTIME_DIR', '/run/user/1000'), ('DISPLAY', ':1'), ('LANG', 'en_US.UTF-8'), ('XDG_CURRENT_DESKTOP', 'ubuntu:GNOME'), ('XMODIFIERS', '@im=ibus'), ('XDG_SESSION_DESKTOP', 'ubuntu'), ('XAUTHORITY', '/run/user/1000/gdm/Xauthority'), ('GNOME_TERMINAL_SERVICE', ':1.111'), ('SSH_AGENT_LAUNCHER', 'gnome-keyring'), ('SSH_AUTH_SOCK', '/run/user/1000/keyring/ssh'), ('AMENT_PREFIX_PATH', '/home/bilal/trail_tracer/install/web_gui:/home/bilal/trail_tracer/install/traethlin_description:/home/bilal/trail_tracer/install/gps_to_utm_converter_cpp:/home/bilal/trail_tracer/install/argo_sim:/home/bilal/trail_tracer/install/gazebo_ros_skid_steer_drive_6w:/home/bilal/trail_tracer/install/gazebo_ros_ackermann_drive_4wd:/home/bilal/trail_tracer/install/biy1_ros360_cpp:/home/bilal/trail_tracer/install/argo_nav:/home/bilal/learn_ros2_ws/install/web_gui:/home/bilal/learn_ros2_ws/install/traethlin_description:/home/bilal/learn_ros2_ws/install/nav2_system_tests:/home/bilal/learn_ros2_ws/install/nav2_bringup:/home/bilal/learn_ros2_ws/install/navigation2:/home/bilal/learn_ros2_ws/install/nav2_smoother:/home/bilal/learn_ros2_ws/install/nav2_graceful_controller:/home/bilal/learn_ros2_ws/install/nav2_dwb_controller:/home/bilal/learn_ros2_ws/install/nav2_controller:/home/bilal/learn_ros2_ws/install/dwb_plugins:/home/bilal/learn_ros2_ws/install/dwb_critics:/home/bilal/learn_ros2_ws/install/dwb_core:/home/bilal/learn_ros2_ws/install/nav_2d_utils:/home/bilal/learn_ros2_ws/install/dwb_msgs:/home/bilal/learn_ros2_ws/install/nav_2d_msgs:/home/bilal/learn_ros2_ws/install/nav2_waypoint_follower:/home/bilal/learn_ros2_ws/install/nav2_theta_star_planner:/home/bilal/learn_ros2_ws/install/nav2_smac_planner:/home/bilal/learn_ros2_ws/install/nav2_rotation_shim_controller:/home/bilal/learn_ros2_ws/install/nav2_regulated_pure_pursuit_controller:/home/bilal/learn_ros2_ws/install/nav2_planner:/home/bilal/learn_ros2_ws/install/nav2_navfn_planner:/home/bilal/learn_ros2_ws/install/nav2_mppi_controller:/home/bilal/learn_ros2_ws/install/nav2_constrained_smoother:/home/bilal/learn_ros2_ws/install/nav2_bt_navigator:/home/bilal/learn_ros2_ws/install/nav2_behaviors:/home/bilal/learn_ros2_ws/install/nav2_core:/home/bilal/learn_ros2_ws/install/nav2_collision_monitor:/home/bilal/learn_ros2_ws/install/costmap_queue:/home/bilal/learn_ros2_ws/install/nav2_costmap_2d:/home/bilal/learn_ros2_ws/install/nav2_voxel_grid:/home/bilal/learn_ros2_ws/install/nav2_velocity_smoother:/home/bilal/learn_ros2_ws/install/nav2_rviz_plugins:/home/bilal/learn_ros2_ws/install/nav2_map_server:/home/bilal/learn_ros2_ws/install/nav2_lifecycle_manager:/home/bilal/learn_ros2_ws/install/nav2_behavior_tree:/home/bilal/learn_ros2_ws/install/nav2_amcl:/home/bilal/learn_ros2_ws/install/nav2_util:/home/bilal/learn_ros2_ws/install/nav2_simple_commander:/home/bilal/learn_ros2_ws/install/nav2_msgs:/home/bilal/learn_ros2_ws/install/nav2_common:/home/bilal/learn_ros2_ws/install/gps_to_utm_converter_cpp:/home/bilal/learn_ros2_ws/install/argo_sim:/home/bilal/learn_ros2_ws/install/gazebo_ros_skid_steer_drive_6w:/home/bilal/learn_ros2_ws/install/gazebo_ros_ackermann_drive_4wd:/home/bilal/learn_ros2_ws/install/biy1_ros360_cpp:/home/bilal/learn_ros2_ws/install/articubot_one:/home/bilal/mp/mp_ws/install/biy1_ros360_cpp:/home/bilal/ros2_ws/install/web_gui:/home/bilal/ros2_ws/install/velodyne_simulation:/home/bilal/ros2_ws/install/velodyne_control_msgs:/home/bilal/ros2_ws/install/track_envs:/home/bilal/ros2_ws/install/ros360_moveit:/home/bilal/ros2_ws/install/opencv_tools:/home/bilal/ros2_ws/install/biy1_ros360_py:/home/bilal/ros2_ws/install/biy1_ros360_cpp:/opt/ros/humble'), ('SHELL', '/bin/bash'), ('QT_ACCESSIBILITY', '1'), ('GDMSESSION', 'ubuntu'), ('GPG_AGENT_INFO', '/run/user/1000/gnupg/S.gpg-agent:0:1'), ('GAZEBO_RESOURCE_PATH', '/usr/share/gazebo/../../share/gazebo-11:/usr/share/gazebo/../../share/gazebo-11:'), ('GAZEBO_MODEL_DATABASE_URI', 'http://models.gazebosim.org'), ('QT_IM_MODULE', 'ibus'), ('PWD', '/home/bilal/trail_tracer/build/biy1_ros360_cpp'), ('TURTLEBOT3_MODEL', 'waffle'), ('LC_ALL', 'en_US.UTF-8'), ('XDG_CONFIG_DIRS', '/etc/xdg/xdg-ubuntu:/etc/xdg'), ('GAZEBO_PLUGIN_PATH', '/usr/share/gazebo/../../lib/x86_64-linux-gnu/gazebo-11/plugins:/usr/share/gazebo/../../lib/x86_64-linux-gnu/gazebo-11/plugins:'), ('XDG_DATA_DIRS', '/usr/share/ubuntu:/usr/share/gnome:/usr/local/share/:/usr/share/:/var/lib/snapd/desktop'), ('PYTHONPATH', '/home/bilal/trail_tracer/install/web_gui/lib/python3.10/site-packages:/home/bilal/learn_ros2_ws/install/web_gui/lib/python3.10/site-packages:/home/bilal/learn_ros2_ws/install/dwb_msgs/local/lib/python3.10/dist-packages:/home/bilal/learn_ros2_ws/install/nav_2d_msgs/local/lib/python3.10/dist-packages:/home/bilal/learn_ros2_ws/install/nav2_simple_commander/lib/python3.10/site-packages:/home/bilal/learn_ros2_ws/install/nav2_msgs/local/lib/python3.10/dist-packages:/home/bilal/learn_ros2_ws/install/nav2_common/local/lib/python3.10/dist-packages:/home/bilal/ros2_ws/install/web_gui/lib/python3.10/site-packages:/home/bilal/ros2_ws/install/velodyne_control_msgs/local/lib/python3.10/dist-packages:/home/bilal/ros2_ws/install/opencv_tools/lib/python3.10/site-packages:/home/bilal/ros2_ws/install/biy1_ros360_py/lib/python3.10/site-packages:/opt/ros/humble/lib/python3.10/site-packages:/opt/ros/humble/local/lib/python3.10/dist-packages'), ('COLCON', '1'), ('VTE_VERSION', '6800'), ('CMAKE_PREFIX_PATH', '/home/bilal/trail_tracer/install/traethlin_description:/home/bilal/trail_tracer/install/gps_to_utm_converter_cpp:/home/bilal/trail_tracer/install/argo_sim:/home/bilal/trail_tracer/install/gazebo_ros_skid_steer_drive_6w:/home/bilal/trail_tracer/install/gazebo_ros_ackermann_drive_4wd:/home/bilal/trail_tracer/install/biy1_ros360_cpp:/home/bilal/trail_tracer/install/argo_nav:/home/bilal/learn_ros2_ws/install/traethlin_description:/home/bilal/learn_ros2_ws/install/nav2_system_tests:/home/bilal/learn_ros2_ws/install/nav2_bringup:/home/bilal/learn_ros2_ws/install/navigation2:/home/bilal/learn_ros2_ws/install/nav2_smoother:/home/bilal/learn_ros2_ws/install/nav2_graceful_controller:/home/bilal/learn_ros2_ws/install/nav2_dwb_controller:/home/bilal/learn_ros2_ws/install/nav2_controller:/home/bilal/learn_ros2_ws/install/dwb_plugins:/home/bilal/learn_ros2_ws/install/dwb_critics:/home/bilal/learn_ros2_ws/install/dwb_core:/home/bilal/learn_ros2_ws/install/nav_2d_utils:/home/bilal/learn_ros2_ws/install/dwb_msgs:/home/bilal/learn_ros2_ws/install/nav_2d_msgs:/home/bilal/learn_ros2_ws/install/nav2_waypoint_follower:/home/bilal/learn_ros2_ws/install/nav2_theta_star_planner:/home/bilal/learn_ros2_ws/install/nav2_smac_planner:/home/bilal/learn_ros2_ws/install/nav2_rotation_shim_controller:/home/bilal/learn_ros2_ws/install/nav2_regulated_pure_pursuit_controller:/home/bilal/learn_ros2_ws/install/nav2_planner:/home/bilal/learn_ros2_ws/install/nav2_navfn_planner:/home/bilal/learn_ros2_ws/install/nav2_mppi_controller:/home/bilal/learn_ros2_ws/install/nav2_constrained_smoother:/home/bilal/learn_ros2_ws/install/nav2_bt_navigator:/home/bilal/learn_ros2_ws/install/nav2_behaviors:/home/bilal/learn_ros2_ws/install/nav2_core:/home/bilal/learn_ros2_ws/install/nav2_collision_monitor:/home/bilal/learn_ros2_ws/install/costmap_queue:/home/bilal/learn_ros2_ws/install/nav2_costmap_2d:/home/bilal/learn_ros2_ws/install/nav2_voxel_grid:/home/bilal/learn_ros2_ws/install/nav2_velocity_smoother:/home/bilal/learn_ros2_ws/install/nav2_rviz_plugins:/home/bilal/learn_ros2_ws/install/nav2_map_server:/home/bilal/learn_ros2_ws/install/nav2_lifecycle_manager:/home/bilal/learn_ros2_ws/install/nav2_behavior_tree:/home/bilal/learn_ros2_ws/install/nav2_amcl:/home/bilal/learn_ros2_ws/install/nav2_util:/home/bilal/learn_ros2_ws/install/nav2_msgs:/home/bilal/learn_ros2_ws/install/nav2_common:/home/bilal/learn_ros2_ws/install/gps_to_utm_converter_cpp:/home/bilal/learn_ros2_ws/install/argo_sim:/home/bilal/learn_ros2_ws/install/gazebo_ros_skid_steer_drive_6w:/home/bilal/learn_ros2_ws/install/gazebo_ros_ackermann_drive_4wd:/home/bilal/learn_ros2_ws/install/biy1_ros360_cpp:/home/bilal/learn_ros2_ws/install/articubot_one:/home/bilal/mp/mp_ws/install/biy1_ros360_cpp:/home/bilal/ros2_ws/install/velodyne_simulation:/home/bilal/ros2_ws/install/velodyne_control_msgs:/home/bilal/ros2_ws/install/track_envs:/home/bilal/ros2_ws/install/ros360_moveit:/home/bilal/ros2_ws/install/biy1_ros360_cpp:/home/bilal/trail_tracer/install/web_gui:/home/bilal/learn_ros2_ws/install/web_gui:/home/bilal/learn_ros2_ws/install/nav2_simple_commander:/home/bilal/ros2_ws/install/web_gui:/home/bilal/ros2_ws/install/opencv_tools:/home/bilal/ros2_ws/install/biy1_ros360_py:/opt/ros/humble')]), 'shell': False}
[0.083704] (biy1_ros360_cpp) StdoutLine: {'line': b'\x1b[35m\x1b[1mConsolidate compiler generated dependencies of target follower\x1b[0m\n'}
[0.099831] (-) TimerEvent: {}
[0.102743] (biy1_ros360_cpp) StdoutLine: {'line': b'[ 12%] Built target trail_tracer\n'}
[0.103485] (biy1_ros360_cpp) StdoutLine: {'line': b'[ 25%] Built target testCode\n'}
[0.103688] (biy1_ros360_cpp) StdoutLine: {'line': b'[ 37%] Built target exampleSubscriber\n'}
[0.103913] (biy1_ros360_cpp) StdoutLine: {'line': b'[ 50%] Built target examplePublisher\n'}
[0.104565] (biy1_ros360_cpp) StdoutLine: {'line': b'[ 62%] Built target helloWorld\n'}
[0.105359] (biy1_ros360_cpp) StdoutLine: {'line': b'[ 75%] Built target waypoint_navigator\n'}
[0.105595] (biy1_ros360_cpp) StdoutLine: {'line': b'[ 87%] Built target nav2\n'}
[0.114213] (biy1_ros360_cpp) StdoutLine: {'line': b'[ 93%] \x1b[32mBuilding CXX object CMakeFiles/follower.dir/src/follower.cpp.o\x1b[0m\n'}
[0.199911] (-) TimerEvent: {}
[0.300166] (-) TimerEvent: {}
[0.400438] (-) TimerEvent: {}
[0.500684] (-) TimerEvent: {}
[0.600933] (-) TimerEvent: {}
[0.701188] (-) TimerEvent: {}
[0.801443] (-) TimerEvent: {}
[0.901693] (-) TimerEvent: {}
[1.001944] (-) TimerEvent: {}
[1.102209] (-) TimerEvent: {}
[1.202483] (-) TimerEvent: {}
[1.302743] (-) TimerEvent: {}
[1.402998] (-) TimerEvent: {}
[1.503310] (-) TimerEvent: {}
[1.603566] (-) TimerEvent: {}
[1.703820] (-) TimerEvent: {}
[1.804090] (-) TimerEvent: {}
[1.904375] (-) TimerEvent: {}
[2.004663] (-) TimerEvent: {}
[2.104941] (-) TimerEvent: {}
[2.205232] (-) TimerEvent: {}
[2.305525] (-) TimerEvent: {}
[2.405808] (-) TimerEvent: {}
[2.506077] (-) TimerEvent: {}
[2.606328] (-) TimerEvent: {}
[2.706602] (-) TimerEvent: {}
[2.806845] (-) TimerEvent: {}
[2.907077] (-) TimerEvent: {}
[3.007325] (-) TimerEvent: {}
[3.107576] (-) TimerEvent: {}
[3.207833] (-) TimerEvent: {}
[3.308100] (-) TimerEvent: {}
[3.408346] (-) TimerEvent: {}
[3.508602] (-) TimerEvent: {}
[3.608885] (-) TimerEvent: {}
[3.709140] (-) TimerEvent: {}
[3.809391] (-) TimerEvent: {}
[3.909636] (-) TimerEvent: {}
[4.009882] (-) TimerEvent: {}
[4.110132] (-) TimerEvent: {}
[4.210402] (-) TimerEvent: {}
[4.310661] (-) TimerEvent: {}
[4.410936] (-) TimerEvent: {}
[4.511233] (-) TimerEvent: {}
[4.611503] (-) TimerEvent: {}
[4.711803] (-) TimerEvent: {}
[4.812099] (-) TimerEvent: {}
[4.912360] (-) TimerEvent: {}
[5.012611] (-) TimerEvent: {}
[5.112864] (-) TimerEvent: {}
[5.213119] (-) TimerEvent: {}
[5.313394] (-) TimerEvent: {}
[5.413678] (-) TimerEvent: {}
[5.513927] (-) TimerEvent: {}
[5.614202] (-) TimerEvent: {}
[5.714453] (-) TimerEvent: {}
[5.814716] (-) TimerEvent: {}
[5.914987] (-) TimerEvent: {}
[6.015302] (-) TimerEvent: {}
[6.115553] (-) TimerEvent: {}
[6.215820] (-) TimerEvent: {}
[6.316096] (-) TimerEvent: {}
[6.416338] (-) TimerEvent: {}
[6.516581] (-) TimerEvent: {}
[6.616831] (-) TimerEvent: {}
[6.717074] (-) TimerEvent: {}
[6.817311] (-) TimerEvent: {}
[6.917569] (-) TimerEvent: {}
[7.017819] (-) TimerEvent: {}
[7.118125] (-) TimerEvent: {}
[7.218422] (-) TimerEvent: {}
[7.318669] (-) TimerEvent: {}
[7.418912] (-) TimerEvent: {}
[7.519162] (-) TimerEvent: {}
[7.619401] (-) TimerEvent: {}
[7.719647] (-) TimerEvent: {}
[7.819909] (-) TimerEvent: {}
[7.920158] (-) TimerEvent: {}
[8.020396] (-) TimerEvent: {}
[8.120635] (-) TimerEvent: {}
[8.220874] (-) TimerEvent: {}
[8.321113] (-) TimerEvent: {}
[8.421354] (-) TimerEvent: {}
[8.521585] (-) TimerEvent: {}
[8.621828] (-) TimerEvent: {}
[8.722105] (-) TimerEvent: {}
[8.822335] (-) TimerEvent: {}
[8.922582] (-) TimerEvent: {}
[9.022812] (-) TimerEvent: {}
[9.123055] (-) TimerEvent: {}
[9.223324] (-) TimerEvent: {}
[9.323586] (-) TimerEvent: {}
[9.423815] (-) TimerEvent: {}
[9.524039] (-) TimerEvent: {}
[9.624282] (-) TimerEvent: {}
[9.724531] (-) TimerEvent: {}
[9.824834] (-) TimerEvent: {}
[9.925079] (-) TimerEvent: {}
[10.025348] (-) TimerEvent: {}
[10.125613] (-) TimerEvent: {}
[10.225857] (-) TimerEvent: {}
[10.326096] (-) TimerEvent: {}
[10.426354] (-) TimerEvent: {}
[10.526662] (-) TimerEvent: {}
[10.626909] (-) TimerEvent: {}
[10.727179] (-) TimerEvent: {}
[10.802899] (biy1_ros360_cpp) StdoutLine: {'line': b'[100%] \x1b[32m\x1b[1mLinking CXX executable follower\x1b[0m\n'}
[10.827267] (-) TimerEvent: {}
[10.927526] (-) TimerEvent: {}
[11.027794] (-) TimerEvent: {}
[11.128080] (-) TimerEvent: {}
[11.228411] (-) TimerEvent: {}
[11.328680] (-) TimerEvent: {}
[11.353596] (biy1_ros360_cpp) StdoutLine: {'line': b'[100%] Built target follower\n'}
[11.368806] (biy1_ros360_cpp) CommandEnded: {'returncode': 0}
[11.428748] (-) TimerEvent: {}
[11.464268] (biy1_ros360_cpp) JobProgress: {'identifier': 'biy1_ros360_cpp', 'progress': 'install'}
[11.477079] (biy1_ros360_cpp) Command: {'cmd': ['/usr/bin/cmake', '--install', '/home/bilal/trail_tracer/build/biy1_ros360_cpp'], 'cwd': '/home/bilal/trail_tracer/build/biy1_ros360_cpp', 'env': OrderedDict([('LANGUAGE', 'en_GB:en'), ('USER', 'bilal'), ('XDG_SESSION_TYPE', 'x11'), ('SHLVL', '1'), ('LD_LIBRARY_PATH', '/home/bilal/trail_tracer/install/gazebo_ros_skid_steer_drive_6w/lib:/home/bilal/trail_tracer/install/gazebo_ros_ackermann_drive_4wd/lib:/home/bilal/learn_ros2_ws/install/nav2_smoother/lib:/home/bilal/learn_ros2_ws/install/nav2_graceful_controller/lib:/home/bilal/learn_ros2_ws/install/nav2_controller/lib:/home/bilal/learn_ros2_ws/install/dwb_plugins/lib:/home/bilal/learn_ros2_ws/install/dwb_critics/lib:/home/bilal/learn_ros2_ws/install/dwb_core/lib:/home/bilal/learn_ros2_ws/install/nav_2d_utils/lib:/home/bilal/learn_ros2_ws/install/dwb_msgs/lib:/home/bilal/learn_ros2_ws/install/nav_2d_msgs/lib:/home/bilal/learn_ros2_ws/install/nav2_waypoint_follower/lib:/home/bilal/learn_ros2_ws/install/nav2_theta_star_planner/lib:/home/bilal/learn_ros2_ws/install/nav2_smac_planner/lib:/home/bilal/learn_ros2_ws/install/nav2_rotation_shim_controller/lib:/home/bilal/learn_ros2_ws/install/nav2_regulated_pure_pursuit_controller/lib:/home/bilal/learn_ros2_ws/install/nav2_planner/lib:/home/bilal/learn_ros2_ws/install/nav2_navfn_planner/lib:/home/bilal/learn_ros2_ws/install/nav2_mppi_controller/lib:/home/bilal/learn_ros2_ws/install/nav2_constrained_smoother/lib:/home/bilal/learn_ros2_ws/install/nav2_bt_navigator/lib:/home/bilal/learn_ros2_ws/install/nav2_behaviors/lib:/home/bilal/learn_ros2_ws/install/nav2_collision_monitor/lib:/home/bilal/learn_ros2_ws/install/costmap_queue/lib:/home/bilal/learn_ros2_ws/install/nav2_costmap_2d/lib:/home/bilal/learn_ros2_ws/install/nav2_voxel_grid/lib:/home/bilal/learn_ros2_ws/install/nav2_velocity_smoother/lib:/home/bilal/learn_ros2_ws/install/nav2_rviz_plugins/lib:/home/bilal/learn_ros2_ws/install/nav2_map_server/lib:/home/bilal/learn_ros2_ws/install/nav2_lifecycle_manager/lib:/home/bilal/learn_ros2_ws/install/nav2_behavior_tree/lib:/home/bilal/learn_ros2_ws/install/nav2_amcl/lib:/home/bilal/learn_ros2_ws/install/nav2_util/lib:/home/bilal/learn_ros2_ws/install/nav2_msgs/lib:/home/bilal/learn_ros2_ws/install/gazebo_ros_skid_steer_drive_6w/lib:/home/bilal/learn_ros2_ws/install/gazebo_ros_ackermann_drive_4wd/lib:/home/bilal/ros2_ws/install/velodyne_simulation/lib:/home/bilal/ros2_ws/install/velodyne_control_msgs/lib:/usr/lib/x86_64-linux-gnu/gazebo-11/plugins:/opt/ros/humble/opt/rviz_ogre_vendor/lib:/opt/ros/humble/lib/x86_64-linux-gnu:/opt/ros/humble/lib:/usr/share/gazebo/../../lib/x86_64-linux-gnu/gazebo-11/plugins::/usr/share/gazebo/../../lib/x86_64-linux-gnu/gazebo-11/plugins:/usr/share/gazebo/../../lib/x86_64-linux-gnu/gazebo-11/plugins:'), ('HOME', '/home/bilal'), ('DESKTOP_SESSION', 'ubuntu'), ('GAZEBO_MASTER_URI', 'http://localhost:11345'), ('ROS_PYTHON_VERSION', '3'), ('GNOME_SHELL_SESSION_MODE', 'ubuntu'), ('GTK_MODULES', 'gail:atk-bridge'), ('SYSTEMD_EXEC_PID', '18819'), ('DBUS_SESSION_BUS_ADDRESS', 'unix:path=/run/user/1000/bus'), ('COLORTERM', 'truecolor'), ('_colcon_cd_root', '/opt/ros/humble/'), ('COLCON_PREFIX_PATH', '/home/bilal/trail_tracer/install:/home/bilal/learn_ros2_ws/install:/home/bilal/mp/mp_ws/install:/home/bilal/ros2_ws/install'), ('ROS_DISTRO', 'humble'), ('GTK_IM_MODULE', 'ibus'), ('LOGNAME', 'bilal'), ('_', '/usr/bin/colcon'), ('ROS_VERSION', '2'), ('XDG_SESSION_CLASS', 'user'), ('USERNAME', 'bilal'), ('TERM', 'xterm-256color'), ('GAZEBO_MODEL_PATH', '/home/bilal/trail_tracer/install/argo_sim/share/argo_sim/models:/home/bilal/learn_ros2_ws/install/argo_sim/share/argo_sim/models:/usr/share/gazebo/../../share/gazebo-11/models:/home/bilal/trail_tracer/install/argo_sim/share/argo_sim/models:/home/bilal/learn_ros2_ws/install/argo_sim/share/argo_sim/models:/usr/share/gazebo/../../share/gazebo-11/models::/opt/ros/humble/share/turtlebot3_gazebo/models:/opt/ros/humble/share/turtlebot3_gazebo/models'), ('GNOME_DESKTOP_SESSION_ID', 'this-is-deprecated'), ('ROS_LOCALHOST_ONLY', '1'), ('WINDOWPATH', '2'), ('OGRE_RESOURCE_PATH', '/usr/lib/x86_64-linux-gnu/OGRE-1.9.0'), ('PATH', '/home/bilal/.local/bin:/opt/ros/humble/bin:/usr/local/sbin:/usr/local/bin:/usr/sbin:/usr/bin:/sbin:/bin:/usr/games:/usr/local/games:/snap/bin:/snap/bin'), ('SESSION_MANAGER', 'local/bilal-yousufzai:@/tmp/.ICE-unix/2116,unix/bilal-yousufzai:/tmp/.ICE-unix/2116'), ('XDG_MENU_PREFIX', 'gnome-'), ('GNOME_TERMINAL_SCREEN', '/org/gnome/Terminal/screen/816c1d80_a582_4879_9544_16ffaacc6f3e'), ('XDG_RUNTIME_DIR', '/run/user/1000'), ('DISPLAY', ':1'), ('LANG', 'en_US.UTF-8'), ('XDG_CURRENT_DESKTOP', 'ubuntu:GNOME'), ('XMODIFIERS', '@im=ibus'), ('XDG_SESSION_DESKTOP', 'ubuntu'), ('XAUTHORITY', '/run/user/1000/gdm/Xauthority'), ('GNOME_TERMINAL_SERVICE', ':1.111'), ('SSH_AGENT_LAUNCHER', 'gnome-keyring'), ('SSH_AUTH_SOCK', '/run/user/1000/keyring/ssh'), ('AMENT_PREFIX_PATH', '/home/bilal/trail_tracer/install/web_gui:/home/bilal/trail_tracer/install/traethlin_description:/home/bilal/trail_tracer/install/gps_to_utm_converter_cpp:/home/bilal/trail_tracer/install/argo_sim:/home/bilal/trail_tracer/install/gazebo_ros_skid_steer_drive_6w:/home/bilal/trail_tracer/install/gazebo_ros_ackermann_drive_4wd:/home/bilal/trail_tracer/install/biy1_ros360_cpp:/home/bilal/trail_tracer/install/argo_nav:/home/bilal/learn_ros2_ws/install/web_gui:/home/bilal/learn_ros2_ws/install/traethlin_description:/home/bilal/learn_ros2_ws/install/nav2_system_tests:/home/bilal/learn_ros2_ws/install/nav2_bringup:/home/bilal/learn_ros2_ws/install/navigation2:/home/bilal/learn_ros2_ws/install/nav2_smoother:/home/bilal/learn_ros2_ws/install/nav2_graceful_controller:/home/bilal/learn_ros2_ws/install/nav2_dwb_controller:/home/bilal/learn_ros2_ws/install/nav2_controller:/home/bilal/learn_ros2_ws/install/dwb_plugins:/home/bilal/learn_ros2_ws/install/dwb_critics:/home/bilal/learn_ros2_ws/install/dwb_core:/home/bilal/learn_ros2_ws/install/nav_2d_utils:/home/bilal/learn_ros2_ws/install/dwb_msgs:/home/bilal/learn_ros2_ws/install/nav_2d_msgs:/home/bilal/learn_ros2_ws/install/nav2_waypoint_follower:/home/bilal/learn_ros2_ws/install/nav2_theta_star_planner:/home/bilal/learn_ros2_ws/install/nav2_smac_planner:/home/bilal/learn_ros2_ws/install/nav2_rotation_shim_controller:/home/bilal/learn_ros2_ws/install/nav2_regulated_pure_pursuit_controller:/home/bilal/learn_ros2_ws/install/nav2_planner:/home/bilal/learn_ros2_ws/install/nav2_navfn_planner:/home/bilal/learn_ros2_ws/install/nav2_mppi_controller:/home/bilal/learn_ros2_ws/install/nav2_constrained_smoother:/home/bilal/learn_ros2_ws/install/nav2_bt_navigator:/home/bilal/learn_ros2_ws/install/nav2_behaviors:/home/bilal/learn_ros2_ws/install/nav2_core:/home/bilal/learn_ros2_ws/install/nav2_collision_monitor:/home/bilal/learn_ros2_ws/install/costmap_queue:/home/bilal/learn_ros2_ws/install/nav2_costmap_2d:/home/bilal/learn_ros2_ws/install/nav2_voxel_grid:/home/bilal/learn_ros2_ws/install/nav2_velocity_smoother:/home/bilal/learn_ros2_ws/install/nav2_rviz_plugins:/home/bilal/learn_ros2_ws/install/nav2_map_server:/home/bilal/learn_ros2_ws/install/nav2_lifecycle_manager:/home/bilal/learn_ros2_ws/install/nav2_behavior_tree:/home/bilal/learn_ros2_ws/install/nav2_amcl:/home/bilal/learn_ros2_ws/install/nav2_util:/home/bilal/learn_ros2_ws/install/nav2_simple_commander:/home/bilal/learn_ros2_ws/install/nav2_msgs:/home/bilal/learn_ros2_ws/install/nav2_common:/home/bilal/learn_ros2_ws/install/gps_to_utm_converter_cpp:/home/bilal/learn_ros2_ws/install/argo_sim:/home/bilal/learn_ros2_ws/install/gazebo_ros_skid_steer_drive_6w:/home/bilal/learn_ros2_ws/install/gazebo_ros_ackermann_drive_4wd:/home/bilal/learn_ros2_ws/install/biy1_ros360_cpp:/home/bilal/learn_ros2_ws/install/articubot_one:/home/bilal/mp/mp_ws/install/biy1_ros360_cpp:/home/bilal/ros2_ws/install/web_gui:/home/bilal/ros2_ws/install/velodyne_simulation:/home/bilal/ros2_ws/install/velodyne_control_msgs:/home/bilal/ros2_ws/install/track_envs:/home/bilal/ros2_ws/install/ros360_moveit:/home/bilal/ros2_ws/install/opencv_tools:/home/bilal/ros2_ws/install/biy1_ros360_py:/home/bilal/ros2_ws/install/biy1_ros360_cpp:/opt/ros/humble'), ('SHELL', '/bin/bash'), ('QT_ACCESSIBILITY', '1'), ('GDMSESSION', 'ubuntu'), ('GPG_AGENT_INFO', '/run/user/1000/gnupg/S.gpg-agent:0:1'), ('GAZEBO_RESOURCE_PATH', '/usr/share/gazebo/../../share/gazebo-11:/usr/share/gazebo/../../share/gazebo-11:'), ('GAZEBO_MODEL_DATABASE_URI', 'http://models.gazebosim.org'), ('QT_IM_MODULE', 'ibus'), ('PWD', '/home/bilal/trail_tracer/build/biy1_ros360_cpp'), ('TURTLEBOT3_MODEL', 'waffle'), ('LC_ALL', 'en_US.UTF-8'), ('XDG_CONFIG_DIRS', '/etc/xdg/xdg-ubuntu:/etc/xdg'), ('GAZEBO_PLUGIN_PATH', '/usr/share/gazebo/../../lib/x86_64-linux-gnu/gazebo-11/plugins:/usr/share/gazebo/../../lib/x86_64-linux-gnu/gazebo-11/plugins:'), ('XDG_DATA_DIRS', '/usr/share/ubuntu:/usr/share/gnome:/usr/local/share/:/usr/share/:/var/lib/snapd/desktop'), ('PYTHONPATH', '/home/bilal/trail_tracer/install/web_gui/lib/python3.10/site-packages:/home/bilal/learn_ros2_ws/install/web_gui/lib/python3.10/site-packages:/home/bilal/learn_ros2_ws/install/dwb_msgs/local/lib/python3.10/dist-packages:/home/bilal/learn_ros2_ws/install/nav_2d_msgs/local/lib/python3.10/dist-packages:/home/bilal/learn_ros2_ws/install/nav2_simple_commander/lib/python3.10/site-packages:/home/bilal/learn_ros2_ws/install/nav2_msgs/local/lib/python3.10/dist-packages:/home/bilal/learn_ros2_ws/install/nav2_common/local/lib/python3.10/dist-packages:/home/bilal/ros2_ws/install/web_gui/lib/python3.10/site-packages:/home/bilal/ros2_ws/install/velodyne_control_msgs/local/lib/python3.10/dist-packages:/home/bilal/ros2_ws/install/opencv_tools/lib/python3.10/site-packages:/home/bilal/ros2_ws/install/biy1_ros360_py/lib/python3.10/site-packages:/opt/ros/humble/lib/python3.10/site-packages:/opt/ros/humble/local/lib/python3.10/dist-packages'), ('COLCON', '1'), ('VTE_VERSION', '6800'), ('CMAKE_PREFIX_PATH', '/home/bilal/trail_tracer/install/traethlin_description:/home/bilal/trail_tracer/install/gps_to_utm_converter_cpp:/home/bilal/trail_tracer/install/argo_sim:/home/bilal/trail_tracer/install/gazebo_ros_skid_steer_drive_6w:/home/bilal/trail_tracer/install/gazebo_ros_ackermann_drive_4wd:/home/bilal/trail_tracer/install/biy1_ros360_cpp:/home/bilal/trail_tracer/install/argo_nav:/home/bilal/learn_ros2_ws/install/traethlin_description:/home/bilal/learn_ros2_ws/install/nav2_system_tests:/home/bilal/learn_ros2_ws/install/nav2_bringup:/home/bilal/learn_ros2_ws/install/navigation2:/home/bilal/learn_ros2_ws/install/nav2_smoother:/home/bilal/learn_ros2_ws/install/nav2_graceful_controller:/home/bilal/learn_ros2_ws/install/nav2_dwb_controller:/home/bilal/learn_ros2_ws/install/nav2_controller:/home/bilal/learn_ros2_ws/install/dwb_plugins:/home/bilal/learn_ros2_ws/install/dwb_critics:/home/bilal/learn_ros2_ws/install/dwb_core:/home/bilal/learn_ros2_ws/install/nav_2d_utils:/home/bilal/learn_ros2_ws/install/dwb_msgs:/home/bilal/learn_ros2_ws/install/nav_2d_msgs:/home/bilal/learn_ros2_ws/install/nav2_waypoint_follower:/home/bilal/learn_ros2_ws/install/nav2_theta_star_planner:/home/bilal/learn_ros2_ws/install/nav2_smac_planner:/home/bilal/learn_ros2_ws/install/nav2_rotation_shim_controller:/home/bilal/learn_ros2_ws/install/nav2_regulated_pure_pursuit_controller:/home/bilal/learn_ros2_ws/install/nav2_planner:/home/bilal/learn_ros2_ws/install/nav2_navfn_planner:/home/bilal/learn_ros2_ws/install/nav2_mppi_controller:/home/bilal/learn_ros2_ws/install/nav2_constrained_smoother:/home/bilal/learn_ros2_ws/install/nav2_bt_navigator:/home/bilal/learn_ros2_ws/install/nav2_behaviors:/home/bilal/learn_ros2_ws/install/nav2_core:/home/bilal/learn_ros2_ws/install/nav2_collision_monitor:/home/bilal/learn_ros2_ws/install/costmap_queue:/home/bilal/learn_ros2_ws/install/nav2_costmap_2d:/home/bilal/learn_ros2_ws/install/nav2_voxel_grid:/home/bilal/learn_ros2_ws/install/nav2_velocity_smoother:/home/bilal/learn_ros2_ws/install/nav2_rviz_plugins:/home/bilal/learn_ros2_ws/install/nav2_map_server:/home/bilal/learn_ros2_ws/install/nav2_lifecycle_manager:/home/bilal/learn_ros2_ws/install/nav2_behavior_tree:/home/bilal/learn_ros2_ws/install/nav2_amcl:/home/bilal/learn_ros2_ws/install/nav2_util:/home/bilal/learn_ros2_ws/install/nav2_msgs:/home/bilal/learn_ros2_ws/install/nav2_common:/home/bilal/learn_ros2_ws/install/gps_to_utm_converter_cpp:/home/bilal/learn_ros2_ws/install/argo_sim:/home/bilal/learn_ros2_ws/install/gazebo_ros_skid_steer_drive_6w:/home/bilal/learn_ros2_ws/install/gazebo_ros_ackermann_drive_4wd:/home/bilal/learn_ros2_ws/install/biy1_ros360_cpp:/home/bilal/learn_ros2_ws/install/articubot_one:/home/bilal/mp/mp_ws/install/biy1_ros360_cpp:/home/bilal/ros2_ws/install/velodyne_simulation:/home/bilal/ros2_ws/install/velodyne_control_msgs:/home/bilal/ros2_ws/install/track_envs:/home/bilal/ros2_ws/install/ros360_moveit:/home/bilal/ros2_ws/install/biy1_ros360_cpp:/home/bilal/trail_tracer/install/web_gui:/home/bilal/learn_ros2_ws/install/web_gui:/home/bilal/learn_ros2_ws/install/nav2_simple_commander:/home/bilal/ros2_ws/install/web_gui:/home/bilal/ros2_ws/install/opencv_tools:/home/bilal/ros2_ws/install/biy1_ros360_py:/opt/ros/humble')]), 'shell': False}
[11.488942] (biy1_ros360_cpp) StdoutLine: {'line': b'-- Install configuration: ""\n'}
[11.489251] (biy1_ros360_cpp) StdoutLine: {'line': b'-- Up-to-date: /home/bilal/trail_tracer/install/biy1_ros360_cpp/lib/biy1_ros360_cpp/helloWorld\n'}
[11.489341] (biy1_ros360_cpp) StdoutLine: {'line': b'-- Up-to-date: /home/bilal/trail_tracer/install/biy1_ros360_cpp/lib/biy1_ros360_cpp/examplePublisher\n'}
[11.489563] (biy1_ros360_cpp) StdoutLine: {'line': b'-- Up-to-date: /home/bilal/trail_tracer/install/biy1_ros360_cpp/lib/biy1_ros360_cpp/exampleSubscriber\n'}
[11.489788] (biy1_ros360_cpp) StdoutLine: {'line': b'-- Up-to-date: /home/bilal/trail_tracer/install/biy1_ros360_cpp/lib/biy1_ros360_cpp/testCode\n'}
[11.490007] (biy1_ros360_cpp) StdoutLine: {'line': b'-- Up-to-date: /home/bilal/trail_tracer/install/biy1_ros360_cpp/lib/biy1_ros360_cpp/nav2\n'}
[11.490224] (biy1_ros360_cpp) StdoutLine: {'line': b'-- Up-to-date: /home/bilal/trail_tracer/install/biy1_ros360_cpp/lib/biy1_ros360_cpp/trail_tracer\n'}
[11.490446] (biy1_ros360_cpp) StdoutLine: {'line': b'-- Up-to-date: /home/bilal/trail_tracer/install/biy1_ros360_cpp/lib/biy1_ros360_cpp/waypoint_navigator\n'}
[11.490678] (biy1_ros360_cpp) StdoutLine: {'line': b'-- Installing: /home/bilal/trail_tracer/install/biy1_ros360_cpp/lib/biy1_ros360_cpp/follower\n'}
[11.500206] (biy1_ros360_cpp) StdoutLine: {'line': b'-- Set runtime path of "/home/bilal/trail_tracer/install/biy1_ros360_cpp/lib/biy1_ros360_cpp/follower" to ""\n'}
[11.500306] (biy1_ros360_cpp) StdoutLine: {'line': b'-- Up-to-date: /home/bilal/trail_tracer/install/biy1_ros360_cpp/share/ament_index/resource_index/package_run_dependencies/biy1_ros360_cpp\n'}
[11.500395] (biy1_ros360_cpp) StdoutLine: {'line': b'-- Up-to-date: /home/bilal/trail_tracer/install/biy1_ros360_cpp/share/ament_index/resource_index/parent_prefix_path/biy1_ros360_cpp\n'}
[11.500447] (biy1_ros360_cpp) StdoutLine: {'line': b'-- Up-to-date: /home/bilal/trail_tracer/install/biy1_ros360_cpp/share/biy1_ros360_cpp/environment/ament_prefix_path.sh\n'}
[11.500494] (biy1_ros360_cpp) StdoutLine: {'line': b'-- Up-to-date: /home/bilal/trail_tracer/install/biy1_ros360_cpp/share/biy1_ros360_cpp/environment/ament_prefix_path.dsv\n'}
[11.500537] (biy1_ros360_cpp) StdoutLine: {'line': b'-- Up-to-date: /home/bilal/trail_tracer/install/biy1_ros360_cpp/share/biy1_ros360_cpp/environment/path.sh\n'}
[11.500580] (biy1_ros360_cpp) StdoutLine: {'line': b'-- Up-to-date: /home/bilal/trail_tracer/install/biy1_ros360_cpp/share/biy1_ros360_cpp/environment/path.dsv\n'}
[11.500650] (biy1_ros360_cpp) StdoutLine: {'line': b'-- Up-to-date: /home/bilal/trail_tracer/install/biy1_ros360_cpp/share/biy1_ros360_cpp/local_setup.bash\n'}
[11.500695] (biy1_ros360_cpp) StdoutLine: {'line': b'-- Up-to-date: /home/bilal/trail_tracer/install/biy1_ros360_cpp/share/biy1_ros360_cpp/local_setup.sh\n'}
[11.500769] (biy1_ros360_cpp) StdoutLine: {'line': b'-- Up-to-date: /home/bilal/trail_tracer/install/biy1_ros360_cpp/share/biy1_ros360_cpp/local_setup.zsh\n'}
[11.500844] (biy1_ros360_cpp) StdoutLine: {'line': b'-- Up-to-date: /home/bilal/trail_tracer/install/biy1_ros360_cpp/share/biy1_ros360_cpp/local_setup.dsv\n'}
[11.500887] (biy1_ros360_cpp) StdoutLine: {'line': b'-- Installing: /home/bilal/trail_tracer/install/biy1_ros360_cpp/share/biy1_ros360_cpp/package.dsv\n'}
[11.500927] (biy1_ros360_cpp) StdoutLine: {'line': b'-- Up-to-date: /home/bilal/trail_tracer/install/biy1_ros360_cpp/share/ament_index/resource_index/packages/biy1_ros360_cpp\n'}
[11.500967] (biy1_ros360_cpp) StdoutLine: {'line': b'-- Up-to-date: /home/bilal/trail_tracer/install/biy1_ros360_cpp/share/biy1_ros360_cpp/cmake/biy1_ros360_cppConfig.cmake\n'}
[11.501006] (biy1_ros360_cpp) StdoutLine: {'line': b'-- Up-to-date: /home/bilal/trail_tracer/install/biy1_ros360_cpp/share/biy1_ros360_cpp/cmake/biy1_ros360_cppConfig-version.cmake\n'}
[11.501045] (biy1_ros360_cpp) StdoutLine: {'line': b'-- Up-to-date: /home/bilal/trail_tracer/install/biy1_ros360_cpp/share/biy1_ros360_cpp/package.xml\n'}
[11.502376] (biy1_ros360_cpp) CommandEnded: {'returncode': 0}
[11.528829] (-) TimerEvent: {}
[11.611522] (biy1_ros360_cpp) JobEnded: {'identifier': 'biy1_ros360_cpp', 'rc': 0}
[11.611997] (-) EventReactorShutdown: {}
