[0.034s] Invoking command in '/home/bilal/trail_tracer/build/gps_to_utm_converter_cpp': CMAKE_PREFIX_PATH=${CMAKE_PREFIX_PATH}:/home/bilal/trail_tracer/install/web_gui:/home/bilal/learn_ros2_ws/install/web_gui:/home/bilal/learn_ros2_ws/install/nav2_simple_commander:/home/bilal/ros2_ws/install/web_gui:/home/bilal/ros2_ws/install/opencv_tools:/home/bilal/ros2_ws/install/biy1_ros360_py:/opt/ros/humble /usr/bin/cmake --build /home/bilal/trail_tracer/build/gps_to_utm_converter_cpp -- -j12 -l12
[0.176s] [100%] Built target converter_node
[0.348s] Invoked command in '/home/bilal/trail_tracer/build/gps_to_utm_converter_cpp' returned '0': CMAKE_PREFIX_PATH=${CMAKE_PREFIX_PATH}:/home/bilal/trail_tracer/install/web_gui:/home/bilal/learn_ros2_ws/install/web_gui:/home/bilal/learn_ros2_ws/install/nav2_simple_commander:/home/bilal/ros2_ws/install/web_gui:/home/bilal/ros2_ws/install/opencv_tools:/home/bilal/ros2_ws/install/biy1_ros360_py:/opt/ros/humble /usr/bin/cmake --build /home/bilal/trail_tracer/build/gps_to_utm_converter_cpp -- -j12 -l12
[0.406s] Invoking command in '/home/bilal/trail_tracer/build/gps_to_utm_converter_cpp': CMAKE_PREFIX_PATH=${CMAKE_PREFIX_PATH}:/home/bilal/trail_tracer/install/web_gui:/home/bilal/learn_ros2_ws/install/web_gui:/home/bilal/learn_ros2_ws/install/nav2_simple_commander:/home/bilal/ros2_ws/install/web_gui:/home/bilal/ros2_ws/install/opencv_tools:/home/bilal/ros2_ws/install/biy1_ros360_py:/opt/ros/humble /usr/bin/cmake --install /home/bilal/trail_tracer/build/gps_to_utm_converter_cpp
[0.417s] -- Install configuration: ""
[0.419s] -- Up-to-date: /home/bilal/trail_tracer/install/gps_to_utm_converter_cpp/lib/gps_to_utm_converter_cpp/converter_node
[0.420s] -- Up-to-date: /home/bilal/trail_tracer/install/gps_to_utm_converter_cpp/share/ament_index/resource_index/package_run_dependencies/gps_to_utm_converter_cpp
[0.420s] -- Up-to-date: /home/bilal/trail_tracer/install/gps_to_utm_converter_cpp/share/ament_index/resource_index/parent_prefix_path/gps_to_utm_converter_cpp
[0.421s] -- Up-to-date: /home/bilal/trail_tracer/install/gps_to_utm_converter_cpp/share/gps_to_utm_converter_cpp/environment/ament_prefix_path.sh
[0.421s] -- Up-to-date: /home/bilal/trail_tracer/install/gps_to_utm_converter_cpp/share/gps_to_utm_converter_cpp/environment/ament_prefix_path.dsv
[0.421s] -- Up-to-date: /home/bilal/trail_tracer/install/gps_to_utm_converter_cpp/share/gps_to_utm_converter_cpp/environment/path.sh
[0.421s] -- Up-to-date: /home/bilal/trail_tracer/install/gps_to_utm_converter_cpp/share/gps_to_utm_converter_cpp/environment/path.dsv
[0.422s] -- Up-to-date: /home/bilal/trail_tracer/install/gps_to_utm_converter_cpp/share/gps_to_utm_converter_cpp/local_setup.bash
[0.423s] -- Up-to-date: /home/bilal/trail_tracer/install/gps_to_utm_converter_cpp/share/gps_to_utm_converter_cpp/local_setup.sh
[0.423s] -- Up-to-date: /home/bilal/trail_tracer/install/gps_to_utm_converter_cpp/share/gps_to_utm_converter_cpp/local_setup.zsh
[0.423s] -- Up-to-date: /home/bilal/trail_tracer/install/gps_to_utm_converter_cpp/share/gps_to_utm_converter_cpp/local_setup.dsv
[0.423s] -- Installing: /home/bilal/trail_tracer/install/gps_to_utm_converter_cpp/share/gps_to_utm_converter_cpp/package.dsv
[0.424s] -- Up-to-date: /home/bilal/trail_tracer/install/gps_to_utm_converter_cpp/share/ament_index/resource_index/packages/gps_to_utm_converter_cpp
[0.424s] -- Up-to-date: /home/bilal/trail_tracer/install/gps_to_utm_converter_cpp/share/gps_to_utm_converter_cpp/cmake/gps_to_utm_converter_cppConfig.cmake
[0.424s] -- Up-to-date: /home/bilal/trail_tracer/install/gps_to_utm_converter_cpp/share/gps_to_utm_converter_cpp/cmake/gps_to_utm_converter_cppConfig-version.cmake
[0.424s] -- Up-to-date: /home/bilal/trail_tracer/install/gps_to_utm_converter_cpp/share/gps_to_utm_converter_cpp/package.xml
[0.437s] Invoked command in '/home/bilal/trail_tracer/build/gps_to_utm_converter_cpp' returned '0': CMAKE_PREFIX_PATH=${CMAKE_PREFIX_PATH}:/home/bilal/trail_tracer/install/web_gui:/home/bilal/learn_ros2_ws/install/web_gui:/home/bilal/learn_ros2_ws/install/nav2_simple_commander:/home/bilal/ros2_ws/install/web_gui:/home/bilal/ros2_ws/install/opencv_tools:/home/bilal/ros2_ws/install/biy1_ros360_py:/opt/ros/humble /usr/bin/cmake --install /home/bilal/trail_tracer/build/gps_to_utm_converter_cpp
