[0.043s] Invoking command in '/home/bilal/trail_tracer/build/argo_nav': CMAKE_PREFIX_PATH=${CMAKE_PREFIX_PATH}:/home/bilal/trail_tracer/install/web_gui:/home/bilal/learn_ros2_ws/install/web_gui:/home/bilal/learn_ros2_ws/install/nav2_simple_commander:/home/bilal/ros2_ws/install/web_gui:/home/bilal/ros2_ws/install/opencv_tools:/home/bilal/ros2_ws/install/biy1_ros360_py:/opt/ros/humble /usr/bin/cmake /home/bilal/trail_tracer/src/argo_nav -DCMAKE_INSTALL_PREFIX=/home/bilal/trail_tracer/install/argo_nav
[0.105s] -- The C compiler identification is GNU 11.4.0
[0.164s] -- The CXX compiler identification is GNU 11.4.0
[0.173s] -- Detecting C compiler ABI info
[0.264s] -- Detecting C compiler ABI info - done
[0.274s] -- Check for working C compiler: /usr/bin/cc - skipped
[0.274s] -- Detecting C compile features
[0.274s] -- Detecting C compile features - done
[0.278s] -- Detecting CXX compiler ABI info
[0.376s] -- Detecting CXX compiler ABI info - done
[0.381s] -- Check for working CXX compiler: /usr/bin/c++ - skipped
[0.382s] -- Detecting CXX compile features
[0.382s] -- Detecting CXX compile features - done
[0.391s] -- Found ament_cmake: 1.3.8 (/opt/ros/humble/share/ament_cmake/cmake)
[0.587s] -- Found Python3: /usr/bin/python3 (found version "3.10.12") found components: Interpreter 
[0.808s] -- Found ament_lint_auto: 0.12.10 (/opt/ros/humble/share/ament_lint_auto/cmake)
[0.947s] -- Added test 'copyright' to check source files copyright and LICENSE
[0.951s] -- Added test 'flake8' to check Python code syntax and style conventions
[0.952s] -- Added test 'lint_cmake' to check CMake code style
[0.953s] -- Added test 'pep257' to check Python code against some of the docstring style conventions in PEP 257
[0.955s] -- Added test 'xmllint' to check XML markup files
[0.958s] -- Configuring done
[0.961s] -- Generating done
[0.962s] -- Build files have been written to: /home/bilal/trail_tracer/build/argo_nav
[0.975s] Invoked command in '/home/bilal/trail_tracer/build/argo_nav' returned '0': CMAKE_PREFIX_PATH=${CMAKE_PREFIX_PATH}:/home/bilal/trail_tracer/install/web_gui:/home/bilal/learn_ros2_ws/install/web_gui:/home/bilal/learn_ros2_ws/install/nav2_simple_commander:/home/bilal/ros2_ws/install/web_gui:/home/bilal/ros2_ws/install/opencv_tools:/home/bilal/ros2_ws/install/biy1_ros360_py:/opt/ros/humble /usr/bin/cmake /home/bilal/trail_tracer/src/argo_nav -DCMAKE_INSTALL_PREFIX=/home/bilal/trail_tracer/install/argo_nav
[0.976s] Invoking command in '/home/bilal/trail_tracer/build/argo_nav': CMAKE_PREFIX_PATH=${CMAKE_PREFIX_PATH}:/home/bilal/trail_tracer/install/web_gui:/home/bilal/learn_ros2_ws/install/web_gui:/home/bilal/learn_ros2_ws/install/nav2_simple_commander:/home/bilal/ros2_ws/install/web_gui:/home/bilal/ros2_ws/install/opencv_tools:/home/bilal/ros2_ws/install/biy1_ros360_py:/opt/ros/humble /usr/bin/cmake --build /home/bilal/trail_tracer/build/argo_nav -- -j12 -l12
[1.036s] Invoked command in '/home/bilal/trail_tracer/build/argo_nav' returned '0': CMAKE_PREFIX_PATH=${CMAKE_PREFIX_PATH}:/home/bilal/trail_tracer/install/web_gui:/home/bilal/learn_ros2_ws/install/web_gui:/home/bilal/learn_ros2_ws/install/nav2_simple_commander:/home/bilal/ros2_ws/install/web_gui:/home/bilal/ros2_ws/install/opencv_tools:/home/bilal/ros2_ws/install/biy1_ros360_py:/opt/ros/humble /usr/bin/cmake --build /home/bilal/trail_tracer/build/argo_nav -- -j12 -l12
[1.079s] Invoking command in '/home/bilal/trail_tracer/build/argo_nav': CMAKE_PREFIX_PATH=${CMAKE_PREFIX_PATH}:/home/bilal/trail_tracer/install/web_gui:/home/bilal/learn_ros2_ws/install/web_gui:/home/bilal/learn_ros2_ws/install/nav2_simple_commander:/home/bilal/ros2_ws/install/web_gui:/home/bilal/ros2_ws/install/opencv_tools:/home/bilal/ros2_ws/install/biy1_ros360_py:/opt/ros/humble /usr/bin/cmake --install /home/bilal/trail_tracer/build/argo_nav
[1.092s] -- Install configuration: ""
[1.093s] -- Installing: /home/bilal/trail_tracer/install/argo_nav/share/argo_nav/launch
[1.093s] -- Installing: /home/bilal/trail_tracer/install/argo_nav/share/argo_nav/launch/nav.launch.py
[1.093s] -- Installing: /home/bilal/trail_tracer/install/argo_nav/share/argo_nav/config
[1.093s] -- Installing: /home/bilal/trail_tracer/install/argo_nav/share/argo_nav/config/nav2_no_map_params.yaml
[1.093s] -- Installing: /home/bilal/trail_tracer/install/argo_nav/share/ament_index/resource_index/package_run_dependencies/argo_nav
[1.093s] -- Installing: /home/bilal/trail_tracer/install/argo_nav/share/ament_index/resource_index/parent_prefix_path/argo_nav
[1.094s] -- Installing: /home/bilal/trail_tracer/install/argo_nav/share/argo_nav/environment/ament_prefix_path.sh
[1.094s] -- Installing: /home/bilal/trail_tracer/install/argo_nav/share/argo_nav/environment/ament_prefix_path.dsv
[1.094s] -- Installing: /home/bilal/trail_tracer/install/argo_nav/share/argo_nav/environment/path.sh
[1.094s] -- Installing: /home/bilal/trail_tracer/install/argo_nav/share/argo_nav/environment/path.dsv
[1.094s] -- Installing: /home/bilal/trail_tracer/install/argo_nav/share/argo_nav/local_setup.bash
[1.094s] -- Installing: /home/bilal/trail_tracer/install/argo_nav/share/argo_nav/local_setup.sh
[1.095s] -- Installing: /home/bilal/trail_tracer/install/argo_nav/share/argo_nav/local_setup.zsh
[1.095s] -- Installing: /home/bilal/trail_tracer/install/argo_nav/share/argo_nav/local_setup.dsv
[1.095s] -- Installing: /home/bilal/trail_tracer/install/argo_nav/share/argo_nav/package.dsv
[1.095s] -- Installing: /home/bilal/trail_tracer/install/argo_nav/share/ament_index/resource_index/packages/argo_nav
[1.095s] -- Installing: /home/bilal/trail_tracer/install/argo_nav/share/argo_nav/cmake/argo_navConfig.cmake
[1.095s] -- Installing: /home/bilal/trail_tracer/install/argo_nav/share/argo_nav/cmake/argo_navConfig-version.cmake
[1.096s] -- Installing: /home/bilal/trail_tracer/install/argo_nav/share/argo_nav/package.xml
[1.098s] Invoked command in '/home/bilal/trail_tracer/build/argo_nav' returned '0': CMAKE_PREFIX_PATH=${CMAKE_PREFIX_PATH}:/home/bilal/trail_tracer/install/web_gui:/home/bilal/learn_ros2_ws/install/web_gui:/home/bilal/learn_ros2_ws/install/nav2_simple_commander:/home/bilal/ros2_ws/install/web_gui:/home/bilal/ros2_ws/install/opencv_tools:/home/bilal/ros2_ws/install/biy1_ros360_py:/opt/ros/humble /usr/bin/cmake --install /home/bilal/trail_tracer/build/argo_nav
