[0.033s] Invoking command in '/home/bilal/trail_tracer/build/traethlin_description': CMAKE_PREFIX_PATH=${CMAKE_PREFIX_PATH}:/home/bilal/trail_tracer/install/web_gui:/home/bilal/learn_ros2_ws/install/web_gui:/home/bilal/learn_ros2_ws/install/nav2_simple_commander:/home/bilal/ros2_ws/install/web_gui:/home/bilal/ros2_ws/install/opencv_tools:/home/bilal/ros2_ws/install/biy1_ros360_py:/opt/ros/humble /usr/bin/cmake /home/bilal/trail_tracer/src/traethlin_description -DCMAKE_INSTALL_PREFIX=/home/bilal/trail_tracer/install/traethlin_description
[0.114s] -- The C compiler identification is GNU 11.4.0
[0.191s] -- The CXX compiler identification is GNU 11.4.0
[0.202s] -- Detecting C compiler ABI info
[0.332s] -- Detecting C compiler ABI info - done
[0.344s] -- Check for working C compiler: /usr/bin/cc - skipped
[0.346s] -- Detecting C compile features
[0.346s] -- Detecting C compile features - done
[0.350s] -- Detecting CXX compiler ABI info
[0.529s] -- Detecting CXX compiler ABI info - done
[0.539s] -- Check for working CXX compiler: /usr/bin/c++ - skipped
[0.539s] -- Detecting CXX compile features
[0.539s] -- Detecting CXX compile features - done
[0.551s] -- Found ament_cmake: 1.3.8 (/opt/ros/humble/share/ament_cmake/cmake)
[0.847s] -- Found Python3: /usr/bin/python3 (found version "3.10.12") found components: Interpreter 
[1.080s] -- Found ament_lint_auto: 0.12.10 (/opt/ros/humble/share/ament_lint_auto/cmake)
[1.190s] -- Configuring done
[1.193s] -- Generating done
[1.193s] -- Build files have been written to: /home/bilal/trail_tracer/build/traethlin_description
[1.202s] Invoked command in '/home/bilal/trail_tracer/build/traethlin_description' returned '0': CMAKE_PREFIX_PATH=${CMAKE_PREFIX_PATH}:/home/bilal/trail_tracer/install/web_gui:/home/bilal/learn_ros2_ws/install/web_gui:/home/bilal/learn_ros2_ws/install/nav2_simple_commander:/home/bilal/ros2_ws/install/web_gui:/home/bilal/ros2_ws/install/opencv_tools:/home/bilal/ros2_ws/install/biy1_ros360_py:/opt/ros/humble /usr/bin/cmake /home/bilal/trail_tracer/src/traethlin_description -DCMAKE_INSTALL_PREFIX=/home/bilal/trail_tracer/install/traethlin_description
[1.206s] Invoking command in '/home/bilal/trail_tracer/build/traethlin_description': CMAKE_PREFIX_PATH=${CMAKE_PREFIX_PATH}:/home/bilal/trail_tracer/install/web_gui:/home/bilal/learn_ros2_ws/install/web_gui:/home/bilal/learn_ros2_ws/install/nav2_simple_commander:/home/bilal/ros2_ws/install/web_gui:/home/bilal/ros2_ws/install/opencv_tools:/home/bilal/ros2_ws/install/biy1_ros360_py:/opt/ros/humble /usr/bin/cmake --build /home/bilal/trail_tracer/build/traethlin_description -- -j12 -l12
[1.294s] Invoked command in '/home/bilal/trail_tracer/build/traethlin_description' returned '0': CMAKE_PREFIX_PATH=${CMAKE_PREFIX_PATH}:/home/bilal/trail_tracer/install/web_gui:/home/bilal/learn_ros2_ws/install/web_gui:/home/bilal/learn_ros2_ws/install/nav2_simple_commander:/home/bilal/ros2_ws/install/web_gui:/home/bilal/ros2_ws/install/opencv_tools:/home/bilal/ros2_ws/install/biy1_ros360_py:/opt/ros/humble /usr/bin/cmake --build /home/bilal/trail_tracer/build/traethlin_description -- -j12 -l12
[1.377s] Invoking command in '/home/bilal/trail_tracer/build/traethlin_description': CMAKE_PREFIX_PATH=${CMAKE_PREFIX_PATH}:/home/bilal/trail_tracer/install/web_gui:/home/bilal/learn_ros2_ws/install/web_gui:/home/bilal/learn_ros2_ws/install/nav2_simple_commander:/home/bilal/ros2_ws/install/web_gui:/home/bilal/ros2_ws/install/opencv_tools:/home/bilal/ros2_ws/install/biy1_ros360_py:/opt/ros/humble /usr/bin/cmake --install /home/bilal/trail_tracer/build/traethlin_description
[1.396s] -- Install configuration: ""
[1.396s] -- Installing: /home/bilal/trail_tracer/install/traethlin_description/share/traethlin_description/urdf
[1.396s] -- Installing: /home/bilal/trail_tracer/install/traethlin_description/share/traethlin_description/urdf/gazebo.material
[1.396s] -- Installing: /home/bilal/trail_tracer/install/traethlin_description/share/traethlin_description/urdf/traethlin_constants.xacro
[1.396s] -- Installing: /home/bilal/trail_tracer/install/traethlin_description/share/traethlin_description/urdf/traethlin.urdf.xacro
[1.396s] -- Installing: /home/bilal/trail_tracer/install/traethlin_description/share/traethlin_description/urdf/traethlin_shock_absorbers.xacro
[1.397s] -- Installing: /home/bilal/trail_tracer/install/traethlin_description/share/traethlin_description/urdf/traethlin.gazebo.xacro
[1.397s] -- Installing: /home/bilal/trail_tracer/install/traethlin_description/share/traethlin_description/urdf/traethlin_wheels.xacro
[1.397s] -- Installing: /home/bilal/trail_tracer/install/traethlin_description/share/traethlin_description/rviz
[1.397s] -- Installing: /home/bilal/trail_tracer/install/traethlin_description/share/traethlin_description/rviz/traethlin.rviz
[1.397s] -- Installing: /home/bilal/trail_tracer/install/traethlin_description/share/traethlin_description/launch
[1.398s] -- Installing: /home/bilal/trail_tracer/install/traethlin_description/share/traethlin_description/launch/description.launch.py
[1.398s] -- Installing: /home/bilal/trail_tracer/install/traethlin_description/share/traethlin_description/launch/gazebo.launch.py
[1.398s] -- Installing: /home/bilal/trail_tracer/install/traethlin_description/share/traethlin_description/worlds
[1.398s] -- Installing: /home/bilal/trail_tracer/install/traethlin_description/share/traethlin_description/worlds/traethlin.world
[1.398s] -- Installing: /home/bilal/trail_tracer/install/traethlin_description/share/traethlin_description/meshes
[1.399s] -- Installing: /home/bilal/trail_tracer/install/traethlin_description/share/traethlin_description/meshes/camera_assembly.stl
[1.399s] -- Installing: /home/bilal/trail_tracer/install/traethlin_description/share/traethlin_description/meshes/roverFrontWheelTextured.dae
[1.401s] -- Installing: /home/bilal/trail_tracer/install/traethlin_description/share/traethlin_description/meshes/roverRearWheelTextured.dae
[1.402s] -- Installing: /home/bilal/trail_tracer/install/traethlin_description/share/traethlin_description/meshes/rover.stl
[1.402s] -- Installing: /home/bilal/trail_tracer/install/traethlin_description/share/traethlin_description/meshes/chassis.stl
[1.403s] -- Installing: /home/bilal/trail_tracer/install/traethlin_description/share/traethlin_description/meshes/Wheel_Texture.jpg
[1.411s] -- Installing: /home/bilal/trail_tracer/install/traethlin_description/share/traethlin_description/meshes/roverFrontWheel.stl
[1.412s] -- Installing: /home/bilal/trail_tracer/install/traethlin_description/share/traethlin_description/meshes/wheel.stl
[1.419s] -- Installing: /home/bilal/trail_tracer/install/traethlin_description/share/traethlin_description/meshes/old_rover.stl
[1.419s] -- Installing: /home/bilal/trail_tracer/install/traethlin_description/share/traethlin_description/meshes/Vehicle_Texture.dae
[1.422s] -- Installing: /home/bilal/trail_tracer/install/traethlin_description/share/traethlin_description/meshes/roverRearWheel.stl
[1.422s] -- Installing: /home/bilal/trail_tracer/install/traethlin_description/share/ament_index/resource_index/package_run_dependencies/traethlin_description
[1.422s] -- Installing: /home/bilal/trail_tracer/install/traethlin_description/share/ament_index/resource_index/parent_prefix_path/traethlin_description
[1.422s] -- Installing: /home/bilal/trail_tracer/install/traethlin_description/share/traethlin_description/environment/ament_prefix_path.sh
[1.422s] -- Installing: /home/bilal/trail_tracer/install/traethlin_description/share/traethlin_description/environment/ament_prefix_path.dsv
[1.423s] -- Installing: /home/bilal/trail_tracer/install/traethlin_description/share/traethlin_description/environment/path.sh
[1.423s] -- Installing: /home/bilal/trail_tracer/install/traethlin_description/share/traethlin_description/environment/path.dsv
[1.423s] -- Installing: /home/bilal/trail_tracer/install/traethlin_description/share/traethlin_description/local_setup.bash
[1.423s] -- Installing: /home/bilal/trail_tracer/install/traethlin_description/share/traethlin_description/local_setup.sh
[1.423s] -- Installing: /home/bilal/trail_tracer/install/traethlin_description/share/traethlin_description/local_setup.zsh
[1.423s] -- Installing: /home/bilal/trail_tracer/install/traethlin_description/share/traethlin_description/local_setup.dsv
[1.424s] -- Installing: /home/bilal/trail_tracer/install/traethlin_description/share/traethlin_description/package.dsv
[1.424s] -- Installing: /home/bilal/trail_tracer/install/traethlin_description/share/ament_index/resource_index/packages/traethlin_description
[1.424s] -- Installing: /home/bilal/trail_tracer/install/traethlin_description/share/traethlin_description/cmake/traethlin_descriptionConfig.cmake
[1.424s] -- Installing: /home/bilal/trail_tracer/install/traethlin_description/share/traethlin_description/cmake/traethlin_descriptionConfig-version.cmake
[1.424s] -- Installing: /home/bilal/trail_tracer/install/traethlin_description/share/traethlin_description/package.xml
[1.429s] Invoked command in '/home/bilal/trail_tracer/build/traethlin_description' returned '0': CMAKE_PREFIX_PATH=${CMAKE_PREFIX_PATH}:/home/bilal/trail_tracer/install/web_gui:/home/bilal/learn_ros2_ws/install/web_gui:/home/bilal/learn_ros2_ws/install/nav2_simple_commander:/home/bilal/ros2_ws/install/web_gui:/home/bilal/ros2_ws/install/opencv_tools:/home/bilal/ros2_ws/install/biy1_ros360_py:/opt/ros/humble /usr/bin/cmake --install /home/bilal/trail_tracer/build/traethlin_description
