[0.113s] DEBUG:colcon:Command line arguments: ['/usr/bin/colcon', 'list', '-p', '--base-paths', '/home/bilal/trail_tracer']
[0.113s] DEBUG:colcon:Parsed command line arguments: Namespace(log_base=None, log_level=None, verb_name='list', build_base='build', ignore_user_meta=False, metas=['./colcon.meta'], base_paths=['/home/bilal/trail_tracer'], packages_ignore=None, packages_ignore_regex=None, paths=None, packages_up_to=None, packages_up_to_regex=None, packages_above=None, packages_above_and_dependencies=None, packages_above_depth=None, packages_select_by_dep=None, packages_skip_by_dep=None, packages_skip_up_to=None, packages_select_build_failed=False, packages_skip_build_finished=False, packages_select_test_failures=False, packages_skip_test_passed=False, packages_select=None, packages_skip=None, packages_select_regex=None, packages_skip_regex=None, packages_start=None, packages_end=None, allow_overriding=[], topological_order=False, names_only=False, paths_only=True, topological_graph=False, topological_graph_dot=False, topological_graph_density=False, topological_graph_legend=False, topological_graph_dot_cluster=False, topological_graph_dot_include_skipped=False, verb_parser=<colcon_defaults.argument_parser.defaults.DefaultArgumentsDecorator object at 0x76181fa92350>, verb_extension=<colcon_package_information.verb.list.ListVerb object at 0x76181fbff220>, main=<bound method ListVerb.main of <colcon_package_information.verb.list.ListVerb object at 0x76181fbff220>>)
[0.450s] Level 1:colcon.colcon_core.package_discovery:discover_packages(colcon_meta) check parameters
[0.450s] Level 1:colcon.colcon_core.package_discovery:discover_packages(recursive) check parameters
[0.450s] Level 1:colcon.colcon_core.package_discovery:discover_packages(ignore) check parameters
[0.450s] Level 1:colcon.colcon_core.package_discovery:discover_packages(path) check parameters
[0.450s] Level 1:colcon.colcon_core.package_discovery:discover_packages(recursive) discover
[0.450s] INFO:colcon.colcon_core.package_discovery:Crawling recursively for packages in '/home/bilal/trail_tracer'
[0.451s] Level 1:colcon.colcon_core.package_identification:_identify(/home/bilal/trail_tracer) by extensions ['ignore', 'ignore_ament_install']
[0.451s] Level 1:colcon.colcon_core.package_identification:_identify(/home/bilal/trail_tracer) by extension 'ignore'
[0.451s] Level 1:colcon.colcon_core.package_identification:_identify(/home/bilal/trail_tracer) by extension 'ignore_ament_install'
[0.451s] Level 1:colcon.colcon_core.package_identification:_identify(/home/bilal/trail_tracer) by extensions ['colcon_pkg']
[0.451s] Level 1:colcon.colcon_core.package_identification:_identify(/home/bilal/trail_tracer) by extension 'colcon_pkg'
[0.451s] Level 1:colcon.colcon_core.package_identification:_identify(/home/bilal/trail_tracer) by extensions ['colcon_meta']
[0.451s] Level 1:colcon.colcon_core.package_identification:_identify(/home/bilal/trail_tracer) by extension 'colcon_meta'
[0.451s] Level 1:colcon.colcon_core.package_identification:_identify(/home/bilal/trail_tracer) by extensions ['ros']
[0.451s] Level 1:colcon.colcon_core.package_identification:_identify(/home/bilal/trail_tracer) by extension 'ros'
[0.490s] Level 1:colcon.colcon_core.package_identification:_identify(/home/bilal/trail_tracer) by extensions ['cmake', 'python']
[0.490s] Level 1:colcon.colcon_core.package_identification:_identify(/home/bilal/trail_tracer) by extension 'cmake'
[0.490s] Level 1:colcon.colcon_core.package_identification:_identify(/home/bilal/trail_tracer) by extension 'python'
[0.491s] Level 1:colcon.colcon_core.package_identification:_identify(/home/bilal/trail_tracer) by extensions ['python_setup_py']
[0.491s] Level 1:colcon.colcon_core.package_identification:_identify(/home/bilal/trail_tracer) by extension 'python_setup_py'
[0.491s] Level 1:colcon.colcon_core.package_identification:_identify(/home/bilal/trail_tracer/build) by extensions ['ignore', 'ignore_ament_install']
[0.491s] Level 1:colcon.colcon_core.package_identification:_identify(/home/bilal/trail_tracer/build) by extension 'ignore'
[0.491s] Level 1:colcon.colcon_core.package_identification:_identify(/home/bilal/trail_tracer/build) ignored
[0.491s] Level 1:colcon.colcon_core.package_identification:_identify(/home/bilal/trail_tracer/install) by extensions ['ignore', 'ignore_ament_install']
[0.491s] Level 1:colcon.colcon_core.package_identification:_identify(/home/bilal/trail_tracer/install) by extension 'ignore'
[0.491s] Level 1:colcon.colcon_core.package_identification:_identify(/home/bilal/trail_tracer/install) ignored
[0.491s] Level 1:colcon.colcon_core.package_identification:_identify(/home/bilal/trail_tracer/log) by extensions ['ignore', 'ignore_ament_install']
[0.491s] Level 1:colcon.colcon_core.package_identification:_identify(/home/bilal/trail_tracer/log) by extension 'ignore'
[0.492s] Level 1:colcon.colcon_core.package_identification:_identify(/home/bilal/trail_tracer/log) ignored
[0.492s] Level 1:colcon.colcon_core.package_identification:_identify(/home/bilal/trail_tracer/src) by extensions ['ignore', 'ignore_ament_install']
[0.492s] Level 1:colcon.colcon_core.package_identification:_identify(/home/bilal/trail_tracer/src) by extension 'ignore'
[0.492s] Level 1:colcon.colcon_core.package_identification:_identify(/home/bilal/trail_tracer/src) by extension 'ignore_ament_install'
[0.492s] Level 1:colcon.colcon_core.package_identification:_identify(/home/bilal/trail_tracer/src) by extensions ['colcon_pkg']
[0.492s] Level 1:colcon.colcon_core.package_identification:_identify(/home/bilal/trail_tracer/src) by extension 'colcon_pkg'
[0.492s] Level 1:colcon.colcon_core.package_identification:_identify(/home/bilal/trail_tracer/src) by extensions ['colcon_meta']
[0.492s] Level 1:colcon.colcon_core.package_identification:_identify(/home/bilal/trail_tracer/src) by extension 'colcon_meta'
[0.492s] Level 1:colcon.colcon_core.package_identification:_identify(/home/bilal/trail_tracer/src) by extensions ['ros']
[0.492s] Level 1:colcon.colcon_core.package_identification:_identify(/home/bilal/trail_tracer/src) by extension 'ros'
[0.492s] Level 1:colcon.colcon_core.package_identification:_identify(/home/bilal/trail_tracer/src) by extensions ['cmake', 'python']
[0.492s] Level 1:colcon.colcon_core.package_identification:_identify(/home/bilal/trail_tracer/src) by extension 'cmake'
[0.492s] Level 1:colcon.colcon_core.package_identification:_identify(/home/bilal/trail_tracer/src) by extension 'python'
[0.492s] Level 1:colcon.colcon_core.package_identification:_identify(/home/bilal/trail_tracer/src) by extensions ['python_setup_py']
[0.492s] Level 1:colcon.colcon_core.package_identification:_identify(/home/bilal/trail_tracer/src) by extension 'python_setup_py'
[0.492s] Level 1:colcon.colcon_core.package_identification:_identify(/home/bilal/trail_tracer/src/argo_nav) by extensions ['ignore', 'ignore_ament_install']
[0.493s] Level 1:colcon.colcon_core.package_identification:_identify(/home/bilal/trail_tracer/src/argo_nav) by extension 'ignore'
[0.493s] Level 1:colcon.colcon_core.package_identification:_identify(/home/bilal/trail_tracer/src/argo_nav) by extension 'ignore_ament_install'
[0.493s] Level 1:colcon.colcon_core.package_identification:_identify(/home/bilal/trail_tracer/src/argo_nav) by extensions ['colcon_pkg']
[0.493s] Level 1:colcon.colcon_core.package_identification:_identify(/home/bilal/trail_tracer/src/argo_nav) by extension 'colcon_pkg'
[0.493s] Level 1:colcon.colcon_core.package_identification:_identify(/home/bilal/trail_tracer/src/argo_nav) by extensions ['colcon_meta']
[0.493s] Level 1:colcon.colcon_core.package_identification:_identify(/home/bilal/trail_tracer/src/argo_nav) by extension 'colcon_meta'
[0.493s] Level 1:colcon.colcon_core.package_identification:_identify(/home/bilal/trail_tracer/src/argo_nav) by extensions ['ros']
[0.493s] Level 1:colcon.colcon_core.package_identification:_identify(/home/bilal/trail_tracer/src/argo_nav) by extension 'ros'
[0.496s] DEBUG:colcon.colcon_core.package_identification:Package '/home/bilal/trail_tracer/src/argo_nav' with type 'ros.ament_cmake' and name 'argo_nav'
[0.496s] Level 1:colcon.colcon_core.package_identification:_identify(/home/bilal/trail_tracer/src/argo_sim) by extensions ['ignore', 'ignore_ament_install']
[0.496s] Level 1:colcon.colcon_core.package_identification:_identify(/home/bilal/trail_tracer/src/argo_sim) by extension 'ignore'
[0.496s] Level 1:colcon.colcon_core.package_identification:_identify(/home/bilal/trail_tracer/src/argo_sim) by extension 'ignore_ament_install'
[0.496s] Level 1:colcon.colcon_core.package_identification:_identify(/home/bilal/trail_tracer/src/argo_sim) by extensions ['colcon_pkg']
[0.496s] Level 1:colcon.colcon_core.package_identification:_identify(/home/bilal/trail_tracer/src/argo_sim) by extension 'colcon_pkg'
[0.496s] Level 1:colcon.colcon_core.package_identification:_identify(/home/bilal/trail_tracer/src/argo_sim) by extensions ['colcon_meta']
[0.496s] Level 1:colcon.colcon_core.package_identification:_identify(/home/bilal/trail_tracer/src/argo_sim) by extension 'colcon_meta'
[0.496s] Level 1:colcon.colcon_core.package_identification:_identify(/home/bilal/trail_tracer/src/argo_sim) by extensions ['ros']
[0.496s] Level 1:colcon.colcon_core.package_identification:_identify(/home/bilal/trail_tracer/src/argo_sim) by extension 'ros'
[0.497s] DEBUG:colcon.colcon_core.package_identification:Package '/home/bilal/trail_tracer/src/argo_sim' with type 'ros.ament_cmake' and name 'argo_sim'
[0.497s] Level 1:colcon.colcon_core.package_identification:_identify(/home/bilal/trail_tracer/src/biy1_ros360_cpp) by extensions ['ignore', 'ignore_ament_install']
[0.497s] Level 1:colcon.colcon_core.package_identification:_identify(/home/bilal/trail_tracer/src/biy1_ros360_cpp) by extension 'ignore'
[0.497s] Level 1:colcon.colcon_core.package_identification:_identify(/home/bilal/trail_tracer/src/biy1_ros360_cpp) by extension 'ignore_ament_install'
[0.497s] Level 1:colcon.colcon_core.package_identification:_identify(/home/bilal/trail_tracer/src/biy1_ros360_cpp) by extensions ['colcon_pkg']
[0.497s] Level 1:colcon.colcon_core.package_identification:_identify(/home/bilal/trail_tracer/src/biy1_ros360_cpp) by extension 'colcon_pkg'
[0.497s] Level 1:colcon.colcon_core.package_identification:_identify(/home/bilal/trail_tracer/src/biy1_ros360_cpp) by extensions ['colcon_meta']
[0.497s] Level 1:colcon.colcon_core.package_identification:_identify(/home/bilal/trail_tracer/src/biy1_ros360_cpp) by extension 'colcon_meta'
[0.497s] Level 1:colcon.colcon_core.package_identification:_identify(/home/bilal/trail_tracer/src/biy1_ros360_cpp) by extensions ['ros']
[0.497s] Level 1:colcon.colcon_core.package_identification:_identify(/home/bilal/trail_tracer/src/biy1_ros360_cpp) by extension 'ros'
[0.498s] DEBUG:colcon.colcon_core.package_identification:Package '/home/bilal/trail_tracer/src/biy1_ros360_cpp' with type 'ros.ament_cmake' and name 'biy1_ros360_cpp'
[0.498s] Level 1:colcon.colcon_core.package_identification:_identify(/home/bilal/trail_tracer/src/gazebo_ros_ackermann_drive_4wd) by extensions ['ignore', 'ignore_ament_install']
[0.498s] Level 1:colcon.colcon_core.package_identification:_identify(/home/bilal/trail_tracer/src/gazebo_ros_ackermann_drive_4wd) by extension 'ignore'
[0.498s] Level 1:colcon.colcon_core.package_identification:_identify(/home/bilal/trail_tracer/src/gazebo_ros_ackermann_drive_4wd) by extension 'ignore_ament_install'
[0.499s] Level 1:colcon.colcon_core.package_identification:_identify(/home/bilal/trail_tracer/src/gazebo_ros_ackermann_drive_4wd) by extensions ['colcon_pkg']
[0.499s] Level 1:colcon.colcon_core.package_identification:_identify(/home/bilal/trail_tracer/src/gazebo_ros_ackermann_drive_4wd) by extension 'colcon_pkg'
[0.499s] Level 1:colcon.colcon_core.package_identification:_identify(/home/bilal/trail_tracer/src/gazebo_ros_ackermann_drive_4wd) by extensions ['colcon_meta']
[0.499s] Level 1:colcon.colcon_core.package_identification:_identify(/home/bilal/trail_tracer/src/gazebo_ros_ackermann_drive_4wd) by extension 'colcon_meta'
[0.499s] Level 1:colcon.colcon_core.package_identification:_identify(/home/bilal/trail_tracer/src/gazebo_ros_ackermann_drive_4wd) by extensions ['ros']
[0.499s] Level 1:colcon.colcon_core.package_identification:_identify(/home/bilal/trail_tracer/src/gazebo_ros_ackermann_drive_4wd) by extension 'ros'
[0.500s] DEBUG:colcon.colcon_core.package_identification:Package '/home/bilal/trail_tracer/src/gazebo_ros_ackermann_drive_4wd' with type 'ros.ament_cmake' and name 'gazebo_ros_ackermann_drive_4wd'
[0.500s] Level 1:colcon.colcon_core.package_identification:_identify(/home/bilal/trail_tracer/src/gazebo_ros_skid_steer_drive_6w) by extensions ['ignore', 'ignore_ament_install']
[0.500s] Level 1:colcon.colcon_core.package_identification:_identify(/home/bilal/trail_tracer/src/gazebo_ros_skid_steer_drive_6w) by extension 'ignore'
[0.500s] Level 1:colcon.colcon_core.package_identification:_identify(/home/bilal/trail_tracer/src/gazebo_ros_skid_steer_drive_6w) by extension 'ignore_ament_install'
[0.500s] Level 1:colcon.colcon_core.package_identification:_identify(/home/bilal/trail_tracer/src/gazebo_ros_skid_steer_drive_6w) by extensions ['colcon_pkg']
[0.500s] Level 1:colcon.colcon_core.package_identification:_identify(/home/bilal/trail_tracer/src/gazebo_ros_skid_steer_drive_6w) by extension 'colcon_pkg'
[0.500s] Level 1:colcon.colcon_core.package_identification:_identify(/home/bilal/trail_tracer/src/gazebo_ros_skid_steer_drive_6w) by extensions ['colcon_meta']
[0.500s] Level 1:colcon.colcon_core.package_identification:_identify(/home/bilal/trail_tracer/src/gazebo_ros_skid_steer_drive_6w) by extension 'colcon_meta'
[0.500s] Level 1:colcon.colcon_core.package_identification:_identify(/home/bilal/trail_tracer/src/gazebo_ros_skid_steer_drive_6w) by extensions ['ros']
[0.500s] Level 1:colcon.colcon_core.package_identification:_identify(/home/bilal/trail_tracer/src/gazebo_ros_skid_steer_drive_6w) by extension 'ros'
[0.502s] DEBUG:colcon.colcon_core.package_identification:Package '/home/bilal/trail_tracer/src/gazebo_ros_skid_steer_drive_6w' with type 'ros.ament_cmake' and name 'gazebo_ros_skid_steer_drive_6w'
[0.502s] Level 1:colcon.colcon_core.package_identification:_identify(/home/bilal/trail_tracer/src/gps_to_utm_converter_cpp) by extensions ['ignore', 'ignore_ament_install']
[0.502s] Level 1:colcon.colcon_core.package_identification:_identify(/home/bilal/trail_tracer/src/gps_to_utm_converter_cpp) by extension 'ignore'
[0.502s] Level 1:colcon.colcon_core.package_identification:_identify(/home/bilal/trail_tracer/src/gps_to_utm_converter_cpp) by extension 'ignore_ament_install'
[0.502s] Level 1:colcon.colcon_core.package_identification:_identify(/home/bilal/trail_tracer/src/gps_to_utm_converter_cpp) by extensions ['colcon_pkg']
[0.502s] Level 1:colcon.colcon_core.package_identification:_identify(/home/bilal/trail_tracer/src/gps_to_utm_converter_cpp) by extension 'colcon_pkg'
[0.502s] Level 1:colcon.colcon_core.package_identification:_identify(/home/bilal/trail_tracer/src/gps_to_utm_converter_cpp) by extensions ['colcon_meta']
[0.502s] Level 1:colcon.colcon_core.package_identification:_identify(/home/bilal/trail_tracer/src/gps_to_utm_converter_cpp) by extension 'colcon_meta'
[0.502s] Level 1:colcon.colcon_core.package_identification:_identify(/home/bilal/trail_tracer/src/gps_to_utm_converter_cpp) by extensions ['ros']
[0.502s] Level 1:colcon.colcon_core.package_identification:_identify(/home/bilal/trail_tracer/src/gps_to_utm_converter_cpp) by extension 'ros'
[0.503s] DEBUG:colcon.colcon_core.package_identification:Package '/home/bilal/trail_tracer/src/gps_to_utm_converter_cpp' with type 'ros.ament_cmake' and name 'gps_to_utm_converter_cpp'
[0.503s] Level 1:colcon.colcon_core.package_identification:_identify(/home/bilal/trail_tracer/src/traethlin_description) by extensions ['ignore', 'ignore_ament_install']
[0.503s] Level 1:colcon.colcon_core.package_identification:_identify(/home/bilal/trail_tracer/src/traethlin_description) by extension 'ignore'
[0.503s] Level 1:colcon.colcon_core.package_identification:_identify(/home/bilal/trail_tracer/src/traethlin_description) by extension 'ignore_ament_install'
[0.503s] Level 1:colcon.colcon_core.package_identification:_identify(/home/bilal/trail_tracer/src/traethlin_description) by extensions ['colcon_pkg']
[0.503s] Level 1:colcon.colcon_core.package_identification:_identify(/home/bilal/trail_tracer/src/traethlin_description) by extension 'colcon_pkg'
[0.503s] Level 1:colcon.colcon_core.package_identification:_identify(/home/bilal/trail_tracer/src/traethlin_description) by extensions ['colcon_meta']
[0.503s] Level 1:colcon.colcon_core.package_identification:_identify(/home/bilal/trail_tracer/src/traethlin_description) by extension 'colcon_meta'
[0.504s] Level 1:colcon.colcon_core.package_identification:_identify(/home/bilal/trail_tracer/src/traethlin_description) by extensions ['ros']
[0.504s] Level 1:colcon.colcon_core.package_identification:_identify(/home/bilal/trail_tracer/src/traethlin_description) by extension 'ros'
[0.504s] DEBUG:colcon.colcon_core.package_identification:Package '/home/bilal/trail_tracer/src/traethlin_description' with type 'ros.ament_cmake' and name 'traethlin_description'
[0.504s] Level 1:colcon.colcon_core.package_identification:_identify(/home/bilal/trail_tracer/src/web_gui) by extensions ['ignore', 'ignore_ament_install']
[0.504s] Level 1:colcon.colcon_core.package_identification:_identify(/home/bilal/trail_tracer/src/web_gui) by extension 'ignore'
[0.504s] Level 1:colcon.colcon_core.package_identification:_identify(/home/bilal/trail_tracer/src/web_gui) by extension 'ignore_ament_install'
[0.504s] Level 1:colcon.colcon_core.package_identification:_identify(/home/bilal/trail_tracer/src/web_gui) by extensions ['colcon_pkg']
[0.504s] Level 1:colcon.colcon_core.package_identification:_identify(/home/bilal/trail_tracer/src/web_gui) by extension 'colcon_pkg'
[0.504s] Level 1:colcon.colcon_core.package_identification:_identify(/home/bilal/trail_tracer/src/web_gui) by extensions ['colcon_meta']
[0.505s] Level 1:colcon.colcon_core.package_identification:_identify(/home/bilal/trail_tracer/src/web_gui) by extension 'colcon_meta'
[0.505s] Level 1:colcon.colcon_core.package_identification:_identify(/home/bilal/trail_tracer/src/web_gui) by extensions ['ros']
[0.505s] Level 1:colcon.colcon_core.package_identification:_identify(/home/bilal/trail_tracer/src/web_gui) by extension 'ros'
[0.505s] DEBUG:colcon.colcon_core.package_identification:Package '/home/bilal/trail_tracer/src/web_gui' with type 'ros.ament_python' and name 'web_gui'
[0.505s] Level 1:colcon.colcon_core.package_identification:_identify(/home/bilal/trail_tracer/trails) by extensions ['ignore', 'ignore_ament_install']
[0.505s] Level 1:colcon.colcon_core.package_identification:_identify(/home/bilal/trail_tracer/trails) by extension 'ignore'
[0.505s] Level 1:colcon.colcon_core.package_identification:_identify(/home/bilal/trail_tracer/trails) by extension 'ignore_ament_install'
[0.506s] Level 1:colcon.colcon_core.package_identification:_identify(/home/bilal/trail_tracer/trails) by extensions ['colcon_pkg']
[0.506s] Level 1:colcon.colcon_core.package_identification:_identify(/home/bilal/trail_tracer/trails) by extension 'colcon_pkg'
[0.506s] Level 1:colcon.colcon_core.package_identification:_identify(/home/bilal/trail_tracer/trails) by extensions ['colcon_meta']
[0.506s] Level 1:colcon.colcon_core.package_identification:_identify(/home/bilal/trail_tracer/trails) by extension 'colcon_meta'
[0.506s] Level 1:colcon.colcon_core.package_identification:_identify(/home/bilal/trail_tracer/trails) by extensions ['ros']
[0.506s] Level 1:colcon.colcon_core.package_identification:_identify(/home/bilal/trail_tracer/trails) by extension 'ros'
[0.506s] Level 1:colcon.colcon_core.package_identification:_identify(/home/bilal/trail_tracer/trails) by extensions ['cmake', 'python']
[0.506s] Level 1:colcon.colcon_core.package_identification:_identify(/home/bilal/trail_tracer/trails) by extension 'cmake'
[0.506s] Level 1:colcon.colcon_core.package_identification:_identify(/home/bilal/trail_tracer/trails) by extension 'python'
[0.506s] Level 1:colcon.colcon_core.package_identification:_identify(/home/bilal/trail_tracer/trails) by extensions ['python_setup_py']
[0.506s] Level 1:colcon.colcon_core.package_identification:_identify(/home/bilal/trail_tracer/trails) by extension 'python_setup_py'
[0.506s] Level 1:colcon.colcon_core.package_discovery:discover_packages(recursive) using defaults
