[0.066s] Invoking command in '/home/bilal/trail_tracer/build/argo_nav': CMAKE_PREFIX_PATH=${CMAKE_PREFIX_PATH}:/home/bilal/trail_tracer/install/web_gui:/home/bilal/trail_tracer/install/nav2_simple_commander:/home/bilal/learn_ros2_ws/install/web_gui:/home/bilal/learn_ros2_ws/install/nav2_simple_commander:/home/bilal/ros2_ws/install/web_gui:/home/bilal/ros2_ws/install/opencv_tools:/home/bilal/ros2_ws/install/biy1_ros360_py:/opt/ros/humble /usr/bin/cmake --build /home/bilal/trail_tracer/build/argo_nav -- -j12 -l12
[0.586s] Invoked command in '/home/bilal/trail_tracer/build/argo_nav' returned '0': CMAKE_PREFIX_PATH=${CMAKE_PREFIX_PATH}:/home/bilal/trail_tracer/install/web_gui:/home/bilal/trail_tracer/install/nav2_simple_commander:/home/bilal/learn_ros2_ws/install/web_gui:/home/bilal/learn_ros2_ws/install/nav2_simple_commander:/home/bilal/ros2_ws/install/web_gui:/home/bilal/ros2_ws/install/opencv_tools:/home/bilal/ros2_ws/install/biy1_ros360_py:/opt/ros/humble /usr/bin/cmake --build /home/bilal/trail_tracer/build/argo_nav -- -j12 -l12
[0.701s] Invoking command in '/home/bilal/trail_tracer/build/argo_nav': CMAKE_PREFIX_PATH=${CMAKE_PREFIX_PATH}:/home/bilal/trail_tracer/install/web_gui:/home/bilal/trail_tracer/install/nav2_simple_commander:/home/bilal/learn_ros2_ws/install/web_gui:/home/bilal/learn_ros2_ws/install/nav2_simple_commander:/home/bilal/ros2_ws/install/web_gui:/home/bilal/ros2_ws/install/opencv_tools:/home/bilal/ros2_ws/install/biy1_ros360_py:/opt/ros/humble /usr/bin/cmake --install /home/bilal/trail_tracer/build/argo_nav
[0.724s] -- Install configuration: ""
[0.725s] -- Up-to-date: /home/bilal/trail_tracer/install/argo_nav/share/argo_nav/launch
[0.725s] -- Up-to-date: /home/bilal/trail_tracer/install/argo_nav/share/argo_nav/launch/nav.launch.py
[0.725s] -- Up-to-date: /home/bilal/trail_tracer/install/argo_nav/share/argo_nav/config
[0.725s] -- Up-to-date: /home/bilal/trail_tracer/install/argo_nav/share/argo_nav/config/nav2_no_map_params.yaml
[0.725s] -- Up-to-date: /home/bilal/trail_tracer/install/argo_nav/share/ament_index/resource_index/package_run_dependencies/argo_nav
[0.725s] -- Up-to-date: /home/bilal/trail_tracer/install/argo_nav/share/ament_index/resource_index/parent_prefix_path/argo_nav
[0.725s] -- Up-to-date: /home/bilal/trail_tracer/install/argo_nav/share/argo_nav/environment/ament_prefix_path.sh
[0.726s] -- Up-to-date: /home/bilal/trail_tracer/install/argo_nav/share/argo_nav/environment/ament_prefix_path.dsv
[0.726s] -- Up-to-date: /home/bilal/trail_tracer/install/argo_nav/share/argo_nav/environment/path.sh
[0.726s] -- Up-to-date: /home/bilal/trail_tracer/install/argo_nav/share/argo_nav/environment/path.dsv
[0.726s] -- Up-to-date: /home/bilal/trail_tracer/install/argo_nav/share/argo_nav/local_setup.bash
[0.726s] -- Up-to-date: /home/bilal/trail_tracer/install/argo_nav/share/argo_nav/local_setup.sh
[0.726s] -- Up-to-date: /home/bilal/trail_tracer/install/argo_nav/share/argo_nav/local_setup.zsh
[0.726s] -- Up-to-date: /home/bilal/trail_tracer/install/argo_nav/share/argo_nav/local_setup.dsv
[0.727s] -- Installing: /home/bilal/trail_tracer/install/argo_nav/share/argo_nav/package.dsv
[0.727s] -- Up-to-date: /home/bilal/trail_tracer/install/argo_nav/share/ament_index/resource_index/packages/argo_nav
[0.727s] -- Up-to-date: /home/bilal/trail_tracer/install/argo_nav/share/argo_nav/cmake/argo_navConfig.cmake
[0.727s] -- Up-to-date: /home/bilal/trail_tracer/install/argo_nav/share/argo_nav/cmake/argo_navConfig-version.cmake
[0.727s] -- Up-to-date: /home/bilal/trail_tracer/install/argo_nav/share/argo_nav/package.xml
[0.727s] Invoked command in '/home/bilal/trail_tracer/build/argo_nav' returned '0': CMAKE_PREFIX_PATH=${CMAKE_PREFIX_PATH}:/home/bilal/trail_tracer/install/web_gui:/home/bilal/trail_tracer/install/nav2_simple_commander:/home/bilal/learn_ros2_ws/install/web_gui:/home/bilal/learn_ros2_ws/install/nav2_simple_commander:/home/bilal/ros2_ws/install/web_gui:/home/bilal/ros2_ws/install/opencv_tools:/home/bilal/ros2_ws/install/biy1_ros360_py:/opt/ros/humble /usr/bin/cmake --install /home/bilal/trail_tracer/build/argo_nav
