[  0%] Built target nav2_msgs__cpp
[ 12%] Built target nav2_msgs__rosidl_generator_c
[ 12%] Built target ament_cmake_python_copy_nav2_msgs
[ 25%] Built target nav2_msgs__rosidl_typesupport_introspection_c
[ 40%] Built target nav2_msgs__rosidl_typesupport_c
[ 49%] Built target nav2_msgs__rosidl_typesupport_cpp
[ 62%] Built target nav2_msgs__rosidl_typesupport_fastrtps_cpp
[ 73%] Built target nav2_msgs__rosidl_typesupport_fastrtps_c
[ 86%] Built target nav2_msgs__rosidl_typesupport_introspection_cpp
[ 86%] Built target nav2_msgs
[ 86%] Built target nav2_msgs__py
[ 98%] Built target nav2_msgs__rosidl_generator_py
[100%] Built target nav2_msgs__rosidl_typesupport_c__pyext
[100%] Built target nav2_msgs__rosidl_typesupport_introspection_c__pyext
[100%] Built target nav2_msgs__rosidl_typesupport_fastrtps_c__pyext
running egg_info
writing nav2_msgs.egg-info/PKG-INFO
writing dependency_links to nav2_msgs.egg-info/dependency_links.txt
writing top-level names to nav2_msgs.egg-info/top_level.txt
reading manifest file 'nav2_msgs.egg-info/SOURCES.txt'
writing manifest file 'nav2_msgs.egg-info/SOURCES.txt'
[100%] Built target ament_cmake_python_build_nav2_msgs_egg
