[0.029s] Invoking command in '/home/bilal/trail_tracer/build/trail_tracer': CMAKE_PREFIX_PATH=${CMAKE_PREFIX_PATH}:/home/bilal/trail_tracer/install/web_gui:/home/bilal/learn_ros2_ws/install/web_gui:/home/bilal/learn_ros2_ws/install/nav2_simple_commander:/home/bilal/ros2_ws/install/web_gui:/home/bilal/ros2_ws/install/opencv_tools:/home/bilal/ros2_ws/install/biy1_ros360_py:/opt/ros/humble /usr/bin/cmake /home/bilal/trail_tracer/src/trail_tracer -DCMAKE_INSTALL_PREFIX=/home/bilal/trail_tracer/install/trail_tracer
[0.119s] -- The C compiler identification is GNU 11.4.0
[0.194s] -- The CXX compiler identification is GNU 11.4.0
[0.204s] -- Detecting C compiler ABI info
[0.326s] -- Detecting C compiler ABI info - done
[0.343s] -- Check for working C compiler: /usr/bin/cc - skipped
[0.343s] -- Detecting C compile features
[0.343s] -- Detecting C compile features - done
[0.345s] -- Detecting CXX compiler ABI info
[0.539s] -- Detecting CXX compiler ABI info - done
[0.548s] -- Check for working CXX compiler: /usr/bin/c++ - skipped
[0.548s] -- Detecting CXX compile features
[0.548s] -- Detecting CXX compile features - done
[0.562s] -- Found ament_cmake: 1.3.8 (/opt/ros/humble/share/ament_cmake/cmake)
[0.813s] -- Found Python3: /usr/bin/python3 (found version "3.10.12") found components: Interpreter 
[1.052s] -- Found rclcpp: 16.0.8 (/opt/ros/humble/share/rclcpp/cmake)
[1.189s] -- Found rosidl_generator_c: 3.1.5 (/opt/ros/humble/share/rosidl_generator_c/cmake)
[1.211s] -- Found rosidl_adapter: 3.1.5 (/opt/ros/humble/share/rosidl_adapter/cmake)
[1.235s] -- Found rosidl_generator_cpp: 3.1.5 (/opt/ros/humble/share/rosidl_generator_cpp/cmake)
[1.267s] -- Using all available rosidl_typesupport_c: rosidl_typesupport_fastrtps_c;rosidl_typesupport_introspection_c
[1.312s] -- Using all available rosidl_typesupport_cpp: rosidl_typesupport_fastrtps_cpp;rosidl_typesupport_introspection_cpp
[1.483s] -- Found rmw_implementation_cmake: 6.1.1 (/opt/ros/humble/share/rmw_implementation_cmake/cmake)
[1.498s] -- Found rmw_fastrtps_cpp: 6.2.6 (/opt/ros/humble/share/rmw_fastrtps_cpp/cmake)
[1.697s] -- Found OpenSSL: /usr/lib/x86_64-linux-gnu/libcrypto.so (found version "3.0.2")  
[1.751s] -- Found FastRTPS: /opt/ros/humble/include  
[1.826s] -- Using RMW implementation 'rmw_fastrtps_cpp' as default
[1.860s] -- Looking for pthread.h
[1.960s] -- Looking for pthread.h - found
[1.960s] -- Performing Test CMAKE_HAVE_LIBC_PTHREAD
[2.057s] -- Performing Test CMAKE_HAVE_LIBC_PTHREAD - Success
[2.057s] -- Found Threads: TRUE  
[2.230s] -- Found geometry_msgs: 4.2.3 (/opt/ros/humble/share/geometry_msgs/cmake)
[2.272s] -- Found sensor_msgs: 4.2.3 (/opt/ros/humble/share/sensor_msgs/cmake)
[2.342s] -- Found tf2_geometry_msgs: 0.25.6 (/opt/ros/humble/share/tf2_geometry_msgs/cmake)
[2.383s] -- Found eigen3_cmake_module: 0.1.1 (/opt/ros/humble/share/eigen3_cmake_module/cmake)
[2.384s] -- Found Eigen3: TRUE (found version "3.4.0") 
[2.384s] -- Ensuring Eigen3 include directory is part of orocos-kdl CMake target
[2.744s] -- Found GeographicLib: /usr/lib/x86_64-linux-gnu  
[2.749s] -- Found nav2_msgs: 1.1.13 (/home/bilal/learn_ros2_ws/install/nav2_msgs/share/nav2_msgs/cmake)
[3.022s] -- Found ament_lint_auto: 0.12.10 (/opt/ros/humble/share/ament_lint_auto/cmake)
[3.171s] -- Added test 'cppcheck' to perform static code analysis on C / C++ code
[3.172s] -- Configured cppcheck include dirs: $<BUILD_INTERFACE:/home/bilal/trail_tracer/src/trail_tracer/include>
[3.172s] -- Configured cppcheck exclude dirs and/or files: 
[3.174s] -- Added test 'lint_cmake' to check CMake code style
[3.177s] -- Added test 'uncrustify' to check C / C++ code style
[3.177s] -- Configured uncrustify additional arguments: 
[3.178s] -- Added test 'xmllint' to check XML markup files
[3.182s] -- Configuring done
[3.207s] -- Generating done
[3.209s] -- Build files have been written to: /home/bilal/trail_tracer/build/trail_tracer
[3.225s] Invoked command in '/home/bilal/trail_tracer/build/trail_tracer' returned '0': CMAKE_PREFIX_PATH=${CMAKE_PREFIX_PATH}:/home/bilal/trail_tracer/install/web_gui:/home/bilal/learn_ros2_ws/install/web_gui:/home/bilal/learn_ros2_ws/install/nav2_simple_commander:/home/bilal/ros2_ws/install/web_gui:/home/bilal/ros2_ws/install/opencv_tools:/home/bilal/ros2_ws/install/biy1_ros360_py:/opt/ros/humble /usr/bin/cmake /home/bilal/trail_tracer/src/trail_tracer -DCMAKE_INSTALL_PREFIX=/home/bilal/trail_tracer/install/trail_tracer
[3.226s] Invoking command in '/home/bilal/trail_tracer/build/trail_tracer': CMAKE_PREFIX_PATH=${CMAKE_PREFIX_PATH}:/home/bilal/trail_tracer/install/web_gui:/home/bilal/learn_ros2_ws/install/web_gui:/home/bilal/learn_ros2_ws/install/nav2_simple_commander:/home/bilal/ros2_ws/install/web_gui:/home/bilal/ros2_ws/install/opencv_tools:/home/bilal/ros2_ws/install/biy1_ros360_py:/opt/ros/humble /usr/bin/cmake --build /home/bilal/trail_tracer/build/trail_tracer -- -j12 -l12
[3.314s] [ 16%] [32mBuilding CXX object CMakeFiles/trail_tracer.dir/src/trail_tracer.cpp.o[0m
[3.314s] [ 33%] [32mBuilding CXX object CMakeFiles/nav2.dir/src/nav2.cpp.o[0m
[3.315s] [ 50%] [32mBuilding CXX object CMakeFiles/polishedCode.dir/src/polishedCode.cpp.o[0m
[7.589s] [ 66%] [32m[1mLinking CXX executable nav2[0m
[7.814s] [ 66%] Built target nav2
[20.477s] [ 83%] [32m[1mLinking CXX executable trail_tracer[0m
[21.616s] [ 83%] Built target trail_tracer
[28.078s] [100%] [32m[1mLinking CXX executable polishedCode[0m
[29.327s] [100%] Built target polishedCode
[29.343s] Invoked command in '/home/bilal/trail_tracer/build/trail_tracer' returned '0': CMAKE_PREFIX_PATH=${CMAKE_PREFIX_PATH}:/home/bilal/trail_tracer/install/web_gui:/home/bilal/learn_ros2_ws/install/web_gui:/home/bilal/learn_ros2_ws/install/nav2_simple_commander:/home/bilal/ros2_ws/install/web_gui:/home/bilal/ros2_ws/install/opencv_tools:/home/bilal/ros2_ws/install/biy1_ros360_py:/opt/ros/humble /usr/bin/cmake --build /home/bilal/trail_tracer/build/trail_tracer -- -j12 -l12
[29.405s] Invoking command in '/home/bilal/trail_tracer/build/trail_tracer': CMAKE_PREFIX_PATH=${CMAKE_PREFIX_PATH}:/home/bilal/trail_tracer/install/web_gui:/home/bilal/learn_ros2_ws/install/web_gui:/home/bilal/learn_ros2_ws/install/nav2_simple_commander:/home/bilal/ros2_ws/install/web_gui:/home/bilal/ros2_ws/install/opencv_tools:/home/bilal/ros2_ws/install/biy1_ros360_py:/opt/ros/humble /usr/bin/cmake --install /home/bilal/trail_tracer/build/trail_tracer
[29.417s] -- Install configuration: ""
[29.418s] -- Installing: /home/bilal/trail_tracer/install/trail_tracer/lib/trail_tracer/trail_tracer
[29.430s] -- Set runtime path of "/home/bilal/trail_tracer/install/trail_tracer/lib/trail_tracer/trail_tracer" to ""
[29.430s] -- Installing: /home/bilal/trail_tracer/install/trail_tracer/lib/trail_tracer/nav2
[29.432s] -- Set runtime path of "/home/bilal/trail_tracer/install/trail_tracer/lib/trail_tracer/nav2" to ""
[29.432s] -- Installing: /home/bilal/trail_tracer/install/trail_tracer/lib/trail_tracer/polishedCode
[29.451s] -- Set runtime path of "/home/bilal/trail_tracer/install/trail_tracer/lib/trail_tracer/polishedCode" to ""
[29.451s] -- Installing: /home/bilal/trail_tracer/install/trail_tracer/share/ament_index/resource_index/package_run_dependencies/trail_tracer
[29.451s] -- Installing: /home/bilal/trail_tracer/install/trail_tracer/share/ament_index/resource_index/parent_prefix_path/trail_tracer
[29.452s] -- Installing: /home/bilal/trail_tracer/install/trail_tracer/share/trail_tracer/environment/ament_prefix_path.sh
[29.452s] -- Installing: /home/bilal/trail_tracer/install/trail_tracer/share/trail_tracer/environment/ament_prefix_path.dsv
[29.452s] -- Installing: /home/bilal/trail_tracer/install/trail_tracer/share/trail_tracer/environment/path.sh
[29.452s] -- Installing: /home/bilal/trail_tracer/install/trail_tracer/share/trail_tracer/environment/path.dsv
[29.452s] -- Installing: /home/bilal/trail_tracer/install/trail_tracer/share/trail_tracer/local_setup.bash
[29.452s] -- Installing: /home/bilal/trail_tracer/install/trail_tracer/share/trail_tracer/local_setup.sh
[29.453s] -- Installing: /home/bilal/trail_tracer/install/trail_tracer/share/trail_tracer/local_setup.zsh
[29.453s] -- Installing: /home/bilal/trail_tracer/install/trail_tracer/share/trail_tracer/local_setup.dsv
[29.453s] -- Installing: /home/bilal/trail_tracer/install/trail_tracer/share/trail_tracer/package.dsv
[29.453s] -- Installing: /home/bilal/trail_tracer/install/trail_tracer/share/ament_index/resource_index/packages/trail_tracer
[29.453s] -- Installing: /home/bilal/trail_tracer/install/trail_tracer/share/trail_tracer/cmake/trail_tracerConfig.cmake
[29.453s] -- Installing: /home/bilal/trail_tracer/install/trail_tracer/share/trail_tracer/cmake/trail_tracerConfig-version.cmake
[29.454s] -- Installing: /home/bilal/trail_tracer/install/trail_tracer/share/trail_tracer/package.xml
[29.456s] Invoked command in '/home/bilal/trail_tracer/build/trail_tracer' returned '0': CMAKE_PREFIX_PATH=${CMAKE_PREFIX_PATH}:/home/bilal/trail_tracer/install/web_gui:/home/bilal/learn_ros2_ws/install/web_gui:/home/bilal/learn_ros2_ws/install/nav2_simple_commander:/home/bilal/ros2_ws/install/web_gui:/home/bilal/ros2_ws/install/opencv_tools:/home/bilal/ros2_ws/install/biy1_ros360_py:/opt/ros/humble /usr/bin/cmake --install /home/bilal/trail_tracer/build/trail_tracer
