[0.000000] (-) TimerEvent: {}
[0.000368] (-) JobUnselected: {'identifier': 'argo_nav'}
[0.000414] (-) JobUnselected: {'identifier': 'argo_sim'}
[0.000579] (-) JobUnselected: {'identifier': 'gazebo_ros_ackermann_drive_4wd'}
[0.000635] (-) JobUnselected: {'identifier': 'gazebo_ros_skid_steer_drive_6w'}
[0.000649] (-) JobUnselected: {'identifier': 'gps_to_utm_converter_cpp'}
[0.000661] (-) JobUnselected: {'identifier': 'traethlin_description'}
[0.000672] (-) JobUnselected: {'identifier': 'web_gui'}
[0.000685] (biy1_ros360_cpp) JobQueued: {'identifier': 'biy1_ros360_cpp', 'dependencies': OrderedDict()}
[0.000701] (biy1_ros360_cpp) JobStarted: {'identifier': 'biy1_ros360_cpp'}
[0.013595] (biy1_ros360_cpp) JobProgress: {'identifier': 'biy1_ros360_cpp', 'progress': 'cmake'}
[0.013970] (biy1_ros360_cpp) JobProgress: {'identifier': 'biy1_ros360_cpp', 'progress': 'build'}
[0.014536] (biy1_ros360_cpp) Command: {'cmd': ['/usr/bin/cmake', '--build', '/home/bilal/trail_tracer/build/biy1_ros360_cpp', '--', '-j12', '-l12'], 'cwd': '/home/bilal/trail_tracer/build/biy1_ros360_cpp', 'env': OrderedDict([('LANGUAGE', 'en_GB:en'), ('USER', 'bilal'), ('XDG_SESSION_TYPE', 'x11'), ('SHLVL', '1'), ('LD_LIBRARY_PATH', '/home/bilal/trail_tracer/install/gazebo_ros_skid_steer_drive_6w/lib:/home/bilal/trail_tracer/install/gazebo_ros_ackermann_drive_4wd/lib:/home/bilal/learn_ros2_ws/install/nav2_smoother/lib:/home/bilal/learn_ros2_ws/install/nav2_graceful_controller/lib:/home/bilal/learn_ros2_ws/install/nav2_controller/lib:/home/bilal/learn_ros2_ws/install/dwb_plugins/lib:/home/bilal/learn_ros2_ws/install/dwb_critics/lib:/home/bilal/learn_ros2_ws/install/dwb_core/lib:/home/bilal/learn_ros2_ws/install/nav_2d_utils/lib:/home/bilal/learn_ros2_ws/install/dwb_msgs/lib:/home/bilal/learn_ros2_ws/install/nav_2d_msgs/lib:/home/bilal/learn_ros2_ws/install/nav2_waypoint_follower/lib:/home/bilal/learn_ros2_ws/install/nav2_theta_star_planner/lib:/home/bilal/learn_ros2_ws/install/nav2_smac_planner/lib:/home/bilal/learn_ros2_ws/install/nav2_rotation_shim_controller/lib:/home/bilal/learn_ros2_ws/install/nav2_regulated_pure_pursuit_controller/lib:/home/bilal/learn_ros2_ws/install/nav2_planner/lib:/home/bilal/learn_ros2_ws/install/nav2_navfn_planner/lib:/home/bilal/learn_ros2_ws/install/nav2_mppi_controller/lib:/home/bilal/learn_ros2_ws/install/nav2_constrained_smoother/lib:/home/bilal/learn_ros2_ws/install/nav2_bt_navigator/lib:/home/bilal/learn_ros2_ws/install/nav2_behaviors/lib:/home/bilal/learn_ros2_ws/install/nav2_collision_monitor/lib:/home/bilal/learn_ros2_ws/install/costmap_queue/lib:/home/bilal/learn_ros2_ws/install/nav2_costmap_2d/lib:/home/bilal/learn_ros2_ws/install/nav2_voxel_grid/lib:/home/bilal/learn_ros2_ws/install/nav2_velocity_smoother/lib:/home/bilal/learn_ros2_ws/install/nav2_rviz_plugins/lib:/home/bilal/learn_ros2_ws/install/nav2_map_server/lib:/home/bilal/learn_ros2_ws/install/nav2_lifecycle_manager/lib:/home/bilal/learn_ros2_ws/install/nav2_behavior_tree/lib:/home/bilal/learn_ros2_ws/install/nav2_amcl/lib:/home/bilal/learn_ros2_ws/install/nav2_util/lib:/home/bilal/learn_ros2_ws/install/nav2_msgs/lib:/home/bilal/learn_ros2_ws/install/gazebo_ros_skid_steer_drive_6w/lib:/home/bilal/learn_ros2_ws/install/gazebo_ros_ackermann_drive_4wd/lib:/home/bilal/ros2_ws/install/velodyne_simulation/lib:/home/bilal/ros2_ws/install/velodyne_control_msgs/lib:/usr/lib/x86_64-linux-gnu/gazebo-11/plugins:/opt/ros/humble/opt/rviz_ogre_vendor/lib:/opt/ros/humble/lib/x86_64-linux-gnu:/opt/ros/humble/lib:/usr/share/gazebo/../../lib/x86_64-linux-gnu/gazebo-11/plugins::/usr/share/gazebo/../../lib/x86_64-linux-gnu/gazebo-11/plugins:/usr/share/gazebo/../../lib/x86_64-linux-gnu/gazebo-11/plugins:'), ('HOME', '/home/bilal'), ('OLDPWD', '/home/bilal/trail_tracer/src'), ('DESKTOP_SESSION', 'ubuntu'), ('GAZEBO_MASTER_URI', 'http://localhost:11345'), ('ROS_PYTHON_VERSION', '3'), ('GNOME_SHELL_SESSION_MODE', 'ubuntu'), ('GTK_MODULES', 'gail:atk-bridge'), ('SYSTEMD_EXEC_PID', '2219'), ('DBUS_SESSION_BUS_ADDRESS', 'unix:path=/run/user/1000/bus'), ('COLORTERM', 'truecolor'), ('_colcon_cd_root', '/opt/ros/humble/'), ('COLCON_PREFIX_PATH', '/home/bilal/trail_tracer/install:/home/bilal/learn_ros2_ws/install:/home/bilal/mp/mp_ws/install:/home/bilal/ros2_ws/install'), ('ROS_DISTRO', 'humble'), ('GTK_IM_MODULE', 'ibus'), ('LOGNAME', 'bilal'), ('_', '/usr/bin/colcon'), ('ROS_VERSION', '2'), ('XDG_SESSION_CLASS', 'user'), ('USERNAME', 'bilal'), ('TERM', 'xterm-256color'), ('GAZEBO_MODEL_PATH', '/home/bilal/trail_tracer/install/argo_sim/share/argo_sim/models:/home/bilal/learn_ros2_ws/install/argo_sim/share/argo_sim/models:/usr/share/gazebo/../../share/gazebo-11/models:/home/bilal/trail_tracer/install/argo_sim/share/argo_sim/models:/home/bilal/learn_ros2_ws/install/argo_sim/share/argo_sim/models:/usr/share/gazebo/../../share/gazebo-11/models::/opt/ros/humble/share/turtlebot3_gazebo/models:/opt/ros/humble/share/turtlebot3_gazebo/models'), ('GNOME_DESKTOP_SESSION_ID', 'this-is-deprecated'), ('ROS_LOCALHOST_ONLY', '1'), ('WINDOWPATH', '2'), ('OGRE_RESOURCE_PATH', '/usr/lib/x86_64-linux-gnu/OGRE-1.9.0'), ('PATH', '/home/bilal/.local/bin:/opt/ros/humble/bin:/usr/local/sbin:/usr/local/bin:/usr/sbin:/usr/bin:/sbin:/bin:/usr/games:/usr/local/games:/snap/bin:/snap/bin'), ('SESSION_MANAGER', 'local/bilal-yousufzai:@/tmp/.ICE-unix/2190,unix/bilal-yousufzai:/tmp/.ICE-unix/2190'), ('XDG_MENU_PREFIX', 'gnome-'), ('GNOME_TERMINAL_SCREEN', '/org/gnome/Terminal/screen/d0de9292_9711_4766_be4b_f7c510f833f2'), ('XDG_RUNTIME_DIR', '/run/user/1000'), ('DISPLAY', ':1'), ('LANG', 'en_US.UTF-8'), ('XDG_CURRENT_DESKTOP', 'ubuntu:GNOME'), ('XMODIFIERS', '@im=ibus'), ('XDG_SESSION_DESKTOP', 'ubuntu'), ('XAUTHORITY', '/run/user/1000/gdm/Xauthority'), ('GNOME_TERMINAL_SERVICE', ':1.100'), ('SSH_AGENT_LAUNCHER', 'gnome-keyring'), ('SSH_AUTH_SOCK', '/run/user/1000/keyring/ssh'), ('AMENT_PREFIX_PATH', '/home/bilal/trail_tracer/install/web_gui:/home/bilal/trail_tracer/install/traethlin_description:/home/bilal/trail_tracer/install/gps_to_utm_converter_cpp:/home/bilal/trail_tracer/install/argo_sim:/home/bilal/trail_tracer/install/gazebo_ros_skid_steer_drive_6w:/home/bilal/trail_tracer/install/gazebo_ros_ackermann_drive_4wd:/home/bilal/trail_tracer/install/biy1_ros360_cpp:/home/bilal/trail_tracer/install/argo_nav:/home/bilal/learn_ros2_ws/install/web_gui:/home/bilal/learn_ros2_ws/install/traethlin_description:/home/bilal/learn_ros2_ws/install/nav2_system_tests:/home/bilal/learn_ros2_ws/install/nav2_bringup:/home/bilal/learn_ros2_ws/install/navigation2:/home/bilal/learn_ros2_ws/install/nav2_smoother:/home/bilal/learn_ros2_ws/install/nav2_graceful_controller:/home/bilal/learn_ros2_ws/install/nav2_dwb_controller:/home/bilal/learn_ros2_ws/install/nav2_controller:/home/bilal/learn_ros2_ws/install/dwb_plugins:/home/bilal/learn_ros2_ws/install/dwb_critics:/home/bilal/learn_ros2_ws/install/dwb_core:/home/bilal/learn_ros2_ws/install/nav_2d_utils:/home/bilal/learn_ros2_ws/install/dwb_msgs:/home/bilal/learn_ros2_ws/install/nav_2d_msgs:/home/bilal/learn_ros2_ws/install/nav2_waypoint_follower:/home/bilal/learn_ros2_ws/install/nav2_theta_star_planner:/home/bilal/learn_ros2_ws/install/nav2_smac_planner:/home/bilal/learn_ros2_ws/install/nav2_rotation_shim_controller:/home/bilal/learn_ros2_ws/install/nav2_regulated_pure_pursuit_controller:/home/bilal/learn_ros2_ws/install/nav2_planner:/home/bilal/learn_ros2_ws/install/nav2_navfn_planner:/home/bilal/learn_ros2_ws/install/nav2_mppi_controller:/home/bilal/learn_ros2_ws/install/nav2_constrained_smoother:/home/bilal/learn_ros2_ws/install/nav2_bt_navigator:/home/bilal/learn_ros2_ws/install/nav2_behaviors:/home/bilal/learn_ros2_ws/install/nav2_core:/home/bilal/learn_ros2_ws/install/nav2_collision_monitor:/home/bilal/learn_ros2_ws/install/costmap_queue:/home/bilal/learn_ros2_ws/install/nav2_costmap_2d:/home/bilal/learn_ros2_ws/install/nav2_voxel_grid:/home/bilal/learn_ros2_ws/install/nav2_velocity_smoother:/home/bilal/learn_ros2_ws/install/nav2_rviz_plugins:/home/bilal/learn_ros2_ws/install/nav2_map_server:/home/bilal/learn_ros2_ws/install/nav2_lifecycle_manager:/home/bilal/learn_ros2_ws/install/nav2_behavior_tree:/home/bilal/learn_ros2_ws/install/nav2_amcl:/home/bilal/learn_ros2_ws/install/nav2_util:/home/bilal/learn_ros2_ws/install/nav2_simple_commander:/home/bilal/learn_ros2_ws/install/nav2_msgs:/home/bilal/learn_ros2_ws/install/nav2_common:/home/bilal/learn_ros2_ws/install/gps_to_utm_converter_cpp:/home/bilal/learn_ros2_ws/install/argo_sim:/home/bilal/learn_ros2_ws/install/gazebo_ros_skid_steer_drive_6w:/home/bilal/learn_ros2_ws/install/gazebo_ros_ackermann_drive_4wd:/home/bilal/learn_ros2_ws/install/biy1_ros360_cpp:/home/bilal/learn_ros2_ws/install/articubot_one:/home/bilal/mp/mp_ws/install/biy1_ros360_cpp:/home/bilal/ros2_ws/install/web_gui:/home/bilal/ros2_ws/install/velodyne_simulation:/home/bilal/ros2_ws/install/velodyne_control_msgs:/home/bilal/ros2_ws/install/track_envs:/home/bilal/ros2_ws/install/ros360_moveit:/home/bilal/ros2_ws/install/opencv_tools:/home/bilal/ros2_ws/install/biy1_ros360_py:/home/bilal/ros2_ws/install/biy1_ros360_cpp:/opt/ros/humble'), ('SHELL', '/bin/bash'), ('QT_ACCESSIBILITY', '1'), ('GDMSESSION', 'ubuntu'), ('GPG_AGENT_INFO', '/run/user/1000/gnupg/S.gpg-agent:0:1'), ('GAZEBO_RESOURCE_PATH', '/usr/share/gazebo/../../share/gazebo-11:/usr/share/gazebo/../../share/gazebo-11:'), ('GAZEBO_MODEL_DATABASE_URI', 'http://models.gazebosim.org'), ('QT_IM_MODULE', 'ibus'), ('PWD', '/home/bilal/trail_tracer/build/biy1_ros360_cpp'), ('TURTLEBOT3_MODEL', 'waffle'), ('LC_ALL', 'en_US.UTF-8'), ('XDG_CONFIG_DIRS', '/etc/xdg/xdg-ubuntu:/etc/xdg'), ('GAZEBO_PLUGIN_PATH', '/usr/share/gazebo/../../lib/x86_64-linux-gnu/gazebo-11/plugins:/usr/share/gazebo/../../lib/x86_64-linux-gnu/gazebo-11/plugins:'), ('XDG_DATA_DIRS', '/usr/share/ubuntu:/usr/share/gnome:/usr/local/share/:/usr/share/:/var/lib/snapd/desktop'), ('PYTHONPATH', '/home/bilal/trail_tracer/install/web_gui/lib/python3.10/site-packages:/home/bilal/learn_ros2_ws/install/web_gui/lib/python3.10/site-packages:/home/bilal/learn_ros2_ws/install/dwb_msgs/local/lib/python3.10/dist-packages:/home/bilal/learn_ros2_ws/install/nav_2d_msgs/local/lib/python3.10/dist-packages:/home/bilal/learn_ros2_ws/install/nav2_simple_commander/lib/python3.10/site-packages:/home/bilal/learn_ros2_ws/install/nav2_msgs/local/lib/python3.10/dist-packages:/home/bilal/learn_ros2_ws/install/nav2_common/local/lib/python3.10/dist-packages:/home/bilal/ros2_ws/install/web_gui/lib/python3.10/site-packages:/home/bilal/ros2_ws/install/velodyne_control_msgs/local/lib/python3.10/dist-packages:/home/bilal/ros2_ws/install/opencv_tools/lib/python3.10/site-packages:/home/bilal/ros2_ws/install/biy1_ros360_py/lib/python3.10/site-packages:/opt/ros/humble/lib/python3.10/site-packages:/opt/ros/humble/local/lib/python3.10/dist-packages'), ('COLCON', '1'), ('VTE_VERSION', '6800'), ('CMAKE_PREFIX_PATH', '/home/bilal/trail_tracer/install/traethlin_description:/home/bilal/trail_tracer/install/gps_to_utm_converter_cpp:/home/bilal/trail_tracer/install/argo_sim:/home/bilal/trail_tracer/install/gazebo_ros_skid_steer_drive_6w:/home/bilal/trail_tracer/install/gazebo_ros_ackermann_drive_4wd:/home/bilal/trail_tracer/install/biy1_ros360_cpp:/home/bilal/trail_tracer/install/argo_nav:/home/bilal/learn_ros2_ws/install/traethlin_description:/home/bilal/learn_ros2_ws/install/nav2_system_tests:/home/bilal/learn_ros2_ws/install/nav2_bringup:/home/bilal/learn_ros2_ws/install/navigation2:/home/bilal/learn_ros2_ws/install/nav2_smoother:/home/bilal/learn_ros2_ws/install/nav2_graceful_controller:/home/bilal/learn_ros2_ws/install/nav2_dwb_controller:/home/bilal/learn_ros2_ws/install/nav2_controller:/home/bilal/learn_ros2_ws/install/dwb_plugins:/home/bilal/learn_ros2_ws/install/dwb_critics:/home/bilal/learn_ros2_ws/install/dwb_core:/home/bilal/learn_ros2_ws/install/nav_2d_utils:/home/bilal/learn_ros2_ws/install/dwb_msgs:/home/bilal/learn_ros2_ws/install/nav_2d_msgs:/home/bilal/learn_ros2_ws/install/nav2_waypoint_follower:/home/bilal/learn_ros2_ws/install/nav2_theta_star_planner:/home/bilal/learn_ros2_ws/install/nav2_smac_planner:/home/bilal/learn_ros2_ws/install/nav2_rotation_shim_controller:/home/bilal/learn_ros2_ws/install/nav2_regulated_pure_pursuit_controller:/home/bilal/learn_ros2_ws/install/nav2_planner:/home/bilal/learn_ros2_ws/install/nav2_navfn_planner:/home/bilal/learn_ros2_ws/install/nav2_mppi_controller:/home/bilal/learn_ros2_ws/install/nav2_constrained_smoother:/home/bilal/learn_ros2_ws/install/nav2_bt_navigator:/home/bilal/learn_ros2_ws/install/nav2_behaviors:/home/bilal/learn_ros2_ws/install/nav2_core:/home/bilal/learn_ros2_ws/install/nav2_collision_monitor:/home/bilal/learn_ros2_ws/install/costmap_queue:/home/bilal/learn_ros2_ws/install/nav2_costmap_2d:/home/bilal/learn_ros2_ws/install/nav2_voxel_grid:/home/bilal/learn_ros2_ws/install/nav2_velocity_smoother:/home/bilal/learn_ros2_ws/install/nav2_rviz_plugins:/home/bilal/learn_ros2_ws/install/nav2_map_server:/home/bilal/learn_ros2_ws/install/nav2_lifecycle_manager:/home/bilal/learn_ros2_ws/install/nav2_behavior_tree:/home/bilal/learn_ros2_ws/install/nav2_amcl:/home/bilal/learn_ros2_ws/install/nav2_util:/home/bilal/learn_ros2_ws/install/nav2_msgs:/home/bilal/learn_ros2_ws/install/nav2_common:/home/bilal/learn_ros2_ws/install/gps_to_utm_converter_cpp:/home/bilal/learn_ros2_ws/install/argo_sim:/home/bilal/learn_ros2_ws/install/gazebo_ros_skid_steer_drive_6w:/home/bilal/learn_ros2_ws/install/gazebo_ros_ackermann_drive_4wd:/home/bilal/learn_ros2_ws/install/biy1_ros360_cpp:/home/bilal/learn_ros2_ws/install/articubot_one:/home/bilal/mp/mp_ws/install/biy1_ros360_cpp:/home/bilal/ros2_ws/install/velodyne_simulation:/home/bilal/ros2_ws/install/velodyne_control_msgs:/home/bilal/ros2_ws/install/track_envs:/home/bilal/ros2_ws/install/ros360_moveit:/home/bilal/ros2_ws/install/biy1_ros360_cpp:/home/bilal/trail_tracer/install/web_gui:/home/bilal/learn_ros2_ws/install/web_gui:/home/bilal/learn_ros2_ws/install/nav2_simple_commander:/home/bilal/ros2_ws/install/web_gui:/home/bilal/ros2_ws/install/opencv_tools:/home/bilal/ros2_ws/install/biy1_ros360_py:/opt/ros/humble')]), 'shell': False}
[0.086417] (biy1_ros360_cpp) StdoutLine: {'line': b'\x1b[35m\x1b[1mConsolidate compiler generated dependencies of target polishedCode\x1b[0m\n'}
[0.088314] (biy1_ros360_cpp) StdoutLine: {'line': b'\x1b[35m\x1b[1mConsolidate compiler generated dependencies of target sparse\x1b[0m\n'}
[0.099759] (-) TimerEvent: {}
[0.113337] (biy1_ros360_cpp) StdoutLine: {'line': b'[ 13%] Built target exampleSubscriber\n'}
[0.113570] (biy1_ros360_cpp) StdoutLine: {'line': b'[ 18%] Built target examplePublisher\n'}
[0.113690] (biy1_ros360_cpp) StdoutLine: {'line': b'[ 31%] \x1b[32mBuilding CXX object CMakeFiles/waypoint_navigator.dir/src/waypoint_navigator.cpp.o\x1b[0m\n'}
[0.113779] (biy1_ros360_cpp) StdoutLine: {'line': b'[ 36%] Built target helloWorld\n'}
[0.113859] (biy1_ros360_cpp) StdoutLine: {'line': b'[ 40%] Built target trail_tracer\n'}
[0.113942] (biy1_ros360_cpp) StdoutLine: {'line': b'[ 50%] Built target testCode\n'}
[0.114018] (biy1_ros360_cpp) StdoutLine: {'line': b'[ 59%] Built target follower\n'}
[0.114088] (biy1_ros360_cpp) StdoutLine: {'line': b'[ 68%] Built target code_test\n'}
[0.118073] (biy1_ros360_cpp) StdoutLine: {'line': b'[ 77%] Built target nav2\n'}
[0.122247] (biy1_ros360_cpp) StdoutLine: {'line': b'[ 81%] \x1b[32mBuilding CXX object CMakeFiles/sparse.dir/src/polishedCode.cpp.o\x1b[0m\n'}
[0.126759] (biy1_ros360_cpp) StdoutLine: {'line': b'[ 86%] \x1b[32mBuilding CXX object CMakeFiles/polishedCode.dir/src/polishedCode.cpp.o\x1b[0m\n'}
[0.199848] (-) TimerEvent: {}
[0.300100] (-) TimerEvent: {}
[0.359227] (biy1_ros360_cpp) StderrLine: {'line': b'\x1b[01m\x1b[K/home/bilal/trail_tracer/src/biy1_ros360_cpp/src/waypoint_navigator.cpp:29:10:\x1b[m\x1b[K \x1b[01;31m\x1b[Kfatal error: \x1b[m\x1b[Knav_msgs/msg/odometry.hpp: No such file or directory\n'}
[0.359438] (biy1_ros360_cpp) StderrLine: {'line': b'   29 | #include \x1b[01;31m\x1b[K<nav_msgs/msg/odometry.hpp>\x1b[m\x1b[K\n'}
[0.359513] (biy1_ros360_cpp) StderrLine: {'line': b'      |          \x1b[01;31m\x1b[K^~~~~~~~~~~~~~~~~~~~~~~~~~~\x1b[m\x1b[K\n'}
[0.359580] (biy1_ros360_cpp) StderrLine: {'line': b'compilation terminated.\n'}
[0.363353] (biy1_ros360_cpp) StderrLine: {'line': b'gmake[2]: *** [CMakeFiles/waypoint_navigator.dir/build.make:76: CMakeFiles/waypoint_navigator.dir/src/waypoint_navigator.cpp.o] Error 1\n'}
[0.363636] (biy1_ros360_cpp) StderrLine: {'line': b'gmake[1]: *** [CMakeFiles/Makefile2:313: CMakeFiles/waypoint_navigator.dir/all] Error 2\n'}
[0.363710] (biy1_ros360_cpp) StderrLine: {'line': b'gmake[1]: *** Waiting for unfinished jobs....\n'}
[0.400184] (-) TimerEvent: {}
[0.500466] (-) TimerEvent: {}
[0.600744] (-) TimerEvent: {}
[0.701098] (-) TimerEvent: {}
[0.801466] (-) TimerEvent: {}
[0.901721] (-) TimerEvent: {}
[1.001991] (-) TimerEvent: {}
[1.102291] (-) TimerEvent: {}
[1.202581] (-) TimerEvent: {}
[1.302866] (-) TimerEvent: {}
[1.403139] (-) TimerEvent: {}
[1.503427] (-) TimerEvent: {}
[1.603716] (-) TimerEvent: {}
[1.703984] (-) TimerEvent: {}
[1.804253] (-) TimerEvent: {}
[1.904548] (-) TimerEvent: {}
[2.004826] (-) TimerEvent: {}
[2.105122] (-) TimerEvent: {}
[2.205404] (-) TimerEvent: {}
[2.305671] (-) TimerEvent: {}
[2.405958] (-) TimerEvent: {}
[2.506298] (-) TimerEvent: {}
[2.606621] (-) TimerEvent: {}
[2.706940] (-) TimerEvent: {}
[2.807298] (-) TimerEvent: {}
[2.907603] (-) TimerEvent: {}
[3.007908] (-) TimerEvent: {}
[3.108181] (-) TimerEvent: {}
[3.208481] (-) TimerEvent: {}
[3.308770] (-) TimerEvent: {}
[3.409053] (-) TimerEvent: {}
[3.509347] (-) TimerEvent: {}
[3.609630] (-) TimerEvent: {}
[3.709948] (-) TimerEvent: {}
[3.810255] (-) TimerEvent: {}
[3.910529] (-) TimerEvent: {}
[4.010796] (-) TimerEvent: {}
[4.111095] (-) TimerEvent: {}
[4.211371] (-) TimerEvent: {}
[4.311631] (-) TimerEvent: {}
[4.411890] (-) TimerEvent: {}
[4.512153] (-) TimerEvent: {}
[4.612474] (-) TimerEvent: {}
[4.712788] (-) TimerEvent: {}
[4.813114] (-) TimerEvent: {}
[4.913438] (-) TimerEvent: {}
[5.013741] (-) TimerEvent: {}
[5.114067] (-) TimerEvent: {}
[5.214404] (-) TimerEvent: {}
[5.314729] (-) TimerEvent: {}
[5.415052] (-) TimerEvent: {}
[5.515333] (-) TimerEvent: {}
[5.615666] (-) TimerEvent: {}
[5.715930] (-) TimerEvent: {}
[5.816217] (-) TimerEvent: {}
[5.916544] (-) TimerEvent: {}
[6.016830] (-) TimerEvent: {}
[6.117113] (-) TimerEvent: {}
[6.217396] (-) TimerEvent: {}
[6.317707] (-) TimerEvent: {}
[6.417976] (-) TimerEvent: {}
[6.518243] (-) TimerEvent: {}
[6.618537] (-) TimerEvent: {}
[6.718811] (-) TimerEvent: {}
[6.819081] (-) TimerEvent: {}
[6.919354] (-) TimerEvent: {}
[7.019619] (-) TimerEvent: {}
[7.119883] (-) TimerEvent: {}
[7.220159] (-) TimerEvent: {}
[7.320466] (-) TimerEvent: {}
[7.420830] (-) TimerEvent: {}
[7.521106] (-) TimerEvent: {}
[7.621386] (-) TimerEvent: {}
[7.721688] (-) TimerEvent: {}
[7.821949] (-) TimerEvent: {}
[7.922242] (-) TimerEvent: {}
[8.022537] (-) TimerEvent: {}
[8.122826] (-) TimerEvent: {}
[8.223147] (-) TimerEvent: {}
[8.323404] (-) TimerEvent: {}
[8.423695] (-) TimerEvent: {}
[8.523993] (-) TimerEvent: {}
[8.624263] (-) TimerEvent: {}
[8.724585] (-) TimerEvent: {}
[8.824964] (-) TimerEvent: {}
[8.925326] (-) TimerEvent: {}
[9.025592] (-) TimerEvent: {}
[9.125915] (-) TimerEvent: {}
[9.226271] (-) TimerEvent: {}
[9.326644] (-) TimerEvent: {}
[9.426970] (-) TimerEvent: {}
[9.527302] (-) TimerEvent: {}
[9.627560] (-) TimerEvent: {}
[9.727834] (-) TimerEvent: {}
[9.828095] (-) TimerEvent: {}
[9.928353] (-) TimerEvent: {}
[10.028609] (-) TimerEvent: {}
[10.128930] (-) TimerEvent: {}
[10.229221] (-) TimerEvent: {}
[10.329519] (-) TimerEvent: {}
[10.429862] (-) TimerEvent: {}
[10.530151] (-) TimerEvent: {}
[10.630431] (-) TimerEvent: {}
[10.730712] (-) TimerEvent: {}
[10.831040] (-) TimerEvent: {}
[10.931343] (-) TimerEvent: {}
[11.031628] (-) TimerEvent: {}
[11.131904] (-) TimerEvent: {}
[11.232199] (-) TimerEvent: {}
[11.332475] (-) TimerEvent: {}
[11.432738] (-) TimerEvent: {}
[11.533038] (-) TimerEvent: {}
[11.633322] (-) TimerEvent: {}
[11.733611] (-) TimerEvent: {}
[11.833920] (-) TimerEvent: {}
[11.934246] (-) TimerEvent: {}
[12.034610] (-) TimerEvent: {}
[12.134876] (-) TimerEvent: {}
[12.235170] (-) TimerEvent: {}
[12.335424] (-) TimerEvent: {}
[12.435676] (-) TimerEvent: {}
[12.535920] (-) TimerEvent: {}
[12.636169] (-) TimerEvent: {}
[12.736532] (-) TimerEvent: {}
[12.836787] (-) TimerEvent: {}
[12.937024] (-) TimerEvent: {}
[13.037294] (-) TimerEvent: {}
[13.137585] (-) TimerEvent: {}
[13.237870] (-) TimerEvent: {}
[13.338163] (-) TimerEvent: {}
[13.438463] (-) TimerEvent: {}
[13.538768] (-) TimerEvent: {}
[13.639074] (-) TimerEvent: {}
[13.739400] (-) TimerEvent: {}
[13.839723] (-) TimerEvent: {}
[13.940034] (-) TimerEvent: {}
[14.040339] (-) TimerEvent: {}
[14.140649] (-) TimerEvent: {}
[14.240984] (-) TimerEvent: {}
[14.341281] (-) TimerEvent: {}
[14.441567] (-) TimerEvent: {}
[14.541859] (-) TimerEvent: {}
[14.642191] (-) TimerEvent: {}
[14.742481] (-) TimerEvent: {}
[14.842772] (-) TimerEvent: {}
[14.943053] (-) TimerEvent: {}
[15.043342] (-) TimerEvent: {}
[15.143646] (-) TimerEvent: {}
[15.243924] (-) TimerEvent: {}
[15.344204] (-) TimerEvent: {}
[15.444523] (-) TimerEvent: {}
[15.544771] (-) TimerEvent: {}
[15.645037] (-) TimerEvent: {}
[15.745298] (-) TimerEvent: {}
[15.845579] (-) TimerEvent: {}
[15.945836] (-) TimerEvent: {}
[16.046084] (-) TimerEvent: {}
[16.146336] (-) TimerEvent: {}
[16.246576] (-) TimerEvent: {}
[16.346829] (-) TimerEvent: {}
[16.447085] (-) TimerEvent: {}
[16.547341] (-) TimerEvent: {}
[16.647593] (-) TimerEvent: {}
[16.747839] (-) TimerEvent: {}
[16.848078] (-) TimerEvent: {}
[16.948309] (-) TimerEvent: {}
[17.048567] (-) TimerEvent: {}
[17.148815] (-) TimerEvent: {}
[17.249017] (-) TimerEvent: {}
[17.349289] (-) TimerEvent: {}
[17.449539] (-) TimerEvent: {}
[17.549800] (-) TimerEvent: {}
[17.650057] (-) TimerEvent: {}
[17.750309] (-) TimerEvent: {}
[17.850566] (-) TimerEvent: {}
[17.950830] (-) TimerEvent: {}
[18.051083] (-) TimerEvent: {}
[18.151327] (-) TimerEvent: {}
[18.251585] (-) TimerEvent: {}
[18.351847] (-) TimerEvent: {}
[18.452116] (-) TimerEvent: {}
[18.552394] (-) TimerEvent: {}
[18.652661] (-) TimerEvent: {}
[18.752926] (-) TimerEvent: {}
[18.853196] (-) TimerEvent: {}
[18.953459] (-) TimerEvent: {}
[19.053683] (-) TimerEvent: {}
[19.153946] (-) TimerEvent: {}
[19.254242] (-) TimerEvent: {}
[19.354509] (-) TimerEvent: {}
[19.454761] (-) TimerEvent: {}
[19.555014] (-) TimerEvent: {}
[19.655266] (-) TimerEvent: {}
[19.755518] (-) TimerEvent: {}
[19.855785] (-) TimerEvent: {}
[19.958737] (-) TimerEvent: {}
[20.059103] (-) TimerEvent: {}
[20.159371] (-) TimerEvent: {}
[20.259646] (-) TimerEvent: {}
[20.359938] (-) TimerEvent: {}
[20.460201] (-) TimerEvent: {}
[20.560477] (-) TimerEvent: {}
[20.660767] (-) TimerEvent: {}
[20.761102] (-) TimerEvent: {}
[20.861423] (-) TimerEvent: {}
[20.961753] (-) TimerEvent: {}
[21.062090] (-) TimerEvent: {}
[21.162419] (-) TimerEvent: {}
[21.262784] (-) TimerEvent: {}
[21.363099] (-) TimerEvent: {}
[21.463393] (-) TimerEvent: {}
[21.563695] (-) TimerEvent: {}
[21.664007] (-) TimerEvent: {}
[21.764339] (-) TimerEvent: {}
[21.833259] (biy1_ros360_cpp) StdoutLine: {'line': b'[ 90%] \x1b[32m\x1b[1mLinking CXX executable polishedCode\x1b[0m\n'}
[21.864434] (-) TimerEvent: {}
[21.964771] (-) TimerEvent: {}
[22.019464] (biy1_ros360_cpp) StdoutLine: {'line': b'[ 95%] \x1b[32m\x1b[1mLinking CXX executable sparse\x1b[0m\n'}
[22.064885] (-) TimerEvent: {}
[22.165224] (-) TimerEvent: {}
[22.265577] (-) TimerEvent: {}
[22.366027] (-) TimerEvent: {}
[22.466384] (-) TimerEvent: {}
[22.566683] (-) TimerEvent: {}
[22.667008] (-) TimerEvent: {}
[22.767288] (-) TimerEvent: {}
[22.867547] (-) TimerEvent: {}
[22.967824] (-) TimerEvent: {}
[23.068080] (-) TimerEvent: {}
[23.168341] (-) TimerEvent: {}
[23.231722] (biy1_ros360_cpp) StdoutLine: {'line': b'[ 95%] Built target polishedCode\n'}
[23.268402] (-) TimerEvent: {}
[23.306644] (biy1_ros360_cpp) StdoutLine: {'line': b'[ 95%] Built target sparse\n'}
[23.307712] (biy1_ros360_cpp) StderrLine: {'line': b'gmake: *** [Makefile:146: all] Error 2\n'}
[23.309593] (biy1_ros360_cpp) CommandEnded: {'returncode': 2}
[23.368627] (-) TimerEvent: {}
[23.437654] (biy1_ros360_cpp) JobEnded: {'identifier': 'biy1_ros360_cpp', 'rc': 2}
[23.447975] (-) EventReactorShutdown: {}
