[0.082s] DEBUG:colcon:Command line arguments: ['/usr/bin/colcon', 'build', '--packages-select', 'biy1_ros360_cpp']
[0.082s] DEBUG:colcon:Parsed command line arguments: Namespace(log_base=None, log_level=None, verb_name='build', build_base='build', install_base='install', merge_install=False, symlink_install=False, test_result_base=None, continue_on_error=False, executor='parallel', parallel_workers=12, event_handlers=None, ignore_user_meta=False, metas=['./colcon.meta'], base_paths=['.'], packages_ignore=None, packages_ignore_regex=None, paths=None, packages_up_to=None, packages_up_to_regex=None, packages_above=None, packages_above_and_dependencies=None, packages_above_depth=None, packages_select_by_dep=None, packages_skip_by_dep=None, packages_skip_up_to=None, packages_select_build_failed=False, packages_skip_build_finished=False, packages_select_test_failures=False, packages_skip_test_passed=False, packages_select=['biy1_ros360_cpp'], packages_skip=None, packages_select_regex=None, packages_skip_regex=None, packages_start=None, packages_end=None, allow_overriding=[], cmake_args=None, cmake_target=None, cmake_target_skip_unavailable=False, cmake_clean_cache=False, cmake_clean_first=False, cmake_force_configure=False, ament_cmake_args=None, catkin_cmake_args=None, catkin_skip_building_tests=False, verb_parser=<colcon_defaults.argument_parser.defaults.DefaultArgumentsDecorator object at 0x79e07128d3f0>, verb_extension=<colcon_core.verb.build.BuildVerb object at 0x79e0713faa10>, main=<bound method BuildVerb.main of <colcon_core.verb.build.BuildVerb object at 0x79e0713faa10>>)
[0.294s] Level 1:colcon.colcon_core.package_discovery:discover_packages(colcon_meta) check parameters
[0.294s] Level 1:colcon.colcon_core.package_discovery:discover_packages(recursive) check parameters
[0.294s] Level 1:colcon.colcon_core.package_discovery:discover_packages(ignore) check parameters
[0.295s] Level 1:colcon.colcon_core.package_discovery:discover_packages(path) check parameters
[0.295s] Level 1:colcon.colcon_core.package_discovery:discover_packages(colcon_meta) discover
[0.295s] Level 1:colcon.colcon_core.package_discovery:discover_packages(recursive) discover
[0.295s] INFO:colcon.colcon_core.package_discovery:Crawling recursively for packages in '/home/bilal/trail_tracer'
[0.295s] Level 1:colcon.colcon_core.package_identification:_identify(.) by extensions ['ignore', 'ignore_ament_install']
[0.295s] Level 1:colcon.colcon_core.package_identification:_identify(.) by extension 'ignore'
[0.295s] Level 1:colcon.colcon_core.package_identification:_identify(.) by extension 'ignore_ament_install'
[0.295s] Level 1:colcon.colcon_core.package_identification:_identify(.) by extensions ['colcon_pkg']
[0.295s] Level 1:colcon.colcon_core.package_identification:_identify(.) by extension 'colcon_pkg'
[0.295s] Level 1:colcon.colcon_core.package_identification:_identify(.) by extensions ['colcon_meta']
[0.295s] Level 1:colcon.colcon_core.package_identification:_identify(.) by extension 'colcon_meta'
[0.295s] Level 1:colcon.colcon_core.package_identification:_identify(.) by extensions ['ros']
[0.295s] Level 1:colcon.colcon_core.package_identification:_identify(.) by extension 'ros'
[0.302s] Level 1:colcon.colcon_core.package_identification:_identify(.) by extensions ['cmake', 'python']
[0.302s] Level 1:colcon.colcon_core.package_identification:_identify(.) by extension 'cmake'
[0.302s] Level 1:colcon.colcon_core.package_identification:_identify(.) by extension 'python'
[0.302s] Level 1:colcon.colcon_core.package_identification:_identify(.) by extensions ['python_setup_py']
[0.302s] Level 1:colcon.colcon_core.package_identification:_identify(.) by extension 'python_setup_py'
[0.302s] Level 1:colcon.colcon_core.package_identification:_identify(build) by extensions ['ignore', 'ignore_ament_install']
[0.302s] Level 1:colcon.colcon_core.package_identification:_identify(build) by extension 'ignore'
[0.302s] Level 1:colcon.colcon_core.package_identification:_identify(build) ignored
[0.303s] Level 1:colcon.colcon_core.package_identification:_identify(install) by extensions ['ignore', 'ignore_ament_install']
[0.303s] Level 1:colcon.colcon_core.package_identification:_identify(install) by extension 'ignore'
[0.303s] Level 1:colcon.colcon_core.package_identification:_identify(install) ignored
[0.303s] Level 1:colcon.colcon_core.package_identification:_identify(log) by extensions ['ignore', 'ignore_ament_install']
[0.303s] Level 1:colcon.colcon_core.package_identification:_identify(log) by extension 'ignore'
[0.303s] Level 1:colcon.colcon_core.package_identification:_identify(log) ignored
[0.303s] Level 1:colcon.colcon_core.package_identification:_identify(src) by extensions ['ignore', 'ignore_ament_install']
[0.303s] Level 1:colcon.colcon_core.package_identification:_identify(src) by extension 'ignore'
[0.303s] Level 1:colcon.colcon_core.package_identification:_identify(src) by extension 'ignore_ament_install'
[0.303s] Level 1:colcon.colcon_core.package_identification:_identify(src) by extensions ['colcon_pkg']
[0.303s] Level 1:colcon.colcon_core.package_identification:_identify(src) by extension 'colcon_pkg'
[0.303s] Level 1:colcon.colcon_core.package_identification:_identify(src) by extensions ['colcon_meta']
[0.303s] Level 1:colcon.colcon_core.package_identification:_identify(src) by extension 'colcon_meta'
[0.303s] Level 1:colcon.colcon_core.package_identification:_identify(src) by extensions ['ros']
[0.303s] Level 1:colcon.colcon_core.package_identification:_identify(src) by extension 'ros'
[0.303s] Level 1:colcon.colcon_core.package_identification:_identify(src) by extensions ['cmake', 'python']
[0.303s] Level 1:colcon.colcon_core.package_identification:_identify(src) by extension 'cmake'
[0.303s] Level 1:colcon.colcon_core.package_identification:_identify(src) by extension 'python'
[0.303s] Level 1:colcon.colcon_core.package_identification:_identify(src) by extensions ['python_setup_py']
[0.303s] Level 1:colcon.colcon_core.package_identification:_identify(src) by extension 'python_setup_py'
[0.303s] Level 1:colcon.colcon_core.package_identification:_identify(src/argo_nav) by extensions ['ignore', 'ignore_ament_install']
[0.303s] Level 1:colcon.colcon_core.package_identification:_identify(src/argo_nav) by extension 'ignore'
[0.303s] Level 1:colcon.colcon_core.package_identification:_identify(src/argo_nav) by extension 'ignore_ament_install'
[0.304s] Level 1:colcon.colcon_core.package_identification:_identify(src/argo_nav) by extensions ['colcon_pkg']
[0.304s] Level 1:colcon.colcon_core.package_identification:_identify(src/argo_nav) by extension 'colcon_pkg'
[0.304s] Level 1:colcon.colcon_core.package_identification:_identify(src/argo_nav) by extensions ['colcon_meta']
[0.304s] Level 1:colcon.colcon_core.package_identification:_identify(src/argo_nav) by extension 'colcon_meta'
[0.304s] Level 1:colcon.colcon_core.package_identification:_identify(src/argo_nav) by extensions ['ros']
[0.304s] Level 1:colcon.colcon_core.package_identification:_identify(src/argo_nav) by extension 'ros'
[0.305s] DEBUG:colcon.colcon_core.package_identification:Package 'src/argo_nav' with type 'ros.ament_cmake' and name 'argo_nav'
[0.305s] Level 1:colcon.colcon_core.package_identification:_identify(src/argo_sim) by extensions ['ignore', 'ignore_ament_install']
[0.305s] Level 1:colcon.colcon_core.package_identification:_identify(src/argo_sim) by extension 'ignore'
[0.305s] Level 1:colcon.colcon_core.package_identification:_identify(src/argo_sim) by extension 'ignore_ament_install'
[0.305s] Level 1:colcon.colcon_core.package_identification:_identify(src/argo_sim) by extensions ['colcon_pkg']
[0.305s] Level 1:colcon.colcon_core.package_identification:_identify(src/argo_sim) by extension 'colcon_pkg'
[0.305s] Level 1:colcon.colcon_core.package_identification:_identify(src/argo_sim) by extensions ['colcon_meta']
[0.305s] Level 1:colcon.colcon_core.package_identification:_identify(src/argo_sim) by extension 'colcon_meta'
[0.305s] Level 1:colcon.colcon_core.package_identification:_identify(src/argo_sim) by extensions ['ros']
[0.305s] Level 1:colcon.colcon_core.package_identification:_identify(src/argo_sim) by extension 'ros'
[0.306s] DEBUG:colcon.colcon_core.package_identification:Package 'src/argo_sim' with type 'ros.ament_cmake' and name 'argo_sim'
[0.306s] Level 1:colcon.colcon_core.package_identification:_identify(src/biy1_ros360_cpp) by extensions ['ignore', 'ignore_ament_install']
[0.306s] Level 1:colcon.colcon_core.package_identification:_identify(src/biy1_ros360_cpp) by extension 'ignore'
[0.306s] Level 1:colcon.colcon_core.package_identification:_identify(src/biy1_ros360_cpp) by extension 'ignore_ament_install'
[0.306s] Level 1:colcon.colcon_core.package_identification:_identify(src/biy1_ros360_cpp) by extensions ['colcon_pkg']
[0.306s] Level 1:colcon.colcon_core.package_identification:_identify(src/biy1_ros360_cpp) by extension 'colcon_pkg'
[0.306s] Level 1:colcon.colcon_core.package_identification:_identify(src/biy1_ros360_cpp) by extensions ['colcon_meta']
[0.306s] Level 1:colcon.colcon_core.package_identification:_identify(src/biy1_ros360_cpp) by extension 'colcon_meta'
[0.306s] Level 1:colcon.colcon_core.package_identification:_identify(src/biy1_ros360_cpp) by extensions ['ros']
[0.306s] Level 1:colcon.colcon_core.package_identification:_identify(src/biy1_ros360_cpp) by extension 'ros'
[0.307s] DEBUG:colcon.colcon_core.package_identification:Package 'src/biy1_ros360_cpp' with type 'ros.ament_cmake' and name 'biy1_ros360_cpp'
[0.307s] Level 1:colcon.colcon_core.package_identification:_identify(src/gazebo_ros_ackermann_drive_4wd) by extensions ['ignore', 'ignore_ament_install']
[0.307s] Level 1:colcon.colcon_core.package_identification:_identify(src/gazebo_ros_ackermann_drive_4wd) by extension 'ignore'
[0.307s] Level 1:colcon.colcon_core.package_identification:_identify(src/gazebo_ros_ackermann_drive_4wd) by extension 'ignore_ament_install'
[0.307s] Level 1:colcon.colcon_core.package_identification:_identify(src/gazebo_ros_ackermann_drive_4wd) by extensions ['colcon_pkg']
[0.307s] Level 1:colcon.colcon_core.package_identification:_identify(src/gazebo_ros_ackermann_drive_4wd) by extension 'colcon_pkg'
[0.307s] Level 1:colcon.colcon_core.package_identification:_identify(src/gazebo_ros_ackermann_drive_4wd) by extensions ['colcon_meta']
[0.307s] Level 1:colcon.colcon_core.package_identification:_identify(src/gazebo_ros_ackermann_drive_4wd) by extension 'colcon_meta'
[0.307s] Level 1:colcon.colcon_core.package_identification:_identify(src/gazebo_ros_ackermann_drive_4wd) by extensions ['ros']
[0.307s] Level 1:colcon.colcon_core.package_identification:_identify(src/gazebo_ros_ackermann_drive_4wd) by extension 'ros'
[0.308s] DEBUG:colcon.colcon_core.package_identification:Package 'src/gazebo_ros_ackermann_drive_4wd' with type 'ros.ament_cmake' and name 'gazebo_ros_ackermann_drive_4wd'
[0.308s] Level 1:colcon.colcon_core.package_identification:_identify(src/gazebo_ros_skid_steer_drive_6w) by extensions ['ignore', 'ignore_ament_install']
[0.308s] Level 1:colcon.colcon_core.package_identification:_identify(src/gazebo_ros_skid_steer_drive_6w) by extension 'ignore'
[0.308s] Level 1:colcon.colcon_core.package_identification:_identify(src/gazebo_ros_skid_steer_drive_6w) by extension 'ignore_ament_install'
[0.308s] Level 1:colcon.colcon_core.package_identification:_identify(src/gazebo_ros_skid_steer_drive_6w) by extensions ['colcon_pkg']
[0.308s] Level 1:colcon.colcon_core.package_identification:_identify(src/gazebo_ros_skid_steer_drive_6w) by extension 'colcon_pkg'
[0.308s] Level 1:colcon.colcon_core.package_identification:_identify(src/gazebo_ros_skid_steer_drive_6w) by extensions ['colcon_meta']
[0.308s] Level 1:colcon.colcon_core.package_identification:_identify(src/gazebo_ros_skid_steer_drive_6w) by extension 'colcon_meta'
[0.308s] Level 1:colcon.colcon_core.package_identification:_identify(src/gazebo_ros_skid_steer_drive_6w) by extensions ['ros']
[0.308s] Level 1:colcon.colcon_core.package_identification:_identify(src/gazebo_ros_skid_steer_drive_6w) by extension 'ros'
[0.309s] DEBUG:colcon.colcon_core.package_identification:Package 'src/gazebo_ros_skid_steer_drive_6w' with type 'ros.ament_cmake' and name 'gazebo_ros_skid_steer_drive_6w'
[0.309s] Level 1:colcon.colcon_core.package_identification:_identify(src/gps_to_utm_converter_cpp) by extensions ['ignore', 'ignore_ament_install']
[0.309s] Level 1:colcon.colcon_core.package_identification:_identify(src/gps_to_utm_converter_cpp) by extension 'ignore'
[0.309s] Level 1:colcon.colcon_core.package_identification:_identify(src/gps_to_utm_converter_cpp) by extension 'ignore_ament_install'
[0.309s] Level 1:colcon.colcon_core.package_identification:_identify(src/gps_to_utm_converter_cpp) by extensions ['colcon_pkg']
[0.309s] Level 1:colcon.colcon_core.package_identification:_identify(src/gps_to_utm_converter_cpp) by extension 'colcon_pkg'
[0.309s] Level 1:colcon.colcon_core.package_identification:_identify(src/gps_to_utm_converter_cpp) by extensions ['colcon_meta']
[0.309s] Level 1:colcon.colcon_core.package_identification:_identify(src/gps_to_utm_converter_cpp) by extension 'colcon_meta'
[0.309s] Level 1:colcon.colcon_core.package_identification:_identify(src/gps_to_utm_converter_cpp) by extensions ['ros']
[0.309s] Level 1:colcon.colcon_core.package_identification:_identify(src/gps_to_utm_converter_cpp) by extension 'ros'
[0.310s] DEBUG:colcon.colcon_core.package_identification:Package 'src/gps_to_utm_converter_cpp' with type 'ros.ament_cmake' and name 'gps_to_utm_converter_cpp'
[0.310s] Level 1:colcon.colcon_core.package_identification:_identify(src/traethlin_description) by extensions ['ignore', 'ignore_ament_install']
[0.310s] Level 1:colcon.colcon_core.package_identification:_identify(src/traethlin_description) by extension 'ignore'
[0.310s] Level 1:colcon.colcon_core.package_identification:_identify(src/traethlin_description) by extension 'ignore_ament_install'
[0.310s] Level 1:colcon.colcon_core.package_identification:_identify(src/traethlin_description) by extensions ['colcon_pkg']
[0.310s] Level 1:colcon.colcon_core.package_identification:_identify(src/traethlin_description) by extension 'colcon_pkg'
[0.310s] Level 1:colcon.colcon_core.package_identification:_identify(src/traethlin_description) by extensions ['colcon_meta']
[0.310s] Level 1:colcon.colcon_core.package_identification:_identify(src/traethlin_description) by extension 'colcon_meta'
[0.310s] Level 1:colcon.colcon_core.package_identification:_identify(src/traethlin_description) by extensions ['ros']
[0.310s] Level 1:colcon.colcon_core.package_identification:_identify(src/traethlin_description) by extension 'ros'
[0.310s] DEBUG:colcon.colcon_core.package_identification:Package 'src/traethlin_description' with type 'ros.ament_cmake' and name 'traethlin_description'
[0.310s] Level 1:colcon.colcon_core.package_identification:_identify(src/web_gui) by extensions ['ignore', 'ignore_ament_install']
[0.310s] Level 1:colcon.colcon_core.package_identification:_identify(src/web_gui) by extension 'ignore'
[0.310s] Level 1:colcon.colcon_core.package_identification:_identify(src/web_gui) by extension 'ignore_ament_install'
[0.310s] Level 1:colcon.colcon_core.package_identification:_identify(src/web_gui) by extensions ['colcon_pkg']
[0.310s] Level 1:colcon.colcon_core.package_identification:_identify(src/web_gui) by extension 'colcon_pkg'
[0.310s] Level 1:colcon.colcon_core.package_identification:_identify(src/web_gui) by extensions ['colcon_meta']
[0.310s] Level 1:colcon.colcon_core.package_identification:_identify(src/web_gui) by extension 'colcon_meta'
[0.311s] Level 1:colcon.colcon_core.package_identification:_identify(src/web_gui) by extensions ['ros']
[0.311s] Level 1:colcon.colcon_core.package_identification:_identify(src/web_gui) by extension 'ros'
[0.311s] DEBUG:colcon.colcon_core.package_identification:Package 'src/web_gui' with type 'ros.ament_python' and name 'web_gui'
[0.311s] Level 1:colcon.colcon_core.package_identification:_identify(trails) by extensions ['ignore', 'ignore_ament_install']
[0.311s] Level 1:colcon.colcon_core.package_identification:_identify(trails) by extension 'ignore'
[0.311s] Level 1:colcon.colcon_core.package_identification:_identify(trails) by extension 'ignore_ament_install'
[0.311s] Level 1:colcon.colcon_core.package_identification:_identify(trails) by extensions ['colcon_pkg']
[0.311s] Level 1:colcon.colcon_core.package_identification:_identify(trails) by extension 'colcon_pkg'
[0.311s] Level 1:colcon.colcon_core.package_identification:_identify(trails) by extensions ['colcon_meta']
[0.311s] Level 1:colcon.colcon_core.package_identification:_identify(trails) by extension 'colcon_meta'
[0.311s] Level 1:colcon.colcon_core.package_identification:_identify(trails) by extensions ['ros']
[0.311s] Level 1:colcon.colcon_core.package_identification:_identify(trails) by extension 'ros'
[0.311s] Level 1:colcon.colcon_core.package_identification:_identify(trails) by extensions ['cmake', 'python']
[0.311s] Level 1:colcon.colcon_core.package_identification:_identify(trails) by extension 'cmake'
[0.311s] Level 1:colcon.colcon_core.package_identification:_identify(trails) by extension 'python'
[0.311s] Level 1:colcon.colcon_core.package_identification:_identify(trails) by extensions ['python_setup_py']
[0.311s] Level 1:colcon.colcon_core.package_identification:_identify(trails) by extension 'python_setup_py'
[0.311s] Level 1:colcon.colcon_core.package_discovery:discover_packages(recursive) using defaults
[0.311s] Level 1:colcon.colcon_core.package_discovery:discover_packages(ignore) discover
[0.311s] Level 1:colcon.colcon_core.package_discovery:discover_packages(ignore) using defaults
[0.311s] Level 1:colcon.colcon_core.package_discovery:discover_packages(path) discover
[0.311s] Level 1:colcon.colcon_core.package_discovery:discover_packages(path) using defaults
[0.325s] INFO:colcon.colcon_core.package_selection:Skipping not selected package 'argo_nav' in 'src/argo_nav'
[0.325s] INFO:colcon.colcon_core.package_selection:Skipping not selected package 'gazebo_ros_ackermann_drive_4wd' in 'src/gazebo_ros_ackermann_drive_4wd'
[0.325s] INFO:colcon.colcon_core.package_selection:Skipping not selected package 'gazebo_ros_skid_steer_drive_6w' in 'src/gazebo_ros_skid_steer_drive_6w'
[0.325s] INFO:colcon.colcon_core.package_selection:Skipping not selected package 'gps_to_utm_converter_cpp' in 'src/gps_to_utm_converter_cpp'
[0.325s] INFO:colcon.colcon_core.package_selection:Skipping not selected package 'traethlin_description' in 'src/traethlin_description'
[0.325s] INFO:colcon.colcon_core.package_selection:Skipping not selected package 'web_gui' in 'src/web_gui'
[0.325s] INFO:colcon.colcon_core.package_selection:Skipping not selected package 'argo_sim' in 'src/argo_sim'
[0.326s] Level 1:colcon.colcon_core.package_discovery:discover_packages(prefix_path) check parameters
[0.326s] Level 1:colcon.colcon_core.package_discovery:discover_packages(prefix_path) discover
[0.329s] DEBUG:colcon.colcon_installed_package_information.package_discovery:Found 8 installed packages in /home/bilal/trail_tracer/install
[0.330s] DEBUG:colcon.colcon_installed_package_information.package_discovery:Found 47 installed packages in /home/bilal/learn_ros2_ws/install
[0.331s] DEBUG:colcon.colcon_installed_package_information.package_discovery:Found 1 installed packages in /home/bilal/mp/mp_ws/install
[0.331s] DEBUG:colcon.colcon_installed_package_information.package_discovery:Found 8 installed packages in /home/bilal/ros2_ws/install
[0.333s] DEBUG:colcon.colcon_installed_package_information.package_discovery:Found 561 installed packages in /opt/ros/humble
[0.337s] Level 1:colcon.colcon_core.package_discovery:discover_packages(prefix_path) using defaults
[0.384s] Level 5:colcon.colcon_core.verb:set package 'biy1_ros360_cpp' build argument 'cmake_args' from command line to 'None'
[0.384s] Level 5:colcon.colcon_core.verb:set package 'biy1_ros360_cpp' build argument 'cmake_target' from command line to 'None'
[0.384s] Level 5:colcon.colcon_core.verb:set package 'biy1_ros360_cpp' build argument 'cmake_target_skip_unavailable' from command line to 'False'
[0.384s] Level 5:colcon.colcon_core.verb:set package 'biy1_ros360_cpp' build argument 'cmake_clean_cache' from command line to 'False'
[0.384s] Level 5:colcon.colcon_core.verb:set package 'biy1_ros360_cpp' build argument 'cmake_clean_first' from command line to 'False'
[0.384s] Level 5:colcon.colcon_core.verb:set package 'biy1_ros360_cpp' build argument 'cmake_force_configure' from command line to 'False'
[0.384s] Level 5:colcon.colcon_core.verb:set package 'biy1_ros360_cpp' build argument 'ament_cmake_args' from command line to 'None'
[0.384s] Level 5:colcon.colcon_core.verb:set package 'biy1_ros360_cpp' build argument 'catkin_cmake_args' from command line to 'None'
[0.384s] Level 5:colcon.colcon_core.verb:set package 'biy1_ros360_cpp' build argument 'catkin_skip_building_tests' from command line to 'False'
[0.385s] DEBUG:colcon.colcon_core.verb:Building package 'biy1_ros360_cpp' with the following arguments: {'ament_cmake_args': None, 'build_base': '/home/bilal/trail_tracer/build/biy1_ros360_cpp', 'catkin_cmake_args': None, 'catkin_skip_building_tests': False, 'cmake_args': None, 'cmake_clean_cache': False, 'cmake_clean_first': False, 'cmake_force_configure': False, 'cmake_target': None, 'cmake_target_skip_unavailable': False, 'install_base': '/home/bilal/trail_tracer/install/biy1_ros360_cpp', 'merge_install': False, 'path': '/home/bilal/trail_tracer/src/biy1_ros360_cpp', 'symlink_install': False, 'test_result_base': None}
[0.385s] INFO:colcon.colcon_core.executor:Executing jobs using 'parallel' executor
[0.386s] DEBUG:colcon.colcon_parallel_executor.executor.parallel:run_until_complete
[0.386s] INFO:colcon.colcon_ros.task.ament_cmake.build:Building ROS package in '/home/bilal/trail_tracer/src/biy1_ros360_cpp' with build type 'ament_cmake'
[0.386s] INFO:colcon.colcon_cmake.task.cmake.build:Building CMake package in '/home/bilal/trail_tracer/src/biy1_ros360_cpp'
[0.388s] INFO:colcon.colcon_core.plugin_system:Skipping extension 'colcon_core.shell.bat': Not used on non-Windows systems
[0.388s] INFO:colcon.colcon_core.shell:Skip shell extension 'powershell' for command environment: Not usable outside of PowerShell
[0.388s] DEBUG:colcon.colcon_core.shell:Skip shell extension 'dsv' for command environment
[0.402s] DEBUG:colcon.colcon_core.event_handler.log_command:Invoking command in '/home/bilal/trail_tracer/build/biy1_ros360_cpp': CMAKE_PREFIX_PATH=${CMAKE_PREFIX_PATH}:/home/bilal/trail_tracer/install/web_gui:/home/bilal/learn_ros2_ws/install/web_gui:/home/bilal/learn_ros2_ws/install/nav2_simple_commander:/home/bilal/ros2_ws/install/web_gui:/home/bilal/ros2_ws/install/opencv_tools:/home/bilal/ros2_ws/install/biy1_ros360_py:/opt/ros/humble /usr/bin/cmake --build /home/bilal/trail_tracer/build/biy1_ros360_cpp -- -j12 -l12
[22.115s] DEBUG:colcon.colcon_core.event_handler.log_command:Invoked command in '/home/bilal/trail_tracer/build/biy1_ros360_cpp' returned '0': CMAKE_PREFIX_PATH=${CMAKE_PREFIX_PATH}:/home/bilal/trail_tracer/install/web_gui:/home/bilal/learn_ros2_ws/install/web_gui:/home/bilal/learn_ros2_ws/install/nav2_simple_commander:/home/bilal/ros2_ws/install/web_gui:/home/bilal/ros2_ws/install/opencv_tools:/home/bilal/ros2_ws/install/biy1_ros360_py:/opt/ros/humble /usr/bin/cmake --build /home/bilal/trail_tracer/build/biy1_ros360_cpp -- -j12 -l12
[22.239s] DEBUG:colcon.colcon_core.event_handler.log_command:Invoking command in '/home/bilal/trail_tracer/build/biy1_ros360_cpp': CMAKE_PREFIX_PATH=${CMAKE_PREFIX_PATH}:/home/bilal/trail_tracer/install/web_gui:/home/bilal/learn_ros2_ws/install/web_gui:/home/bilal/learn_ros2_ws/install/nav2_simple_commander:/home/bilal/ros2_ws/install/web_gui:/home/bilal/ros2_ws/install/opencv_tools:/home/bilal/ros2_ws/install/biy1_ros360_py:/opt/ros/humble /usr/bin/cmake --install /home/bilal/trail_tracer/build/biy1_ros360_cpp
[22.294s] Level 1:colcon.colcon_core.environment:create_environment_scripts_only(biy1_ros360_cpp)
[22.295s] DEBUG:colcon.colcon_core.event_handler.log_command:Invoked command in '/home/bilal/trail_tracer/build/biy1_ros360_cpp' returned '0': CMAKE_PREFIX_PATH=${CMAKE_PREFIX_PATH}:/home/bilal/trail_tracer/install/web_gui:/home/bilal/learn_ros2_ws/install/web_gui:/home/bilal/learn_ros2_ws/install/nav2_simple_commander:/home/bilal/ros2_ws/install/web_gui:/home/bilal/ros2_ws/install/opencv_tools:/home/bilal/ros2_ws/install/biy1_ros360_py:/opt/ros/humble /usr/bin/cmake --install /home/bilal/trail_tracer/build/biy1_ros360_cpp
[22.297s] Level 1:colcon.colcon_core.environment:checking '/home/bilal/trail_tracer/install/biy1_ros360_cpp' for CMake module files
[22.297s] Level 1:colcon.colcon_core.environment:checking '/home/bilal/trail_tracer/install/biy1_ros360_cpp' for CMake config files
[22.297s] Level 1:colcon.colcon_core.shell:create_environment_hook('biy1_ros360_cpp', 'cmake_prefix_path')
[22.297s] INFO:colcon.colcon_core.shell:Creating environment hook '/home/bilal/trail_tracer/install/biy1_ros360_cpp/share/biy1_ros360_cpp/hook/cmake_prefix_path.ps1'
[22.298s] INFO:colcon.colcon_core.shell:Creating environment descriptor '/home/bilal/trail_tracer/install/biy1_ros360_cpp/share/biy1_ros360_cpp/hook/cmake_prefix_path.dsv'
[22.298s] INFO:colcon.colcon_core.shell:Creating environment hook '/home/bilal/trail_tracer/install/biy1_ros360_cpp/share/biy1_ros360_cpp/hook/cmake_prefix_path.sh'
[22.299s] Level 1:colcon.colcon_core.environment:checking '/home/bilal/trail_tracer/install/biy1_ros360_cpp/lib'
[22.299s] Level 1:colcon.colcon_core.environment:checking '/home/bilal/trail_tracer/install/biy1_ros360_cpp/bin'
[22.299s] Level 1:colcon.colcon_core.environment:checking '/home/bilal/trail_tracer/install/biy1_ros360_cpp/lib/pkgconfig/biy1_ros360_cpp.pc'
[22.299s] Level 1:colcon.colcon_core.environment:checking '/home/bilal/trail_tracer/install/biy1_ros360_cpp/lib/python3.10/site-packages'
[22.299s] Level 1:colcon.colcon_core.environment:checking '/home/bilal/trail_tracer/install/biy1_ros360_cpp/bin'
[22.299s] INFO:colcon.colcon_core.shell:Creating package script '/home/bilal/trail_tracer/install/biy1_ros360_cpp/share/biy1_ros360_cpp/package.ps1'
[22.300s] INFO:colcon.colcon_core.shell:Creating package descriptor '/home/bilal/trail_tracer/install/biy1_ros360_cpp/share/biy1_ros360_cpp/package.dsv'
[22.300s] INFO:colcon.colcon_core.shell:Creating package script '/home/bilal/trail_tracer/install/biy1_ros360_cpp/share/biy1_ros360_cpp/package.sh'
[22.301s] INFO:colcon.colcon_core.shell:Creating package script '/home/bilal/trail_tracer/install/biy1_ros360_cpp/share/biy1_ros360_cpp/package.bash'
[22.301s] INFO:colcon.colcon_core.shell:Creating package script '/home/bilal/trail_tracer/install/biy1_ros360_cpp/share/biy1_ros360_cpp/package.zsh'
[22.301s] Level 1:colcon.colcon_core.environment:create_file_with_runtime_dependencies(/home/bilal/trail_tracer/install/biy1_ros360_cpp/share/colcon-core/packages/biy1_ros360_cpp)
[22.416s] Level 1:colcon.colcon_core.environment:create_environment_scripts_only(biy1_ros360_cpp)
[22.416s] Level 1:colcon.colcon_core.environment:checking '/home/bilal/trail_tracer/install/biy1_ros360_cpp' for CMake module files
[22.416s] Level 1:colcon.colcon_core.environment:checking '/home/bilal/trail_tracer/install/biy1_ros360_cpp' for CMake config files
[22.417s] Level 1:colcon.colcon_core.shell:create_environment_hook('biy1_ros360_cpp', 'cmake_prefix_path')
[22.417s] INFO:colcon.colcon_core.shell:Creating environment hook '/home/bilal/trail_tracer/install/biy1_ros360_cpp/share/biy1_ros360_cpp/hook/cmake_prefix_path.ps1'
[22.417s] INFO:colcon.colcon_core.shell:Creating environment descriptor '/home/bilal/trail_tracer/install/biy1_ros360_cpp/share/biy1_ros360_cpp/hook/cmake_prefix_path.dsv'
[22.417s] INFO:colcon.colcon_core.shell:Creating environment hook '/home/bilal/trail_tracer/install/biy1_ros360_cpp/share/biy1_ros360_cpp/hook/cmake_prefix_path.sh'
[22.418s] Level 1:colcon.colcon_core.environment:checking '/home/bilal/trail_tracer/install/biy1_ros360_cpp/lib'
[22.418s] Level 1:colcon.colcon_core.environment:checking '/home/bilal/trail_tracer/install/biy1_ros360_cpp/bin'
[22.418s] Level 1:colcon.colcon_core.environment:checking '/home/bilal/trail_tracer/install/biy1_ros360_cpp/lib/pkgconfig/biy1_ros360_cpp.pc'
[22.418s] Level 1:colcon.colcon_core.environment:checking '/home/bilal/trail_tracer/install/biy1_ros360_cpp/lib/python3.10/site-packages'
[22.418s] Level 1:colcon.colcon_core.environment:checking '/home/bilal/trail_tracer/install/biy1_ros360_cpp/bin'
[22.419s] INFO:colcon.colcon_core.shell:Creating package script '/home/bilal/trail_tracer/install/biy1_ros360_cpp/share/biy1_ros360_cpp/package.ps1'
[22.419s] INFO:colcon.colcon_core.shell:Creating package descriptor '/home/bilal/trail_tracer/install/biy1_ros360_cpp/share/biy1_ros360_cpp/package.dsv'
[22.419s] INFO:colcon.colcon_core.shell:Creating package script '/home/bilal/trail_tracer/install/biy1_ros360_cpp/share/biy1_ros360_cpp/package.sh'
[22.420s] INFO:colcon.colcon_core.shell:Creating package script '/home/bilal/trail_tracer/install/biy1_ros360_cpp/share/biy1_ros360_cpp/package.bash'
[22.420s] INFO:colcon.colcon_core.shell:Creating package script '/home/bilal/trail_tracer/install/biy1_ros360_cpp/share/biy1_ros360_cpp/package.zsh'
[22.420s] Level 1:colcon.colcon_core.environment:create_file_with_runtime_dependencies(/home/bilal/trail_tracer/install/biy1_ros360_cpp/share/colcon-core/packages/biy1_ros360_cpp)
[22.421s] DEBUG:colcon.colcon_parallel_executor.executor.parallel:closing loop
[22.421s] DEBUG:colcon.colcon_parallel_executor.executor.parallel:loop closed
[22.421s] DEBUG:colcon.colcon_parallel_executor.executor.parallel:run_until_complete finished with '0'
[22.421s] DEBUG:colcon.colcon_core.event_reactor:joining thread
[22.426s] INFO:colcon.colcon_core.plugin_system:Skipping extension 'colcon_notification.desktop_notification.terminal_notifier': Not used on non-Darwin systems
[22.426s] INFO:colcon.colcon_core.plugin_system:Skipping extension 'colcon_notification.desktop_notification.win32': Not used on non-Windows systems
[22.426s] INFO:colcon.colcon_notification.desktop_notification:Sending desktop notification using 'notify2'
[22.434s] DEBUG:colcon.colcon_core.event_reactor:joined thread
[22.435s] INFO:colcon.colcon_core.shell:Creating prefix script '/home/bilal/trail_tracer/install/local_setup.ps1'
[22.435s] INFO:colcon.colcon_core.shell:Creating prefix util module '/home/bilal/trail_tracer/install/_local_setup_util_ps1.py'
[22.436s] INFO:colcon.colcon_core.shell:Creating prefix chain script '/home/bilal/trail_tracer/install/setup.ps1'
[22.440s] INFO:colcon.colcon_core.shell:Creating prefix script '/home/bilal/trail_tracer/install/local_setup.sh'
[22.441s] INFO:colcon.colcon_core.shell:Creating prefix util module '/home/bilal/trail_tracer/install/_local_setup_util_sh.py'
[22.441s] INFO:colcon.colcon_core.shell:Creating prefix chain script '/home/bilal/trail_tracer/install/setup.sh'
[22.445s] INFO:colcon.colcon_core.shell:Creating prefix script '/home/bilal/trail_tracer/install/local_setup.bash'
[22.445s] INFO:colcon.colcon_core.shell:Creating prefix chain script '/home/bilal/trail_tracer/install/setup.bash'
[22.449s] INFO:colcon.colcon_core.shell:Creating prefix script '/home/bilal/trail_tracer/install/local_setup.zsh'
[22.449s] INFO:colcon.colcon_core.shell:Creating prefix chain script '/home/bilal/trail_tracer/install/setup.zsh'
