[0.085s] Invoking command in '/home/bilal/trail_tracer/build/nav_2d_msgs': CMAKE_PREFIX_PATH=${CMAKE_PREFIX_PATH}:/home/bilal/trail_tracer/install/web_gui:/home/bilal/trail_tracer/install/nav2_simple_commander:/home/bilal/learn_ros2_ws/install/web_gui:/home/bilal/learn_ros2_ws/install/nav2_simple_commander:/home/bilal/ros2_ws/install/web_gui:/home/bilal/ros2_ws/install/opencv_tools:/home/bilal/ros2_ws/install/biy1_ros360_py:/opt/ros/humble /usr/bin/cmake --build /home/bilal/trail_tracer/build/nav_2d_msgs -- -j12 -l12
[0.255s] [  1%] Built target nav_2d_msgs__cpp
[0.261s] [ 12%] Built target nav_2d_msgs__rosidl_generator_c
[0.308s] [ 12%] Built target ament_cmake_python_copy_nav_2d_msgs
[0.349s] [ 23%] Built target nav_2d_msgs__rosidl_typesupport_cpp
[0.365s] [ 35%] Built target nav_2d_msgs__rosidl_typesupport_introspection_c
[0.367s] [ 46%] Built target nav_2d_msgs__rosidl_typesupport_fastrtps_cpp
[0.383s] [ 57%] Built target nav_2d_msgs__rosidl_typesupport_c
[0.385s] [ 69%] Built target nav_2d_msgs__rosidl_typesupport_introspection_cpp
[0.392s] [ 80%] Built target nav_2d_msgs__rosidl_typesupport_fastrtps_c
[0.448s] [ 80%] Built target nav_2d_msgs
[0.507s] [ 81%] Built target nav_2d_msgs__py
[0.568s] [ 91%] Built target nav_2d_msgs__rosidl_generator_py
[0.627s] [ 94%] Built target nav_2d_msgs__rosidl_typesupport_introspection_c__pyext
[0.632s] [ 97%] Built target nav_2d_msgs__rosidl_typesupport_fastrtps_c__pyext
[0.637s] [100%] Built target nav_2d_msgs__rosidl_typesupport_c__pyext
[0.790s] running egg_info
[0.790s] writing nav_2d_msgs.egg-info/PKG-INFO
[0.791s] writing dependency_links to nav_2d_msgs.egg-info/dependency_links.txt
[0.791s] writing top-level names to nav_2d_msgs.egg-info/top_level.txt
[0.798s] reading manifest file 'nav_2d_msgs.egg-info/SOURCES.txt'
[0.800s] writing manifest file 'nav_2d_msgs.egg-info/SOURCES.txt'
[0.846s] [100%] Built target ament_cmake_python_build_nav_2d_msgs_egg
[0.882s] Invoked command in '/home/bilal/trail_tracer/build/nav_2d_msgs' returned '0': CMAKE_PREFIX_PATH=${CMAKE_PREFIX_PATH}:/home/bilal/trail_tracer/install/web_gui:/home/bilal/trail_tracer/install/nav2_simple_commander:/home/bilal/learn_ros2_ws/install/web_gui:/home/bilal/learn_ros2_ws/install/nav2_simple_commander:/home/bilal/ros2_ws/install/web_gui:/home/bilal/ros2_ws/install/opencv_tools:/home/bilal/ros2_ws/install/biy1_ros360_py:/opt/ros/humble /usr/bin/cmake --build /home/bilal/trail_tracer/build/nav_2d_msgs -- -j12 -l12
[1.585s] Invoking command in '/home/bilal/trail_tracer/build/nav_2d_msgs': CMAKE_PREFIX_PATH=${CMAKE_PREFIX_PATH}:/home/bilal/trail_tracer/install/web_gui:/home/bilal/trail_tracer/install/nav2_simple_commander:/home/bilal/learn_ros2_ws/install/web_gui:/home/bilal/learn_ros2_ws/install/nav2_simple_commander:/home/bilal/ros2_ws/install/web_gui:/home/bilal/ros2_ws/install/opencv_tools:/home/bilal/ros2_ws/install/biy1_ros360_py:/opt/ros/humble /usr/bin/cmake --install /home/bilal/trail_tracer/build/nav_2d_msgs
[1.609s] -- Install configuration: ""
[1.609s] -- Up-to-date: /home/bilal/trail_tracer/install/nav_2d_msgs/share/ament_index/resource_index/rosidl_interfaces/nav_2d_msgs
[1.609s] -- Up-to-date: /home/bilal/trail_tracer/install/nav_2d_msgs/include/nav_2d_msgs/nav_2d_msgs
[1.610s] -- Up-to-date: /home/bilal/trail_tracer/install/nav_2d_msgs/include/nav_2d_msgs/nav_2d_msgs/msg
[1.610s] -- Up-to-date: /home/bilal/trail_tracer/install/nav_2d_msgs/include/nav_2d_msgs/nav_2d_msgs/msg/rosidl_generator_c__visibility_control.h
[1.610s] -- Up-to-date: /home/bilal/trail_tracer/install/nav_2d_msgs/include/nav_2d_msgs/nav_2d_msgs/msg/twist2_d32.h
[1.610s] -- Up-to-date: /home/bilal/trail_tracer/install/nav_2d_msgs/include/nav_2d_msgs/nav_2d_msgs/msg/twist2_d.h
[1.610s] -- Up-to-date: /home/bilal/trail_tracer/install/nav_2d_msgs/include/nav_2d_msgs/nav_2d_msgs/msg/twist2_d_stamped.h
[1.610s] -- Up-to-date: /home/bilal/trail_tracer/install/nav_2d_msgs/include/nav_2d_msgs/nav_2d_msgs/msg/pose2_d_stamped.h
[1.611s] -- Up-to-date: /home/bilal/trail_tracer/install/nav_2d_msgs/include/nav_2d_msgs/nav_2d_msgs/msg/pose2_d32.h
[1.611s] -- Up-to-date: /home/bilal/trail_tracer/install/nav_2d_msgs/include/nav_2d_msgs/nav_2d_msgs/msg/path2_d.h
[1.611s] -- Up-to-date: /home/bilal/trail_tracer/install/nav_2d_msgs/include/nav_2d_msgs/nav_2d_msgs/msg/detail
[1.611s] -- Up-to-date: /home/bilal/trail_tracer/install/nav_2d_msgs/include/nav_2d_msgs/nav_2d_msgs/msg/detail/path2_d__struct.h
[1.611s] -- Up-to-date: /home/bilal/trail_tracer/install/nav_2d_msgs/include/nav_2d_msgs/nav_2d_msgs/msg/detail/twist2_d__functions.c
[1.611s] -- Up-to-date: /home/bilal/trail_tracer/install/nav_2d_msgs/include/nav_2d_msgs/nav_2d_msgs/msg/detail/path2_d__type_support.h
[1.611s] -- Up-to-date: /home/bilal/trail_tracer/install/nav_2d_msgs/include/nav_2d_msgs/nav_2d_msgs/msg/detail/pose2_d32__struct.h
[1.611s] -- Up-to-date: /home/bilal/trail_tracer/install/nav_2d_msgs/include/nav_2d_msgs/nav_2d_msgs/msg/detail/pose2_d32__functions.c
[1.612s] -- Up-to-date: /home/bilal/trail_tracer/install/nav_2d_msgs/include/nav_2d_msgs/nav_2d_msgs/msg/detail/pose2_d32__type_support.h
[1.612s] -- Up-to-date: /home/bilal/trail_tracer/install/nav_2d_msgs/include/nav_2d_msgs/nav_2d_msgs/msg/detail/twist2_d__functions.h
[1.612s] -- Up-to-date: /home/bilal/trail_tracer/install/nav_2d_msgs/include/nav_2d_msgs/nav_2d_msgs/msg/detail/path2_d__functions.h
[1.612s] -- Up-to-date: /home/bilal/trail_tracer/install/nav_2d_msgs/include/nav_2d_msgs/nav_2d_msgs/msg/detail/twist2_d32__functions.c
[1.612s] -- Up-to-date: /home/bilal/trail_tracer/install/nav_2d_msgs/include/nav_2d_msgs/nav_2d_msgs/msg/detail/pose2_d32__functions.h
[1.612s] -- Up-to-date: /home/bilal/trail_tracer/install/nav_2d_msgs/include/nav_2d_msgs/nav_2d_msgs/msg/detail/pose2_d_stamped__functions.h
[1.612s] -- Up-to-date: /home/bilal/trail_tracer/install/nav_2d_msgs/include/nav_2d_msgs/nav_2d_msgs/msg/detail/twist2_d_stamped__struct.h
[1.613s] -- Up-to-date: /home/bilal/trail_tracer/install/nav_2d_msgs/include/nav_2d_msgs/nav_2d_msgs/msg/detail/twist2_d_stamped__functions.h
[1.613s] -- Up-to-date: /home/bilal/trail_tracer/install/nav_2d_msgs/include/nav_2d_msgs/nav_2d_msgs/msg/detail/twist2_d_stamped__functions.c
[1.613s] -- Up-to-date: /home/bilal/trail_tracer/install/nav_2d_msgs/include/nav_2d_msgs/nav_2d_msgs/msg/detail/twist2_d__struct.h
[1.613s] -- Up-to-date: /home/bilal/trail_tracer/install/nav_2d_msgs/include/nav_2d_msgs/nav_2d_msgs/msg/detail/twist2_d_stamped__type_support.h
[1.613s] -- Up-to-date: /home/bilal/trail_tracer/install/nav_2d_msgs/include/nav_2d_msgs/nav_2d_msgs/msg/detail/pose2_d_stamped__type_support.h
[1.613s] -- Up-to-date: /home/bilal/trail_tracer/install/nav_2d_msgs/include/nav_2d_msgs/nav_2d_msgs/msg/detail/twist2_d32__type_support.h
[1.613s] -- Up-to-date: /home/bilal/trail_tracer/install/nav_2d_msgs/include/nav_2d_msgs/nav_2d_msgs/msg/detail/twist2_d32__functions.h
[1.613s] -- Up-to-date: /home/bilal/trail_tracer/install/nav_2d_msgs/include/nav_2d_msgs/nav_2d_msgs/msg/detail/path2_d__functions.c
[1.614s] -- Up-to-date: /home/bilal/trail_tracer/install/nav_2d_msgs/include/nav_2d_msgs/nav_2d_msgs/msg/detail/twist2_d32__struct.h
[1.614s] -- Up-to-date: /home/bilal/trail_tracer/install/nav_2d_msgs/include/nav_2d_msgs/nav_2d_msgs/msg/detail/twist2_d__type_support.h
[1.614s] -- Up-to-date: /home/bilal/trail_tracer/install/nav_2d_msgs/include/nav_2d_msgs/nav_2d_msgs/msg/detail/pose2_d_stamped__functions.c
[1.614s] -- Up-to-date: /home/bilal/trail_tracer/install/nav_2d_msgs/include/nav_2d_msgs/nav_2d_msgs/msg/detail/pose2_d_stamped__struct.h
[1.614s] -- Up-to-date: /home/bilal/trail_tracer/install/nav_2d_msgs/share/nav_2d_msgs/environment/library_path.sh
[1.614s] -- Up-to-date: /home/bilal/trail_tracer/install/nav_2d_msgs/share/nav_2d_msgs/environment/library_path.dsv
[1.617s] -- Up-to-date: /home/bilal/trail_tracer/install/nav_2d_msgs/lib/libnav_2d_msgs__rosidl_generator_c.so
[1.621s] -- Up-to-date: /home/bilal/trail_tracer/install/nav_2d_msgs/include/nav_2d_msgs/nav_2d_msgs
[1.621s] -- Up-to-date: /home/bilal/trail_tracer/install/nav_2d_msgs/include/nav_2d_msgs/nav_2d_msgs/msg
[1.621s] -- Up-to-date: /home/bilal/trail_tracer/install/nav_2d_msgs/include/nav_2d_msgs/nav_2d_msgs/msg/rosidl_typesupport_fastrtps_c__visibility_control.h
[1.621s] -- Up-to-date: /home/bilal/trail_tracer/install/nav_2d_msgs/include/nav_2d_msgs/nav_2d_msgs/msg/detail
[1.621s] -- Up-to-date: /home/bilal/trail_tracer/install/nav_2d_msgs/include/nav_2d_msgs/nav_2d_msgs/msg/detail/twist2_d__rosidl_typesupport_fastrtps_c.h
[1.621s] -- Up-to-date: /home/bilal/trail_tracer/install/nav_2d_msgs/include/nav_2d_msgs/nav_2d_msgs/msg/detail/twist2_d32__rosidl_typesupport_fastrtps_c.h
[1.621s] -- Up-to-date: /home/bilal/trail_tracer/install/nav_2d_msgs/include/nav_2d_msgs/nav_2d_msgs/msg/detail/pose2_d_stamped__rosidl_typesupport_fastrtps_c.h
[1.621s] -- Up-to-date: /home/bilal/trail_tracer/install/nav_2d_msgs/include/nav_2d_msgs/nav_2d_msgs/msg/detail/pose2_d32__rosidl_typesupport_fastrtps_c.h
[1.621s] -- Up-to-date: /home/bilal/trail_tracer/install/nav_2d_msgs/include/nav_2d_msgs/nav_2d_msgs/msg/detail/twist2_d_stamped__rosidl_typesupport_fastrtps_c.h
[1.621s] -- Up-to-date: /home/bilal/trail_tracer/install/nav_2d_msgs/include/nav_2d_msgs/nav_2d_msgs/msg/detail/path2_d__rosidl_typesupport_fastrtps_c.h
[1.622s] -- Up-to-date: /home/bilal/trail_tracer/install/nav_2d_msgs/lib/libnav_2d_msgs__rosidl_typesupport_fastrtps_c.so
[1.622s] -- Up-to-date: /home/bilal/trail_tracer/install/nav_2d_msgs/include/nav_2d_msgs/nav_2d_msgs
[1.622s] -- Up-to-date: /home/bilal/trail_tracer/install/nav_2d_msgs/include/nav_2d_msgs/nav_2d_msgs/msg
[1.622s] -- Up-to-date: /home/bilal/trail_tracer/install/nav_2d_msgs/include/nav_2d_msgs/nav_2d_msgs/msg/twist2_d32.hpp
[1.622s] -- Up-to-date: /home/bilal/trail_tracer/install/nav_2d_msgs/include/nav_2d_msgs/nav_2d_msgs/msg/pose2_d_stamped.hpp
[1.622s] -- Up-to-date: /home/bilal/trail_tracer/install/nav_2d_msgs/include/nav_2d_msgs/nav_2d_msgs/msg/pose2_d32.hpp
[1.622s] -- Up-to-date: /home/bilal/trail_tracer/install/nav_2d_msgs/include/nav_2d_msgs/nav_2d_msgs/msg/path2_d.hpp
[1.622s] -- Up-to-date: /home/bilal/trail_tracer/install/nav_2d_msgs/include/nav_2d_msgs/nav_2d_msgs/msg/twist2_d_stamped.hpp
[1.622s] -- Up-to-date: /home/bilal/trail_tracer/install/nav_2d_msgs/include/nav_2d_msgs/nav_2d_msgs/msg/twist2_d.hpp
[1.622s] -- Up-to-date: /home/bilal/trail_tracer/install/nav_2d_msgs/include/nav_2d_msgs/nav_2d_msgs/msg/detail
[1.622s] -- Up-to-date: /home/bilal/trail_tracer/install/nav_2d_msgs/include/nav_2d_msgs/nav_2d_msgs/msg/detail/pose2_d32__builder.hpp
[1.622s] -- Up-to-date: /home/bilal/trail_tracer/install/nav_2d_msgs/include/nav_2d_msgs/nav_2d_msgs/msg/detail/path2_d__builder.hpp
[1.622s] -- Up-to-date: /home/bilal/trail_tracer/install/nav_2d_msgs/include/nav_2d_msgs/nav_2d_msgs/msg/detail/twist2_d32__traits.hpp
[1.623s] -- Up-to-date: /home/bilal/trail_tracer/install/nav_2d_msgs/include/nav_2d_msgs/nav_2d_msgs/msg/detail/twist2_d_stamped__traits.hpp
[1.623s] -- Up-to-date: /home/bilal/trail_tracer/install/nav_2d_msgs/include/nav_2d_msgs/nav_2d_msgs/msg/detail/path2_d__struct.hpp
[1.623s] -- Up-to-date: /home/bilal/trail_tracer/install/nav_2d_msgs/include/nav_2d_msgs/nav_2d_msgs/msg/detail/pose2_d_stamped__builder.hpp
[1.623s] -- Up-to-date: /home/bilal/trail_tracer/install/nav_2d_msgs/include/nav_2d_msgs/nav_2d_msgs/msg/detail/path2_d__traits.hpp
[1.623s] -- Up-to-date: /home/bilal/trail_tracer/install/nav_2d_msgs/include/nav_2d_msgs/nav_2d_msgs/msg/detail/pose2_d_stamped__struct.hpp
[1.626s] -- Up-to-date: /home/bilal/trail_tracer/install/nav_2d_msgs/include/nav_2d_msgs/nav_2d_msgs/msg/detail/twist2_d32__builder.hpp
[1.626s] -- Up-to-date: /home/bilal/trail_tracer/install/nav_2d_msgs/include/nav_2d_msgs/nav_2d_msgs/msg/detail/pose2_d32__struct.hpp
[1.626s] -- Up-to-date: /home/bilal/trail_tracer/install/nav_2d_msgs/include/nav_2d_msgs/nav_2d_msgs/msg/detail/twist2_d__struct.hpp
[1.626s] -- Up-to-date: /home/bilal/trail_tracer/install/nav_2d_msgs/include/nav_2d_msgs/nav_2d_msgs/msg/detail/pose2_d32__traits.hpp
[1.626s] -- Up-to-date: /home/bilal/trail_tracer/install/nav_2d_msgs/include/nav_2d_msgs/nav_2d_msgs/msg/detail/twist2_d32__struct.hpp
[1.627s] -- Up-to-date: /home/bilal/trail_tracer/install/nav_2d_msgs/include/nav_2d_msgs/nav_2d_msgs/msg/detail/twist2_d__traits.hpp
[1.627s] -- Up-to-date: /home/bilal/trail_tracer/install/nav_2d_msgs/include/nav_2d_msgs/nav_2d_msgs/msg/detail/twist2_d__builder.hpp
[1.627s] -- Up-to-date: /home/bilal/trail_tracer/install/nav_2d_msgs/include/nav_2d_msgs/nav_2d_msgs/msg/detail/twist2_d_stamped__struct.hpp
[1.627s] -- Up-to-date: /home/bilal/trail_tracer/install/nav_2d_msgs/include/nav_2d_msgs/nav_2d_msgs/msg/detail/pose2_d_stamped__traits.hpp
[1.628s] -- Up-to-date: /home/bilal/trail_tracer/install/nav_2d_msgs/include/nav_2d_msgs/nav_2d_msgs/msg/detail/twist2_d_stamped__builder.hpp
[1.628s] -- Up-to-date: /home/bilal/trail_tracer/install/nav_2d_msgs/include/nav_2d_msgs/nav_2d_msgs
[1.628s] -- Up-to-date: /home/bilal/trail_tracer/install/nav_2d_msgs/include/nav_2d_msgs/nav_2d_msgs/msg
[1.628s] -- Up-to-date: /home/bilal/trail_tracer/install/nav_2d_msgs/include/nav_2d_msgs/nav_2d_msgs/msg/rosidl_typesupport_fastrtps_cpp__visibility_control.h
[1.629s] -- Up-to-date: /home/bilal/trail_tracer/install/nav_2d_msgs/include/nav_2d_msgs/nav_2d_msgs/msg/detail
[1.629s] -- Up-to-date: /home/bilal/trail_tracer/install/nav_2d_msgs/include/nav_2d_msgs/nav_2d_msgs/msg/detail/twist2_d32__rosidl_typesupport_fastrtps_cpp.hpp
[1.630s] -- Up-to-date: /home/bilal/trail_tracer/install/nav_2d_msgs/include/nav_2d_msgs/nav_2d_msgs/msg/detail/pose2_d_stamped__rosidl_typesupport_fastrtps_cpp.hpp
[1.631s] -- Up-to-date: /home/bilal/trail_tracer/install/nav_2d_msgs/include/nav_2d_msgs/nav_2d_msgs/msg/detail/path2_d__rosidl_typesupport_fastrtps_cpp.hpp
[1.631s] -- Up-to-date: /home/bilal/trail_tracer/install/nav_2d_msgs/include/nav_2d_msgs/nav_2d_msgs/msg/detail/pose2_d32__rosidl_typesupport_fastrtps_cpp.hpp
[1.631s] -- Up-to-date: /home/bilal/trail_tracer/install/nav_2d_msgs/include/nav_2d_msgs/nav_2d_msgs/msg/detail/twist2_d__rosidl_typesupport_fastrtps_cpp.hpp
[1.631s] -- Up-to-date: /home/bilal/trail_tracer/install/nav_2d_msgs/include/nav_2d_msgs/nav_2d_msgs/msg/detail/twist2_d_stamped__rosidl_typesupport_fastrtps_cpp.hpp
[1.631s] -- Up-to-date: /home/bilal/trail_tracer/install/nav_2d_msgs/include/nav_2d_msgs/nav_2d_msgs/msg/detail/dds_fastrtps
[1.632s] -- Up-to-date: /home/bilal/trail_tracer/install/nav_2d_msgs/lib/libnav_2d_msgs__rosidl_typesupport_fastrtps_cpp.so
[1.632s] -- Up-to-date: /home/bilal/trail_tracer/install/nav_2d_msgs/include/nav_2d_msgs/nav_2d_msgs
[1.632s] -- Up-to-date: /home/bilal/trail_tracer/install/nav_2d_msgs/include/nav_2d_msgs/nav_2d_msgs/msg
[1.632s] -- Up-to-date: /home/bilal/trail_tracer/install/nav_2d_msgs/include/nav_2d_msgs/nav_2d_msgs/msg/detail
[1.632s] -- Up-to-date: /home/bilal/trail_tracer/install/nav_2d_msgs/include/nav_2d_msgs/nav_2d_msgs/msg/detail/path2_d__rosidl_typesupport_introspection_c.h
[1.632s] -- Up-to-date: /home/bilal/trail_tracer/install/nav_2d_msgs/include/nav_2d_msgs/nav_2d_msgs/msg/detail/twist2_d32__rosidl_typesupport_introspection_c.h
[1.632s] -- Up-to-date: /home/bilal/trail_tracer/install/nav_2d_msgs/include/nav_2d_msgs/nav_2d_msgs/msg/detail/path2_d__type_support.c
[1.633s] -- Up-to-date: /home/bilal/trail_tracer/install/nav_2d_msgs/include/nav_2d_msgs/nav_2d_msgs/msg/detail/twist2_d_stamped__rosidl_typesupport_introspection_c.h
[1.633s] -- Up-to-date: /home/bilal/trail_tracer/install/nav_2d_msgs/include/nav_2d_msgs/nav_2d_msgs/msg/detail/pose2_d_stamped__type_support.c
[1.633s] -- Up-to-date: /home/bilal/trail_tracer/install/nav_2d_msgs/include/nav_2d_msgs/nav_2d_msgs/msg/detail/pose2_d32__type_support.c
[1.633s] -- Up-to-date: /home/bilal/trail_tracer/install/nav_2d_msgs/include/nav_2d_msgs/nav_2d_msgs/msg/detail/pose2_d_stamped__rosidl_typesupport_introspection_c.h
[1.633s] -- Up-to-date: /home/bilal/trail_tracer/install/nav_2d_msgs/include/nav_2d_msgs/nav_2d_msgs/msg/detail/twist2_d32__type_support.c
[1.633s] -- Up-to-date: /home/bilal/trail_tracer/install/nav_2d_msgs/include/nav_2d_msgs/nav_2d_msgs/msg/detail/twist2_d__type_support.c
[1.633s] -- Up-to-date: /home/bilal/trail_tracer/install/nav_2d_msgs/include/nav_2d_msgs/nav_2d_msgs/msg/detail/pose2_d32__rosidl_typesupport_introspection_c.h
[1.633s] -- Up-to-date: /home/bilal/trail_tracer/install/nav_2d_msgs/include/nav_2d_msgs/nav_2d_msgs/msg/detail/twist2_d_stamped__type_support.c
[1.633s] -- Up-to-date: /home/bilal/trail_tracer/install/nav_2d_msgs/include/nav_2d_msgs/nav_2d_msgs/msg/detail/twist2_d__rosidl_typesupport_introspection_c.h
[1.633s] -- Up-to-date: /home/bilal/trail_tracer/install/nav_2d_msgs/include/nav_2d_msgs/nav_2d_msgs/msg/rosidl_typesupport_introspection_c__visibility_control.h
[1.633s] -- Up-to-date: /home/bilal/trail_tracer/install/nav_2d_msgs/lib/libnav_2d_msgs__rosidl_typesupport_introspection_c.so
[1.633s] -- Up-to-date: /home/bilal/trail_tracer/install/nav_2d_msgs/lib/libnav_2d_msgs__rosidl_typesupport_c.so
[1.634s] -- Up-to-date: /home/bilal/trail_tracer/install/nav_2d_msgs/include/nav_2d_msgs/nav_2d_msgs
[1.634s] -- Up-to-date: /home/bilal/trail_tracer/install/nav_2d_msgs/include/nav_2d_msgs/nav_2d_msgs/msg
[1.634s] -- Up-to-date: /home/bilal/trail_tracer/install/nav_2d_msgs/include/nav_2d_msgs/nav_2d_msgs/msg/detail
[1.634s] -- Up-to-date: /home/bilal/trail_tracer/install/nav_2d_msgs/include/nav_2d_msgs/nav_2d_msgs/msg/detail/twist2_d__rosidl_typesupport_introspection_cpp.hpp
[1.634s] -- Up-to-date: /home/bilal/trail_tracer/install/nav_2d_msgs/include/nav_2d_msgs/nav_2d_msgs/msg/detail/pose2_d_stamped__type_support.cpp
[1.634s] -- Up-to-date: /home/bilal/trail_tracer/install/nav_2d_msgs/include/nav_2d_msgs/nav_2d_msgs/msg/detail/pose2_d32__rosidl_typesupport_introspection_cpp.hpp
[1.634s] -- Up-to-date: /home/bilal/trail_tracer/install/nav_2d_msgs/include/nav_2d_msgs/nav_2d_msgs/msg/detail/twist2_d__type_support.cpp
[1.634s] -- Up-to-date: /home/bilal/trail_tracer/install/nav_2d_msgs/include/nav_2d_msgs/nav_2d_msgs/msg/detail/twist2_d_stamped__rosidl_typesupport_introspection_cpp.hpp
[1.634s] -- Up-to-date: /home/bilal/trail_tracer/install/nav_2d_msgs/include/nav_2d_msgs/nav_2d_msgs/msg/detail/pose2_d32__type_support.cpp
[1.635s] -- Up-to-date: /home/bilal/trail_tracer/install/nav_2d_msgs/include/nav_2d_msgs/nav_2d_msgs/msg/detail/twist2_d32__type_support.cpp
[1.635s] -- Up-to-date: /home/bilal/trail_tracer/install/nav_2d_msgs/include/nav_2d_msgs/nav_2d_msgs/msg/detail/pose2_d_stamped__rosidl_typesupport_introspection_cpp.hpp
[1.635s] -- Up-to-date: /home/bilal/trail_tracer/install/nav_2d_msgs/include/nav_2d_msgs/nav_2d_msgs/msg/detail/twist2_d32__rosidl_typesupport_introspection_cpp.hpp
[1.635s] -- Up-to-date: /home/bilal/trail_tracer/install/nav_2d_msgs/include/nav_2d_msgs/nav_2d_msgs/msg/detail/path2_d__type_support.cpp
[1.635s] -- Up-to-date: /home/bilal/trail_tracer/install/nav_2d_msgs/include/nav_2d_msgs/nav_2d_msgs/msg/detail/twist2_d_stamped__type_support.cpp
[1.635s] -- Up-to-date: /home/bilal/trail_tracer/install/nav_2d_msgs/include/nav_2d_msgs/nav_2d_msgs/msg/detail/path2_d__rosidl_typesupport_introspection_cpp.hpp
[1.635s] -- Up-to-date: /home/bilal/trail_tracer/install/nav_2d_msgs/lib/libnav_2d_msgs__rosidl_typesupport_introspection_cpp.so
[1.635s] -- Up-to-date: /home/bilal/trail_tracer/install/nav_2d_msgs/lib/libnav_2d_msgs__rosidl_typesupport_cpp.so
[1.635s] -- Up-to-date: /home/bilal/trail_tracer/install/nav_2d_msgs/share/nav_2d_msgs/environment/pythonpath.sh
[1.635s] -- Up-to-date: /home/bilal/trail_tracer/install/nav_2d_msgs/share/nav_2d_msgs/environment/pythonpath.dsv
[1.635s] -- Up-to-date: /home/bilal/trail_tracer/install/nav_2d_msgs/local/lib/python3.10/dist-packages/nav_2d_msgs-1.1.13-py3.10.egg-info
[1.635s] -- Installing: /home/bilal/trail_tracer/install/nav_2d_msgs/local/lib/python3.10/dist-packages/nav_2d_msgs-1.1.13-py3.10.egg-info/PKG-INFO
[1.636s] -- Installing: /home/bilal/trail_tracer/install/nav_2d_msgs/local/lib/python3.10/dist-packages/nav_2d_msgs-1.1.13-py3.10.egg-info/top_level.txt
[1.636s] -- Installing: /home/bilal/trail_tracer/install/nav_2d_msgs/local/lib/python3.10/dist-packages/nav_2d_msgs-1.1.13-py3.10.egg-info/dependency_links.txt
[1.636s] -- Installing: /home/bilal/trail_tracer/install/nav_2d_msgs/local/lib/python3.10/dist-packages/nav_2d_msgs-1.1.13-py3.10.egg-info/SOURCES.txt
[1.636s] -- Up-to-date: /home/bilal/trail_tracer/install/nav_2d_msgs/local/lib/python3.10/dist-packages/nav_2d_msgs
[1.636s] -- Up-to-date: /home/bilal/trail_tracer/install/nav_2d_msgs/local/lib/python3.10/dist-packages/nav_2d_msgs/nav_2d_msgs_s__rosidl_typesupport_introspection_c.cpython-310-x86_64-linux-gnu.so
[1.636s] -- Up-to-date: /home/bilal/trail_tracer/install/nav_2d_msgs/local/lib/python3.10/dist-packages/nav_2d_msgs/_nav_2d_msgs_s.ep.rosidl_typesupport_fastrtps_c.c
[1.636s] -- Up-to-date: /home/bilal/trail_tracer/install/nav_2d_msgs/local/lib/python3.10/dist-packages/nav_2d_msgs/libnav_2d_msgs__rosidl_generator_py.so
[1.636s] -- Up-to-date: /home/bilal/trail_tracer/install/nav_2d_msgs/local/lib/python3.10/dist-packages/nav_2d_msgs/nav_2d_msgs_s__rosidl_typesupport_fastrtps_c.cpython-310-x86_64-linux-gnu.so
[1.636s] -- Up-to-date: /home/bilal/trail_tracer/install/nav_2d_msgs/local/lib/python3.10/dist-packages/nav_2d_msgs/__init__.py
[1.636s] -- Up-to-date: /home/bilal/trail_tracer/install/nav_2d_msgs/local/lib/python3.10/dist-packages/nav_2d_msgs/_nav_2d_msgs_s.ep.rosidl_typesupport_introspection_c.c
[1.636s] -- Up-to-date: /home/bilal/trail_tracer/install/nav_2d_msgs/local/lib/python3.10/dist-packages/nav_2d_msgs/msg
[1.636s] -- Up-to-date: /home/bilal/trail_tracer/install/nav_2d_msgs/local/lib/python3.10/dist-packages/nav_2d_msgs/msg/_pose2_d_stamped_s.c
[1.636s] -- Up-to-date: /home/bilal/trail_tracer/install/nav_2d_msgs/local/lib/python3.10/dist-packages/nav_2d_msgs/msg/_path2_d.py
[1.637s] -- Up-to-date: /home/bilal/trail_tracer/install/nav_2d_msgs/local/lib/python3.10/dist-packages/nav_2d_msgs/msg/_path2_d_s.c
[1.637s] -- Up-to-date: /home/bilal/trail_tracer/install/nav_2d_msgs/local/lib/python3.10/dist-packages/nav_2d_msgs/msg/_twist2_d32.py
[1.637s] -- Up-to-date: /home/bilal/trail_tracer/install/nav_2d_msgs/local/lib/python3.10/dist-packages/nav_2d_msgs/msg/_pose2_d32.py
[1.637s] -- Up-to-date: /home/bilal/trail_tracer/install/nav_2d_msgs/local/lib/python3.10/dist-packages/nav_2d_msgs/msg/__init__.py
[1.637s] -- Up-to-date: /home/bilal/trail_tracer/install/nav_2d_msgs/local/lib/python3.10/dist-packages/nav_2d_msgs/msg/_twist2_d.py
[1.637s] -- Up-to-date: /home/bilal/trail_tracer/install/nav_2d_msgs/local/lib/python3.10/dist-packages/nav_2d_msgs/msg/_pose2_d_stamped.py
[1.637s] -- Up-to-date: /home/bilal/trail_tracer/install/nav_2d_msgs/local/lib/python3.10/dist-packages/nav_2d_msgs/msg/_twist2_d32_s.c
[1.637s] -- Up-to-date: /home/bilal/trail_tracer/install/nav_2d_msgs/local/lib/python3.10/dist-packages/nav_2d_msgs/msg/_pose2_d32_s.c
[1.637s] -- Up-to-date: /home/bilal/trail_tracer/install/nav_2d_msgs/local/lib/python3.10/dist-packages/nav_2d_msgs/msg/_twist2_d_s.c
[1.637s] -- Up-to-date: /home/bilal/trail_tracer/install/nav_2d_msgs/local/lib/python3.10/dist-packages/nav_2d_msgs/msg/_twist2_d_stamped_s.c
[1.637s] -- Up-to-date: /home/bilal/trail_tracer/install/nav_2d_msgs/local/lib/python3.10/dist-packages/nav_2d_msgs/msg/_twist2_d_stamped.py
[1.637s] -- Up-to-date: /home/bilal/trail_tracer/install/nav_2d_msgs/local/lib/python3.10/dist-packages/nav_2d_msgs/_nav_2d_msgs_s.ep.rosidl_typesupport_c.c
[1.638s] -- Up-to-date: /home/bilal/trail_tracer/install/nav_2d_msgs/local/lib/python3.10/dist-packages/nav_2d_msgs/nav_2d_msgs_s__rosidl_typesupport_c.cpython-310-x86_64-linux-gnu.so
[1.685s] Listing '/home/bilal/trail_tracer/install/nav_2d_msgs/local/lib/python3.10/dist-packages/nav_2d_msgs'...
[1.685s] Listing '/home/bilal/trail_tracer/install/nav_2d_msgs/local/lib/python3.10/dist-packages/nav_2d_msgs/msg'...
[1.690s] -- Up-to-date: /home/bilal/trail_tracer/install/nav_2d_msgs/local/lib/python3.10/dist-packages/nav_2d_msgs/nav_2d_msgs_s__rosidl_typesupport_fastrtps_c.cpython-310-x86_64-linux-gnu.so
[1.690s] -- Up-to-date: /home/bilal/trail_tracer/install/nav_2d_msgs/local/lib/python3.10/dist-packages/nav_2d_msgs/nav_2d_msgs_s__rosidl_typesupport_introspection_c.cpython-310-x86_64-linux-gnu.so
[1.690s] -- Up-to-date: /home/bilal/trail_tracer/install/nav_2d_msgs/local/lib/python3.10/dist-packages/nav_2d_msgs/nav_2d_msgs_s__rosidl_typesupport_c.cpython-310-x86_64-linux-gnu.so
[1.691s] -- Up-to-date: /home/bilal/trail_tracer/install/nav_2d_msgs/lib/libnav_2d_msgs__rosidl_generator_py.so
[1.691s] -- Up-to-date: /home/bilal/trail_tracer/install/nav_2d_msgs/share/nav_2d_msgs/msg/Path2D.idl
[1.691s] -- Up-to-date: /home/bilal/trail_tracer/install/nav_2d_msgs/share/nav_2d_msgs/msg/Pose2D32.idl
[1.691s] -- Up-to-date: /home/bilal/trail_tracer/install/nav_2d_msgs/share/nav_2d_msgs/msg/Pose2DStamped.idl
[1.691s] -- Up-to-date: /home/bilal/trail_tracer/install/nav_2d_msgs/share/nav_2d_msgs/msg/Twist2D.idl
[1.691s] -- Up-to-date: /home/bilal/trail_tracer/install/nav_2d_msgs/share/nav_2d_msgs/msg/Twist2D32.idl
[1.692s] -- Up-to-date: /home/bilal/trail_tracer/install/nav_2d_msgs/share/nav_2d_msgs/msg/Twist2DStamped.idl
[1.692s] -- Up-to-date: /home/bilal/trail_tracer/install/nav_2d_msgs/share/nav_2d_msgs/msg/Path2D.msg
[1.692s] -- Up-to-date: /home/bilal/trail_tracer/install/nav_2d_msgs/share/nav_2d_msgs/msg/Pose2D32.msg
[1.692s] -- Up-to-date: /home/bilal/trail_tracer/install/nav_2d_msgs/share/nav_2d_msgs/msg/Pose2DStamped.msg
[1.692s] -- Up-to-date: /home/bilal/trail_tracer/install/nav_2d_msgs/share/nav_2d_msgs/msg/Twist2D.msg
[1.692s] -- Up-to-date: /home/bilal/trail_tracer/install/nav_2d_msgs/share/nav_2d_msgs/msg/Twist2D32.msg
[1.692s] -- Up-to-date: /home/bilal/trail_tracer/install/nav_2d_msgs/share/nav_2d_msgs/msg/Twist2DStamped.msg
[1.692s] -- Up-to-date: /home/bilal/trail_tracer/install/nav_2d_msgs/share/ament_index/resource_index/package_run_dependencies/nav_2d_msgs
[1.692s] -- Up-to-date: /home/bilal/trail_tracer/install/nav_2d_msgs/share/ament_index/resource_index/parent_prefix_path/nav_2d_msgs
[1.692s] -- Up-to-date: /home/bilal/trail_tracer/install/nav_2d_msgs/share/nav_2d_msgs/environment/ament_prefix_path.sh
[1.692s] -- Up-to-date: /home/bilal/trail_tracer/install/nav_2d_msgs/share/nav_2d_msgs/environment/ament_prefix_path.dsv
[1.692s] -- Up-to-date: /home/bilal/trail_tracer/install/nav_2d_msgs/share/nav_2d_msgs/environment/path.sh
[1.692s] -- Up-to-date: /home/bilal/trail_tracer/install/nav_2d_msgs/share/nav_2d_msgs/environment/path.dsv
[1.693s] -- Up-to-date: /home/bilal/trail_tracer/install/nav_2d_msgs/share/nav_2d_msgs/local_setup.bash
[1.693s] -- Up-to-date: /home/bilal/trail_tracer/install/nav_2d_msgs/share/nav_2d_msgs/local_setup.sh
[1.693s] -- Up-to-date: /home/bilal/trail_tracer/install/nav_2d_msgs/share/nav_2d_msgs/local_setup.zsh
[1.693s] -- Up-to-date: /home/bilal/trail_tracer/install/nav_2d_msgs/share/nav_2d_msgs/local_setup.dsv
[1.693s] -- Installing: /home/bilal/trail_tracer/install/nav_2d_msgs/share/nav_2d_msgs/package.dsv
[1.693s] -- Up-to-date: /home/bilal/trail_tracer/install/nav_2d_msgs/share/ament_index/resource_index/packages/nav_2d_msgs
[1.693s] -- Up-to-date: /home/bilal/trail_tracer/install/nav_2d_msgs/share/nav_2d_msgs/cmake/export_nav_2d_msgs__rosidl_generator_cExport.cmake
[1.693s] -- Up-to-date: /home/bilal/trail_tracer/install/nav_2d_msgs/share/nav_2d_msgs/cmake/export_nav_2d_msgs__rosidl_generator_cExport-noconfig.cmake
[1.693s] -- Up-to-date: /home/bilal/trail_tracer/install/nav_2d_msgs/share/nav_2d_msgs/cmake/export_nav_2d_msgs__rosidl_typesupport_fastrtps_cExport.cmake
[1.694s] -- Up-to-date: /home/bilal/trail_tracer/install/nav_2d_msgs/share/nav_2d_msgs/cmake/export_nav_2d_msgs__rosidl_typesupport_fastrtps_cExport-noconfig.cmake
[1.694s] -- Up-to-date: /home/bilal/trail_tracer/install/nav_2d_msgs/share/nav_2d_msgs/cmake/export_nav_2d_msgs__rosidl_generator_cppExport.cmake
[1.694s] -- Up-to-date: /home/bilal/trail_tracer/install/nav_2d_msgs/share/nav_2d_msgs/cmake/export_nav_2d_msgs__rosidl_typesupport_fastrtps_cppExport.cmake
[1.695s] -- Up-to-date: /home/bilal/trail_tracer/install/nav_2d_msgs/share/nav_2d_msgs/cmake/export_nav_2d_msgs__rosidl_typesupport_fastrtps_cppExport-noconfig.cmake
[1.696s] -- Up-to-date: /home/bilal/trail_tracer/install/nav_2d_msgs/share/nav_2d_msgs/cmake/nav_2d_msgs__rosidl_typesupport_introspection_cExport.cmake
[1.696s] -- Up-to-date: /home/bilal/trail_tracer/install/nav_2d_msgs/share/nav_2d_msgs/cmake/nav_2d_msgs__rosidl_typesupport_introspection_cExport-noconfig.cmake
[1.696s] -- Up-to-date: /home/bilal/trail_tracer/install/nav_2d_msgs/share/nav_2d_msgs/cmake/nav_2d_msgs__rosidl_typesupport_cExport.cmake
[1.696s] -- Up-to-date: /home/bilal/trail_tracer/install/nav_2d_msgs/share/nav_2d_msgs/cmake/nav_2d_msgs__rosidl_typesupport_cExport-noconfig.cmake
[1.696s] -- Up-to-date: /home/bilal/trail_tracer/install/nav_2d_msgs/share/nav_2d_msgs/cmake/nav_2d_msgs__rosidl_typesupport_introspection_cppExport.cmake
[1.696s] -- Up-to-date: /home/bilal/trail_tracer/install/nav_2d_msgs/share/nav_2d_msgs/cmake/nav_2d_msgs__rosidl_typesupport_introspection_cppExport-noconfig.cmake
[1.696s] -- Up-to-date: /home/bilal/trail_tracer/install/nav_2d_msgs/share/nav_2d_msgs/cmake/nav_2d_msgs__rosidl_typesupport_cppExport.cmake
[1.696s] -- Up-to-date: /home/bilal/trail_tracer/install/nav_2d_msgs/share/nav_2d_msgs/cmake/nav_2d_msgs__rosidl_typesupport_cppExport-noconfig.cmake
[1.697s] -- Up-to-date: /home/bilal/trail_tracer/install/nav_2d_msgs/share/nav_2d_msgs/cmake/export_nav_2d_msgs__rosidl_generator_pyExport.cmake
[1.697s] -- Up-to-date: /home/bilal/trail_tracer/install/nav_2d_msgs/share/nav_2d_msgs/cmake/export_nav_2d_msgs__rosidl_generator_pyExport-noconfig.cmake
[1.697s] -- Up-to-date: /home/bilal/trail_tracer/install/nav_2d_msgs/share/nav_2d_msgs/cmake/rosidl_cmake-extras.cmake
[1.697s] -- Up-to-date: /home/bilal/trail_tracer/install/nav_2d_msgs/share/nav_2d_msgs/cmake/ament_cmake_export_dependencies-extras.cmake
[1.697s] -- Up-to-date: /home/bilal/trail_tracer/install/nav_2d_msgs/share/nav_2d_msgs/cmake/ament_cmake_export_include_directories-extras.cmake
[1.697s] -- Up-to-date: /home/bilal/trail_tracer/install/nav_2d_msgs/share/nav_2d_msgs/cmake/ament_cmake_export_libraries-extras.cmake
[1.698s] -- Up-to-date: /home/bilal/trail_tracer/install/nav_2d_msgs/share/nav_2d_msgs/cmake/ament_cmake_export_targets-extras.cmake
[1.698s] -- Up-to-date: /home/bilal/trail_tracer/install/nav_2d_msgs/share/nav_2d_msgs/cmake/rosidl_cmake_export_typesupport_targets-extras.cmake
[1.698s] -- Up-to-date: /home/bilal/trail_tracer/install/nav_2d_msgs/share/nav_2d_msgs/cmake/rosidl_cmake_export_typesupport_libraries-extras.cmake
[1.698s] -- Up-to-date: /home/bilal/trail_tracer/install/nav_2d_msgs/share/nav_2d_msgs/cmake/nav_2d_msgsConfig.cmake
[1.698s] -- Up-to-date: /home/bilal/trail_tracer/install/nav_2d_msgs/share/nav_2d_msgs/cmake/nav_2d_msgsConfig-version.cmake
[1.698s] -- Up-to-date: /home/bilal/trail_tracer/install/nav_2d_msgs/share/nav_2d_msgs/package.xml
[1.702s] Invoked command in '/home/bilal/trail_tracer/build/nav_2d_msgs' returned '0': CMAKE_PREFIX_PATH=${CMAKE_PREFIX_PATH}:/home/bilal/trail_tracer/install/web_gui:/home/bilal/trail_tracer/install/nav2_simple_commander:/home/bilal/learn_ros2_ws/install/web_gui:/home/bilal/learn_ros2_ws/install/nav2_simple_commander:/home/bilal/ros2_ws/install/web_gui:/home/bilal/ros2_ws/install/opencv_tools:/home/bilal/ros2_ws/install/biy1_ros360_py:/opt/ros/humble /usr/bin/cmake --install /home/bilal/trail_tracer/build/nav_2d_msgs
