[0.034s] Invoking command in '/home/bilal/trail_tracer/build/traethlin_description': CMAKE_PREFIX_PATH=${CMAKE_PREFIX_PATH}:/home/bilal/trail_tracer/install/web_gui:/home/bilal/learn_ros2_ws/install/web_gui:/home/bilal/learn_ros2_ws/install/nav2_simple_commander:/home/bilal/ros2_ws/install/web_gui:/home/bilal/ros2_ws/install/opencv_tools:/home/bilal/ros2_ws/install/biy1_ros360_py:/opt/ros/humble /usr/bin/cmake /home/bilal/trail_tracer/src/traethlin_description -DCMAKE_INSTALL_PREFIX=/home/bilal/trail_tracer/install/traethlin_description
[0.130s] -- The C compiler identification is GNU 11.4.0
[0.195s] -- The CXX compiler identification is GNU 11.4.0
[0.206s] -- Detecting C compiler ABI info
[0.331s] -- Detecting C compiler ABI info - done
[0.351s] -- Check for working C compiler: /usr/bin/cc - skipped
[0.351s] -- Detecting C compile features
[0.353s] -- Detecting C compile features - done
[0.355s] -- Detecting CXX compiler ABI info
[0.520s] -- Detecting CXX compiler ABI info - done
[0.531s] -- Check for working CXX compiler: /usr/bin/c++ - skipped
[0.534s] -- Detecting CXX compile features
[0.535s] -- Detecting CXX compile features - done
[0.550s] -- Found ament_cmake: 1.3.8 (/opt/ros/humble/share/ament_cmake/cmake)
[0.819s] -- Found Python3: /usr/bin/python3 (found version "3.10.12") found components: Interpreter 
[1.069s] -- Found ament_lint_auto: 0.12.10 (/opt/ros/humble/share/ament_lint_auto/cmake)
[1.144s] -- Configuring done
[1.148s] -- Generating done
[1.149s] -- Build files have been written to: /home/bilal/trail_tracer/build/traethlin_description
[1.155s] Invoked command in '/home/bilal/trail_tracer/build/traethlin_description' returned '0': CMAKE_PREFIX_PATH=${CMAKE_PREFIX_PATH}:/home/bilal/trail_tracer/install/web_gui:/home/bilal/learn_ros2_ws/install/web_gui:/home/bilal/learn_ros2_ws/install/nav2_simple_commander:/home/bilal/ros2_ws/install/web_gui:/home/bilal/ros2_ws/install/opencv_tools:/home/bilal/ros2_ws/install/biy1_ros360_py:/opt/ros/humble /usr/bin/cmake /home/bilal/trail_tracer/src/traethlin_description -DCMAKE_INSTALL_PREFIX=/home/bilal/trail_tracer/install/traethlin_description
[1.157s] Invoking command in '/home/bilal/trail_tracer/build/traethlin_description': CMAKE_PREFIX_PATH=${CMAKE_PREFIX_PATH}:/home/bilal/trail_tracer/install/web_gui:/home/bilal/learn_ros2_ws/install/web_gui:/home/bilal/learn_ros2_ws/install/nav2_simple_commander:/home/bilal/ros2_ws/install/web_gui:/home/bilal/ros2_ws/install/opencv_tools:/home/bilal/ros2_ws/install/biy1_ros360_py:/opt/ros/humble /usr/bin/cmake --build /home/bilal/trail_tracer/build/traethlin_description -- -j12 -l12
[1.237s] Invoked command in '/home/bilal/trail_tracer/build/traethlin_description' returned '0': CMAKE_PREFIX_PATH=${CMAKE_PREFIX_PATH}:/home/bilal/trail_tracer/install/web_gui:/home/bilal/learn_ros2_ws/install/web_gui:/home/bilal/learn_ros2_ws/install/nav2_simple_commander:/home/bilal/ros2_ws/install/web_gui:/home/bilal/ros2_ws/install/opencv_tools:/home/bilal/ros2_ws/install/biy1_ros360_py:/opt/ros/humble /usr/bin/cmake --build /home/bilal/trail_tracer/build/traethlin_description -- -j12 -l12
[1.324s] Invoking command in '/home/bilal/trail_tracer/build/traethlin_description': CMAKE_PREFIX_PATH=${CMAKE_PREFIX_PATH}:/home/bilal/trail_tracer/install/web_gui:/home/bilal/learn_ros2_ws/install/web_gui:/home/bilal/learn_ros2_ws/install/nav2_simple_commander:/home/bilal/ros2_ws/install/web_gui:/home/bilal/ros2_ws/install/opencv_tools:/home/bilal/ros2_ws/install/biy1_ros360_py:/opt/ros/humble /usr/bin/cmake --install /home/bilal/trail_tracer/build/traethlin_description
[1.339s] -- Install configuration: ""
[1.339s] -- Installing: /home/bilal/trail_tracer/install/traethlin_description/share/traethlin_description/urdf
[1.339s] -- Installing: /home/bilal/trail_tracer/install/traethlin_description/share/traethlin_description/urdf/gazebo.material
[1.342s] -- Installing: /home/bilal/trail_tracer/install/traethlin_description/share/traethlin_description/urdf/traethlin_constants.xacro
[1.343s] -- Installing: /home/bilal/trail_tracer/install/traethlin_description/share/traethlin_description/urdf/traethlin.urdf.xacro
[1.349s] -- Installing: /home/bilal/trail_tracer/install/traethlin_description/share/traethlin_description/urdf/traethlin_shock_absorbers.xacro
[1.349s] -- Installing: /home/bilal/trail_tracer/install/traethlin_description/share/traethlin_description/urdf/traethlin.gazebo.xacro
[1.350s] -- Installing: /home/bilal/trail_tracer/install/traethlin_description/share/traethlin_description/urdf/traethlin_wheels.xacro
[1.350s] -- Installing: /home/bilal/trail_tracer/install/traethlin_description/share/traethlin_description/rviz
[1.350s] -- Installing: /home/bilal/trail_tracer/install/traethlin_description/share/traethlin_description/rviz/traethlin.rviz
[1.350s] -- Installing: /home/bilal/trail_tracer/install/traethlin_description/share/traethlin_description/launch
[1.350s] -- Installing: /home/bilal/trail_tracer/install/traethlin_description/share/traethlin_description/launch/description.launch.py
[1.350s] -- Installing: /home/bilal/trail_tracer/install/traethlin_description/share/traethlin_description/launch/gazebo.launch.py
[1.350s] -- Installing: /home/bilal/trail_tracer/install/traethlin_description/share/traethlin_description/worlds
[1.350s] -- Installing: /home/bilal/trail_tracer/install/traethlin_description/share/traethlin_description/worlds/traethlin.world
[1.350s] -- Installing: /home/bilal/trail_tracer/install/traethlin_description/share/traethlin_description/meshes
[1.350s] -- Installing: /home/bilal/trail_tracer/install/traethlin_description/share/traethlin_description/meshes/camera_assembly.stl
[1.350s] -- Installing: /home/bilal/trail_tracer/install/traethlin_description/share/traethlin_description/meshes/roverFrontWheelTextured.dae
[1.351s] -- Installing: /home/bilal/trail_tracer/install/traethlin_description/share/traethlin_description/meshes/roverRearWheelTextured.dae
[1.353s] -- Installing: /home/bilal/trail_tracer/install/traethlin_description/share/traethlin_description/meshes/rover.stl
[1.353s] -- Installing: /home/bilal/trail_tracer/install/traethlin_description/share/traethlin_description/meshes/chassis.stl
[1.355s] -- Installing: /home/bilal/trail_tracer/install/traethlin_description/share/traethlin_description/meshes/Wheel_Texture.jpg
[1.365s] -- Installing: /home/bilal/trail_tracer/install/traethlin_description/share/traethlin_description/meshes/roverFrontWheel.stl
[1.366s] -- Installing: /home/bilal/trail_tracer/install/traethlin_description/share/traethlin_description/meshes/wheel.stl
[1.375s] -- Installing: /home/bilal/trail_tracer/install/traethlin_description/share/traethlin_description/meshes/old_rover.stl
[1.376s] -- Installing: /home/bilal/trail_tracer/install/traethlin_description/share/traethlin_description/meshes/Vehicle_Texture.dae
[1.380s] -- Installing: /home/bilal/trail_tracer/install/traethlin_description/share/traethlin_description/meshes/roverRearWheel.stl
[1.381s] -- Installing: /home/bilal/trail_tracer/install/traethlin_description/share/ament_index/resource_index/package_run_dependencies/traethlin_description
[1.382s] -- Installing: /home/bilal/trail_tracer/install/traethlin_description/share/ament_index/resource_index/parent_prefix_path/traethlin_description
[1.382s] -- Installing: /home/bilal/trail_tracer/install/traethlin_description/share/traethlin_description/environment/ament_prefix_path.sh
[1.382s] -- Installing: /home/bilal/trail_tracer/install/traethlin_description/share/traethlin_description/environment/ament_prefix_path.dsv
[1.382s] -- Installing: /home/bilal/trail_tracer/install/traethlin_description/share/traethlin_description/environment/path.sh
[1.382s] -- Installing: /home/bilal/trail_tracer/install/traethlin_description/share/traethlin_description/environment/path.dsv
[1.383s] -- Installing: /home/bilal/trail_tracer/install/traethlin_description/share/traethlin_description/local_setup.bash
[1.383s] -- Installing: /home/bilal/trail_tracer/install/traethlin_description/share/traethlin_description/local_setup.sh
[1.383s] -- Installing: /home/bilal/trail_tracer/install/traethlin_description/share/traethlin_description/local_setup.zsh
[1.383s] -- Installing: /home/bilal/trail_tracer/install/traethlin_description/share/traethlin_description/local_setup.dsv
[1.384s] -- Installing: /home/bilal/trail_tracer/install/traethlin_description/share/traethlin_description/package.dsv
[1.384s] -- Installing: /home/bilal/trail_tracer/install/traethlin_description/share/ament_index/resource_index/packages/traethlin_description
[1.384s] -- Installing: /home/bilal/trail_tracer/install/traethlin_description/share/traethlin_description/cmake/traethlin_descriptionConfig.cmake
[1.384s] -- Installing: /home/bilal/trail_tracer/install/traethlin_description/share/traethlin_description/cmake/traethlin_descriptionConfig-version.cmake
[1.384s] -- Installing: /home/bilal/trail_tracer/install/traethlin_description/share/traethlin_description/package.xml
[1.389s] Invoked command in '/home/bilal/trail_tracer/build/traethlin_description' returned '0': CMAKE_PREFIX_PATH=${CMAKE_PREFIX_PATH}:/home/bilal/trail_tracer/install/web_gui:/home/bilal/learn_ros2_ws/install/web_gui:/home/bilal/learn_ros2_ws/install/nav2_simple_commander:/home/bilal/ros2_ws/install/web_gui:/home/bilal/ros2_ws/install/opencv_tools:/home/bilal/ros2_ws/install/biy1_ros360_py:/opt/ros/humble /usr/bin/cmake --install /home/bilal/trail_tracer/build/traethlin_description
