[1.071s] Invoking command in '/home/bilal/trail_tracer/src/web_gui': PYTHONPATH=/home/bilal/trail_tracer/build/web_gui/prefix_override:/home/bilal/trail_tracer/install/web_gui/lib/python3.10/site-packages:${PYTHONPATH} /usr/bin/python3 -W ignore:setup.py install is deprecated setup.py egg_info --egg-base ../../build/web_gui build --build-base /home/bilal/trail_tracer/build/web_gui/build install --record /home/bilal/trail_tracer/build/web_gui/install.log --single-version-externally-managed install_data
[1.388s] running egg_info
[1.389s] writing ../../build/web_gui/web_gui.egg-info/PKG-INFO
[1.389s] writing dependency_links to ../../build/web_gui/web_gui.egg-info/dependency_links.txt
[1.389s] writing entry points to ../../build/web_gui/web_gui.egg-info/entry_points.txt
[1.389s] writing requirements to ../../build/web_gui/web_gui.egg-info/requires.txt
[1.389s] writing top-level names to ../../build/web_gui/web_gui.egg-info/top_level.txt
[1.392s] reading manifest file '../../build/web_gui/web_gui.egg-info/SOURCES.txt'
[1.392s] writing manifest file '../../build/web_gui/web_gui.egg-info/SOURCES.txt'
[1.392s] running build
[1.392s] running build_py
[1.393s] running install
[1.393s] running install_lib
[1.394s] running install_data
[1.394s] running install_egg_info
[1.395s] removing '/home/bilal/trail_tracer/install/web_gui/lib/python3.10/site-packages/web_gui-0.0.0-py3.10.egg-info' (and everything under it)
[1.396s] Copying ../../build/web_gui/web_gui.egg-info to /home/bilal/trail_tracer/install/web_gui/lib/python3.10/site-packages/web_gui-0.0.0-py3.10.egg-info
[1.397s] running install_scripts
[1.414s] Installing ros2_communication script to /home/bilal/trail_tracer/install/web_gui/lib/web_gui
[1.414s] writing list of installed files to '/home/bilal/trail_tracer/build/web_gui/install.log'
[1.442s] Invoked command in '/home/bilal/trail_tracer/src/web_gui' returned '0': PYTHONPATH=/home/bilal/trail_tracer/build/web_gui/prefix_override:/home/bilal/trail_tracer/install/web_gui/lib/python3.10/site-packages:${PYTHONPATH} /usr/bin/python3 -W ignore:setup.py install is deprecated setup.py egg_info --egg-base ../../build/web_gui build --build-base /home/bilal/trail_tracer/build/web_gui/build install --record /home/bilal/trail_tracer/build/web_gui/install.log --single-version-externally-managed install_data
