[0.029s] Invoking command in '/home/bilal/trail_tracer/build/traethlin_description': CMAKE_PREFIX_PATH=${CMAKE_PREFIX_PATH}:/home/bilal/trail_tracer/install/web_gui:/home/bilal/learn_ros2_ws/install/web_gui:/home/bilal/learn_ros2_ws/install/nav2_simple_commander:/home/bilal/ros2_ws/install/web_gui:/home/bilal/ros2_ws/install/opencv_tools:/home/bilal/ros2_ws/install/biy1_ros360_py:/opt/ros/humble /usr/bin/cmake /home/bilal/trail_tracer/src/traethlin_description -DCMAKE_INSTALL_PREFIX=/home/bilal/trail_tracer/install/traethlin_description
[0.091s] -- The C compiler identification is GNU 11.4.0
[0.149s] -- The CXX compiler identification is GNU 11.4.0
[0.157s] -- Detecting C compiler ABI info
[0.248s] -- Detecting C compiler ABI info - done
[0.257s] -- Check for working C compiler: /usr/bin/cc - skipped
[0.257s] -- Detecting C compile features
[0.257s] -- Detecting C compile features - done
[0.261s] -- Detecting CXX compiler ABI info
[0.362s] -- Detecting CXX compiler ABI info - done
[0.368s] -- Check for working CXX compiler: /usr/bin/c++ - skipped
[0.368s] -- Detecting CXX compile features
[0.368s] -- Detecting CXX compile features - done
[0.377s] -- Found ament_cmake: 1.3.8 (/opt/ros/humble/share/ament_cmake/cmake)
[0.550s] -- Found Python3: /usr/bin/python3 (found version "3.10.12") found components: Interpreter 
[0.726s] -- Found ament_lint_auto: 0.12.10 (/opt/ros/humble/share/ament_lint_auto/cmake)
[0.778s] -- Configuring done
[0.781s] -- Generating done
[0.782s] -- Build files have been written to: /home/bilal/trail_tracer/build/traethlin_description
[0.787s] Invoked command in '/home/bilal/trail_tracer/build/traethlin_description' returned '0': CMAKE_PREFIX_PATH=${CMAKE_PREFIX_PATH}:/home/bilal/trail_tracer/install/web_gui:/home/bilal/learn_ros2_ws/install/web_gui:/home/bilal/learn_ros2_ws/install/nav2_simple_commander:/home/bilal/ros2_ws/install/web_gui:/home/bilal/ros2_ws/install/opencv_tools:/home/bilal/ros2_ws/install/biy1_ros360_py:/opt/ros/humble /usr/bin/cmake /home/bilal/trail_tracer/src/traethlin_description -DCMAKE_INSTALL_PREFIX=/home/bilal/trail_tracer/install/traethlin_description
[0.789s] Invoking command in '/home/bilal/trail_tracer/build/traethlin_description': CMAKE_PREFIX_PATH=${CMAKE_PREFIX_PATH}:/home/bilal/trail_tracer/install/web_gui:/home/bilal/learn_ros2_ws/install/web_gui:/home/bilal/learn_ros2_ws/install/nav2_simple_commander:/home/bilal/ros2_ws/install/web_gui:/home/bilal/ros2_ws/install/opencv_tools:/home/bilal/ros2_ws/install/biy1_ros360_py:/opt/ros/humble /usr/bin/cmake --build /home/bilal/trail_tracer/build/traethlin_description -- -j12 -l12
[0.844s] Invoked command in '/home/bilal/trail_tracer/build/traethlin_description' returned '0': CMAKE_PREFIX_PATH=${CMAKE_PREFIX_PATH}:/home/bilal/trail_tracer/install/web_gui:/home/bilal/learn_ros2_ws/install/web_gui:/home/bilal/learn_ros2_ws/install/nav2_simple_commander:/home/bilal/ros2_ws/install/web_gui:/home/bilal/ros2_ws/install/opencv_tools:/home/bilal/ros2_ws/install/biy1_ros360_py:/opt/ros/humble /usr/bin/cmake --build /home/bilal/trail_tracer/build/traethlin_description -- -j12 -l12
[0.898s] Invoking command in '/home/bilal/trail_tracer/build/traethlin_description': CMAKE_PREFIX_PATH=${CMAKE_PREFIX_PATH}:/home/bilal/trail_tracer/install/web_gui:/home/bilal/learn_ros2_ws/install/web_gui:/home/bilal/learn_ros2_ws/install/nav2_simple_commander:/home/bilal/ros2_ws/install/web_gui:/home/bilal/ros2_ws/install/opencv_tools:/home/bilal/ros2_ws/install/biy1_ros360_py:/opt/ros/humble /usr/bin/cmake --install /home/bilal/trail_tracer/build/traethlin_description
[0.908s] -- Install configuration: ""
[0.908s] -- Installing: /home/bilal/trail_tracer/install/traethlin_description/share/traethlin_description/urdf
[0.908s] -- Installing: /home/bilal/trail_tracer/install/traethlin_description/share/traethlin_description/urdf/gazebo.material
[0.909s] -- Installing: /home/bilal/trail_tracer/install/traethlin_description/share/traethlin_description/urdf/traethlin_constants.xacro
[0.909s] -- Installing: /home/bilal/trail_tracer/install/traethlin_description/share/traethlin_description/urdf/traethlin.urdf.xacro
[0.909s] -- Installing: /home/bilal/trail_tracer/install/traethlin_description/share/traethlin_description/urdf/traethlin_shock_absorbers.xacro
[0.909s] -- Installing: /home/bilal/trail_tracer/install/traethlin_description/share/traethlin_description/urdf/traethlin.gazebo.xacro
[0.910s] -- Installing: /home/bilal/trail_tracer/install/traethlin_description/share/traethlin_description/urdf/traethlin_wheels.xacro
[0.910s] -- Installing: /home/bilal/trail_tracer/install/traethlin_description/share/traethlin_description/rviz
[0.910s] -- Installing: /home/bilal/trail_tracer/install/traethlin_description/share/traethlin_description/rviz/traethlin.rviz
[0.910s] -- Installing: /home/bilal/trail_tracer/install/traethlin_description/share/traethlin_description/launch
[0.910s] -- Installing: /home/bilal/trail_tracer/install/traethlin_description/share/traethlin_description/launch/description.launch.py
[0.910s] -- Installing: /home/bilal/trail_tracer/install/traethlin_description/share/traethlin_description/launch/gazebo.launch.py
[0.910s] -- Installing: /home/bilal/trail_tracer/install/traethlin_description/share/traethlin_description/worlds
[0.911s] -- Installing: /home/bilal/trail_tracer/install/traethlin_description/share/traethlin_description/worlds/traethlin.world
[0.911s] -- Installing: /home/bilal/trail_tracer/install/traethlin_description/share/traethlin_description/meshes
[0.911s] -- Installing: /home/bilal/trail_tracer/install/traethlin_description/share/traethlin_description/meshes/camera_assembly.stl
[0.912s] -- Installing: /home/bilal/trail_tracer/install/traethlin_description/share/traethlin_description/meshes/roverFrontWheelTextured.dae
[0.914s] -- Installing: /home/bilal/trail_tracer/install/traethlin_description/share/traethlin_description/meshes/roverRearWheelTextured.dae
[0.916s] -- Installing: /home/bilal/trail_tracer/install/traethlin_description/share/traethlin_description/meshes/rover.stl
[0.916s] -- Installing: /home/bilal/trail_tracer/install/traethlin_description/share/traethlin_description/meshes/chassis.stl
[0.917s] -- Installing: /home/bilal/trail_tracer/install/traethlin_description/share/traethlin_description/meshes/Wheel_Texture.jpg
[0.924s] -- Installing: /home/bilal/trail_tracer/install/traethlin_description/share/traethlin_description/meshes/roverFrontWheel.stl
[0.925s] -- Installing: /home/bilal/trail_tracer/install/traethlin_description/share/traethlin_description/meshes/wheel.stl
[0.933s] -- Installing: /home/bilal/trail_tracer/install/traethlin_description/share/traethlin_description/meshes/old_rover.stl
[0.934s] -- Installing: /home/bilal/trail_tracer/install/traethlin_description/share/traethlin_description/meshes/Vehicle_Texture.dae
[0.937s] -- Installing: /home/bilal/trail_tracer/install/traethlin_description/share/traethlin_description/meshes/roverRearWheel.stl
[0.938s] -- Installing: /home/bilal/trail_tracer/install/traethlin_description/share/ament_index/resource_index/package_run_dependencies/traethlin_description
[0.939s] -- Installing: /home/bilal/trail_tracer/install/traethlin_description/share/ament_index/resource_index/parent_prefix_path/traethlin_description
[0.939s] -- Installing: /home/bilal/trail_tracer/install/traethlin_description/share/traethlin_description/environment/ament_prefix_path.sh
[0.939s] -- Installing: /home/bilal/trail_tracer/install/traethlin_description/share/traethlin_description/environment/ament_prefix_path.dsv
[0.939s] -- Installing: /home/bilal/trail_tracer/install/traethlin_description/share/traethlin_description/environment/path.sh
[0.939s] -- Installing: /home/bilal/trail_tracer/install/traethlin_description/share/traethlin_description/environment/path.dsv
[0.939s] -- Installing: /home/bilal/trail_tracer/install/traethlin_description/share/traethlin_description/local_setup.bash
[0.940s] -- Installing: /home/bilal/trail_tracer/install/traethlin_description/share/traethlin_description/local_setup.sh
[0.940s] -- Installing: /home/bilal/trail_tracer/install/traethlin_description/share/traethlin_description/local_setup.zsh
[0.940s] -- Installing: /home/bilal/trail_tracer/install/traethlin_description/share/traethlin_description/local_setup.dsv
[0.940s] -- Installing: /home/bilal/trail_tracer/install/traethlin_description/share/traethlin_description/package.dsv
[0.940s] -- Installing: /home/bilal/trail_tracer/install/traethlin_description/share/ament_index/resource_index/packages/traethlin_description
[0.940s] -- Installing: /home/bilal/trail_tracer/install/traethlin_description/share/traethlin_description/cmake/traethlin_descriptionConfig.cmake
[0.941s] -- Installing: /home/bilal/trail_tracer/install/traethlin_description/share/traethlin_description/cmake/traethlin_descriptionConfig-version.cmake
[0.941s] -- Installing: /home/bilal/trail_tracer/install/traethlin_description/share/traethlin_description/package.xml
[0.944s] Invoked command in '/home/bilal/trail_tracer/build/traethlin_description' returned '0': CMAKE_PREFIX_PATH=${CMAKE_PREFIX_PATH}:/home/bilal/trail_tracer/install/web_gui:/home/bilal/learn_ros2_ws/install/web_gui:/home/bilal/learn_ros2_ws/install/nav2_simple_commander:/home/bilal/ros2_ws/install/web_gui:/home/bilal/ros2_ws/install/opencv_tools:/home/bilal/ros2_ws/install/biy1_ros360_py:/opt/ros/humble /usr/bin/cmake --install /home/bilal/trail_tracer/build/traethlin_description
