[0.044s] Invoking command in '/home/bilal/trail_tracer/build/nav2_costmap_2d': AMENT_PREFIX_PATH=/home/bilal/trail_tracer/install/nav2_map_server:/home/bilal/trail_tracer/install/nav2_lifecycle_manager:/home/bilal/trail_tracer/install/nav2_util:/home/bilal/trail_tracer/install/nav2_voxel_grid:/home/bilal/trail_tracer/install/nav2_msgs:/home/bilal/trail_tracer/install/nav2_common:${AMENT_PREFIX_PATH} CMAKE_PREFIX_PATH=/home/bilal/trail_tracer/install/nav2_map_server:/home/bilal/trail_tracer/install/nav2_lifecycle_manager:/home/bilal/trail_tracer/install/nav2_util:/home/bilal/trail_tracer/install/nav2_voxel_grid:/home/bilal/trail_tracer/install/nav2_msgs:/home/bilal/trail_tracer/install/nav2_common:/home/bilal/learn_ros2_ws/install/traethlin_description:/home/bilal/learn_ros2_ws/install/nav2_system_tests:/home/bilal/learn_ros2_ws/install/nav2_bringup:/home/bilal/learn_ros2_ws/install/navigation2:/home/bilal/learn_ros2_ws/install/nav2_smoother:/home/bilal/learn_ros2_ws/install/nav2_graceful_controller:/home/bilal/learn_ros2_ws/install/nav2_dwb_controller:/home/bilal/learn_ros2_ws/install/nav2_controller:/home/bilal/learn_ros2_ws/install/dwb_plugins:/home/bilal/learn_ros2_ws/install/dwb_critics:/home/bilal/learn_ros2_ws/install/dwb_core:/home/bilal/learn_ros2_ws/install/nav_2d_utils:/home/bilal/learn_ros2_ws/install/dwb_msgs:/home/bilal/learn_ros2_ws/install/nav_2d_msgs:/home/bilal/learn_ros2_ws/install/nav2_waypoint_follower:/home/bilal/learn_ros2_ws/install/nav2_theta_star_planner:/home/bilal/learn_ros2_ws/install/nav2_smac_planner:/home/bilal/learn_ros2_ws/install/nav2_rotation_shim_controller:/home/bilal/learn_ros2_ws/install/nav2_regulated_pure_pursuit_controller:/home/bilal/learn_ros2_ws/install/nav2_planner:/home/bilal/learn_ros2_ws/install/nav2_navfn_planner:/home/bilal/learn_ros2_ws/install/nav2_mppi_controller:/home/bilal/learn_ros2_ws/install/nav2_constrained_smoother:/home/bilal/learn_ros2_ws/install/nav2_bt_navigator:/home/bilal/learn_ros2_ws/install/nav2_behaviors:/home/bilal/learn_ros2_ws/install/nav2_core:/home/bilal/learn_ros2_ws/install/nav2_collision_monitor:/home/bilal/learn_ros2_ws/install/costmap_queue:/home/bilal/learn_ros2_ws/install/nav2_costmap_2d:/home/bilal/learn_ros2_ws/install/nav2_voxel_grid:/home/bilal/learn_ros2_ws/install/nav2_velocity_smoother:/home/bilal/learn_ros2_ws/install/nav2_rviz_plugins:/home/bilal/learn_ros2_ws/install/nav2_map_server:/home/bilal/learn_ros2_ws/install/nav2_lifecycle_manager:/home/bilal/learn_ros2_ws/install/nav2_behavior_tree:/home/bilal/learn_ros2_ws/install/nav2_amcl:/home/bilal/learn_ros2_ws/install/nav2_util:/home/bilal/learn_ros2_ws/install/nav2_msgs:/home/bilal/learn_ros2_ws/install/nav2_common:/home/bilal/learn_ros2_ws/install/gps_to_utm_converter_cpp:/home/bilal/learn_ros2_ws/install/argo_sim:/home/bilal/learn_ros2_ws/install/gazebo_ros_skid_steer_drive_6w:/home/bilal/learn_ros2_ws/install/gazebo_ros_ackermann_drive_4wd:/home/bilal/learn_ros2_ws/install/biy1_ros360_cpp:/home/bilal/learn_ros2_ws/install/articubot_one:/home/bilal/mp/mp_ws/install/biy1_ros360_cpp:/home/bilal/ros2_ws/install/velodyne_simulation:/home/bilal/ros2_ws/install/velodyne_control_msgs:/home/bilal/ros2_ws/install/track_envs:/home/bilal/ros2_ws/install/ros360_moveit:/home/bilal/ros2_ws/install/biy1_ros360_cpp:/home/bilal/learn_ros2_ws/install/web_gui:/home/bilal/learn_ros2_ws/install/nav2_simple_commander:/home/bilal/ros2_ws/install/web_gui:/home/bilal/ros2_ws/install/opencv_tools:/home/bilal/ros2_ws/install/biy1_ros360_py:/opt/ros/humble LD_LIBRARY_PATH=/home/bilal/trail_tracer/install/nav2_map_server/lib:/home/bilal/trail_tracer/install/nav2_lifecycle_manager/lib:/home/bilal/trail_tracer/install/nav2_util/lib:/home/bilal/trail_tracer/install/nav2_voxel_grid/lib:/home/bilal/trail_tracer/install/nav2_msgs/lib:/home/bilal/learn_ros2_ws/install/nav2_smoother/lib:/home/bilal/learn_ros2_ws/install/nav2_graceful_controller/lib:/home/bilal/learn_ros2_ws/install/nav2_controller/lib:/home/bilal/learn_ros2_ws/install/dwb_plugins/lib:/home/bilal/learn_ros2_ws/install/dwb_critics/lib:/home/bilal/learn_ros2_ws/install/dwb_core/lib:/home/bilal/learn_ros2_ws/install/nav_2d_utils/lib:/home/bilal/learn_ros2_ws/install/dwb_msgs/lib:/home/bilal/learn_ros2_ws/install/nav_2d_msgs/lib:/home/bilal/learn_ros2_ws/install/nav2_waypoint_follower/lib:/home/bilal/learn_ros2_ws/install/nav2_theta_star_planner/lib:/home/bilal/learn_ros2_ws/install/nav2_smac_planner/lib:/home/bilal/learn_ros2_ws/install/nav2_rotation_shim_controller/lib:/home/bilal/learn_ros2_ws/install/nav2_regulated_pure_pursuit_controller/lib:/home/bilal/learn_ros2_ws/install/nav2_planner/lib:/home/bilal/learn_ros2_ws/install/nav2_navfn_planner/lib:/home/bilal/learn_ros2_ws/install/nav2_mppi_controller/lib:/home/bilal/learn_ros2_ws/install/nav2_constrained_smoother/lib:/home/bilal/learn_ros2_ws/install/nav2_bt_navigator/lib:/home/bilal/learn_ros2_ws/install/nav2_behaviors/lib:/home/bilal/learn_ros2_ws/install/nav2_collision_monitor/lib:/home/bilal/learn_ros2_ws/install/costmap_queue/lib:/home/bilal/learn_ros2_ws/install/nav2_costmap_2d/lib:/home/bilal/learn_ros2_ws/install/nav2_voxel_grid/lib:/home/bilal/learn_ros2_ws/install/nav2_velocity_smoother/lib:/home/bilal/learn_ros2_ws/install/nav2_rviz_plugins/lib:/home/bilal/learn_ros2_ws/install/nav2_map_server/lib:/home/bilal/learn_ros2_ws/install/nav2_lifecycle_manager/lib:/home/bilal/learn_ros2_ws/install/nav2_behavior_tree/lib:/home/bilal/learn_ros2_ws/install/nav2_amcl/lib:/home/bilal/learn_ros2_ws/install/nav2_util/lib:/home/bilal/learn_ros2_ws/install/nav2_msgs/lib:/home/bilal/learn_ros2_ws/install/gazebo_ros_skid_steer_drive_6w/lib:/home/bilal/learn_ros2_ws/install/gazebo_ros_ackermann_drive_4wd/lib:/home/bilal/ros2_ws/install/velodyne_simulation/lib:/home/bilal/ros2_ws/install/velodyne_control_msgs/lib:/usr/lib/x86_64-linux-gnu/gazebo-11/plugins:/opt/ros/humble/opt/rviz_ogre_vendor/lib:/opt/ros/humble/lib/x86_64-linux-gnu:/opt/ros/humble/lib:/usr/share/gazebo/../../lib/x86_64-linux-gnu/gazebo-11/plugins:/usr/share/gazebo/../../lib/x86_64-linux-gnu/gazebo-11/plugins:/usr/share/gazebo/../../lib/x86_64-linux-gnu/gazebo-11/plugins PYTHONPATH=/home/bilal/trail_tracer/install/nav2_msgs/local/lib/python3.10/dist-packages:/home/bilal/trail_tracer/install/nav2_common/local/lib/python3.10/dist-packages:${PYTHONPATH} /usr/bin/cmake /home/bilal/trail_tracer/src/navigation2/nav2_costmap_2d -DCMAKE_INSTALL_PREFIX=/home/bilal/trail_tracer/install/nav2_costmap_2d
[0.136s] -- The C compiler identification is GNU 11.4.0
[0.216s] -- The CXX compiler identification is GNU 11.4.0
[0.227s] -- Detecting C compiler ABI info
[0.355s] -- Detecting C compiler ABI info - done
[0.364s] -- Check for working C compiler: /usr/bin/cc - skipped
[0.364s] -- Detecting C compile features
[0.365s] -- Detecting C compile features - done
[0.368s] -- Detecting CXX compiler ABI info
[0.515s] -- Detecting CXX compiler ABI info - done
[0.524s] -- Check for working CXX compiler: /usr/bin/c++ - skipped
[0.524s] -- Detecting CXX compile features
[0.525s] -- Detecting CXX compile features - done
[0.539s] -- Found ament_cmake: 1.3.8 (/opt/ros/humble/share/ament_cmake/cmake)
[0.782s] -- Found Python3: /usr/bin/python3 (found version "3.10.12") found components: Interpreter 
[1.035s] -- Found geometry_msgs: 4.2.3 (/opt/ros/humble/share/geometry_msgs/cmake)
[1.205s] -- Found rosidl_generator_c: 3.1.5 (/opt/ros/humble/share/rosidl_generator_c/cmake)
[1.234s] -- Found rosidl_adapter: 3.1.5 (/opt/ros/humble/share/rosidl_adapter/cmake)
[1.268s] -- Found rosidl_generator_cpp: 3.1.5 (/opt/ros/humble/share/rosidl_generator_cpp/cmake)
[1.313s] -- Using all available rosidl_typesupport_c: rosidl_typesupport_fastrtps_c;rosidl_typesupport_introspection_c
[1.377s] -- Using all available rosidl_typesupport_cpp: rosidl_typesupport_fastrtps_cpp;rosidl_typesupport_introspection_cpp
[1.581s] -- Found laser_geometry: 2.4.0 (/opt/ros/humble/share/laser_geometry/cmake)
[1.834s] -- Found rmw_implementation_cmake: 6.1.1 (/opt/ros/humble/share/rmw_implementation_cmake/cmake)
[1.852s] -- Found rmw_fastrtps_cpp: 6.2.6 (/opt/ros/humble/share/rmw_fastrtps_cpp/cmake)
[2.085s] -- Found OpenSSL: /usr/lib/x86_64-linux-gnu/libcrypto.so (found version "3.0.2")  
[2.128s] -- Found FastRTPS: /opt/ros/humble/include  
[2.198s] -- Using RMW implementation 'rmw_fastrtps_cpp' as default
[2.229s] -- Looking for pthread.h
[2.325s] -- Looking for pthread.h - found
[2.325s] -- Performing Test CMAKE_HAVE_LIBC_PTHREAD
[2.426s] -- Performing Test CMAKE_HAVE_LIBC_PTHREAD - Success
[2.427s] -- Found Threads: TRUE  
[2.732s] -- Found map_msgs: 2.1.0 (/opt/ros/humble/share/map_msgs/cmake)
[2.938s] -- Found message_filters: 4.3.3 (/opt/ros/humble/share/message_filters/cmake)
[2.943s] -- Found nav2_common: 1.1.13 (/home/bilal/trail_tracer/install/nav2_common/share/nav2_common/cmake)
[2.943s] -- Found nav2_msgs: 1.1.13 (/home/bilal/trail_tracer/install/nav2_msgs/share/nav2_msgs/cmake)
[3.119s] -- Found nav2_util: 1.1.13 (/home/bilal/trail_tracer/install/nav2_util/share/nav2_util/cmake)
[3.440s] -- Found Eigen3: TRUE (found version "3.4.0") 
[3.440s] -- Ensuring Eigen3 include directory is part of orocos-kdl CMake target
[3.648s] -- Found nav2_voxel_grid: 1.1.13 (/home/bilal/trail_tracer/install/nav2_voxel_grid/share/nav2_voxel_grid/cmake)
[3.660s] -- Found pluginlib: 5.1.0 (/opt/ros/humble/share/pluginlib/cmake)
[3.705s] -- Found std_srvs: 4.2.3 (/opt/ros/humble/share/std_srvs/cmake)
[3.732s] -- Found tf2_sensor_msgs: 0.25.6 (/opt/ros/humble/share/tf2_sensor_msgs/cmake)
[3.756s] -- Found visualization_msgs: 4.2.3 (/opt/ros/humble/share/visualization_msgs/cmake)
[3.859s] -- Found angles: 1.15.0 (/opt/ros/humble/share/angles/cmake)
[3.861s] -- Setting build type to Release as none was specified.
[6.438s] -- Found ament_lint_auto: 0.12.10 (/opt/ros/humble/share/ament_lint_auto/cmake)
[7.877s] -- Found gtest sources under '/opt/ros/humble/src/gtest_vendor': C++ tests using 'Google Test' will be built
[7.892s] -- Found gtest sources under '/opt/ros/humble/src/gtest_vendor': C++ tests using 'Google Test' will be built
[10.261s] -- Found gtest sources under '/opt/ros/humble/src/gtest_vendor': C++ tests using 'Google Test' will be built
[10.661s] -- Added test 'cppcheck' to perform static code analysis on C / C++ code
[10.662s] -- Configured cppcheck include dirs: /home/bilal/trail_tracer/src/navigation2/nav2_costmap_2d/include
[10.662s] -- Configured cppcheck exclude dirs and/or files: 
[10.664s] -- Added test 'flake8' to check Python code syntax and style conventions
[10.666s] -- Added test 'lint_cmake' to check CMake code style
[10.668s] -- Added test 'pep257' to check Python code against some of the docstring style conventions in PEP 257
[10.673s] -- Added test 'uncrustify' to check C / C++ code style
[10.673s] -- Configured uncrustify additional arguments: 
[10.675s] -- Added test 'xmllint' to check XML markup files
[10.678s] -- Configuring done
[11.340s] -- Generating done
[11.344s] -- Build files have been written to: /home/bilal/trail_tracer/build/nav2_costmap_2d
[11.362s] Invoked command in '/home/bilal/trail_tracer/build/nav2_costmap_2d' returned '0': AMENT_PREFIX_PATH=/home/bilal/trail_tracer/install/nav2_map_server:/home/bilal/trail_tracer/install/nav2_lifecycle_manager:/home/bilal/trail_tracer/install/nav2_util:/home/bilal/trail_tracer/install/nav2_voxel_grid:/home/bilal/trail_tracer/install/nav2_msgs:/home/bilal/trail_tracer/install/nav2_common:${AMENT_PREFIX_PATH} CMAKE_PREFIX_PATH=/home/bilal/trail_tracer/install/nav2_map_server:/home/bilal/trail_tracer/install/nav2_lifecycle_manager:/home/bilal/trail_tracer/install/nav2_util:/home/bilal/trail_tracer/install/nav2_voxel_grid:/home/bilal/trail_tracer/install/nav2_msgs:/home/bilal/trail_tracer/install/nav2_common:/home/bilal/learn_ros2_ws/install/traethlin_description:/home/bilal/learn_ros2_ws/install/nav2_system_tests:/home/bilal/learn_ros2_ws/install/nav2_bringup:/home/bilal/learn_ros2_ws/install/navigation2:/home/bilal/learn_ros2_ws/install/nav2_smoother:/home/bilal/learn_ros2_ws/install/nav2_graceful_controller:/home/bilal/learn_ros2_ws/install/nav2_dwb_controller:/home/bilal/learn_ros2_ws/install/nav2_controller:/home/bilal/learn_ros2_ws/install/dwb_plugins:/home/bilal/learn_ros2_ws/install/dwb_critics:/home/bilal/learn_ros2_ws/install/dwb_core:/home/bilal/learn_ros2_ws/install/nav_2d_utils:/home/bilal/learn_ros2_ws/install/dwb_msgs:/home/bilal/learn_ros2_ws/install/nav_2d_msgs:/home/bilal/learn_ros2_ws/install/nav2_waypoint_follower:/home/bilal/learn_ros2_ws/install/nav2_theta_star_planner:/home/bilal/learn_ros2_ws/install/nav2_smac_planner:/home/bilal/learn_ros2_ws/install/nav2_rotation_shim_controller:/home/bilal/learn_ros2_ws/install/nav2_regulated_pure_pursuit_controller:/home/bilal/learn_ros2_ws/install/nav2_planner:/home/bilal/learn_ros2_ws/install/nav2_navfn_planner:/home/bilal/learn_ros2_ws/install/nav2_mppi_controller:/home/bilal/learn_ros2_ws/install/nav2_constrained_smoother:/home/bilal/learn_ros2_ws/install/nav2_bt_navigator:/home/bilal/learn_ros2_ws/install/nav2_behaviors:/home/bilal/learn_ros2_ws/install/nav2_core:/home/bilal/learn_ros2_ws/install/nav2_collision_monitor:/home/bilal/learn_ros2_ws/install/costmap_queue:/home/bilal/learn_ros2_ws/install/nav2_costmap_2d:/home/bilal/learn_ros2_ws/install/nav2_voxel_grid:/home/bilal/learn_ros2_ws/install/nav2_velocity_smoother:/home/bilal/learn_ros2_ws/install/nav2_rviz_plugins:/home/bilal/learn_ros2_ws/install/nav2_map_server:/home/bilal/learn_ros2_ws/install/nav2_lifecycle_manager:/home/bilal/learn_ros2_ws/install/nav2_behavior_tree:/home/bilal/learn_ros2_ws/install/nav2_amcl:/home/bilal/learn_ros2_ws/install/nav2_util:/home/bilal/learn_ros2_ws/install/nav2_msgs:/home/bilal/learn_ros2_ws/install/nav2_common:/home/bilal/learn_ros2_ws/install/gps_to_utm_converter_cpp:/home/bilal/learn_ros2_ws/install/argo_sim:/home/bilal/learn_ros2_ws/install/gazebo_ros_skid_steer_drive_6w:/home/bilal/learn_ros2_ws/install/gazebo_ros_ackermann_drive_4wd:/home/bilal/learn_ros2_ws/install/biy1_ros360_cpp:/home/bilal/learn_ros2_ws/install/articubot_one:/home/bilal/mp/mp_ws/install/biy1_ros360_cpp:/home/bilal/ros2_ws/install/velodyne_simulation:/home/bilal/ros2_ws/install/velodyne_control_msgs:/home/bilal/ros2_ws/install/track_envs:/home/bilal/ros2_ws/install/ros360_moveit:/home/bilal/ros2_ws/install/biy1_ros360_cpp:/home/bilal/learn_ros2_ws/install/web_gui:/home/bilal/learn_ros2_ws/install/nav2_simple_commander:/home/bilal/ros2_ws/install/web_gui:/home/bilal/ros2_ws/install/opencv_tools:/home/bilal/ros2_ws/install/biy1_ros360_py:/opt/ros/humble LD_LIBRARY_PATH=/home/bilal/trail_tracer/install/nav2_map_server/lib:/home/bilal/trail_tracer/install/nav2_lifecycle_manager/lib:/home/bilal/trail_tracer/install/nav2_util/lib:/home/bilal/trail_tracer/install/nav2_voxel_grid/lib:/home/bilal/trail_tracer/install/nav2_msgs/lib:/home/bilal/learn_ros2_ws/install/nav2_smoother/lib:/home/bilal/learn_ros2_ws/install/nav2_graceful_controller/lib:/home/bilal/learn_ros2_ws/install/nav2_controller/lib:/home/bilal/learn_ros2_ws/install/dwb_plugins/lib:/home/bilal/learn_ros2_ws/install/dwb_critics/lib:/home/bilal/learn_ros2_ws/install/dwb_core/lib:/home/bilal/learn_ros2_ws/install/nav_2d_utils/lib:/home/bilal/learn_ros2_ws/install/dwb_msgs/lib:/home/bilal/learn_ros2_ws/install/nav_2d_msgs/lib:/home/bilal/learn_ros2_ws/install/nav2_waypoint_follower/lib:/home/bilal/learn_ros2_ws/install/nav2_theta_star_planner/lib:/home/bilal/learn_ros2_ws/install/nav2_smac_planner/lib:/home/bilal/learn_ros2_ws/install/nav2_rotation_shim_controller/lib:/home/bilal/learn_ros2_ws/install/nav2_regulated_pure_pursuit_controller/lib:/home/bilal/learn_ros2_ws/install/nav2_planner/lib:/home/bilal/learn_ros2_ws/install/nav2_navfn_planner/lib:/home/bilal/learn_ros2_ws/install/nav2_mppi_controller/lib:/home/bilal/learn_ros2_ws/install/nav2_constrained_smoother/lib:/home/bilal/learn_ros2_ws/install/nav2_bt_navigator/lib:/home/bilal/learn_ros2_ws/install/nav2_behaviors/lib:/home/bilal/learn_ros2_ws/install/nav2_collision_monitor/lib:/home/bilal/learn_ros2_ws/install/costmap_queue/lib:/home/bilal/learn_ros2_ws/install/nav2_costmap_2d/lib:/home/bilal/learn_ros2_ws/install/nav2_voxel_grid/lib:/home/bilal/learn_ros2_ws/install/nav2_velocity_smoother/lib:/home/bilal/learn_ros2_ws/install/nav2_rviz_plugins/lib:/home/bilal/learn_ros2_ws/install/nav2_map_server/lib:/home/bilal/learn_ros2_ws/install/nav2_lifecycle_manager/lib:/home/bilal/learn_ros2_ws/install/nav2_behavior_tree/lib:/home/bilal/learn_ros2_ws/install/nav2_amcl/lib:/home/bilal/learn_ros2_ws/install/nav2_util/lib:/home/bilal/learn_ros2_ws/install/nav2_msgs/lib:/home/bilal/learn_ros2_ws/install/gazebo_ros_skid_steer_drive_6w/lib:/home/bilal/learn_ros2_ws/install/gazebo_ros_ackermann_drive_4wd/lib:/home/bilal/ros2_ws/install/velodyne_simulation/lib:/home/bilal/ros2_ws/install/velodyne_control_msgs/lib:/usr/lib/x86_64-linux-gnu/gazebo-11/plugins:/opt/ros/humble/opt/rviz_ogre_vendor/lib:/opt/ros/humble/lib/x86_64-linux-gnu:/opt/ros/humble/lib:/usr/share/gazebo/../../lib/x86_64-linux-gnu/gazebo-11/plugins:/usr/share/gazebo/../../lib/x86_64-linux-gnu/gazebo-11/plugins:/usr/share/gazebo/../../lib/x86_64-linux-gnu/gazebo-11/plugins PYTHONPATH=/home/bilal/trail_tracer/install/nav2_msgs/local/lib/python3.10/dist-packages:/home/bilal/trail_tracer/install/nav2_common/local/lib/python3.10/dist-packages:${PYTHONPATH} /usr/bin/cmake /home/bilal/trail_tracer/src/navigation2/nav2_costmap_2d -DCMAKE_INSTALL_PREFIX=/home/bilal/trail_tracer/install/nav2_costmap_2d
[11.364s] Invoking command in '/home/bilal/trail_tracer/build/nav2_costmap_2d': AMENT_PREFIX_PATH=/home/bilal/trail_tracer/install/nav2_map_server:/home/bilal/trail_tracer/install/nav2_lifecycle_manager:/home/bilal/trail_tracer/install/nav2_util:/home/bilal/trail_tracer/install/nav2_voxel_grid:/home/bilal/trail_tracer/install/nav2_msgs:/home/bilal/trail_tracer/install/nav2_common:${AMENT_PREFIX_PATH} CMAKE_PREFIX_PATH=/home/bilal/trail_tracer/install/nav2_map_server:/home/bilal/trail_tracer/install/nav2_lifecycle_manager:/home/bilal/trail_tracer/install/nav2_util:/home/bilal/trail_tracer/install/nav2_voxel_grid:/home/bilal/trail_tracer/install/nav2_msgs:/home/bilal/trail_tracer/install/nav2_common:/home/bilal/learn_ros2_ws/install/traethlin_description:/home/bilal/learn_ros2_ws/install/nav2_system_tests:/home/bilal/learn_ros2_ws/install/nav2_bringup:/home/bilal/learn_ros2_ws/install/navigation2:/home/bilal/learn_ros2_ws/install/nav2_smoother:/home/bilal/learn_ros2_ws/install/nav2_graceful_controller:/home/bilal/learn_ros2_ws/install/nav2_dwb_controller:/home/bilal/learn_ros2_ws/install/nav2_controller:/home/bilal/learn_ros2_ws/install/dwb_plugins:/home/bilal/learn_ros2_ws/install/dwb_critics:/home/bilal/learn_ros2_ws/install/dwb_core:/home/bilal/learn_ros2_ws/install/nav_2d_utils:/home/bilal/learn_ros2_ws/install/dwb_msgs:/home/bilal/learn_ros2_ws/install/nav_2d_msgs:/home/bilal/learn_ros2_ws/install/nav2_waypoint_follower:/home/bilal/learn_ros2_ws/install/nav2_theta_star_planner:/home/bilal/learn_ros2_ws/install/nav2_smac_planner:/home/bilal/learn_ros2_ws/install/nav2_rotation_shim_controller:/home/bilal/learn_ros2_ws/install/nav2_regulated_pure_pursuit_controller:/home/bilal/learn_ros2_ws/install/nav2_planner:/home/bilal/learn_ros2_ws/install/nav2_navfn_planner:/home/bilal/learn_ros2_ws/install/nav2_mppi_controller:/home/bilal/learn_ros2_ws/install/nav2_constrained_smoother:/home/bilal/learn_ros2_ws/install/nav2_bt_navigator:/home/bilal/learn_ros2_ws/install/nav2_behaviors:/home/bilal/learn_ros2_ws/install/nav2_core:/home/bilal/learn_ros2_ws/install/nav2_collision_monitor:/home/bilal/learn_ros2_ws/install/costmap_queue:/home/bilal/learn_ros2_ws/install/nav2_costmap_2d:/home/bilal/learn_ros2_ws/install/nav2_voxel_grid:/home/bilal/learn_ros2_ws/install/nav2_velocity_smoother:/home/bilal/learn_ros2_ws/install/nav2_rviz_plugins:/home/bilal/learn_ros2_ws/install/nav2_map_server:/home/bilal/learn_ros2_ws/install/nav2_lifecycle_manager:/home/bilal/learn_ros2_ws/install/nav2_behavior_tree:/home/bilal/learn_ros2_ws/install/nav2_amcl:/home/bilal/learn_ros2_ws/install/nav2_util:/home/bilal/learn_ros2_ws/install/nav2_msgs:/home/bilal/learn_ros2_ws/install/nav2_common:/home/bilal/learn_ros2_ws/install/gps_to_utm_converter_cpp:/home/bilal/learn_ros2_ws/install/argo_sim:/home/bilal/learn_ros2_ws/install/gazebo_ros_skid_steer_drive_6w:/home/bilal/learn_ros2_ws/install/gazebo_ros_ackermann_drive_4wd:/home/bilal/learn_ros2_ws/install/biy1_ros360_cpp:/home/bilal/learn_ros2_ws/install/articubot_one:/home/bilal/mp/mp_ws/install/biy1_ros360_cpp:/home/bilal/ros2_ws/install/velodyne_simulation:/home/bilal/ros2_ws/install/velodyne_control_msgs:/home/bilal/ros2_ws/install/track_envs:/home/bilal/ros2_ws/install/ros360_moveit:/home/bilal/ros2_ws/install/biy1_ros360_cpp:/home/bilal/learn_ros2_ws/install/web_gui:/home/bilal/learn_ros2_ws/install/nav2_simple_commander:/home/bilal/ros2_ws/install/web_gui:/home/bilal/ros2_ws/install/opencv_tools:/home/bilal/ros2_ws/install/biy1_ros360_py:/opt/ros/humble LD_LIBRARY_PATH=/home/bilal/trail_tracer/install/nav2_map_server/lib:/home/bilal/trail_tracer/install/nav2_lifecycle_manager/lib:/home/bilal/trail_tracer/install/nav2_util/lib:/home/bilal/trail_tracer/install/nav2_voxel_grid/lib:/home/bilal/trail_tracer/install/nav2_msgs/lib:/home/bilal/learn_ros2_ws/install/nav2_smoother/lib:/home/bilal/learn_ros2_ws/install/nav2_graceful_controller/lib:/home/bilal/learn_ros2_ws/install/nav2_controller/lib:/home/bilal/learn_ros2_ws/install/dwb_plugins/lib:/home/bilal/learn_ros2_ws/install/dwb_critics/lib:/home/bilal/learn_ros2_ws/install/dwb_core/lib:/home/bilal/learn_ros2_ws/install/nav_2d_utils/lib:/home/bilal/learn_ros2_ws/install/dwb_msgs/lib:/home/bilal/learn_ros2_ws/install/nav_2d_msgs/lib:/home/bilal/learn_ros2_ws/install/nav2_waypoint_follower/lib:/home/bilal/learn_ros2_ws/install/nav2_theta_star_planner/lib:/home/bilal/learn_ros2_ws/install/nav2_smac_planner/lib:/home/bilal/learn_ros2_ws/install/nav2_rotation_shim_controller/lib:/home/bilal/learn_ros2_ws/install/nav2_regulated_pure_pursuit_controller/lib:/home/bilal/learn_ros2_ws/install/nav2_planner/lib:/home/bilal/learn_ros2_ws/install/nav2_navfn_planner/lib:/home/bilal/learn_ros2_ws/install/nav2_mppi_controller/lib:/home/bilal/learn_ros2_ws/install/nav2_constrained_smoother/lib:/home/bilal/learn_ros2_ws/install/nav2_bt_navigator/lib:/home/bilal/learn_ros2_ws/install/nav2_behaviors/lib:/home/bilal/learn_ros2_ws/install/nav2_collision_monitor/lib:/home/bilal/learn_ros2_ws/install/costmap_queue/lib:/home/bilal/learn_ros2_ws/install/nav2_costmap_2d/lib:/home/bilal/learn_ros2_ws/install/nav2_voxel_grid/lib:/home/bilal/learn_ros2_ws/install/nav2_velocity_smoother/lib:/home/bilal/learn_ros2_ws/install/nav2_rviz_plugins/lib:/home/bilal/learn_ros2_ws/install/nav2_map_server/lib:/home/bilal/learn_ros2_ws/install/nav2_lifecycle_manager/lib:/home/bilal/learn_ros2_ws/install/nav2_behavior_tree/lib:/home/bilal/learn_ros2_ws/install/nav2_amcl/lib:/home/bilal/learn_ros2_ws/install/nav2_util/lib:/home/bilal/learn_ros2_ws/install/nav2_msgs/lib:/home/bilal/learn_ros2_ws/install/gazebo_ros_skid_steer_drive_6w/lib:/home/bilal/learn_ros2_ws/install/gazebo_ros_ackermann_drive_4wd/lib:/home/bilal/ros2_ws/install/velodyne_simulation/lib:/home/bilal/ros2_ws/install/velodyne_control_msgs/lib:/usr/lib/x86_64-linux-gnu/gazebo-11/plugins:/opt/ros/humble/opt/rviz_ogre_vendor/lib:/opt/ros/humble/lib/x86_64-linux-gnu:/opt/ros/humble/lib:/usr/share/gazebo/../../lib/x86_64-linux-gnu/gazebo-11/plugins:/usr/share/gazebo/../../lib/x86_64-linux-gnu/gazebo-11/plugins:/usr/share/gazebo/../../lib/x86_64-linux-gnu/gazebo-11/plugins PYTHONPATH=/home/bilal/trail_tracer/install/nav2_msgs/local/lib/python3.10/dist-packages:/home/bilal/trail_tracer/install/nav2_common/local/lib/python3.10/dist-packages:${PYTHONPATH} /usr/bin/cmake --build /home/bilal/trail_tracer/build/nav2_costmap_2d -- -j12 -l12
[11.446s] [  3%] [32mBuilding CXX object gtest/CMakeFiles/gtest_main.dir/src/gtest_main.cc.o[0m
[11.446s] [  3%] [32mBuilding CXX object CMakeFiles/nav2_costmap_2d_core.dir/src/layered_costmap.cpp.o[0m
[11.446s] [  3%] [32mBuilding CXX object CMakeFiles/nav2_costmap_2d_core.dir/src/array_parser.cpp.o[0m
[11.447s] [  4%] [32mBuilding CXX object CMakeFiles/nav2_costmap_2d_core.dir/src/costmap_2d.cpp.o[0m
[11.448s] [  6%] [32mBuilding CXX object CMakeFiles/nav2_costmap_2d_core.dir/src/costmap_2d_ros.cpp.o[0m
[11.448s] [  8%] [32mBuilding CXX object CMakeFiles/nav2_costmap_2d_core.dir/src/footprint.cpp.o[0m
[11.448s] [  8%] [32mBuilding CXX object CMakeFiles/nav2_costmap_2d_core.dir/src/costmap_2d_publisher.cpp.o[0m
[11.449s] [  9%] [32mBuilding CXX object CMakeFiles/nav2_costmap_2d_core.dir/src/costmap_layer.cpp.o[0m
[11.449s] [ 10%] [32mBuilding CXX object CMakeFiles/nav2_costmap_2d_core.dir/src/layer.cpp.o[0m
[11.450s] [ 12%] [32mBuilding CXX object gtest/CMakeFiles/gtest.dir/src/gtest-all.cc.o[0m
[11.458s] [ 13%] [32mBuilding CXX object CMakeFiles/nav2_costmap_2d_core.dir/src/costmap_math.cpp.o[0m
[11.465s] [ 14%] [32mBuilding CXX object CMakeFiles/nav2_costmap_2d_core.dir/src/observation_buffer.cpp.o[0m
[12.349s] [ 15%] [32mBuilding CXX object CMakeFiles/nav2_costmap_2d_core.dir/src/clear_costmap_service.cpp.o[0m
[12.798s] [ 17%] [32m[1mLinking CXX static library libgtest_main.a[0m
[12.886s] [ 18%] [32mBuilding CXX object CMakeFiles/nav2_costmap_2d_core.dir/src/footprint_collision_checker.cpp.o[0m
[12.996s] [ 19%] [32mBuilding CXX object CMakeFiles/nav2_costmap_2d_core.dir/plugins/costmap_filters/costmap_filter.cpp.o[0m
[13.006s] [ 19%] Built target gtest_main
[20.120s] [ 20%] [32m[1mLinking CXX static library libgtest.a[0m
[20.226s] [ 20%] Built target gtest
[33.976s] [ 21%] [32m[1mLinking CXX shared library libnav2_costmap_2d_core.so[0m
[34.610s] [ 21%] Built target nav2_costmap_2d_core
[34.793s] [ 23%] [32mBuilding CXX object CMakeFiles/layers.dir/plugins/inflation_layer.cpp.o[0m
[34.811s] [ 24%] [32mBuilding CXX object CMakeFiles/layers.dir/plugins/static_layer.cpp.o[0m
[34.818s] [ 25%] [32mBuilding CXX object CMakeFiles/layers.dir/plugins/obstacle_layer.cpp.o[0m
[34.822s] [ 26%] [32mBuilding CXX object CMakeFiles/filters.dir/plugins/costmap_filters/keepout_filter.cpp.o[0m
[34.832s] [ 28%] [32mBuilding CXX object CMakeFiles/nav2_costmap_2d_client.dir/src/footprint_subscriber.cpp.o[0m
[34.840s] [ 29%] [32mBuilding CXX object CMakeFiles/layers.dir/src/observation_buffer.cpp.o[0m
[34.841s] [ 31%] [32mBuilding CXX object CMakeFiles/filters.dir/plugins/costmap_filters/speed_filter.cpp.o[0m
[34.847s] [ 30%] [32mBuilding CXX object CMakeFiles/nav2_costmap_2d_markers.dir/src/costmap_2d_markers.cpp.o[0m
[34.854s] [ 32%] [32mBuilding CXX object CMakeFiles/nav2_costmap_2d_cloud.dir/src/costmap_2d_cloud.cpp.o[0m
[34.868s] [ 34%] [32mBuilding CXX object CMakeFiles/nav2_costmap_2d_client.dir/src/costmap_subscriber.cpp.o[0m
[34.885s] [ 35%] [32mBuilding CXX object test/unit/CMakeFiles/array_parser_test.dir/array_parser_test.cpp.o[0m
[34.915s] [ 36%] [32mBuilding CXX object test/unit/CMakeFiles/collision_footprint_test.dir/footprint_collision_checker_test.cpp.o[0m
[40.170s] [ 37%] [32m[1mLinking CXX executable array_parser_test[0m
[41.254s] [ 37%] Built target array_parser_test
[41.360s] [ 39%] [32mBuilding CXX object CMakeFiles/layers.dir/plugins/voxel_layer.cpp.o[0m
[49.636s] [ 40%] [32m[1mLinking CXX executable collision_footprint_test[0m
[50.427s] [ 40%] Built target collision_footprint_test
[57.555s] [ 41%] [32m[1mLinking CXX executable nav2_costmap_2d_cloud[0m
[57.949s] [ 41%] Built target nav2_costmap_2d_cloud
[58.341s] [ 42%] [32m[1mLinking CXX executable nav2_costmap_2d_markers[0m
[58.513s] [ 43%] [32mBuilding CXX object CMakeFiles/nav2_costmap_2d_client.dir/src/costmap_topic_collision_checker.cpp.o[0m
[58.564s] [ 43%] Built target nav2_costmap_2d_markers
[61.018s] [ 45%] [32mBuilding CXX object CMakeFiles/filters.dir/plugins/costmap_filters/binary_filter.cpp.o[0m
[61.605s] [ 46%] [32m[1mLinking CXX shared library libnav2_costmap_2d_client.so[0m
[61.917s] [ 46%] Built target nav2_costmap_2d_client
[64.826s] [ 47%] [32mBuilding CXX object CMakeFiles/layers.dir/plugins/denoise_layer.cpp.o[0m
[68.397s] [ 48%] [32mBuilding CXX object CMakeFiles/layers.dir/plugins/range_sensor_layer.cpp.o[0m
[71.598s] [ 50%] [32m[1mLinking CXX shared library libfilters.so[0m
[71.943s] [ 50%] Built target filters
[72.983s] [ 52%] [32mBuilding CXX object test/regression/CMakeFiles/plugin_api_order.dir/plugin_api_order.cpp.o[0m
[72.983s] [ 52%] [32mBuilding CXX object test/unit/CMakeFiles/keepout_filter_test.dir/keepout_filter_test.cpp.o[0m
[72.987s] [ 53%] [32mBuilding CXX object test/unit/CMakeFiles/speed_filter_test.dir/speed_filter_test.cpp.o[0m
[73.001s] [ 56%] [32mBuilding CXX object test/regression/CMakeFiles/costmap_bresenham_2d.dir/costmap_bresenham_2d.cpp.o[0m
[73.001s] [ 56%] [32mBuilding CXX object test/regression/CMakeFiles/order_layer.dir/order_layer.cpp.o[0m
[74.051s] [ 57%] [32mBuilding CXX object test/unit/CMakeFiles/costmap_filter_service_test.dir/costmap_filter_service_test.cpp.o[0m
[74.070s] [ 58%] [32mBuilding CXX object test/integration/CMakeFiles/dyn_params_tests.dir/dyn_params_tests.cpp.o[0m
[75.043s] [ 59%] [32m[1mLinking CXX executable costmap_bresenham_2d[0m
[75.235s] [ 60%] [32mBuilding CXX object test/unit/CMakeFiles/copy_window_test.dir/copy_window_test.cpp.o[0m
[75.251s] [ 62%] [32mBuilding CXX object test/unit/CMakeFiles/costmap_filter_test.dir/costmap_filter_test.cpp.o[0m
[75.935s] [ 62%] Built target costmap_bresenham_2d
[76.139s] [ 63%] [32mBuilding CXX object test/unit/CMakeFiles/declare_parameter_test.dir/declare_parameter_test.cpp.o[0m
[76.171s] [ 64%] [32mBuilding CXX object test/unit/CMakeFiles/costmap_convesion_test.dir/costmap_conversion_test.cpp.o[0m
[76.198s] [ 65%] [32mBuilding CXX object test/unit/CMakeFiles/binary_filter_test.dir/binary_filter_test.cpp.o[0m
[80.351s] [ 67%] [32m[1mLinking CXX shared library liborder_layer.so[0m
[81.098s] [ 67%] Built target order_layer
[83.274s] [ 68%] [32m[1mLinking CXX shared library liblayers.so[0m
[83.856s] [ 69%] [32m[1mLinking CXX executable costmap_filter_test[0m
[84.407s] [ 69%] Built target layers
[84.591s] [ 69%] Built target costmap_filter_test
[84.944s] [ 70%] [32m[1mLinking CXX executable costmap_filter_service_test[0m
[85.738s] [ 71%] [32m[1mLinking CXX executable copy_window_test[0m
[85.765s] [ 73%] [32m[1mLinking CXX executable plugin_api_order[0m
[85.765s] [ 73%] Built target costmap_filter_service_test
[86.207s] [ 73%] Built target copy_window_test
[86.381s] [ 73%] Built target plugin_api_order
[87.020s] [ 74%] [32m[1mLinking CXX executable costmap_convesion_test[0m
[87.291s] [ 74%] Built target costmap_convesion_test
[87.417s] [ 75%] [32m[1mLinking CXX executable declare_parameter_test[0m
[87.505s] [ 76%] [32m[1mLinking CXX executable dyn_params_tests[0m
[87.679s] [ 76%] Built target declare_parameter_test
[87.834s] [ 76%] Built target dyn_params_tests
[89.285s] [ 78%] [32m[1mLinking CXX executable keepout_filter_test[0m
[89.540s] [ 78%] Built target keepout_filter_test
[90.957s] [ 79%] [32m[1mLinking CXX executable speed_filter_test[0m
[91.229s] [ 79%] Built target speed_filter_test
[93.965s] [ 80%] [32m[1mLinking CXX executable binary_filter_test[0m
[94.239s] [ 80%] Built target binary_filter_test
[94.274s] [ 81%] [32mBuilding CXX object test/integration/CMakeFiles/range_tests_exec.dir/range_tests.cpp.o[0m
[99.857s] [ 82%] [32m[1mLinking CXX executable range_tests_exec[0m
[100.328s] [ 82%] Built target range_tests_exec
[100.405s] [ 84%] [32mBuilding CXX object test/integration/CMakeFiles/inflation_tests_exec.dir/inflation_tests.cpp.o[0m
[100.405s] [ 86%] [32mBuilding CXX object test/integration/CMakeFiles/footprint_tests_exec.dir/footprint_tests.cpp.o[0m
[100.406s] [ 85%] [32mBuilding CXX object test/integration/CMakeFiles/obstacle_tests_exec.dir/obstacle_tests.cpp.o[0m
[100.407s] [ 87%] [32mBuilding CXX object test/integration/CMakeFiles/test_collision_checker_exec.dir/test_costmap_topic_collision_checker.cpp.o[0m
[106.808s] [ 89%] [32m[1mLinking CXX executable footprint_tests_exec[0m
[107.304s] [ 89%] Built target footprint_tests_exec
[107.370s] [ 90%] [32mBuilding CXX object test/unit/CMakeFiles/denoise_layer_test.dir/denoise_layer_test.cpp.o[0m
[107.374s] [ 91%] [32mBuilding CXX object test/unit/CMakeFiles/denoise_layer_test.dir/image_test.cpp.o[0m
[109.586s] [ 92%] [32mBuilding CXX object test/unit/CMakeFiles/denoise_layer_test.dir/image_processing_test.cpp.o[0m
[113.373s] [ 93%] [32m[1mLinking CXX executable obstacle_tests_exec[0m
[113.488s] [ 95%] [32m[1mLinking CXX executable test_collision_checker_exec[0m
[113.865s] [ 96%] [32m[1mLinking CXX executable inflation_tests_exec[0m
[113.890s] [ 96%] Built target obstacle_tests_exec
[113.947s] [ 97%] [32mBuilding CXX object CMakeFiles/nav2_costmap_2d.dir/src/costmap_2d_node.cpp.o[0m
[114.085s] [ 97%] Built target test_collision_checker_exec
[114.236s] [ 97%] Built target inflation_tests_exec
[114.857s] [ 98%] [32m[1mLinking CXX executable denoise_layer_test[0m
[115.425s] [ 98%] Built target denoise_layer_test
[120.448s] [100%] [32m[1mLinking CXX executable nav2_costmap_2d[0m
[121.064s] [100%] Built target nav2_costmap_2d
[121.126s] Invoked command in '/home/bilal/trail_tracer/build/nav2_costmap_2d' returned '0': AMENT_PREFIX_PATH=/home/bilal/trail_tracer/install/nav2_map_server:/home/bilal/trail_tracer/install/nav2_lifecycle_manager:/home/bilal/trail_tracer/install/nav2_util:/home/bilal/trail_tracer/install/nav2_voxel_grid:/home/bilal/trail_tracer/install/nav2_msgs:/home/bilal/trail_tracer/install/nav2_common:${AMENT_PREFIX_PATH} CMAKE_PREFIX_PATH=/home/bilal/trail_tracer/install/nav2_map_server:/home/bilal/trail_tracer/install/nav2_lifecycle_manager:/home/bilal/trail_tracer/install/nav2_util:/home/bilal/trail_tracer/install/nav2_voxel_grid:/home/bilal/trail_tracer/install/nav2_msgs:/home/bilal/trail_tracer/install/nav2_common:/home/bilal/learn_ros2_ws/install/traethlin_description:/home/bilal/learn_ros2_ws/install/nav2_system_tests:/home/bilal/learn_ros2_ws/install/nav2_bringup:/home/bilal/learn_ros2_ws/install/navigation2:/home/bilal/learn_ros2_ws/install/nav2_smoother:/home/bilal/learn_ros2_ws/install/nav2_graceful_controller:/home/bilal/learn_ros2_ws/install/nav2_dwb_controller:/home/bilal/learn_ros2_ws/install/nav2_controller:/home/bilal/learn_ros2_ws/install/dwb_plugins:/home/bilal/learn_ros2_ws/install/dwb_critics:/home/bilal/learn_ros2_ws/install/dwb_core:/home/bilal/learn_ros2_ws/install/nav_2d_utils:/home/bilal/learn_ros2_ws/install/dwb_msgs:/home/bilal/learn_ros2_ws/install/nav_2d_msgs:/home/bilal/learn_ros2_ws/install/nav2_waypoint_follower:/home/bilal/learn_ros2_ws/install/nav2_theta_star_planner:/home/bilal/learn_ros2_ws/install/nav2_smac_planner:/home/bilal/learn_ros2_ws/install/nav2_rotation_shim_controller:/home/bilal/learn_ros2_ws/install/nav2_regulated_pure_pursuit_controller:/home/bilal/learn_ros2_ws/install/nav2_planner:/home/bilal/learn_ros2_ws/install/nav2_navfn_planner:/home/bilal/learn_ros2_ws/install/nav2_mppi_controller:/home/bilal/learn_ros2_ws/install/nav2_constrained_smoother:/home/bilal/learn_ros2_ws/install/nav2_bt_navigator:/home/bilal/learn_ros2_ws/install/nav2_behaviors:/home/bilal/learn_ros2_ws/install/nav2_core:/home/bilal/learn_ros2_ws/install/nav2_collision_monitor:/home/bilal/learn_ros2_ws/install/costmap_queue:/home/bilal/learn_ros2_ws/install/nav2_costmap_2d:/home/bilal/learn_ros2_ws/install/nav2_voxel_grid:/home/bilal/learn_ros2_ws/install/nav2_velocity_smoother:/home/bilal/learn_ros2_ws/install/nav2_rviz_plugins:/home/bilal/learn_ros2_ws/install/nav2_map_server:/home/bilal/learn_ros2_ws/install/nav2_lifecycle_manager:/home/bilal/learn_ros2_ws/install/nav2_behavior_tree:/home/bilal/learn_ros2_ws/install/nav2_amcl:/home/bilal/learn_ros2_ws/install/nav2_util:/home/bilal/learn_ros2_ws/install/nav2_msgs:/home/bilal/learn_ros2_ws/install/nav2_common:/home/bilal/learn_ros2_ws/install/gps_to_utm_converter_cpp:/home/bilal/learn_ros2_ws/install/argo_sim:/home/bilal/learn_ros2_ws/install/gazebo_ros_skid_steer_drive_6w:/home/bilal/learn_ros2_ws/install/gazebo_ros_ackermann_drive_4wd:/home/bilal/learn_ros2_ws/install/biy1_ros360_cpp:/home/bilal/learn_ros2_ws/install/articubot_one:/home/bilal/mp/mp_ws/install/biy1_ros360_cpp:/home/bilal/ros2_ws/install/velodyne_simulation:/home/bilal/ros2_ws/install/velodyne_control_msgs:/home/bilal/ros2_ws/install/track_envs:/home/bilal/ros2_ws/install/ros360_moveit:/home/bilal/ros2_ws/install/biy1_ros360_cpp:/home/bilal/learn_ros2_ws/install/web_gui:/home/bilal/learn_ros2_ws/install/nav2_simple_commander:/home/bilal/ros2_ws/install/web_gui:/home/bilal/ros2_ws/install/opencv_tools:/home/bilal/ros2_ws/install/biy1_ros360_py:/opt/ros/humble LD_LIBRARY_PATH=/home/bilal/trail_tracer/install/nav2_map_server/lib:/home/bilal/trail_tracer/install/nav2_lifecycle_manager/lib:/home/bilal/trail_tracer/install/nav2_util/lib:/home/bilal/trail_tracer/install/nav2_voxel_grid/lib:/home/bilal/trail_tracer/install/nav2_msgs/lib:/home/bilal/learn_ros2_ws/install/nav2_smoother/lib:/home/bilal/learn_ros2_ws/install/nav2_graceful_controller/lib:/home/bilal/learn_ros2_ws/install/nav2_controller/lib:/home/bilal/learn_ros2_ws/install/dwb_plugins/lib:/home/bilal/learn_ros2_ws/install/dwb_critics/lib:/home/bilal/learn_ros2_ws/install/dwb_core/lib:/home/bilal/learn_ros2_ws/install/nav_2d_utils/lib:/home/bilal/learn_ros2_ws/install/dwb_msgs/lib:/home/bilal/learn_ros2_ws/install/nav_2d_msgs/lib:/home/bilal/learn_ros2_ws/install/nav2_waypoint_follower/lib:/home/bilal/learn_ros2_ws/install/nav2_theta_star_planner/lib:/home/bilal/learn_ros2_ws/install/nav2_smac_planner/lib:/home/bilal/learn_ros2_ws/install/nav2_rotation_shim_controller/lib:/home/bilal/learn_ros2_ws/install/nav2_regulated_pure_pursuit_controller/lib:/home/bilal/learn_ros2_ws/install/nav2_planner/lib:/home/bilal/learn_ros2_ws/install/nav2_navfn_planner/lib:/home/bilal/learn_ros2_ws/install/nav2_mppi_controller/lib:/home/bilal/learn_ros2_ws/install/nav2_constrained_smoother/lib:/home/bilal/learn_ros2_ws/install/nav2_bt_navigator/lib:/home/bilal/learn_ros2_ws/install/nav2_behaviors/lib:/home/bilal/learn_ros2_ws/install/nav2_collision_monitor/lib:/home/bilal/learn_ros2_ws/install/costmap_queue/lib:/home/bilal/learn_ros2_ws/install/nav2_costmap_2d/lib:/home/bilal/learn_ros2_ws/install/nav2_voxel_grid/lib:/home/bilal/learn_ros2_ws/install/nav2_velocity_smoother/lib:/home/bilal/learn_ros2_ws/install/nav2_rviz_plugins/lib:/home/bilal/learn_ros2_ws/install/nav2_map_server/lib:/home/bilal/learn_ros2_ws/install/nav2_lifecycle_manager/lib:/home/bilal/learn_ros2_ws/install/nav2_behavior_tree/lib:/home/bilal/learn_ros2_ws/install/nav2_amcl/lib:/home/bilal/learn_ros2_ws/install/nav2_util/lib:/home/bilal/learn_ros2_ws/install/nav2_msgs/lib:/home/bilal/learn_ros2_ws/install/gazebo_ros_skid_steer_drive_6w/lib:/home/bilal/learn_ros2_ws/install/gazebo_ros_ackermann_drive_4wd/lib:/home/bilal/ros2_ws/install/velodyne_simulation/lib:/home/bilal/ros2_ws/install/velodyne_control_msgs/lib:/usr/lib/x86_64-linux-gnu/gazebo-11/plugins:/opt/ros/humble/opt/rviz_ogre_vendor/lib:/opt/ros/humble/lib/x86_64-linux-gnu:/opt/ros/humble/lib:/usr/share/gazebo/../../lib/x86_64-linux-gnu/gazebo-11/plugins:/usr/share/gazebo/../../lib/x86_64-linux-gnu/gazebo-11/plugins:/usr/share/gazebo/../../lib/x86_64-linux-gnu/gazebo-11/plugins PYTHONPATH=/home/bilal/trail_tracer/install/nav2_msgs/local/lib/python3.10/dist-packages:/home/bilal/trail_tracer/install/nav2_common/local/lib/python3.10/dist-packages:${PYTHONPATH} /usr/bin/cmake --build /home/bilal/trail_tracer/build/nav2_costmap_2d -- -j12 -l12
[122.865s] Invoking command in '/home/bilal/trail_tracer/build/nav2_costmap_2d': AMENT_PREFIX_PATH=/home/bilal/trail_tracer/install/nav2_map_server:/home/bilal/trail_tracer/install/nav2_lifecycle_manager:/home/bilal/trail_tracer/install/nav2_util:/home/bilal/trail_tracer/install/nav2_voxel_grid:/home/bilal/trail_tracer/install/nav2_msgs:/home/bilal/trail_tracer/install/nav2_common:${AMENT_PREFIX_PATH} CMAKE_PREFIX_PATH=/home/bilal/trail_tracer/install/nav2_map_server:/home/bilal/trail_tracer/install/nav2_lifecycle_manager:/home/bilal/trail_tracer/install/nav2_util:/home/bilal/trail_tracer/install/nav2_voxel_grid:/home/bilal/trail_tracer/install/nav2_msgs:/home/bilal/trail_tracer/install/nav2_common:/home/bilal/learn_ros2_ws/install/traethlin_description:/home/bilal/learn_ros2_ws/install/nav2_system_tests:/home/bilal/learn_ros2_ws/install/nav2_bringup:/home/bilal/learn_ros2_ws/install/navigation2:/home/bilal/learn_ros2_ws/install/nav2_smoother:/home/bilal/learn_ros2_ws/install/nav2_graceful_controller:/home/bilal/learn_ros2_ws/install/nav2_dwb_controller:/home/bilal/learn_ros2_ws/install/nav2_controller:/home/bilal/learn_ros2_ws/install/dwb_plugins:/home/bilal/learn_ros2_ws/install/dwb_critics:/home/bilal/learn_ros2_ws/install/dwb_core:/home/bilal/learn_ros2_ws/install/nav_2d_utils:/home/bilal/learn_ros2_ws/install/dwb_msgs:/home/bilal/learn_ros2_ws/install/nav_2d_msgs:/home/bilal/learn_ros2_ws/install/nav2_waypoint_follower:/home/bilal/learn_ros2_ws/install/nav2_theta_star_planner:/home/bilal/learn_ros2_ws/install/nav2_smac_planner:/home/bilal/learn_ros2_ws/install/nav2_rotation_shim_controller:/home/bilal/learn_ros2_ws/install/nav2_regulated_pure_pursuit_controller:/home/bilal/learn_ros2_ws/install/nav2_planner:/home/bilal/learn_ros2_ws/install/nav2_navfn_planner:/home/bilal/learn_ros2_ws/install/nav2_mppi_controller:/home/bilal/learn_ros2_ws/install/nav2_constrained_smoother:/home/bilal/learn_ros2_ws/install/nav2_bt_navigator:/home/bilal/learn_ros2_ws/install/nav2_behaviors:/home/bilal/learn_ros2_ws/install/nav2_core:/home/bilal/learn_ros2_ws/install/nav2_collision_monitor:/home/bilal/learn_ros2_ws/install/costmap_queue:/home/bilal/learn_ros2_ws/install/nav2_costmap_2d:/home/bilal/learn_ros2_ws/install/nav2_voxel_grid:/home/bilal/learn_ros2_ws/install/nav2_velocity_smoother:/home/bilal/learn_ros2_ws/install/nav2_rviz_plugins:/home/bilal/learn_ros2_ws/install/nav2_map_server:/home/bilal/learn_ros2_ws/install/nav2_lifecycle_manager:/home/bilal/learn_ros2_ws/install/nav2_behavior_tree:/home/bilal/learn_ros2_ws/install/nav2_amcl:/home/bilal/learn_ros2_ws/install/nav2_util:/home/bilal/learn_ros2_ws/install/nav2_msgs:/home/bilal/learn_ros2_ws/install/nav2_common:/home/bilal/learn_ros2_ws/install/gps_to_utm_converter_cpp:/home/bilal/learn_ros2_ws/install/argo_sim:/home/bilal/learn_ros2_ws/install/gazebo_ros_skid_steer_drive_6w:/home/bilal/learn_ros2_ws/install/gazebo_ros_ackermann_drive_4wd:/home/bilal/learn_ros2_ws/install/biy1_ros360_cpp:/home/bilal/learn_ros2_ws/install/articubot_one:/home/bilal/mp/mp_ws/install/biy1_ros360_cpp:/home/bilal/ros2_ws/install/velodyne_simulation:/home/bilal/ros2_ws/install/velodyne_control_msgs:/home/bilal/ros2_ws/install/track_envs:/home/bilal/ros2_ws/install/ros360_moveit:/home/bilal/ros2_ws/install/biy1_ros360_cpp:/home/bilal/learn_ros2_ws/install/web_gui:/home/bilal/learn_ros2_ws/install/nav2_simple_commander:/home/bilal/ros2_ws/install/web_gui:/home/bilal/ros2_ws/install/opencv_tools:/home/bilal/ros2_ws/install/biy1_ros360_py:/opt/ros/humble LD_LIBRARY_PATH=/home/bilal/trail_tracer/install/nav2_map_server/lib:/home/bilal/trail_tracer/install/nav2_lifecycle_manager/lib:/home/bilal/trail_tracer/install/nav2_util/lib:/home/bilal/trail_tracer/install/nav2_voxel_grid/lib:/home/bilal/trail_tracer/install/nav2_msgs/lib:/home/bilal/learn_ros2_ws/install/nav2_smoother/lib:/home/bilal/learn_ros2_ws/install/nav2_graceful_controller/lib:/home/bilal/learn_ros2_ws/install/nav2_controller/lib:/home/bilal/learn_ros2_ws/install/dwb_plugins/lib:/home/bilal/learn_ros2_ws/install/dwb_critics/lib:/home/bilal/learn_ros2_ws/install/dwb_core/lib:/home/bilal/learn_ros2_ws/install/nav_2d_utils/lib:/home/bilal/learn_ros2_ws/install/dwb_msgs/lib:/home/bilal/learn_ros2_ws/install/nav_2d_msgs/lib:/home/bilal/learn_ros2_ws/install/nav2_waypoint_follower/lib:/home/bilal/learn_ros2_ws/install/nav2_theta_star_planner/lib:/home/bilal/learn_ros2_ws/install/nav2_smac_planner/lib:/home/bilal/learn_ros2_ws/install/nav2_rotation_shim_controller/lib:/home/bilal/learn_ros2_ws/install/nav2_regulated_pure_pursuit_controller/lib:/home/bilal/learn_ros2_ws/install/nav2_planner/lib:/home/bilal/learn_ros2_ws/install/nav2_navfn_planner/lib:/home/bilal/learn_ros2_ws/install/nav2_mppi_controller/lib:/home/bilal/learn_ros2_ws/install/nav2_constrained_smoother/lib:/home/bilal/learn_ros2_ws/install/nav2_bt_navigator/lib:/home/bilal/learn_ros2_ws/install/nav2_behaviors/lib:/home/bilal/learn_ros2_ws/install/nav2_collision_monitor/lib:/home/bilal/learn_ros2_ws/install/costmap_queue/lib:/home/bilal/learn_ros2_ws/install/nav2_costmap_2d/lib:/home/bilal/learn_ros2_ws/install/nav2_voxel_grid/lib:/home/bilal/learn_ros2_ws/install/nav2_velocity_smoother/lib:/home/bilal/learn_ros2_ws/install/nav2_rviz_plugins/lib:/home/bilal/learn_ros2_ws/install/nav2_map_server/lib:/home/bilal/learn_ros2_ws/install/nav2_lifecycle_manager/lib:/home/bilal/learn_ros2_ws/install/nav2_behavior_tree/lib:/home/bilal/learn_ros2_ws/install/nav2_amcl/lib:/home/bilal/learn_ros2_ws/install/nav2_util/lib:/home/bilal/learn_ros2_ws/install/nav2_msgs/lib:/home/bilal/learn_ros2_ws/install/gazebo_ros_skid_steer_drive_6w/lib:/home/bilal/learn_ros2_ws/install/gazebo_ros_ackermann_drive_4wd/lib:/home/bilal/ros2_ws/install/velodyne_simulation/lib:/home/bilal/ros2_ws/install/velodyne_control_msgs/lib:/usr/lib/x86_64-linux-gnu/gazebo-11/plugins:/opt/ros/humble/opt/rviz_ogre_vendor/lib:/opt/ros/humble/lib/x86_64-linux-gnu:/opt/ros/humble/lib:/usr/share/gazebo/../../lib/x86_64-linux-gnu/gazebo-11/plugins:/usr/share/gazebo/../../lib/x86_64-linux-gnu/gazebo-11/plugins:/usr/share/gazebo/../../lib/x86_64-linux-gnu/gazebo-11/plugins PYTHONPATH=/home/bilal/trail_tracer/install/nav2_msgs/local/lib/python3.10/dist-packages:/home/bilal/trail_tracer/install/nav2_common/local/lib/python3.10/dist-packages:${PYTHONPATH} /usr/bin/cmake --install /home/bilal/trail_tracer/build/nav2_costmap_2d
[122.885s] -- Install configuration: "Release"
[122.885s] -- Installing: /home/bilal/trail_tracer/install/nav2_costmap_2d/lib/libnav2_costmap_2d_core.so
[122.891s] -- Set runtime path of "/home/bilal/trail_tracer/install/nav2_costmap_2d/lib/libnav2_costmap_2d_core.so" to ""
[122.891s] -- Installing: /home/bilal/trail_tracer/install/nav2_costmap_2d/lib/liblayers.so
[122.899s] -- Set runtime path of "/home/bilal/trail_tracer/install/nav2_costmap_2d/lib/liblayers.so" to ""
[122.899s] -- Installing: /home/bilal/trail_tracer/install/nav2_costmap_2d/lib/libfilters.so
[122.904s] -- Set runtime path of "/home/bilal/trail_tracer/install/nav2_costmap_2d/lib/libfilters.so" to ""
[122.904s] -- Installing: /home/bilal/trail_tracer/install/nav2_costmap_2d/lib/libnav2_costmap_2d_client.so
[122.907s] -- Set runtime path of "/home/bilal/trail_tracer/install/nav2_costmap_2d/lib/libnav2_costmap_2d_client.so" to ""
[122.907s] -- Installing: /home/bilal/trail_tracer/install/nav2_costmap_2d/lib/nav2_costmap_2d/nav2_costmap_2d
[122.909s] -- Set runtime path of "/home/bilal/trail_tracer/install/nav2_costmap_2d/lib/nav2_costmap_2d/nav2_costmap_2d" to ""
[122.910s] -- Installing: /home/bilal/trail_tracer/install/nav2_costmap_2d/lib/nav2_costmap_2d/nav2_costmap_2d_markers
[122.911s] -- Set runtime path of "/home/bilal/trail_tracer/install/nav2_costmap_2d/lib/nav2_costmap_2d/nav2_costmap_2d_markers" to ""
[122.911s] -- Installing: /home/bilal/trail_tracer/install/nav2_costmap_2d/lib/nav2_costmap_2d/nav2_costmap_2d_cloud
[122.913s] -- Set runtime path of "/home/bilal/trail_tracer/install/nav2_costmap_2d/lib/nav2_costmap_2d/nav2_costmap_2d_cloud" to ""
[122.913s] -- Installing: /home/bilal/trail_tracer/install/nav2_costmap_2d/share/nav2_costmap_2d/costmap_plugins.xml
[122.914s] -- Installing: /home/bilal/trail_tracer/install/nav2_costmap_2d/include/
[122.914s] -- Installing: /home/bilal/trail_tracer/install/nav2_costmap_2d/include//nav2_costmap_2d
[122.914s] -- Installing: /home/bilal/trail_tracer/install/nav2_costmap_2d/include//nav2_costmap_2d/cost_values.hpp
[122.914s] -- Installing: /home/bilal/trail_tracer/install/nav2_costmap_2d/include//nav2_costmap_2d/costmap_subscriber.hpp
[122.915s] -- Installing: /home/bilal/trail_tracer/install/nav2_costmap_2d/include//nav2_costmap_2d/costmap_2d_publisher.hpp
[122.915s] -- Installing: /home/bilal/trail_tracer/install/nav2_costmap_2d/include//nav2_costmap_2d/range_sensor_layer.hpp
[122.915s] -- Installing: /home/bilal/trail_tracer/install/nav2_costmap_2d/include//nav2_costmap_2d/denoise
[122.915s] -- Installing: /home/bilal/trail_tracer/install/nav2_costmap_2d/include//nav2_costmap_2d/denoise/image.hpp
[122.915s] -- Installing: /home/bilal/trail_tracer/install/nav2_costmap_2d/include//nav2_costmap_2d/denoise/image_processing.hpp
[122.916s] -- Installing: /home/bilal/trail_tracer/install/nav2_costmap_2d/include//nav2_costmap_2d/inflation_layer.hpp
[122.916s] -- Installing: /home/bilal/trail_tracer/install/nav2_costmap_2d/include//nav2_costmap_2d/costmap_2d_ros.hpp
[122.916s] -- Installing: /home/bilal/trail_tracer/install/nav2_costmap_2d/include//nav2_costmap_2d/denoise_layer.hpp
[122.916s] -- Installing: /home/bilal/trail_tracer/install/nav2_costmap_2d/include//nav2_costmap_2d/costmap_filters
[122.916s] -- Installing: /home/bilal/trail_tracer/install/nav2_costmap_2d/include//nav2_costmap_2d/costmap_filters/costmap_filter.hpp
[122.917s] -- Installing: /home/bilal/trail_tracer/install/nav2_costmap_2d/include//nav2_costmap_2d/costmap_filters/binary_filter.hpp
[122.917s] -- Installing: /home/bilal/trail_tracer/install/nav2_costmap_2d/include//nav2_costmap_2d/costmap_filters/filter_values.hpp
[122.917s] -- Installing: /home/bilal/trail_tracer/install/nav2_costmap_2d/include//nav2_costmap_2d/costmap_filters/speed_filter.hpp
[122.917s] -- Installing: /home/bilal/trail_tracer/install/nav2_costmap_2d/include//nav2_costmap_2d/costmap_filters/keepout_filter.hpp
[122.917s] -- Installing: /home/bilal/trail_tracer/install/nav2_costmap_2d/include//nav2_costmap_2d/array_parser.hpp
[122.918s] -- Installing: /home/bilal/trail_tracer/install/nav2_costmap_2d/include//nav2_costmap_2d/costmap_2d.hpp
[122.918s] -- Installing: /home/bilal/trail_tracer/install/nav2_costmap_2d/include//nav2_costmap_2d/static_layer.hpp
[122.918s] -- Installing: /home/bilal/trail_tracer/install/nav2_costmap_2d/include//nav2_costmap_2d/costmap_topic_collision_checker.hpp
[122.918s] -- Installing: /home/bilal/trail_tracer/install/nav2_costmap_2d/include//nav2_costmap_2d/voxel_layer.hpp
[122.923s] -- Installing: /home/bilal/trail_tracer/install/nav2_costmap_2d/include//nav2_costmap_2d/layered_costmap.hpp
[122.924s] -- Installing: /home/bilal/trail_tracer/install/nav2_costmap_2d/include//nav2_costmap_2d/observation_buffer.hpp
[122.925s] -- Installing: /home/bilal/trail_tracer/install/nav2_costmap_2d/include//nav2_costmap_2d/layer.hpp
[122.925s] -- Installing: /home/bilal/trail_tracer/install/nav2_costmap_2d/include//nav2_costmap_2d/footprint_collision_checker.hpp
[122.925s] -- Installing: /home/bilal/trail_tracer/install/nav2_costmap_2d/include//nav2_costmap_2d/obstacle_layer.hpp
[122.925s] -- Installing: /home/bilal/trail_tracer/install/nav2_costmap_2d/include//nav2_costmap_2d/clear_costmap_service.hpp
[122.925s] -- Installing: /home/bilal/trail_tracer/install/nav2_costmap_2d/include//nav2_costmap_2d/observation.hpp
[122.926s] -- Installing: /home/bilal/trail_tracer/install/nav2_costmap_2d/include//nav2_costmap_2d/exceptions.hpp
[122.926s] -- Installing: /home/bilal/trail_tracer/install/nav2_costmap_2d/include//nav2_costmap_2d/footprint_subscriber.hpp
[122.926s] -- Installing: /home/bilal/trail_tracer/install/nav2_costmap_2d/include//nav2_costmap_2d/footprint.hpp
[122.926s] -- Installing: /home/bilal/trail_tracer/install/nav2_costmap_2d/include//nav2_costmap_2d/costmap_math.hpp
[122.926s] -- Installing: /home/bilal/trail_tracer/install/nav2_costmap_2d/include//nav2_costmap_2d/costmap_layer.hpp
[122.927s] -- Installing: /home/bilal/trail_tracer/install/nav2_costmap_2d/share/nav2_costmap_2d/test/regression/order_layer.xml
[122.929s] -- Installing: /home/bilal/trail_tracer/install/nav2_costmap_2d/share/nav2_costmap_2d/environment/library_path.sh
[122.930s] -- Installing: /home/bilal/trail_tracer/install/nav2_costmap_2d/share/nav2_costmap_2d/environment/library_path.dsv
[122.930s] -- Up-to-date: /home/bilal/trail_tracer/install/nav2_costmap_2d/share/nav2_costmap_2d/costmap_plugins.xml
[122.931s] -- Installing: /home/bilal/trail_tracer/install/nav2_costmap_2d/share/ament_index/resource_index/package_run_dependencies/nav2_costmap_2d
[122.931s] -- Installing: /home/bilal/trail_tracer/install/nav2_costmap_2d/share/ament_index/resource_index/parent_prefix_path/nav2_costmap_2d
[122.932s] -- Installing: /home/bilal/trail_tracer/install/nav2_costmap_2d/share/nav2_costmap_2d/environment/ament_prefix_path.sh
[122.932s] -- Installing: /home/bilal/trail_tracer/install/nav2_costmap_2d/share/nav2_costmap_2d/environment/ament_prefix_path.dsv
[122.933s] -- Installing: /home/bilal/trail_tracer/install/nav2_costmap_2d/share/nav2_costmap_2d/environment/path.sh
[122.934s] -- Installing: /home/bilal/trail_tracer/install/nav2_costmap_2d/share/nav2_costmap_2d/environment/path.dsv
[122.936s] -- Installing: /home/bilal/trail_tracer/install/nav2_costmap_2d/share/nav2_costmap_2d/local_setup.bash
[122.938s] -- Installing: /home/bilal/trail_tracer/install/nav2_costmap_2d/share/nav2_costmap_2d/local_setup.sh
[122.939s] -- Installing: /home/bilal/trail_tracer/install/nav2_costmap_2d/share/nav2_costmap_2d/local_setup.zsh
[122.939s] -- Installing: /home/bilal/trail_tracer/install/nav2_costmap_2d/share/nav2_costmap_2d/local_setup.dsv
[122.939s] -- Installing: /home/bilal/trail_tracer/install/nav2_costmap_2d/share/nav2_costmap_2d/package.dsv
[122.942s] -- Installing: /home/bilal/trail_tracer/install/nav2_costmap_2d/share/ament_index/resource_index/packages/nav2_costmap_2d
[122.942s] -- Installing: /home/bilal/trail_tracer/install/nav2_costmap_2d/share/ament_index/resource_index/nav2_costmap_2d__pluginlib__plugin/nav2_costmap_2d
[122.943s] -- Installing: /home/bilal/trail_tracer/install/nav2_costmap_2d/share/nav2_costmap_2d/cmake/ament_cmake_export_include_directories-extras.cmake
[122.943s] -- Installing: /home/bilal/trail_tracer/install/nav2_costmap_2d/share/nav2_costmap_2d/cmake/ament_cmake_export_libraries-extras.cmake
[122.943s] -- Installing: /home/bilal/trail_tracer/install/nav2_costmap_2d/share/nav2_costmap_2d/cmake/ament_cmake_export_dependencies-extras.cmake
[122.944s] -- Installing: /home/bilal/trail_tracer/install/nav2_costmap_2d/share/nav2_costmap_2d/cmake/nav2_costmap_2dConfig.cmake
[122.944s] -- Installing: /home/bilal/trail_tracer/install/nav2_costmap_2d/share/nav2_costmap_2d/cmake/nav2_costmap_2dConfig-version.cmake
[122.944s] -- Installing: /home/bilal/trail_tracer/install/nav2_costmap_2d/share/nav2_costmap_2d/package.xml
[122.948s] -- Installing: /home/bilal/trail_tracer/install/nav2_costmap_2d/lib/liborder_layer.so
[122.949s] -- Set runtime path of "/home/bilal/trail_tracer/install/nav2_costmap_2d/lib/liborder_layer.so" to ""
[122.953s] Invoked command in '/home/bilal/trail_tracer/build/nav2_costmap_2d' returned '0': AMENT_PREFIX_PATH=/home/bilal/trail_tracer/install/nav2_map_server:/home/bilal/trail_tracer/install/nav2_lifecycle_manager:/home/bilal/trail_tracer/install/nav2_util:/home/bilal/trail_tracer/install/nav2_voxel_grid:/home/bilal/trail_tracer/install/nav2_msgs:/home/bilal/trail_tracer/install/nav2_common:${AMENT_PREFIX_PATH} CMAKE_PREFIX_PATH=/home/bilal/trail_tracer/install/nav2_map_server:/home/bilal/trail_tracer/install/nav2_lifecycle_manager:/home/bilal/trail_tracer/install/nav2_util:/home/bilal/trail_tracer/install/nav2_voxel_grid:/home/bilal/trail_tracer/install/nav2_msgs:/home/bilal/trail_tracer/install/nav2_common:/home/bilal/learn_ros2_ws/install/traethlin_description:/home/bilal/learn_ros2_ws/install/nav2_system_tests:/home/bilal/learn_ros2_ws/install/nav2_bringup:/home/bilal/learn_ros2_ws/install/navigation2:/home/bilal/learn_ros2_ws/install/nav2_smoother:/home/bilal/learn_ros2_ws/install/nav2_graceful_controller:/home/bilal/learn_ros2_ws/install/nav2_dwb_controller:/home/bilal/learn_ros2_ws/install/nav2_controller:/home/bilal/learn_ros2_ws/install/dwb_plugins:/home/bilal/learn_ros2_ws/install/dwb_critics:/home/bilal/learn_ros2_ws/install/dwb_core:/home/bilal/learn_ros2_ws/install/nav_2d_utils:/home/bilal/learn_ros2_ws/install/dwb_msgs:/home/bilal/learn_ros2_ws/install/nav_2d_msgs:/home/bilal/learn_ros2_ws/install/nav2_waypoint_follower:/home/bilal/learn_ros2_ws/install/nav2_theta_star_planner:/home/bilal/learn_ros2_ws/install/nav2_smac_planner:/home/bilal/learn_ros2_ws/install/nav2_rotation_shim_controller:/home/bilal/learn_ros2_ws/install/nav2_regulated_pure_pursuit_controller:/home/bilal/learn_ros2_ws/install/nav2_planner:/home/bilal/learn_ros2_ws/install/nav2_navfn_planner:/home/bilal/learn_ros2_ws/install/nav2_mppi_controller:/home/bilal/learn_ros2_ws/install/nav2_constrained_smoother:/home/bilal/learn_ros2_ws/install/nav2_bt_navigator:/home/bilal/learn_ros2_ws/install/nav2_behaviors:/home/bilal/learn_ros2_ws/install/nav2_core:/home/bilal/learn_ros2_ws/install/nav2_collision_monitor:/home/bilal/learn_ros2_ws/install/costmap_queue:/home/bilal/learn_ros2_ws/install/nav2_costmap_2d:/home/bilal/learn_ros2_ws/install/nav2_voxel_grid:/home/bilal/learn_ros2_ws/install/nav2_velocity_smoother:/home/bilal/learn_ros2_ws/install/nav2_rviz_plugins:/home/bilal/learn_ros2_ws/install/nav2_map_server:/home/bilal/learn_ros2_ws/install/nav2_lifecycle_manager:/home/bilal/learn_ros2_ws/install/nav2_behavior_tree:/home/bilal/learn_ros2_ws/install/nav2_amcl:/home/bilal/learn_ros2_ws/install/nav2_util:/home/bilal/learn_ros2_ws/install/nav2_msgs:/home/bilal/learn_ros2_ws/install/nav2_common:/home/bilal/learn_ros2_ws/install/gps_to_utm_converter_cpp:/home/bilal/learn_ros2_ws/install/argo_sim:/home/bilal/learn_ros2_ws/install/gazebo_ros_skid_steer_drive_6w:/home/bilal/learn_ros2_ws/install/gazebo_ros_ackermann_drive_4wd:/home/bilal/learn_ros2_ws/install/biy1_ros360_cpp:/home/bilal/learn_ros2_ws/install/articubot_one:/home/bilal/mp/mp_ws/install/biy1_ros360_cpp:/home/bilal/ros2_ws/install/velodyne_simulation:/home/bilal/ros2_ws/install/velodyne_control_msgs:/home/bilal/ros2_ws/install/track_envs:/home/bilal/ros2_ws/install/ros360_moveit:/home/bilal/ros2_ws/install/biy1_ros360_cpp:/home/bilal/learn_ros2_ws/install/web_gui:/home/bilal/learn_ros2_ws/install/nav2_simple_commander:/home/bilal/ros2_ws/install/web_gui:/home/bilal/ros2_ws/install/opencv_tools:/home/bilal/ros2_ws/install/biy1_ros360_py:/opt/ros/humble LD_LIBRARY_PATH=/home/bilal/trail_tracer/install/nav2_map_server/lib:/home/bilal/trail_tracer/install/nav2_lifecycle_manager/lib:/home/bilal/trail_tracer/install/nav2_util/lib:/home/bilal/trail_tracer/install/nav2_voxel_grid/lib:/home/bilal/trail_tracer/install/nav2_msgs/lib:/home/bilal/learn_ros2_ws/install/nav2_smoother/lib:/home/bilal/learn_ros2_ws/install/nav2_graceful_controller/lib:/home/bilal/learn_ros2_ws/install/nav2_controller/lib:/home/bilal/learn_ros2_ws/install/dwb_plugins/lib:/home/bilal/learn_ros2_ws/install/dwb_critics/lib:/home/bilal/learn_ros2_ws/install/dwb_core/lib:/home/bilal/learn_ros2_ws/install/nav_2d_utils/lib:/home/bilal/learn_ros2_ws/install/dwb_msgs/lib:/home/bilal/learn_ros2_ws/install/nav_2d_msgs/lib:/home/bilal/learn_ros2_ws/install/nav2_waypoint_follower/lib:/home/bilal/learn_ros2_ws/install/nav2_theta_star_planner/lib:/home/bilal/learn_ros2_ws/install/nav2_smac_planner/lib:/home/bilal/learn_ros2_ws/install/nav2_rotation_shim_controller/lib:/home/bilal/learn_ros2_ws/install/nav2_regulated_pure_pursuit_controller/lib:/home/bilal/learn_ros2_ws/install/nav2_planner/lib:/home/bilal/learn_ros2_ws/install/nav2_navfn_planner/lib:/home/bilal/learn_ros2_ws/install/nav2_mppi_controller/lib:/home/bilal/learn_ros2_ws/install/nav2_constrained_smoother/lib:/home/bilal/learn_ros2_ws/install/nav2_bt_navigator/lib:/home/bilal/learn_ros2_ws/install/nav2_behaviors/lib:/home/bilal/learn_ros2_ws/install/nav2_collision_monitor/lib:/home/bilal/learn_ros2_ws/install/costmap_queue/lib:/home/bilal/learn_ros2_ws/install/nav2_costmap_2d/lib:/home/bilal/learn_ros2_ws/install/nav2_voxel_grid/lib:/home/bilal/learn_ros2_ws/install/nav2_velocity_smoother/lib:/home/bilal/learn_ros2_ws/install/nav2_rviz_plugins/lib:/home/bilal/learn_ros2_ws/install/nav2_map_server/lib:/home/bilal/learn_ros2_ws/install/nav2_lifecycle_manager/lib:/home/bilal/learn_ros2_ws/install/nav2_behavior_tree/lib:/home/bilal/learn_ros2_ws/install/nav2_amcl/lib:/home/bilal/learn_ros2_ws/install/nav2_util/lib:/home/bilal/learn_ros2_ws/install/nav2_msgs/lib:/home/bilal/learn_ros2_ws/install/gazebo_ros_skid_steer_drive_6w/lib:/home/bilal/learn_ros2_ws/install/gazebo_ros_ackermann_drive_4wd/lib:/home/bilal/ros2_ws/install/velodyne_simulation/lib:/home/bilal/ros2_ws/install/velodyne_control_msgs/lib:/usr/lib/x86_64-linux-gnu/gazebo-11/plugins:/opt/ros/humble/opt/rviz_ogre_vendor/lib:/opt/ros/humble/lib/x86_64-linux-gnu:/opt/ros/humble/lib:/usr/share/gazebo/../../lib/x86_64-linux-gnu/gazebo-11/plugins:/usr/share/gazebo/../../lib/x86_64-linux-gnu/gazebo-11/plugins:/usr/share/gazebo/../../lib/x86_64-linux-gnu/gazebo-11/plugins PYTHONPATH=/home/bilal/trail_tracer/install/nav2_msgs/local/lib/python3.10/dist-packages:/home/bilal/trail_tracer/install/nav2_common/local/lib/python3.10/dist-packages:${PYTHONPATH} /usr/bin/cmake --install /home/bilal/trail_tracer/build/nav2_costmap_2d
