[1.255s] Invoking command in '/home/bilal/trail_tracer/src/web_gui': PYTHONPATH=/home/bilal/trail_tracer/build/web_gui/prefix_override:/home/bilal/trail_tracer/install/web_gui/lib/python3.10/site-packages:${PYTHONPATH} /usr/bin/python3 -W ignore:setup.py install is deprecated setup.py egg_info --egg-base ../../build/web_gui build --build-base /home/bilal/trail_tracer/build/web_gui/build install --record /home/bilal/trail_tracer/build/web_gui/install.log --single-version-externally-managed install_data
[1.691s] running egg_info
[1.692s] writing ../../build/web_gui/web_gui.egg-info/PKG-INFO
[1.692s] writing dependency_links to ../../build/web_gui/web_gui.egg-info/dependency_links.txt
[1.692s] writing entry points to ../../build/web_gui/web_gui.egg-info/entry_points.txt
[1.692s] writing requirements to ../../build/web_gui/web_gui.egg-info/requires.txt
[1.692s] writing top-level names to ../../build/web_gui/web_gui.egg-info/top_level.txt
[1.694s] reading manifest file '../../build/web_gui/web_gui.egg-info/SOURCES.txt'
[1.695s] writing manifest file '../../build/web_gui/web_gui.egg-info/SOURCES.txt'
[1.695s] running build
[1.695s] running build_py
[1.695s] copying web_gui/ros2_communication.py -> /home/bilal/trail_tracer/build/web_gui/build/lib/web_gui
[1.695s] running install
[1.696s] running install_lib
[1.696s] copying /home/bilal/trail_tracer/build/web_gui/build/lib/web_gui/ros2_communication.py -> /home/bilal/trail_tracer/install/web_gui/lib/python3.10/site-packages/web_gui
[1.697s] byte-compiling /home/bilal/trail_tracer/install/web_gui/lib/python3.10/site-packages/web_gui/ros2_communication.py to ros2_communication.cpython-310.pyc
[1.698s] running install_data
[1.698s] running install_egg_info
[1.699s] removing '/home/bilal/trail_tracer/install/web_gui/lib/python3.10/site-packages/web_gui-0.0.0-py3.10.egg-info' (and everything under it)
[1.699s] Copying ../../build/web_gui/web_gui.egg-info to /home/bilal/trail_tracer/install/web_gui/lib/python3.10/site-packages/web_gui-0.0.0-py3.10.egg-info
[1.700s] running install_scripts
[1.719s] Installing ros2_communication script to /home/bilal/trail_tracer/install/web_gui/lib/web_gui
[1.719s] writing list of installed files to '/home/bilal/trail_tracer/build/web_gui/install.log'
[1.740s] Invoked command in '/home/bilal/trail_tracer/src/web_gui' returned '0': PYTHONPATH=/home/bilal/trail_tracer/build/web_gui/prefix_override:/home/bilal/trail_tracer/install/web_gui/lib/python3.10/site-packages:${PYTHONPATH} /usr/bin/python3 -W ignore:setup.py install is deprecated setup.py egg_info --egg-base ../../build/web_gui build --build-base /home/bilal/trail_tracer/build/web_gui/build install --record /home/bilal/trail_tracer/build/web_gui/install.log --single-version-externally-managed install_data
