[0.000000] (-) TimerEvent: {}
[0.000383] (-) JobUnselected: {'identifier': 'argo_nav'}
[0.000425] (-) JobUnselected: {'identifier': 'argo_sim'}
[0.000453] (-) JobUnselected: {'identifier': 'gazebo_ros_ackermann_drive_4wd'}
[0.000479] (-) JobUnselected: {'identifier': 'gazebo_ros_skid_steer_drive_6w'}
[0.000503] (-) JobUnselected: {'identifier': 'gps_to_utm_converter_cpp'}
[0.000527] (-) JobUnselected: {'identifier': 'traethlin_description'}
[0.000550] (-) JobUnselected: {'identifier': 'web_gui'}
[0.000576] (biy1_ros360_cpp) JobQueued: {'identifier': 'biy1_ros360_cpp', 'dependencies': OrderedDict()}
[0.000602] (biy1_ros360_cpp) JobStarted: {'identifier': 'biy1_ros360_cpp'}
[0.013904] (biy1_ros360_cpp) JobProgress: {'identifier': 'biy1_ros360_cpp', 'progress': 'cmake'}
[0.014367] (biy1_ros360_cpp) JobProgress: {'identifier': 'biy1_ros360_cpp', 'progress': 'build'}
[0.014788] (biy1_ros360_cpp) Command: {'cmd': ['/usr/bin/cmake', '--build', '/home/bilal/trail_tracer/build/biy1_ros360_cpp', '--', '-j12', '-l12'], 'cwd': '/home/bilal/trail_tracer/build/biy1_ros360_cpp', 'env': OrderedDict([('LANGUAGE', 'en_GB:en'), ('USER', 'bilal'), ('XDG_SESSION_TYPE', 'x11'), ('SHLVL', '1'), ('LD_LIBRARY_PATH', '/home/bilal/trail_tracer/install/gazebo_ros_skid_steer_drive_6w/lib:/home/bilal/trail_tracer/install/gazebo_ros_ackermann_drive_4wd/lib:/home/bilal/learn_ros2_ws/install/nav2_smoother/lib:/home/bilal/learn_ros2_ws/install/nav2_graceful_controller/lib:/home/bilal/learn_ros2_ws/install/nav2_controller/lib:/home/bilal/learn_ros2_ws/install/dwb_plugins/lib:/home/bilal/learn_ros2_ws/install/dwb_critics/lib:/home/bilal/learn_ros2_ws/install/dwb_core/lib:/home/bilal/learn_ros2_ws/install/nav_2d_utils/lib:/home/bilal/learn_ros2_ws/install/dwb_msgs/lib:/home/bilal/learn_ros2_ws/install/nav_2d_msgs/lib:/home/bilal/learn_ros2_ws/install/nav2_waypoint_follower/lib:/home/bilal/learn_ros2_ws/install/nav2_theta_star_planner/lib:/home/bilal/learn_ros2_ws/install/nav2_smac_planner/lib:/home/bilal/learn_ros2_ws/install/nav2_rotation_shim_controller/lib:/home/bilal/learn_ros2_ws/install/nav2_regulated_pure_pursuit_controller/lib:/home/bilal/learn_ros2_ws/install/nav2_planner/lib:/home/bilal/learn_ros2_ws/install/nav2_navfn_planner/lib:/home/bilal/learn_ros2_ws/install/nav2_mppi_controller/lib:/home/bilal/learn_ros2_ws/install/nav2_constrained_smoother/lib:/home/bilal/learn_ros2_ws/install/nav2_bt_navigator/lib:/home/bilal/learn_ros2_ws/install/nav2_behaviors/lib:/home/bilal/learn_ros2_ws/install/nav2_collision_monitor/lib:/home/bilal/learn_ros2_ws/install/costmap_queue/lib:/home/bilal/learn_ros2_ws/install/nav2_costmap_2d/lib:/home/bilal/learn_ros2_ws/install/nav2_voxel_grid/lib:/home/bilal/learn_ros2_ws/install/nav2_velocity_smoother/lib:/home/bilal/learn_ros2_ws/install/nav2_rviz_plugins/lib:/home/bilal/learn_ros2_ws/install/nav2_map_server/lib:/home/bilal/learn_ros2_ws/install/nav2_lifecycle_manager/lib:/home/bilal/learn_ros2_ws/install/nav2_behavior_tree/lib:/home/bilal/learn_ros2_ws/install/nav2_amcl/lib:/home/bilal/learn_ros2_ws/install/nav2_util/lib:/home/bilal/learn_ros2_ws/install/nav2_msgs/lib:/home/bilal/learn_ros2_ws/install/gazebo_ros_skid_steer_drive_6w/lib:/home/bilal/learn_ros2_ws/install/gazebo_ros_ackermann_drive_4wd/lib:/home/bilal/ros2_ws/install/velodyne_simulation/lib:/home/bilal/ros2_ws/install/velodyne_control_msgs/lib:/usr/lib/x86_64-linux-gnu/gazebo-11/plugins:/opt/ros/humble/opt/rviz_ogre_vendor/lib:/opt/ros/humble/lib/x86_64-linux-gnu:/opt/ros/humble/lib:/usr/share/gazebo/../../lib/x86_64-linux-gnu/gazebo-11/plugins::/usr/share/gazebo/../../lib/x86_64-linux-gnu/gazebo-11/plugins:/usr/share/gazebo/../../lib/x86_64-linux-gnu/gazebo-11/plugins:'), ('HOME', '/home/bilal'), ('DESKTOP_SESSION', 'ubuntu'), ('GAZEBO_MASTER_URI', 'http://localhost:11345'), ('ROS_PYTHON_VERSION', '3'), ('GNOME_SHELL_SESSION_MODE', 'ubuntu'), ('GTK_MODULES', 'gail:atk-bridge'), ('SYSTEMD_EXEC_PID', '18819'), ('DBUS_SESSION_BUS_ADDRESS', 'unix:path=/run/user/1000/bus'), ('COLORTERM', 'truecolor'), ('_colcon_cd_root', '/opt/ros/humble/'), ('COLCON_PREFIX_PATH', '/home/bilal/trail_tracer/install:/home/bilal/learn_ros2_ws/install:/home/bilal/mp/mp_ws/install:/home/bilal/ros2_ws/install'), ('ROS_DISTRO', 'humble'), ('GTK_IM_MODULE', 'ibus'), ('LOGNAME', 'bilal'), ('_', '/usr/bin/colcon'), ('ROS_VERSION', '2'), ('XDG_SESSION_CLASS', 'user'), ('USERNAME', 'bilal'), ('TERM', 'xterm-256color'), ('GAZEBO_MODEL_PATH', '/home/bilal/trail_tracer/install/argo_sim/share/argo_sim/models:/home/bilal/learn_ros2_ws/install/argo_sim/share/argo_sim/models:/usr/share/gazebo/../../share/gazebo-11/models:/home/bilal/trail_tracer/install/argo_sim/share/argo_sim/models:/home/bilal/learn_ros2_ws/install/argo_sim/share/argo_sim/models:/usr/share/gazebo/../../share/gazebo-11/models::/opt/ros/humble/share/turtlebot3_gazebo/models:/opt/ros/humble/share/turtlebot3_gazebo/models'), ('GNOME_DESKTOP_SESSION_ID', 'this-is-deprecated'), ('ROS_LOCALHOST_ONLY', '1'), ('WINDOWPATH', '2'), ('OGRE_RESOURCE_PATH', '/usr/lib/x86_64-linux-gnu/OGRE-1.9.0'), ('PATH', '/home/bilal/.local/bin:/opt/ros/humble/bin:/usr/local/sbin:/usr/local/bin:/usr/sbin:/usr/bin:/sbin:/bin:/usr/games:/usr/local/games:/snap/bin:/snap/bin'), ('SESSION_MANAGER', 'local/bilal-yousufzai:@/tmp/.ICE-unix/2116,unix/bilal-yousufzai:/tmp/.ICE-unix/2116'), ('XDG_MENU_PREFIX', 'gnome-'), ('GNOME_TERMINAL_SCREEN', '/org/gnome/Terminal/screen/816c1d80_a582_4879_9544_16ffaacc6f3e'), ('XDG_RUNTIME_DIR', '/run/user/1000'), ('DISPLAY', ':1'), ('LANG', 'en_US.UTF-8'), ('XDG_CURRENT_DESKTOP', 'ubuntu:GNOME'), ('XMODIFIERS', '@im=ibus'), ('XDG_SESSION_DESKTOP', 'ubuntu'), ('XAUTHORITY', '/run/user/1000/gdm/Xauthority'), ('GNOME_TERMINAL_SERVICE', ':1.111'), ('SSH_AGENT_LAUNCHER', 'gnome-keyring'), ('SSH_AUTH_SOCK', '/run/user/1000/keyring/ssh'), ('AMENT_PREFIX_PATH', '/home/bilal/trail_tracer/install/web_gui:/home/bilal/trail_tracer/install/traethlin_description:/home/bilal/trail_tracer/install/gps_to_utm_converter_cpp:/home/bilal/trail_tracer/install/argo_sim:/home/bilal/trail_tracer/install/gazebo_ros_skid_steer_drive_6w:/home/bilal/trail_tracer/install/gazebo_ros_ackermann_drive_4wd:/home/bilal/trail_tracer/install/biy1_ros360_cpp:/home/bilal/trail_tracer/install/argo_nav:/home/bilal/learn_ros2_ws/install/web_gui:/home/bilal/learn_ros2_ws/install/traethlin_description:/home/bilal/learn_ros2_ws/install/nav2_system_tests:/home/bilal/learn_ros2_ws/install/nav2_bringup:/home/bilal/learn_ros2_ws/install/navigation2:/home/bilal/learn_ros2_ws/install/nav2_smoother:/home/bilal/learn_ros2_ws/install/nav2_graceful_controller:/home/bilal/learn_ros2_ws/install/nav2_dwb_controller:/home/bilal/learn_ros2_ws/install/nav2_controller:/home/bilal/learn_ros2_ws/install/dwb_plugins:/home/bilal/learn_ros2_ws/install/dwb_critics:/home/bilal/learn_ros2_ws/install/dwb_core:/home/bilal/learn_ros2_ws/install/nav_2d_utils:/home/bilal/learn_ros2_ws/install/dwb_msgs:/home/bilal/learn_ros2_ws/install/nav_2d_msgs:/home/bilal/learn_ros2_ws/install/nav2_waypoint_follower:/home/bilal/learn_ros2_ws/install/nav2_theta_star_planner:/home/bilal/learn_ros2_ws/install/nav2_smac_planner:/home/bilal/learn_ros2_ws/install/nav2_rotation_shim_controller:/home/bilal/learn_ros2_ws/install/nav2_regulated_pure_pursuit_controller:/home/bilal/learn_ros2_ws/install/nav2_planner:/home/bilal/learn_ros2_ws/install/nav2_navfn_planner:/home/bilal/learn_ros2_ws/install/nav2_mppi_controller:/home/bilal/learn_ros2_ws/install/nav2_constrained_smoother:/home/bilal/learn_ros2_ws/install/nav2_bt_navigator:/home/bilal/learn_ros2_ws/install/nav2_behaviors:/home/bilal/learn_ros2_ws/install/nav2_core:/home/bilal/learn_ros2_ws/install/nav2_collision_monitor:/home/bilal/learn_ros2_ws/install/costmap_queue:/home/bilal/learn_ros2_ws/install/nav2_costmap_2d:/home/bilal/learn_ros2_ws/install/nav2_voxel_grid:/home/bilal/learn_ros2_ws/install/nav2_velocity_smoother:/home/bilal/learn_ros2_ws/install/nav2_rviz_plugins:/home/bilal/learn_ros2_ws/install/nav2_map_server:/home/bilal/learn_ros2_ws/install/nav2_lifecycle_manager:/home/bilal/learn_ros2_ws/install/nav2_behavior_tree:/home/bilal/learn_ros2_ws/install/nav2_amcl:/home/bilal/learn_ros2_ws/install/nav2_util:/home/bilal/learn_ros2_ws/install/nav2_simple_commander:/home/bilal/learn_ros2_ws/install/nav2_msgs:/home/bilal/learn_ros2_ws/install/nav2_common:/home/bilal/learn_ros2_ws/install/gps_to_utm_converter_cpp:/home/bilal/learn_ros2_ws/install/argo_sim:/home/bilal/learn_ros2_ws/install/gazebo_ros_skid_steer_drive_6w:/home/bilal/learn_ros2_ws/install/gazebo_ros_ackermann_drive_4wd:/home/bilal/learn_ros2_ws/install/biy1_ros360_cpp:/home/bilal/learn_ros2_ws/install/articubot_one:/home/bilal/mp/mp_ws/install/biy1_ros360_cpp:/home/bilal/ros2_ws/install/web_gui:/home/bilal/ros2_ws/install/velodyne_simulation:/home/bilal/ros2_ws/install/velodyne_control_msgs:/home/bilal/ros2_ws/install/track_envs:/home/bilal/ros2_ws/install/ros360_moveit:/home/bilal/ros2_ws/install/opencv_tools:/home/bilal/ros2_ws/install/biy1_ros360_py:/home/bilal/ros2_ws/install/biy1_ros360_cpp:/opt/ros/humble'), ('SHELL', '/bin/bash'), ('QT_ACCESSIBILITY', '1'), ('GDMSESSION', 'ubuntu'), ('GPG_AGENT_INFO', '/run/user/1000/gnupg/S.gpg-agent:0:1'), ('GAZEBO_RESOURCE_PATH', '/usr/share/gazebo/../../share/gazebo-11:/usr/share/gazebo/../../share/gazebo-11:'), ('GAZEBO_MODEL_DATABASE_URI', 'http://models.gazebosim.org'), ('QT_IM_MODULE', 'ibus'), ('PWD', '/home/bilal/trail_tracer/build/biy1_ros360_cpp'), ('TURTLEBOT3_MODEL', 'waffle'), ('LC_ALL', 'en_US.UTF-8'), ('XDG_CONFIG_DIRS', '/etc/xdg/xdg-ubuntu:/etc/xdg'), ('GAZEBO_PLUGIN_PATH', '/usr/share/gazebo/../../lib/x86_64-linux-gnu/gazebo-11/plugins:/usr/share/gazebo/../../lib/x86_64-linux-gnu/gazebo-11/plugins:'), ('XDG_DATA_DIRS', '/usr/share/ubuntu:/usr/share/gnome:/usr/local/share/:/usr/share/:/var/lib/snapd/desktop'), ('PYTHONPATH', '/home/bilal/trail_tracer/install/web_gui/lib/python3.10/site-packages:/home/bilal/learn_ros2_ws/install/web_gui/lib/python3.10/site-packages:/home/bilal/learn_ros2_ws/install/dwb_msgs/local/lib/python3.10/dist-packages:/home/bilal/learn_ros2_ws/install/nav_2d_msgs/local/lib/python3.10/dist-packages:/home/bilal/learn_ros2_ws/install/nav2_simple_commander/lib/python3.10/site-packages:/home/bilal/learn_ros2_ws/install/nav2_msgs/local/lib/python3.10/dist-packages:/home/bilal/learn_ros2_ws/install/nav2_common/local/lib/python3.10/dist-packages:/home/bilal/ros2_ws/install/web_gui/lib/python3.10/site-packages:/home/bilal/ros2_ws/install/velodyne_control_msgs/local/lib/python3.10/dist-packages:/home/bilal/ros2_ws/install/opencv_tools/lib/python3.10/site-packages:/home/bilal/ros2_ws/install/biy1_ros360_py/lib/python3.10/site-packages:/opt/ros/humble/lib/python3.10/site-packages:/opt/ros/humble/local/lib/python3.10/dist-packages'), ('COLCON', '1'), ('VTE_VERSION', '6800'), ('CMAKE_PREFIX_PATH', '/home/bilal/trail_tracer/install/traethlin_description:/home/bilal/trail_tracer/install/gps_to_utm_converter_cpp:/home/bilal/trail_tracer/install/argo_sim:/home/bilal/trail_tracer/install/gazebo_ros_skid_steer_drive_6w:/home/bilal/trail_tracer/install/gazebo_ros_ackermann_drive_4wd:/home/bilal/trail_tracer/install/biy1_ros360_cpp:/home/bilal/trail_tracer/install/argo_nav:/home/bilal/learn_ros2_ws/install/traethlin_description:/home/bilal/learn_ros2_ws/install/nav2_system_tests:/home/bilal/learn_ros2_ws/install/nav2_bringup:/home/bilal/learn_ros2_ws/install/navigation2:/home/bilal/learn_ros2_ws/install/nav2_smoother:/home/bilal/learn_ros2_ws/install/nav2_graceful_controller:/home/bilal/learn_ros2_ws/install/nav2_dwb_controller:/home/bilal/learn_ros2_ws/install/nav2_controller:/home/bilal/learn_ros2_ws/install/dwb_plugins:/home/bilal/learn_ros2_ws/install/dwb_critics:/home/bilal/learn_ros2_ws/install/dwb_core:/home/bilal/learn_ros2_ws/install/nav_2d_utils:/home/bilal/learn_ros2_ws/install/dwb_msgs:/home/bilal/learn_ros2_ws/install/nav_2d_msgs:/home/bilal/learn_ros2_ws/install/nav2_waypoint_follower:/home/bilal/learn_ros2_ws/install/nav2_theta_star_planner:/home/bilal/learn_ros2_ws/install/nav2_smac_planner:/home/bilal/learn_ros2_ws/install/nav2_rotation_shim_controller:/home/bilal/learn_ros2_ws/install/nav2_regulated_pure_pursuit_controller:/home/bilal/learn_ros2_ws/install/nav2_planner:/home/bilal/learn_ros2_ws/install/nav2_navfn_planner:/home/bilal/learn_ros2_ws/install/nav2_mppi_controller:/home/bilal/learn_ros2_ws/install/nav2_constrained_smoother:/home/bilal/learn_ros2_ws/install/nav2_bt_navigator:/home/bilal/learn_ros2_ws/install/nav2_behaviors:/home/bilal/learn_ros2_ws/install/nav2_core:/home/bilal/learn_ros2_ws/install/nav2_collision_monitor:/home/bilal/learn_ros2_ws/install/costmap_queue:/home/bilal/learn_ros2_ws/install/nav2_costmap_2d:/home/bilal/learn_ros2_ws/install/nav2_voxel_grid:/home/bilal/learn_ros2_ws/install/nav2_velocity_smoother:/home/bilal/learn_ros2_ws/install/nav2_rviz_plugins:/home/bilal/learn_ros2_ws/install/nav2_map_server:/home/bilal/learn_ros2_ws/install/nav2_lifecycle_manager:/home/bilal/learn_ros2_ws/install/nav2_behavior_tree:/home/bilal/learn_ros2_ws/install/nav2_amcl:/home/bilal/learn_ros2_ws/install/nav2_util:/home/bilal/learn_ros2_ws/install/nav2_msgs:/home/bilal/learn_ros2_ws/install/nav2_common:/home/bilal/learn_ros2_ws/install/gps_to_utm_converter_cpp:/home/bilal/learn_ros2_ws/install/argo_sim:/home/bilal/learn_ros2_ws/install/gazebo_ros_skid_steer_drive_6w:/home/bilal/learn_ros2_ws/install/gazebo_ros_ackermann_drive_4wd:/home/bilal/learn_ros2_ws/install/biy1_ros360_cpp:/home/bilal/learn_ros2_ws/install/articubot_one:/home/bilal/mp/mp_ws/install/biy1_ros360_cpp:/home/bilal/ros2_ws/install/velodyne_simulation:/home/bilal/ros2_ws/install/velodyne_control_msgs:/home/bilal/ros2_ws/install/track_envs:/home/bilal/ros2_ws/install/ros360_moveit:/home/bilal/ros2_ws/install/biy1_ros360_cpp:/home/bilal/trail_tracer/install/web_gui:/home/bilal/learn_ros2_ws/install/web_gui:/home/bilal/learn_ros2_ws/install/nav2_simple_commander:/home/bilal/ros2_ws/install/web_gui:/home/bilal/ros2_ws/install/opencv_tools:/home/bilal/ros2_ws/install/biy1_ros360_py:/opt/ros/humble')]), 'shell': False}
[0.085411] (biy1_ros360_cpp) StdoutLine: {'line': b'\x1b[35m\x1b[1mConsolidate compiler generated dependencies of target follower\x1b[0m\n'}
[0.099737] (-) TimerEvent: {}
[0.103557] (biy1_ros360_cpp) StdoutLine: {'line': b'[ 18%] Built target trail_tracer\n'}
[0.103808] (biy1_ros360_cpp) StdoutLine: {'line': b'[ 43%] Built target nav2\n'}
[0.103899] (biy1_ros360_cpp) StdoutLine: {'line': b'[ 43%] Built target helloWorld\n'}
[0.103967] (biy1_ros360_cpp) StdoutLine: {'line': b'[ 50%] Built target exampleSubscriber\n'}
[0.104227] (biy1_ros360_cpp) StdoutLine: {'line': b'[ 62%] Built target testCode\n'}
[0.105057] (biy1_ros360_cpp) StdoutLine: {'line': b'[ 75%] Built target waypoint_navigator\n'}
[0.107489] (biy1_ros360_cpp) StdoutLine: {'line': b'[ 87%] Built target examplePublisher\n'}
[0.116487] (biy1_ros360_cpp) StdoutLine: {'line': b'[ 93%] \x1b[32mBuilding CXX object CMakeFiles/follower.dir/src/follower.cpp.o\x1b[0m\n'}
[0.199820] (-) TimerEvent: {}
[0.300068] (-) TimerEvent: {}
[0.400317] (-) TimerEvent: {}
[0.500568] (-) TimerEvent: {}
[0.600814] (-) TimerEvent: {}
[0.701064] (-) TimerEvent: {}
[0.801324] (-) TimerEvent: {}
[0.901577] (-) TimerEvent: {}
[1.001967] (-) TimerEvent: {}
[1.102224] (-) TimerEvent: {}
[1.202476] (-) TimerEvent: {}
[1.302728] (-) TimerEvent: {}
[1.402994] (-) TimerEvent: {}
[1.503254] (-) TimerEvent: {}
[1.603503] (-) TimerEvent: {}
[1.703753] (-) TimerEvent: {}
[1.804010] (-) TimerEvent: {}
[1.904269] (-) TimerEvent: {}
[2.004526] (-) TimerEvent: {}
[2.104889] (-) TimerEvent: {}
[2.205153] (-) TimerEvent: {}
[2.305417] (-) TimerEvent: {}
[2.405682] (-) TimerEvent: {}
[2.505989] (-) TimerEvent: {}
[2.606247] (-) TimerEvent: {}
[2.706503] (-) TimerEvent: {}
[2.806756] (-) TimerEvent: {}
[2.907013] (-) TimerEvent: {}
[3.007269] (-) TimerEvent: {}
[3.107524] (-) TimerEvent: {}
[3.207779] (-) TimerEvent: {}
[3.308060] (-) TimerEvent: {}
[3.408316] (-) TimerEvent: {}
[3.508572] (-) TimerEvent: {}
[3.608827] (-) TimerEvent: {}
[3.709085] (-) TimerEvent: {}
[3.809389] (-) TimerEvent: {}
[3.909633] (-) TimerEvent: {}
[4.009895] (-) TimerEvent: {}
[4.110163] (-) TimerEvent: {}
[4.210436] (-) TimerEvent: {}
[4.310682] (-) TimerEvent: {}
[4.410928] (-) TimerEvent: {}
[4.511196] (-) TimerEvent: {}
[4.611422] (-) TimerEvent: {}
[4.711692] (-) TimerEvent: {}
[4.811941] (-) TimerEvent: {}
[4.912179] (-) TimerEvent: {}
[5.012435] (-) TimerEvent: {}
[5.112687] (-) TimerEvent: {}
[5.212938] (-) TimerEvent: {}
[5.313191] (-) TimerEvent: {}
[5.413434] (-) TimerEvent: {}
[5.513688] (-) TimerEvent: {}
[5.613947] (-) TimerEvent: {}
[5.714213] (-) TimerEvent: {}
[5.814480] (-) TimerEvent: {}
[5.914748] (-) TimerEvent: {}
[6.015060] (-) TimerEvent: {}
[6.115349] (-) TimerEvent: {}
[6.215599] (-) TimerEvent: {}
[6.315854] (-) TimerEvent: {}
[6.416135] (-) TimerEvent: {}
[6.516396] (-) TimerEvent: {}
[6.616635] (-) TimerEvent: {}
[6.716895] (-) TimerEvent: {}
[6.817187] (-) TimerEvent: {}
[6.917425] (-) TimerEvent: {}
[7.017674] (-) TimerEvent: {}
[7.117918] (-) TimerEvent: {}
[7.218169] (-) TimerEvent: {}
[7.318406] (-) TimerEvent: {}
[7.418664] (-) TimerEvent: {}
[7.518925] (-) TimerEvent: {}
[7.619171] (-) TimerEvent: {}
[7.719411] (-) TimerEvent: {}
[7.819650] (-) TimerEvent: {}
[7.919897] (-) TimerEvent: {}
[8.020145] (-) TimerEvent: {}
[8.120404] (-) TimerEvent: {}
[8.220686] (-) TimerEvent: {}
[8.320928] (-) TimerEvent: {}
[8.421171] (-) TimerEvent: {}
[8.521410] (-) TimerEvent: {}
[8.621667] (-) TimerEvent: {}
[8.721913] (-) TimerEvent: {}
[8.822174] (-) TimerEvent: {}
[8.922413] (-) TimerEvent: {}
[9.022656] (-) TimerEvent: {}
[9.122905] (-) TimerEvent: {}
[9.223145] (-) TimerEvent: {}
[9.323386] (-) TimerEvent: {}
[9.423633] (-) TimerEvent: {}
[9.523874] (-) TimerEvent: {}
[9.624117] (-) TimerEvent: {}
[9.724368] (-) TimerEvent: {}
[9.824621] (-) TimerEvent: {}
[9.924886] (-) TimerEvent: {}
[10.025159] (-) TimerEvent: {}
[10.125470] (-) TimerEvent: {}
[10.225736] (-) TimerEvent: {}
[10.326011] (-) TimerEvent: {}
[10.373855] (biy1_ros360_cpp) StdoutLine: {'line': b'[100%] \x1b[32m\x1b[1mLinking CXX executable follower\x1b[0m\n'}
[10.426108] (-) TimerEvent: {}
[10.526383] (-) TimerEvent: {}
[10.626659] (-) TimerEvent: {}
[10.726926] (-) TimerEvent: {}
[10.827220] (-) TimerEvent: {}
[10.892631] (biy1_ros360_cpp) StdoutLine: {'line': b'[100%] Built target follower\n'}
[10.907444] (biy1_ros360_cpp) CommandEnded: {'returncode': 0}
[10.927278] (-) TimerEvent: {}
[11.005453] (biy1_ros360_cpp) JobProgress: {'identifier': 'biy1_ros360_cpp', 'progress': 'install'}
[11.018329] (biy1_ros360_cpp) Command: {'cmd': ['/usr/bin/cmake', '--install', '/home/bilal/trail_tracer/build/biy1_ros360_cpp'], 'cwd': '/home/bilal/trail_tracer/build/biy1_ros360_cpp', 'env': OrderedDict([('LANGUAGE', 'en_GB:en'), ('USER', 'bilal'), ('XDG_SESSION_TYPE', 'x11'), ('SHLVL', '1'), ('LD_LIBRARY_PATH', '/home/bilal/trail_tracer/install/gazebo_ros_skid_steer_drive_6w/lib:/home/bilal/trail_tracer/install/gazebo_ros_ackermann_drive_4wd/lib:/home/bilal/learn_ros2_ws/install/nav2_smoother/lib:/home/bilal/learn_ros2_ws/install/nav2_graceful_controller/lib:/home/bilal/learn_ros2_ws/install/nav2_controller/lib:/home/bilal/learn_ros2_ws/install/dwb_plugins/lib:/home/bilal/learn_ros2_ws/install/dwb_critics/lib:/home/bilal/learn_ros2_ws/install/dwb_core/lib:/home/bilal/learn_ros2_ws/install/nav_2d_utils/lib:/home/bilal/learn_ros2_ws/install/dwb_msgs/lib:/home/bilal/learn_ros2_ws/install/nav_2d_msgs/lib:/home/bilal/learn_ros2_ws/install/nav2_waypoint_follower/lib:/home/bilal/learn_ros2_ws/install/nav2_theta_star_planner/lib:/home/bilal/learn_ros2_ws/install/nav2_smac_planner/lib:/home/bilal/learn_ros2_ws/install/nav2_rotation_shim_controller/lib:/home/bilal/learn_ros2_ws/install/nav2_regulated_pure_pursuit_controller/lib:/home/bilal/learn_ros2_ws/install/nav2_planner/lib:/home/bilal/learn_ros2_ws/install/nav2_navfn_planner/lib:/home/bilal/learn_ros2_ws/install/nav2_mppi_controller/lib:/home/bilal/learn_ros2_ws/install/nav2_constrained_smoother/lib:/home/bilal/learn_ros2_ws/install/nav2_bt_navigator/lib:/home/bilal/learn_ros2_ws/install/nav2_behaviors/lib:/home/bilal/learn_ros2_ws/install/nav2_collision_monitor/lib:/home/bilal/learn_ros2_ws/install/costmap_queue/lib:/home/bilal/learn_ros2_ws/install/nav2_costmap_2d/lib:/home/bilal/learn_ros2_ws/install/nav2_voxel_grid/lib:/home/bilal/learn_ros2_ws/install/nav2_velocity_smoother/lib:/home/bilal/learn_ros2_ws/install/nav2_rviz_plugins/lib:/home/bilal/learn_ros2_ws/install/nav2_map_server/lib:/home/bilal/learn_ros2_ws/install/nav2_lifecycle_manager/lib:/home/bilal/learn_ros2_ws/install/nav2_behavior_tree/lib:/home/bilal/learn_ros2_ws/install/nav2_amcl/lib:/home/bilal/learn_ros2_ws/install/nav2_util/lib:/home/bilal/learn_ros2_ws/install/nav2_msgs/lib:/home/bilal/learn_ros2_ws/install/gazebo_ros_skid_steer_drive_6w/lib:/home/bilal/learn_ros2_ws/install/gazebo_ros_ackermann_drive_4wd/lib:/home/bilal/ros2_ws/install/velodyne_simulation/lib:/home/bilal/ros2_ws/install/velodyne_control_msgs/lib:/usr/lib/x86_64-linux-gnu/gazebo-11/plugins:/opt/ros/humble/opt/rviz_ogre_vendor/lib:/opt/ros/humble/lib/x86_64-linux-gnu:/opt/ros/humble/lib:/usr/share/gazebo/../../lib/x86_64-linux-gnu/gazebo-11/plugins::/usr/share/gazebo/../../lib/x86_64-linux-gnu/gazebo-11/plugins:/usr/share/gazebo/../../lib/x86_64-linux-gnu/gazebo-11/plugins:'), ('HOME', '/home/bilal'), ('DESKTOP_SESSION', 'ubuntu'), ('GAZEBO_MASTER_URI', 'http://localhost:11345'), ('ROS_PYTHON_VERSION', '3'), ('GNOME_SHELL_SESSION_MODE', 'ubuntu'), ('GTK_MODULES', 'gail:atk-bridge'), ('SYSTEMD_EXEC_PID', '18819'), ('DBUS_SESSION_BUS_ADDRESS', 'unix:path=/run/user/1000/bus'), ('COLORTERM', 'truecolor'), ('_colcon_cd_root', '/opt/ros/humble/'), ('COLCON_PREFIX_PATH', '/home/bilal/trail_tracer/install:/home/bilal/learn_ros2_ws/install:/home/bilal/mp/mp_ws/install:/home/bilal/ros2_ws/install'), ('ROS_DISTRO', 'humble'), ('GTK_IM_MODULE', 'ibus'), ('LOGNAME', 'bilal'), ('_', '/usr/bin/colcon'), ('ROS_VERSION', '2'), ('XDG_SESSION_CLASS', 'user'), ('USERNAME', 'bilal'), ('TERM', 'xterm-256color'), ('GAZEBO_MODEL_PATH', '/home/bilal/trail_tracer/install/argo_sim/share/argo_sim/models:/home/bilal/learn_ros2_ws/install/argo_sim/share/argo_sim/models:/usr/share/gazebo/../../share/gazebo-11/models:/home/bilal/trail_tracer/install/argo_sim/share/argo_sim/models:/home/bilal/learn_ros2_ws/install/argo_sim/share/argo_sim/models:/usr/share/gazebo/../../share/gazebo-11/models::/opt/ros/humble/share/turtlebot3_gazebo/models:/opt/ros/humble/share/turtlebot3_gazebo/models'), ('GNOME_DESKTOP_SESSION_ID', 'this-is-deprecated'), ('ROS_LOCALHOST_ONLY', '1'), ('WINDOWPATH', '2'), ('OGRE_RESOURCE_PATH', '/usr/lib/x86_64-linux-gnu/OGRE-1.9.0'), ('PATH', '/home/bilal/.local/bin:/opt/ros/humble/bin:/usr/local/sbin:/usr/local/bin:/usr/sbin:/usr/bin:/sbin:/bin:/usr/games:/usr/local/games:/snap/bin:/snap/bin'), ('SESSION_MANAGER', 'local/bilal-yousufzai:@/tmp/.ICE-unix/2116,unix/bilal-yousufzai:/tmp/.ICE-unix/2116'), ('XDG_MENU_PREFIX', 'gnome-'), ('GNOME_TERMINAL_SCREEN', '/org/gnome/Terminal/screen/816c1d80_a582_4879_9544_16ffaacc6f3e'), ('XDG_RUNTIME_DIR', '/run/user/1000'), ('DISPLAY', ':1'), ('LANG', 'en_US.UTF-8'), ('XDG_CURRENT_DESKTOP', 'ubuntu:GNOME'), ('XMODIFIERS', '@im=ibus'), ('XDG_SESSION_DESKTOP', 'ubuntu'), ('XAUTHORITY', '/run/user/1000/gdm/Xauthority'), ('GNOME_TERMINAL_SERVICE', ':1.111'), ('SSH_AGENT_LAUNCHER', 'gnome-keyring'), ('SSH_AUTH_SOCK', '/run/user/1000/keyring/ssh'), ('AMENT_PREFIX_PATH', '/home/bilal/trail_tracer/install/web_gui:/home/bilal/trail_tracer/install/traethlin_description:/home/bilal/trail_tracer/install/gps_to_utm_converter_cpp:/home/bilal/trail_tracer/install/argo_sim:/home/bilal/trail_tracer/install/gazebo_ros_skid_steer_drive_6w:/home/bilal/trail_tracer/install/gazebo_ros_ackermann_drive_4wd:/home/bilal/trail_tracer/install/biy1_ros360_cpp:/home/bilal/trail_tracer/install/argo_nav:/home/bilal/learn_ros2_ws/install/web_gui:/home/bilal/learn_ros2_ws/install/traethlin_description:/home/bilal/learn_ros2_ws/install/nav2_system_tests:/home/bilal/learn_ros2_ws/install/nav2_bringup:/home/bilal/learn_ros2_ws/install/navigation2:/home/bilal/learn_ros2_ws/install/nav2_smoother:/home/bilal/learn_ros2_ws/install/nav2_graceful_controller:/home/bilal/learn_ros2_ws/install/nav2_dwb_controller:/home/bilal/learn_ros2_ws/install/nav2_controller:/home/bilal/learn_ros2_ws/install/dwb_plugins:/home/bilal/learn_ros2_ws/install/dwb_critics:/home/bilal/learn_ros2_ws/install/dwb_core:/home/bilal/learn_ros2_ws/install/nav_2d_utils:/home/bilal/learn_ros2_ws/install/dwb_msgs:/home/bilal/learn_ros2_ws/install/nav_2d_msgs:/home/bilal/learn_ros2_ws/install/nav2_waypoint_follower:/home/bilal/learn_ros2_ws/install/nav2_theta_star_planner:/home/bilal/learn_ros2_ws/install/nav2_smac_planner:/home/bilal/learn_ros2_ws/install/nav2_rotation_shim_controller:/home/bilal/learn_ros2_ws/install/nav2_regulated_pure_pursuit_controller:/home/bilal/learn_ros2_ws/install/nav2_planner:/home/bilal/learn_ros2_ws/install/nav2_navfn_planner:/home/bilal/learn_ros2_ws/install/nav2_mppi_controller:/home/bilal/learn_ros2_ws/install/nav2_constrained_smoother:/home/bilal/learn_ros2_ws/install/nav2_bt_navigator:/home/bilal/learn_ros2_ws/install/nav2_behaviors:/home/bilal/learn_ros2_ws/install/nav2_core:/home/bilal/learn_ros2_ws/install/nav2_collision_monitor:/home/bilal/learn_ros2_ws/install/costmap_queue:/home/bilal/learn_ros2_ws/install/nav2_costmap_2d:/home/bilal/learn_ros2_ws/install/nav2_voxel_grid:/home/bilal/learn_ros2_ws/install/nav2_velocity_smoother:/home/bilal/learn_ros2_ws/install/nav2_rviz_plugins:/home/bilal/learn_ros2_ws/install/nav2_map_server:/home/bilal/learn_ros2_ws/install/nav2_lifecycle_manager:/home/bilal/learn_ros2_ws/install/nav2_behavior_tree:/home/bilal/learn_ros2_ws/install/nav2_amcl:/home/bilal/learn_ros2_ws/install/nav2_util:/home/bilal/learn_ros2_ws/install/nav2_simple_commander:/home/bilal/learn_ros2_ws/install/nav2_msgs:/home/bilal/learn_ros2_ws/install/nav2_common:/home/bilal/learn_ros2_ws/install/gps_to_utm_converter_cpp:/home/bilal/learn_ros2_ws/install/argo_sim:/home/bilal/learn_ros2_ws/install/gazebo_ros_skid_steer_drive_6w:/home/bilal/learn_ros2_ws/install/gazebo_ros_ackermann_drive_4wd:/home/bilal/learn_ros2_ws/install/biy1_ros360_cpp:/home/bilal/learn_ros2_ws/install/articubot_one:/home/bilal/mp/mp_ws/install/biy1_ros360_cpp:/home/bilal/ros2_ws/install/web_gui:/home/bilal/ros2_ws/install/velodyne_simulation:/home/bilal/ros2_ws/install/velodyne_control_msgs:/home/bilal/ros2_ws/install/track_envs:/home/bilal/ros2_ws/install/ros360_moveit:/home/bilal/ros2_ws/install/opencv_tools:/home/bilal/ros2_ws/install/biy1_ros360_py:/home/bilal/ros2_ws/install/biy1_ros360_cpp:/opt/ros/humble'), ('SHELL', '/bin/bash'), ('QT_ACCESSIBILITY', '1'), ('GDMSESSION', 'ubuntu'), ('GPG_AGENT_INFO', '/run/user/1000/gnupg/S.gpg-agent:0:1'), ('GAZEBO_RESOURCE_PATH', '/usr/share/gazebo/../../share/gazebo-11:/usr/share/gazebo/../../share/gazebo-11:'), ('GAZEBO_MODEL_DATABASE_URI', 'http://models.gazebosim.org'), ('QT_IM_MODULE', 'ibus'), ('PWD', '/home/bilal/trail_tracer/build/biy1_ros360_cpp'), ('TURTLEBOT3_MODEL', 'waffle'), ('LC_ALL', 'en_US.UTF-8'), ('XDG_CONFIG_DIRS', '/etc/xdg/xdg-ubuntu:/etc/xdg'), ('GAZEBO_PLUGIN_PATH', '/usr/share/gazebo/../../lib/x86_64-linux-gnu/gazebo-11/plugins:/usr/share/gazebo/../../lib/x86_64-linux-gnu/gazebo-11/plugins:'), ('XDG_DATA_DIRS', '/usr/share/ubuntu:/usr/share/gnome:/usr/local/share/:/usr/share/:/var/lib/snapd/desktop'), ('PYTHONPATH', '/home/bilal/trail_tracer/install/web_gui/lib/python3.10/site-packages:/home/bilal/learn_ros2_ws/install/web_gui/lib/python3.10/site-packages:/home/bilal/learn_ros2_ws/install/dwb_msgs/local/lib/python3.10/dist-packages:/home/bilal/learn_ros2_ws/install/nav_2d_msgs/local/lib/python3.10/dist-packages:/home/bilal/learn_ros2_ws/install/nav2_simple_commander/lib/python3.10/site-packages:/home/bilal/learn_ros2_ws/install/nav2_msgs/local/lib/python3.10/dist-packages:/home/bilal/learn_ros2_ws/install/nav2_common/local/lib/python3.10/dist-packages:/home/bilal/ros2_ws/install/web_gui/lib/python3.10/site-packages:/home/bilal/ros2_ws/install/velodyne_control_msgs/local/lib/python3.10/dist-packages:/home/bilal/ros2_ws/install/opencv_tools/lib/python3.10/site-packages:/home/bilal/ros2_ws/install/biy1_ros360_py/lib/python3.10/site-packages:/opt/ros/humble/lib/python3.10/site-packages:/opt/ros/humble/local/lib/python3.10/dist-packages'), ('COLCON', '1'), ('VTE_VERSION', '6800'), ('CMAKE_PREFIX_PATH', '/home/bilal/trail_tracer/install/traethlin_description:/home/bilal/trail_tracer/install/gps_to_utm_converter_cpp:/home/bilal/trail_tracer/install/argo_sim:/home/bilal/trail_tracer/install/gazebo_ros_skid_steer_drive_6w:/home/bilal/trail_tracer/install/gazebo_ros_ackermann_drive_4wd:/home/bilal/trail_tracer/install/biy1_ros360_cpp:/home/bilal/trail_tracer/install/argo_nav:/home/bilal/learn_ros2_ws/install/traethlin_description:/home/bilal/learn_ros2_ws/install/nav2_system_tests:/home/bilal/learn_ros2_ws/install/nav2_bringup:/home/bilal/learn_ros2_ws/install/navigation2:/home/bilal/learn_ros2_ws/install/nav2_smoother:/home/bilal/learn_ros2_ws/install/nav2_graceful_controller:/home/bilal/learn_ros2_ws/install/nav2_dwb_controller:/home/bilal/learn_ros2_ws/install/nav2_controller:/home/bilal/learn_ros2_ws/install/dwb_plugins:/home/bilal/learn_ros2_ws/install/dwb_critics:/home/bilal/learn_ros2_ws/install/dwb_core:/home/bilal/learn_ros2_ws/install/nav_2d_utils:/home/bilal/learn_ros2_ws/install/dwb_msgs:/home/bilal/learn_ros2_ws/install/nav_2d_msgs:/home/bilal/learn_ros2_ws/install/nav2_waypoint_follower:/home/bilal/learn_ros2_ws/install/nav2_theta_star_planner:/home/bilal/learn_ros2_ws/install/nav2_smac_planner:/home/bilal/learn_ros2_ws/install/nav2_rotation_shim_controller:/home/bilal/learn_ros2_ws/install/nav2_regulated_pure_pursuit_controller:/home/bilal/learn_ros2_ws/install/nav2_planner:/home/bilal/learn_ros2_ws/install/nav2_navfn_planner:/home/bilal/learn_ros2_ws/install/nav2_mppi_controller:/home/bilal/learn_ros2_ws/install/nav2_constrained_smoother:/home/bilal/learn_ros2_ws/install/nav2_bt_navigator:/home/bilal/learn_ros2_ws/install/nav2_behaviors:/home/bilal/learn_ros2_ws/install/nav2_core:/home/bilal/learn_ros2_ws/install/nav2_collision_monitor:/home/bilal/learn_ros2_ws/install/costmap_queue:/home/bilal/learn_ros2_ws/install/nav2_costmap_2d:/home/bilal/learn_ros2_ws/install/nav2_voxel_grid:/home/bilal/learn_ros2_ws/install/nav2_velocity_smoother:/home/bilal/learn_ros2_ws/install/nav2_rviz_plugins:/home/bilal/learn_ros2_ws/install/nav2_map_server:/home/bilal/learn_ros2_ws/install/nav2_lifecycle_manager:/home/bilal/learn_ros2_ws/install/nav2_behavior_tree:/home/bilal/learn_ros2_ws/install/nav2_amcl:/home/bilal/learn_ros2_ws/install/nav2_util:/home/bilal/learn_ros2_ws/install/nav2_msgs:/home/bilal/learn_ros2_ws/install/nav2_common:/home/bilal/learn_ros2_ws/install/gps_to_utm_converter_cpp:/home/bilal/learn_ros2_ws/install/argo_sim:/home/bilal/learn_ros2_ws/install/gazebo_ros_skid_steer_drive_6w:/home/bilal/learn_ros2_ws/install/gazebo_ros_ackermann_drive_4wd:/home/bilal/learn_ros2_ws/install/biy1_ros360_cpp:/home/bilal/learn_ros2_ws/install/articubot_one:/home/bilal/mp/mp_ws/install/biy1_ros360_cpp:/home/bilal/ros2_ws/install/velodyne_simulation:/home/bilal/ros2_ws/install/velodyne_control_msgs:/home/bilal/ros2_ws/install/track_envs:/home/bilal/ros2_ws/install/ros360_moveit:/home/bilal/ros2_ws/install/biy1_ros360_cpp:/home/bilal/trail_tracer/install/web_gui:/home/bilal/learn_ros2_ws/install/web_gui:/home/bilal/learn_ros2_ws/install/nav2_simple_commander:/home/bilal/ros2_ws/install/web_gui:/home/bilal/ros2_ws/install/opencv_tools:/home/bilal/ros2_ws/install/biy1_ros360_py:/opt/ros/humble')]), 'shell': False}
[11.027348] (-) TimerEvent: {}
[11.029752] (biy1_ros360_cpp) StdoutLine: {'line': b'-- Install configuration: ""\n'}
[11.029909] (biy1_ros360_cpp) StdoutLine: {'line': b'-- Up-to-date: /home/bilal/trail_tracer/install/biy1_ros360_cpp/lib/biy1_ros360_cpp/helloWorld\n'}
[11.030154] (biy1_ros360_cpp) StdoutLine: {'line': b'-- Up-to-date: /home/bilal/trail_tracer/install/biy1_ros360_cpp/lib/biy1_ros360_cpp/examplePublisher\n'}
[11.030372] (biy1_ros360_cpp) StdoutLine: {'line': b'-- Up-to-date: /home/bilal/trail_tracer/install/biy1_ros360_cpp/lib/biy1_ros360_cpp/exampleSubscriber\n'}
[11.030615] (biy1_ros360_cpp) StdoutLine: {'line': b'-- Up-to-date: /home/bilal/trail_tracer/install/biy1_ros360_cpp/lib/biy1_ros360_cpp/testCode\n'}
[11.030835] (biy1_ros360_cpp) StdoutLine: {'line': b'-- Up-to-date: /home/bilal/trail_tracer/install/biy1_ros360_cpp/lib/biy1_ros360_cpp/nav2\n'}
[11.031053] (biy1_ros360_cpp) StdoutLine: {'line': b'-- Up-to-date: /home/bilal/trail_tracer/install/biy1_ros360_cpp/lib/biy1_ros360_cpp/trail_tracer\n'}
[11.031275] (biy1_ros360_cpp) StdoutLine: {'line': b'-- Up-to-date: /home/bilal/trail_tracer/install/biy1_ros360_cpp/lib/biy1_ros360_cpp/waypoint_navigator\n'}
[11.031498] (biy1_ros360_cpp) StdoutLine: {'line': b'-- Installing: /home/bilal/trail_tracer/install/biy1_ros360_cpp/lib/biy1_ros360_cpp/follower\n'}
[11.039918] (biy1_ros360_cpp) StdoutLine: {'line': b'-- Set runtime path of "/home/bilal/trail_tracer/install/biy1_ros360_cpp/lib/biy1_ros360_cpp/follower" to ""\n'}
[11.040014] (biy1_ros360_cpp) StdoutLine: {'line': b'-- Up-to-date: /home/bilal/trail_tracer/install/biy1_ros360_cpp/share/ament_index/resource_index/package_run_dependencies/biy1_ros360_cpp\n'}
[11.040074] (biy1_ros360_cpp) StdoutLine: {'line': b'-- Up-to-date: /home/bilal/trail_tracer/install/biy1_ros360_cpp/share/ament_index/resource_index/parent_prefix_path/biy1_ros360_cpp\n'}
[11.040161] (biy1_ros360_cpp) StdoutLine: {'line': b'-- Up-to-date: /home/bilal/trail_tracer/install/biy1_ros360_cpp/share/biy1_ros360_cpp/environment/ament_prefix_path.sh\n'}
[11.040247] (biy1_ros360_cpp) StdoutLine: {'line': b'-- Up-to-date: /home/bilal/trail_tracer/install/biy1_ros360_cpp/share/biy1_ros360_cpp/environment/ament_prefix_path.dsv\n'}
[11.040302] (biy1_ros360_cpp) StdoutLine: {'line': b'-- Up-to-date: /home/bilal/trail_tracer/install/biy1_ros360_cpp/share/biy1_ros360_cpp/environment/path.sh\n'}
[11.040355] (biy1_ros360_cpp) StdoutLine: {'line': b'-- Up-to-date: /home/bilal/trail_tracer/install/biy1_ros360_cpp/share/biy1_ros360_cpp/environment/path.dsv\n'}
[11.040399] (biy1_ros360_cpp) StdoutLine: {'line': b'-- Up-to-date: /home/bilal/trail_tracer/install/biy1_ros360_cpp/share/biy1_ros360_cpp/local_setup.bash\n'}
[11.040441] (biy1_ros360_cpp) StdoutLine: {'line': b'-- Up-to-date: /home/bilal/trail_tracer/install/biy1_ros360_cpp/share/biy1_ros360_cpp/local_setup.sh\n'}
[11.040482] (biy1_ros360_cpp) StdoutLine: {'line': b'-- Up-to-date: /home/bilal/trail_tracer/install/biy1_ros360_cpp/share/biy1_ros360_cpp/local_setup.zsh\n'}
[11.040533] (biy1_ros360_cpp) StdoutLine: {'line': b'-- Up-to-date: /home/bilal/trail_tracer/install/biy1_ros360_cpp/share/biy1_ros360_cpp/local_setup.dsv\n'}
[11.040578] (biy1_ros360_cpp) StdoutLine: {'line': b'-- Installing: /home/bilal/trail_tracer/install/biy1_ros360_cpp/share/biy1_ros360_cpp/package.dsv\n'}
[11.040647] (biy1_ros360_cpp) StdoutLine: {'line': b'-- Up-to-date: /home/bilal/trail_tracer/install/biy1_ros360_cpp/share/ament_index/resource_index/packages/biy1_ros360_cpp\n'}
[11.040693] (biy1_ros360_cpp) StdoutLine: {'line': b'-- Up-to-date: /home/bilal/trail_tracer/install/biy1_ros360_cpp/share/biy1_ros360_cpp/cmake/biy1_ros360_cppConfig.cmake\n'}
[11.040734] (biy1_ros360_cpp) StdoutLine: {'line': b'-- Up-to-date: /home/bilal/trail_tracer/install/biy1_ros360_cpp/share/biy1_ros360_cpp/cmake/biy1_ros360_cppConfig-version.cmake\n'}
[11.040774] (biy1_ros360_cpp) StdoutLine: {'line': b'-- Up-to-date: /home/bilal/trail_tracer/install/biy1_ros360_cpp/share/biy1_ros360_cpp/package.xml\n'}
[11.041932] (biy1_ros360_cpp) CommandEnded: {'returncode': 0}
[11.127430] (-) TimerEvent: {}
[11.154373] (biy1_ros360_cpp) JobEnded: {'identifier': 'biy1_ros360_cpp', 'rc': 0}
[11.154853] (-) EventReactorShutdown: {}
