[0.737s] Invoking command in '/home/bilal/trail_tracer/src/web_gui': PYTHONPATH=/home/bilal/trail_tracer/build/web_gui/prefix_override:/home/bilal/trail_tracer/install/web_gui/lib/python3.10/site-packages:${PYTHONPATH} /usr/bin/python3 -W ignore:setup.py install is deprecated setup.py egg_info --egg-base ../../build/web_gui build --build-base /home/bilal/trail_tracer/build/web_gui/build install --record /home/bilal/trail_tracer/build/web_gui/install.log --single-version-externally-managed install_data
[0.973s] running egg_info
[0.973s] writing ../../build/web_gui/web_gui.egg-info/PKG-INFO
[0.973s] writing dependency_links to ../../build/web_gui/web_gui.egg-info/dependency_links.txt
[0.973s] writing entry points to ../../build/web_gui/web_gui.egg-info/entry_points.txt
[0.973s] writing requirements to ../../build/web_gui/web_gui.egg-info/requires.txt
[0.973s] writing top-level names to ../../build/web_gui/web_gui.egg-info/top_level.txt
[0.975s] reading manifest file '../../build/web_gui/web_gui.egg-info/SOURCES.txt'
[0.976s] writing manifest file '../../build/web_gui/web_gui.egg-info/SOURCES.txt'
[0.976s] running build
[0.976s] running build_py
[0.976s] running install
[0.976s] running install_lib
[0.977s] running install_data
[0.977s] running install_egg_info
[0.978s] removing '/home/bilal/trail_tracer/install/web_gui/lib/python3.10/site-packages/web_gui-0.0.0-py3.10.egg-info' (and everything under it)
[0.978s] Copying ../../build/web_gui/web_gui.egg-info to /home/bilal/trail_tracer/install/web_gui/lib/python3.10/site-packages/web_gui-0.0.0-py3.10.egg-info
[0.979s] running install_scripts
[0.992s] Installing ros2_communication script to /home/bilal/trail_tracer/install/web_gui/lib/web_gui
[0.992s] writing list of installed files to '/home/bilal/trail_tracer/build/web_gui/install.log'
[1.006s] Invoked command in '/home/bilal/trail_tracer/src/web_gui' returned '0': PYTHONPATH=/home/bilal/trail_tracer/build/web_gui/prefix_override:/home/bilal/trail_tracer/install/web_gui/lib/python3.10/site-packages:${PYTHONPATH} /usr/bin/python3 -W ignore:setup.py install is deprecated setup.py egg_info --egg-base ../../build/web_gui build --build-base /home/bilal/trail_tracer/build/web_gui/build install --record /home/bilal/trail_tracer/build/web_gui/install.log --single-version-externally-managed install_data
