[0.054s] Invoking command in '/home/bilal/trail_tracer/build/gazebo_ros_skid_steer_drive_6w': CMAKE_PREFIX_PATH=${CMAKE_PREFIX_PATH}:/home/bilal/trail_tracer/install/web_gui:/home/bilal/trail_tracer/install/nav2_simple_commander:/home/bilal/learn_ros2_ws/install/web_gui:/home/bilal/learn_ros2_ws/install/nav2_simple_commander:/home/bilal/ros2_ws/install/web_gui:/home/bilal/ros2_ws/install/opencv_tools:/home/bilal/ros2_ws/install/biy1_ros360_py:/opt/ros/humble /usr/bin/cmake /home/bilal/trail_tracer/src/gazebo_ros_skid_steer_drive_6w -DCMAKE_INSTALL_PREFIX=/home/bilal/trail_tracer/install/gazebo_ros_skid_steer_drive_6w
[0.148s] -- The C compiler identification is GNU 11.4.0
[0.211s] -- The CXX compiler identification is GNU 11.4.0
[0.223s] -- Detecting C compiler ABI info
[0.339s] -- Detecting C compiler ABI info - done
[0.347s] -- Check for working C compiler: /usr/bin/cc - skipped
[0.348s] -- Detecting C compile features
[0.348s] -- Detecting C compile features - done
[0.351s] -- Detecting CXX compiler ABI info
[0.474s] -- Detecting CXX compiler ABI info - done
[0.481s] -- Check for working CXX compiler: /usr/bin/c++ - skipped
[0.481s] -- Detecting CXX compile features
[0.482s] -- Detecting CXX compile features - done
[0.496s] -- Found ament_cmake: 1.3.8 (/opt/ros/humble/share/ament_cmake/cmake)
[0.720s] -- Found Python3: /usr/bin/python3 (found version "3.10.12") found components: Interpreter 
[0.942s] -- Found rclcpp: 16.0.8 (/opt/ros/humble/share/rclcpp/cmake)
[1.097s] -- Found rosidl_generator_c: 3.1.5 (/opt/ros/humble/share/rosidl_generator_c/cmake)
[1.115s] -- Found rosidl_adapter: 3.1.5 (/opt/ros/humble/share/rosidl_adapter/cmake)
[1.136s] -- Found rosidl_generator_cpp: 3.1.5 (/opt/ros/humble/share/rosidl_generator_cpp/cmake)
[1.166s] -- Using all available rosidl_typesupport_c: rosidl_typesupport_fastrtps_c;rosidl_typesupport_introspection_c
[1.205s] -- Using all available rosidl_typesupport_cpp: rosidl_typesupport_fastrtps_cpp;rosidl_typesupport_introspection_cpp
[1.334s] -- Found rmw_implementation_cmake: 6.1.1 (/opt/ros/humble/share/rmw_implementation_cmake/cmake)
[1.346s] -- Found rmw_fastrtps_cpp: 6.2.6 (/opt/ros/humble/share/rmw_fastrtps_cpp/cmake)
[1.531s] -- Found OpenSSL: /usr/lib/x86_64-linux-gnu/libcrypto.so (found version "3.0.2")  
[1.575s] -- Found FastRTPS: /opt/ros/humble/include  
[1.655s] -- Using RMW implementation 'rmw_fastrtps_cpp' as default
[1.693s] -- Looking for pthread.h
[1.787s] -- Looking for pthread.h - found
[1.787s] -- Performing Test CMAKE_HAVE_LIBC_PTHREAD
[1.883s] -- Performing Test CMAKE_HAVE_LIBC_PTHREAD - Success
[1.884s] -- Found Threads: TRUE  
[2.036s] -- Found tf2: 0.25.6 (/opt/ros/humble/share/tf2/cmake)
[2.102s] -- Found tf2_ros: 0.25.6 (/opt/ros/humble/share/tf2_ros/cmake)
[2.404s] -- Found nav_msgs: 4.2.3 (/opt/ros/humble/share/nav_msgs/cmake)
[2.485s] -- Found gazebo_ros: 3.7.0 (/opt/ros/humble/share/gazebo_ros/cmake)
[2.512s] -- Found PkgConfig: /usr/bin/pkg-config (found version "0.29.2") 
[2.513s] -- Checking for module 'bullet>=2.82'
[2.541s] --   Found bullet, version 3.05
[2.770s] -- Found fcl: /usr/include (found suitable version "0.7.0", minimum required is "0.5.0") 
[2.873s] -- Found assimp: /usr/include (found version "5.2.0") 
[2.941s] -- Found DART: /usr/include (Required is at least version "6.6") found components: dart 
[3.010s] -- Found Boost: /usr/lib/x86_64-linux-gnu/cmake/Boost-1.74.0/BoostConfig.cmake (found suitable version "1.74.0", minimum required is "1.40.0") found components: thread system filesystem program_options regex iostreams date_time 
[3.037s] -- Found Protobuf: /usr/lib/x86_64-linux-gnu/libprotobuf.so (found version "3.12.4") 
[3.055s] -- Looking for ignition-math6 -- found version 6.15.1
[3.070s] -- Searching for dependencies of ignition-math6
[3.072s] -- Looking for OGRE...
[3.072s] -- OGRE_PREFIX_WATCH changed.
[3.080s] -- Checking for module 'OGRE'
[3.107s] --   Found OGRE, version 1.9.0
[3.172s] -- Found Ogre Ghadamon (1.9.0)
[3.198s] -- Found OGRE: optimized;/usr/lib/x86_64-linux-gnu/libOgreMain.so;debug;/usr/lib/x86_64-linux-gnu/libOgreMain.so
[3.208s] -- Looking for OGRE_Paging...
[3.235s] -- Found OGRE_Paging: optimized;/usr/lib/x86_64-linux-gnu/libOgrePaging.so;debug;/usr/lib/x86_64-linux-gnu/libOgrePaging.so
[3.235s] -- Looking for OGRE_Terrain...
[3.253s] -- Found OGRE_Terrain: optimized;/usr/lib/x86_64-linux-gnu/libOgreTerrain.so;debug;/usr/lib/x86_64-linux-gnu/libOgreTerrain.so
[3.254s] -- Looking for OGRE_Property...
[3.271s] -- Found OGRE_Property: optimized;/usr/lib/x86_64-linux-gnu/libOgreProperty.so;debug;/usr/lib/x86_64-linux-gnu/libOgreProperty.so
[3.271s] -- Looking for OGRE_RTShaderSystem...
[3.292s] -- Found OGRE_RTShaderSystem: optimized;/usr/lib/x86_64-linux-gnu/libOgreRTShaderSystem.so;debug;/usr/lib/x86_64-linux-gnu/libOgreRTShaderSystem.so
[3.292s] -- Looking for OGRE_Volume...
[3.314s] -- Found OGRE_Volume: optimized;/usr/lib/x86_64-linux-gnu/libOgreVolume.so;debug;/usr/lib/x86_64-linux-gnu/libOgreVolume.so
[3.314s] -- Looking for OGRE_Overlay...
[3.336s] -- Found OGRE_Overlay: optimized;/usr/lib/x86_64-linux-gnu/libOgreOverlay.so;debug;/usr/lib/x86_64-linux-gnu/libOgreOverlay.so
[3.983s] -- Looking for ignition-math6 -- found version 6.15.1
[4.004s] -- Looking for ignition-transport8 -- found version 8.2.1
[4.005s] -- Searching for dependencies of ignition-transport8
[4.055s] -- Found Protobuf: /usr/lib/x86_64-linux-gnu/libprotobuf.so (found suitable version "3.12.4", minimum required is "3") 
[4.087s] -- Config-file not installed for ZeroMQ -- checking for pkg-config
[4.099s] -- Checking for module 'libzmq >= 4'
[4.150s] --   Found libzmq , version 4.3.4
[4.275s] -- Found ZeroMQ: TRUE (Required is at least version "4") 
[4.293s] -- Checking for module 'uuid'
[4.347s] --   Found uuid, version 2.37.2
[4.458s] -- Found UUID: TRUE  
[4.478s] -- Looking for ignition-msgs5 -- found version 5.8.1
[4.479s] -- Searching for dependencies of ignition-msgs5
[4.529s] -- Looking for ignition-math6 -- found version 6.15.1
[4.543s] -- Checking for module 'tinyxml2'
[4.591s] --   Found tinyxml2, version 9.0.0
[4.714s] -- Looking for ignition-msgs5 -- found version 5.8.1
[4.744s] -- Looking for ignition-common3 -- found version 3.14.0
[4.745s] -- Searching for dependencies of ignition-common3
[4.746s] -- Looking for dlfcn.h - found
[4.750s] -- Looking for libdl - found
[4.752s] -- Found DL: TRUE  
[4.793s] -- Found tinyobjloader: /usr/lib/x86_64-linux-gnu/cmake/tinyobjloader/tinyobjloader-config.cmake (found version "2.0.0") 
[4.795s] -- Searching for <ignition-common3> component [graphics]
[4.813s] -- Looking for ignition-common3-graphics -- found version 3.14.0
[4.814s] -- Searching for dependencies of ignition-common3-graphics
[4.815s] -- Looking for ignition-math6 -- found version 6.15.1
[4.832s] -- Looking for ignition-fuel_tools4 -- found version 4.4.0
[4.832s] -- Searching for dependencies of ignition-fuel_tools4
[5.081s] -- Found CURL: /usr/lib/x86_64-linux-gnu/libcurl.so (found version "7.81.0")  
[5.111s] -- Checking for module 'jsoncpp'
[5.164s] --   Found jsoncpp, version 1.9.5
[5.295s] -- Found JSONCPP: TRUE  
[5.330s] -- Checking for module 'libzip'
[5.387s] --   Found libzip, version 1.7.3
[5.529s] -- Found ZIP: TRUE  
[5.529s] -- Looking for ignition-common3 -- found version 3.14.0
[5.530s] -- Looking for ignition-math6 -- found version 6.15.1
[5.530s] -- Looking for ignition-msgs5 -- found version 5.8.1
[5.553s] -- Gazebo version: 11.10
[5.553s] -- Checking for module 'tbb'
[5.633s] --   Found tbb, version 2021.5.0
[5.928s] -- Found Boost: /usr/lib/x86_64-linux-gnu/cmake/Boost-1.74.0/BoostConfig.cmake (found version "1.74.0") found components: thread 
[6.111s] -- Configuring done
[6.144s] -- Generating done
[6.148s] -- Build files have been written to: /home/bilal/trail_tracer/build/gazebo_ros_skid_steer_drive_6w
[6.185s] Invoked command in '/home/bilal/trail_tracer/build/gazebo_ros_skid_steer_drive_6w' returned '0': CMAKE_PREFIX_PATH=${CMAKE_PREFIX_PATH}:/home/bilal/trail_tracer/install/web_gui:/home/bilal/trail_tracer/install/nav2_simple_commander:/home/bilal/learn_ros2_ws/install/web_gui:/home/bilal/learn_ros2_ws/install/nav2_simple_commander:/home/bilal/ros2_ws/install/web_gui:/home/bilal/ros2_ws/install/opencv_tools:/home/bilal/ros2_ws/install/biy1_ros360_py:/opt/ros/humble /usr/bin/cmake /home/bilal/trail_tracer/src/gazebo_ros_skid_steer_drive_6w -DCMAKE_INSTALL_PREFIX=/home/bilal/trail_tracer/install/gazebo_ros_skid_steer_drive_6w
[6.185s] Invoking command in '/home/bilal/trail_tracer/build/gazebo_ros_skid_steer_drive_6w': CMAKE_PREFIX_PATH=${CMAKE_PREFIX_PATH}:/home/bilal/trail_tracer/install/web_gui:/home/bilal/trail_tracer/install/nav2_simple_commander:/home/bilal/learn_ros2_ws/install/web_gui:/home/bilal/learn_ros2_ws/install/nav2_simple_commander:/home/bilal/ros2_ws/install/web_gui:/home/bilal/ros2_ws/install/opencv_tools:/home/bilal/ros2_ws/install/biy1_ros360_py:/opt/ros/humble /usr/bin/cmake --build /home/bilal/trail_tracer/build/gazebo_ros_skid_steer_drive_6w -- -j12 -l12
[6.335s] [ 50%] [32mBuilding CXX object CMakeFiles/gazebo_ros_skid_steer_drive_6w.dir/src/gazebo_ros_skid_steer_drive_6w.cpp.o[0m
[25.143s] [100%] [32m[1mLinking CXX shared library libgazebo_ros_skid_steer_drive_6w.so[0m
[25.739s] [100%] Built target gazebo_ros_skid_steer_drive_6w
[25.753s] Invoked command in '/home/bilal/trail_tracer/build/gazebo_ros_skid_steer_drive_6w' returned '0': CMAKE_PREFIX_PATH=${CMAKE_PREFIX_PATH}:/home/bilal/trail_tracer/install/web_gui:/home/bilal/trail_tracer/install/nav2_simple_commander:/home/bilal/learn_ros2_ws/install/web_gui:/home/bilal/learn_ros2_ws/install/nav2_simple_commander:/home/bilal/ros2_ws/install/web_gui:/home/bilal/ros2_ws/install/opencv_tools:/home/bilal/ros2_ws/install/biy1_ros360_py:/opt/ros/humble /usr/bin/cmake --build /home/bilal/trail_tracer/build/gazebo_ros_skid_steer_drive_6w -- -j12 -l12
[25.816s] Invoking command in '/home/bilal/trail_tracer/build/gazebo_ros_skid_steer_drive_6w': CMAKE_PREFIX_PATH=${CMAKE_PREFIX_PATH}:/home/bilal/trail_tracer/install/web_gui:/home/bilal/trail_tracer/install/nav2_simple_commander:/home/bilal/learn_ros2_ws/install/web_gui:/home/bilal/learn_ros2_ws/install/nav2_simple_commander:/home/bilal/ros2_ws/install/web_gui:/home/bilal/ros2_ws/install/opencv_tools:/home/bilal/ros2_ws/install/biy1_ros360_py:/opt/ros/humble /usr/bin/cmake --install /home/bilal/trail_tracer/build/gazebo_ros_skid_steer_drive_6w
[25.829s] -- Install configuration: ""
[25.829s] -- Installing: /home/bilal/trail_tracer/install/gazebo_ros_skid_steer_drive_6w/share/gazebo_ros_skid_steer_drive_6w/environment/library_path.sh
[25.830s] -- Installing: /home/bilal/trail_tracer/install/gazebo_ros_skid_steer_drive_6w/share/gazebo_ros_skid_steer_drive_6w/environment/library_path.dsv
[25.830s] -- Installing: /home/bilal/trail_tracer/install/gazebo_ros_skid_steer_drive_6w/include
[25.830s] -- Installing: /home/bilal/trail_tracer/install/gazebo_ros_skid_steer_drive_6w/include/gazebo_ros_skid_steer_drive_6w.h
[25.830s] -- Installing: /home/bilal/trail_tracer/install/gazebo_ros_skid_steer_drive_6w/lib/libgazebo_ros_skid_steer_drive_6w.so
[25.840s] -- Set runtime path of "/home/bilal/trail_tracer/install/gazebo_ros_skid_steer_drive_6w/lib/libgazebo_ros_skid_steer_drive_6w.so" to ""
[25.840s] -- Installing: /home/bilal/trail_tracer/install/gazebo_ros_skid_steer_drive_6w/share/ament_index/resource_index/package_run_dependencies/gazebo_ros_skid_steer_drive_6w
[25.840s] -- Installing: /home/bilal/trail_tracer/install/gazebo_ros_skid_steer_drive_6w/share/ament_index/resource_index/parent_prefix_path/gazebo_ros_skid_steer_drive_6w
[25.840s] -- Installing: /home/bilal/trail_tracer/install/gazebo_ros_skid_steer_drive_6w/share/gazebo_ros_skid_steer_drive_6w/environment/ament_prefix_path.sh
[25.841s] -- Installing: /home/bilal/trail_tracer/install/gazebo_ros_skid_steer_drive_6w/share/gazebo_ros_skid_steer_drive_6w/environment/ament_prefix_path.dsv
[25.841s] -- Installing: /home/bilal/trail_tracer/install/gazebo_ros_skid_steer_drive_6w/share/gazebo_ros_skid_steer_drive_6w/environment/path.sh
[25.841s] -- Installing: /home/bilal/trail_tracer/install/gazebo_ros_skid_steer_drive_6w/share/gazebo_ros_skid_steer_drive_6w/environment/path.dsv
[25.841s] -- Installing: /home/bilal/trail_tracer/install/gazebo_ros_skid_steer_drive_6w/share/gazebo_ros_skid_steer_drive_6w/local_setup.bash
[25.841s] -- Installing: /home/bilal/trail_tracer/install/gazebo_ros_skid_steer_drive_6w/share/gazebo_ros_skid_steer_drive_6w/local_setup.sh
[25.841s] -- Installing: /home/bilal/trail_tracer/install/gazebo_ros_skid_steer_drive_6w/share/gazebo_ros_skid_steer_drive_6w/local_setup.zsh
[25.841s] -- Installing: /home/bilal/trail_tracer/install/gazebo_ros_skid_steer_drive_6w/share/gazebo_ros_skid_steer_drive_6w/local_setup.dsv
[25.841s] -- Installing: /home/bilal/trail_tracer/install/gazebo_ros_skid_steer_drive_6w/share/gazebo_ros_skid_steer_drive_6w/package.dsv
[25.842s] -- Installing: /home/bilal/trail_tracer/install/gazebo_ros_skid_steer_drive_6w/share/ament_index/resource_index/packages/gazebo_ros_skid_steer_drive_6w
[25.842s] -- Installing: /home/bilal/trail_tracer/install/gazebo_ros_skid_steer_drive_6w/share/gazebo_ros_skid_steer_drive_6w/cmake/ament_cmake_export_libraries-extras.cmake
[25.842s] -- Installing: /home/bilal/trail_tracer/install/gazebo_ros_skid_steer_drive_6w/share/gazebo_ros_skid_steer_drive_6w/cmake/ament_cmake_export_dependencies-extras.cmake
[25.842s] -- Installing: /home/bilal/trail_tracer/install/gazebo_ros_skid_steer_drive_6w/share/gazebo_ros_skid_steer_drive_6w/cmake/ament_cmake_export_include_directories-extras.cmake
[25.842s] -- Installing: /home/bilal/trail_tracer/install/gazebo_ros_skid_steer_drive_6w/share/gazebo_ros_skid_steer_drive_6w/cmake/gazebo_ros_skid_steer_drive_6wConfig.cmake
[25.842s] -- Installing: /home/bilal/trail_tracer/install/gazebo_ros_skid_steer_drive_6w/share/gazebo_ros_skid_steer_drive_6w/cmake/gazebo_ros_skid_steer_drive_6wConfig-version.cmake
[25.842s] -- Installing: /home/bilal/trail_tracer/install/gazebo_ros_skid_steer_drive_6w/share/gazebo_ros_skid_steer_drive_6w/package.xml
[25.844s] Invoked command in '/home/bilal/trail_tracer/build/gazebo_ros_skid_steer_drive_6w' returned '0': CMAKE_PREFIX_PATH=${CMAKE_PREFIX_PATH}:/home/bilal/trail_tracer/install/web_gui:/home/bilal/trail_tracer/install/nav2_simple_commander:/home/bilal/learn_ros2_ws/install/web_gui:/home/bilal/learn_ros2_ws/install/nav2_simple_commander:/home/bilal/ros2_ws/install/web_gui:/home/bilal/ros2_ws/install/opencv_tools:/home/bilal/ros2_ws/install/biy1_ros360_py:/opt/ros/humble /usr/bin/cmake --install /home/bilal/trail_tracer/build/gazebo_ros_skid_steer_drive_6w
