-- Install configuration: ""
-- Up-to-date: /home/bilal/trail_tracer/install/argo_nav/share/argo_nav/launch
-- Up-to-date: /home/bilal/trail_tracer/install/argo_nav/share/argo_nav/launch/nav.launch.py
-- Up-to-date: /home/bilal/trail_tracer/install/argo_nav/share/argo_nav/config
-- Up-to-date: /home/bilal/trail_tracer/install/argo_nav/share/argo_nav/config/nav2_no_map_params.yaml
-- Up-to-date: /home/bilal/trail_tracer/install/argo_nav/share/ament_index/resource_index/package_run_dependencies/argo_nav
-- Up-to-date: /home/bilal/trail_tracer/install/argo_nav/share/ament_index/resource_index/parent_prefix_path/argo_nav
-- Up-to-date: /home/bilal/trail_tracer/install/argo_nav/share/argo_nav/environment/ament_prefix_path.sh
-- Up-to-date: /home/bilal/trail_tracer/install/argo_nav/share/argo_nav/environment/ament_prefix_path.dsv
-- Up-to-date: /home/bilal/trail_tracer/install/argo_nav/share/argo_nav/environment/path.sh
-- Up-to-date: /home/bilal/trail_tracer/install/argo_nav/share/argo_nav/environment/path.dsv
-- Up-to-date: /home/bilal/trail_tracer/install/argo_nav/share/argo_nav/local_setup.bash
-- Up-to-date: /home/bilal/trail_tracer/install/argo_nav/share/argo_nav/local_setup.sh
-- Up-to-date: /home/bilal/trail_tracer/install/argo_nav/share/argo_nav/local_setup.zsh
-- Up-to-date: /home/bilal/trail_tracer/install/argo_nav/share/argo_nav/local_setup.dsv
-- Installing: /home/bilal/trail_tracer/install/argo_nav/share/argo_nav/package.dsv
-- Up-to-date: /home/bilal/trail_tracer/install/argo_nav/share/ament_index/resource_index/packages/argo_nav
-- Up-to-date: /home/bilal/trail_tracer/install/argo_nav/share/argo_nav/cmake/argo_navConfig.cmake
-- Up-to-date: /home/bilal/trail_tracer/install/argo_nav/share/argo_nav/cmake/argo_navConfig-version.cmake
-- Up-to-date: /home/bilal/trail_tracer/install/argo_nav/share/argo_nav/package.xml
