[0.087s] Invoking command in '/home/bilal/trail_tracer/build/nav_2d_msgs': CMAKE_PREFIX_PATH=${CMAKE_PREFIX_PATH}:/home/bilal/trail_tracer/install/web_gui:/home/bilal/trail_tracer/install/nav2_simple_commander:/home/bilal/learn_ros2_ws/install/web_gui:/home/bilal/learn_ros2_ws/install/nav2_simple_commander:/home/bilal/ros2_ws/install/web_gui:/home/bilal/ros2_ws/install/opencv_tools:/home/bilal/ros2_ws/install/biy1_ros360_py:/opt/ros/humble /usr/bin/cmake --build /home/bilal/trail_tracer/build/nav_2d_msgs -- -j12 -l12
[0.253s] [ 11%] Built target nav_2d_msgs__rosidl_generator_c
[0.283s] [ 12%] Built target nav_2d_msgs__cpp
[0.349s] [ 12%] Built target ament_cmake_python_copy_nav_2d_msgs
[0.360s] [ 23%] Built target nav_2d_msgs__rosidl_typesupport_c
[0.394s] [ 50%] Built target nav_2d_msgs__rosidl_typesupport_fastrtps_c
[0.394s] [ 50%] Built target nav_2d_msgs__rosidl_typesupport_cpp
[0.395s] [ 57%] Built target nav_2d_msgs__rosidl_typesupport_introspection_c
[0.399s] [ 69%] Built target nav_2d_msgs__rosidl_typesupport_fastrtps_cpp
[0.403s] [ 80%] Built target nav_2d_msgs__rosidl_typesupport_introspection_cpp
[0.463s] [ 80%] Built target nav_2d_msgs
[0.516s] [ 81%] Built target nav_2d_msgs__py
[0.574s] [ 91%] Built target nav_2d_msgs__rosidl_generator_py
[0.645s] [ 94%] Built target nav_2d_msgs__rosidl_typesupport_fastrtps_c__pyext
[0.646s] [ 97%] Built target nav_2d_msgs__rosidl_typesupport_introspection_c__pyext
[0.649s] [100%] Built target nav_2d_msgs__rosidl_typesupport_c__pyext
[0.814s] running egg_info
[0.814s] writing nav_2d_msgs.egg-info/PKG-INFO
[0.815s] writing dependency_links to nav_2d_msgs.egg-info/dependency_links.txt
[0.815s] writing top-level names to nav_2d_msgs.egg-info/top_level.txt
[0.816s] reading manifest file 'nav_2d_msgs.egg-info/SOURCES.txt'
[0.816s] writing manifest file 'nav_2d_msgs.egg-info/SOURCES.txt'
[0.879s] [100%] Built target ament_cmake_python_build_nav_2d_msgs_egg
[0.917s] Invoked command in '/home/bilal/trail_tracer/build/nav_2d_msgs' returned '0': CMAKE_PREFIX_PATH=${CMAKE_PREFIX_PATH}:/home/bilal/trail_tracer/install/web_gui:/home/bilal/trail_tracer/install/nav2_simple_commander:/home/bilal/learn_ros2_ws/install/web_gui:/home/bilal/learn_ros2_ws/install/nav2_simple_commander:/home/bilal/ros2_ws/install/web_gui:/home/bilal/ros2_ws/install/opencv_tools:/home/bilal/ros2_ws/install/biy1_ros360_py:/opt/ros/humble /usr/bin/cmake --build /home/bilal/trail_tracer/build/nav_2d_msgs -- -j12 -l12
[1.624s] Invoking command in '/home/bilal/trail_tracer/build/nav_2d_msgs': CMAKE_PREFIX_PATH=${CMAKE_PREFIX_PATH}:/home/bilal/trail_tracer/install/web_gui:/home/bilal/trail_tracer/install/nav2_simple_commander:/home/bilal/learn_ros2_ws/install/web_gui:/home/bilal/learn_ros2_ws/install/nav2_simple_commander:/home/bilal/ros2_ws/install/web_gui:/home/bilal/ros2_ws/install/opencv_tools:/home/bilal/ros2_ws/install/biy1_ros360_py:/opt/ros/humble /usr/bin/cmake --install /home/bilal/trail_tracer/build/nav_2d_msgs
[1.642s] -- Install configuration: ""
[1.642s] -- Up-to-date: /home/bilal/trail_tracer/install/nav_2d_msgs/share/ament_index/resource_index/rosidl_interfaces/nav_2d_msgs
[1.642s] -- Up-to-date: /home/bilal/trail_tracer/install/nav_2d_msgs/include/nav_2d_msgs/nav_2d_msgs
[1.642s] -- Up-to-date: /home/bilal/trail_tracer/install/nav_2d_msgs/include/nav_2d_msgs/nav_2d_msgs/msg
[1.642s] -- Up-to-date: /home/bilal/trail_tracer/install/nav_2d_msgs/include/nav_2d_msgs/nav_2d_msgs/msg/rosidl_generator_c__visibility_control.h
[1.642s] -- Up-to-date: /home/bilal/trail_tracer/install/nav_2d_msgs/include/nav_2d_msgs/nav_2d_msgs/msg/twist2_d32.h
[1.642s] -- Up-to-date: /home/bilal/trail_tracer/install/nav_2d_msgs/include/nav_2d_msgs/nav_2d_msgs/msg/twist2_d.h
[1.642s] -- Up-to-date: /home/bilal/trail_tracer/install/nav_2d_msgs/include/nav_2d_msgs/nav_2d_msgs/msg/twist2_d_stamped.h
[1.642s] -- Up-to-date: /home/bilal/trail_tracer/install/nav_2d_msgs/include/nav_2d_msgs/nav_2d_msgs/msg/pose2_d_stamped.h
[1.643s] -- Up-to-date: /home/bilal/trail_tracer/install/nav_2d_msgs/include/nav_2d_msgs/nav_2d_msgs/msg/pose2_d32.h
[1.643s] -- Up-to-date: /home/bilal/trail_tracer/install/nav_2d_msgs/include/nav_2d_msgs/nav_2d_msgs/msg/path2_d.h
[1.643s] -- Up-to-date: /home/bilal/trail_tracer/install/nav_2d_msgs/include/nav_2d_msgs/nav_2d_msgs/msg/detail
[1.643s] -- Up-to-date: /home/bilal/trail_tracer/install/nav_2d_msgs/include/nav_2d_msgs/nav_2d_msgs/msg/detail/path2_d__struct.h
[1.643s] -- Up-to-date: /home/bilal/trail_tracer/install/nav_2d_msgs/include/nav_2d_msgs/nav_2d_msgs/msg/detail/twist2_d__functions.c
[1.643s] -- Up-to-date: /home/bilal/trail_tracer/install/nav_2d_msgs/include/nav_2d_msgs/nav_2d_msgs/msg/detail/path2_d__type_support.h
[1.643s] -- Up-to-date: /home/bilal/trail_tracer/install/nav_2d_msgs/include/nav_2d_msgs/nav_2d_msgs/msg/detail/pose2_d32__struct.h
[1.643s] -- Up-to-date: /home/bilal/trail_tracer/install/nav_2d_msgs/include/nav_2d_msgs/nav_2d_msgs/msg/detail/pose2_d32__functions.c
[1.643s] -- Up-to-date: /home/bilal/trail_tracer/install/nav_2d_msgs/include/nav_2d_msgs/nav_2d_msgs/msg/detail/pose2_d32__type_support.h
[1.644s] -- Up-to-date: /home/bilal/trail_tracer/install/nav_2d_msgs/include/nav_2d_msgs/nav_2d_msgs/msg/detail/twist2_d__functions.h
[1.644s] -- Up-to-date: /home/bilal/trail_tracer/install/nav_2d_msgs/include/nav_2d_msgs/nav_2d_msgs/msg/detail/path2_d__functions.h
[1.644s] -- Up-to-date: /home/bilal/trail_tracer/install/nav_2d_msgs/include/nav_2d_msgs/nav_2d_msgs/msg/detail/twist2_d32__functions.c
[1.644s] -- Up-to-date: /home/bilal/trail_tracer/install/nav_2d_msgs/include/nav_2d_msgs/nav_2d_msgs/msg/detail/pose2_d32__functions.h
[1.644s] -- Up-to-date: /home/bilal/trail_tracer/install/nav_2d_msgs/include/nav_2d_msgs/nav_2d_msgs/msg/detail/pose2_d_stamped__functions.h
[1.644s] -- Up-to-date: /home/bilal/trail_tracer/install/nav_2d_msgs/include/nav_2d_msgs/nav_2d_msgs/msg/detail/twist2_d_stamped__struct.h
[1.644s] -- Up-to-date: /home/bilal/trail_tracer/install/nav_2d_msgs/include/nav_2d_msgs/nav_2d_msgs/msg/detail/twist2_d_stamped__functions.h
[1.644s] -- Up-to-date: /home/bilal/trail_tracer/install/nav_2d_msgs/include/nav_2d_msgs/nav_2d_msgs/msg/detail/twist2_d_stamped__functions.c
[1.644s] -- Up-to-date: /home/bilal/trail_tracer/install/nav_2d_msgs/include/nav_2d_msgs/nav_2d_msgs/msg/detail/twist2_d__struct.h
[1.644s] -- Up-to-date: /home/bilal/trail_tracer/install/nav_2d_msgs/include/nav_2d_msgs/nav_2d_msgs/msg/detail/twist2_d_stamped__type_support.h
[1.644s] -- Up-to-date: /home/bilal/trail_tracer/install/nav_2d_msgs/include/nav_2d_msgs/nav_2d_msgs/msg/detail/pose2_d_stamped__type_support.h
[1.644s] -- Up-to-date: /home/bilal/trail_tracer/install/nav_2d_msgs/include/nav_2d_msgs/nav_2d_msgs/msg/detail/twist2_d32__type_support.h
[1.644s] -- Up-to-date: /home/bilal/trail_tracer/install/nav_2d_msgs/include/nav_2d_msgs/nav_2d_msgs/msg/detail/twist2_d32__functions.h
[1.645s] -- Up-to-date: /home/bilal/trail_tracer/install/nav_2d_msgs/include/nav_2d_msgs/nav_2d_msgs/msg/detail/path2_d__functions.c
[1.645s] -- Up-to-date: /home/bilal/trail_tracer/install/nav_2d_msgs/include/nav_2d_msgs/nav_2d_msgs/msg/detail/twist2_d32__struct.h
[1.645s] -- Up-to-date: /home/bilal/trail_tracer/install/nav_2d_msgs/include/nav_2d_msgs/nav_2d_msgs/msg/detail/twist2_d__type_support.h
[1.645s] -- Up-to-date: /home/bilal/trail_tracer/install/nav_2d_msgs/include/nav_2d_msgs/nav_2d_msgs/msg/detail/pose2_d_stamped__functions.c
[1.645s] -- Up-to-date: /home/bilal/trail_tracer/install/nav_2d_msgs/include/nav_2d_msgs/nav_2d_msgs/msg/detail/pose2_d_stamped__struct.h
[1.645s] -- Up-to-date: /home/bilal/trail_tracer/install/nav_2d_msgs/share/nav_2d_msgs/environment/library_path.sh
[1.645s] -- Up-to-date: /home/bilal/trail_tracer/install/nav_2d_msgs/share/nav_2d_msgs/environment/library_path.dsv
[1.646s] -- Up-to-date: /home/bilal/trail_tracer/install/nav_2d_msgs/lib/libnav_2d_msgs__rosidl_generator_c.so
[1.646s] -- Up-to-date: /home/bilal/trail_tracer/install/nav_2d_msgs/include/nav_2d_msgs/nav_2d_msgs
[1.646s] -- Up-to-date: /home/bilal/trail_tracer/install/nav_2d_msgs/include/nav_2d_msgs/nav_2d_msgs/msg
[1.646s] -- Up-to-date: /home/bilal/trail_tracer/install/nav_2d_msgs/include/nav_2d_msgs/nav_2d_msgs/msg/rosidl_typesupport_fastrtps_c__visibility_control.h
[1.646s] -- Up-to-date: /home/bilal/trail_tracer/install/nav_2d_msgs/include/nav_2d_msgs/nav_2d_msgs/msg/detail
[1.646s] -- Up-to-date: /home/bilal/trail_tracer/install/nav_2d_msgs/include/nav_2d_msgs/nav_2d_msgs/msg/detail/twist2_d__rosidl_typesupport_fastrtps_c.h
[1.646s] -- Up-to-date: /home/bilal/trail_tracer/install/nav_2d_msgs/include/nav_2d_msgs/nav_2d_msgs/msg/detail/twist2_d32__rosidl_typesupport_fastrtps_c.h
[1.646s] -- Up-to-date: /home/bilal/trail_tracer/install/nav_2d_msgs/include/nav_2d_msgs/nav_2d_msgs/msg/detail/pose2_d_stamped__rosidl_typesupport_fastrtps_c.h
[1.646s] -- Up-to-date: /home/bilal/trail_tracer/install/nav_2d_msgs/include/nav_2d_msgs/nav_2d_msgs/msg/detail/pose2_d32__rosidl_typesupport_fastrtps_c.h
[1.646s] -- Up-to-date: /home/bilal/trail_tracer/install/nav_2d_msgs/include/nav_2d_msgs/nav_2d_msgs/msg/detail/twist2_d_stamped__rosidl_typesupport_fastrtps_c.h
[1.646s] -- Up-to-date: /home/bilal/trail_tracer/install/nav_2d_msgs/include/nav_2d_msgs/nav_2d_msgs/msg/detail/path2_d__rosidl_typesupport_fastrtps_c.h
[1.647s] -- Up-to-date: /home/bilal/trail_tracer/install/nav_2d_msgs/lib/libnav_2d_msgs__rosidl_typesupport_fastrtps_c.so
[1.647s] -- Up-to-date: /home/bilal/trail_tracer/install/nav_2d_msgs/include/nav_2d_msgs/nav_2d_msgs
[1.647s] -- Up-to-date: /home/bilal/trail_tracer/install/nav_2d_msgs/include/nav_2d_msgs/nav_2d_msgs/msg
[1.647s] -- Up-to-date: /home/bilal/trail_tracer/install/nav_2d_msgs/include/nav_2d_msgs/nav_2d_msgs/msg/twist2_d32.hpp
[1.647s] -- Up-to-date: /home/bilal/trail_tracer/install/nav_2d_msgs/include/nav_2d_msgs/nav_2d_msgs/msg/pose2_d_stamped.hpp
[1.647s] -- Up-to-date: /home/bilal/trail_tracer/install/nav_2d_msgs/include/nav_2d_msgs/nav_2d_msgs/msg/pose2_d32.hpp
[1.647s] -- Up-to-date: /home/bilal/trail_tracer/install/nav_2d_msgs/include/nav_2d_msgs/nav_2d_msgs/msg/path2_d.hpp
[1.647s] -- Up-to-date: /home/bilal/trail_tracer/install/nav_2d_msgs/include/nav_2d_msgs/nav_2d_msgs/msg/twist2_d_stamped.hpp
[1.647s] -- Up-to-date: /home/bilal/trail_tracer/install/nav_2d_msgs/include/nav_2d_msgs/nav_2d_msgs/msg/twist2_d.hpp
[1.648s] -- Up-to-date: /home/bilal/trail_tracer/install/nav_2d_msgs/include/nav_2d_msgs/nav_2d_msgs/msg/detail
[1.648s] -- Up-to-date: /home/bilal/trail_tracer/install/nav_2d_msgs/include/nav_2d_msgs/nav_2d_msgs/msg/detail/pose2_d32__builder.hpp
[1.648s] -- Up-to-date: /home/bilal/trail_tracer/install/nav_2d_msgs/include/nav_2d_msgs/nav_2d_msgs/msg/detail/path2_d__builder.hpp
[1.648s] -- Up-to-date: /home/bilal/trail_tracer/install/nav_2d_msgs/include/nav_2d_msgs/nav_2d_msgs/msg/detail/twist2_d32__traits.hpp
[1.648s] -- Up-to-date: /home/bilal/trail_tracer/install/nav_2d_msgs/include/nav_2d_msgs/nav_2d_msgs/msg/detail/twist2_d_stamped__traits.hpp
[1.648s] -- Up-to-date: /home/bilal/trail_tracer/install/nav_2d_msgs/include/nav_2d_msgs/nav_2d_msgs/msg/detail/path2_d__struct.hpp
[1.648s] -- Up-to-date: /home/bilal/trail_tracer/install/nav_2d_msgs/include/nav_2d_msgs/nav_2d_msgs/msg/detail/pose2_d_stamped__builder.hpp
[1.648s] -- Up-to-date: /home/bilal/trail_tracer/install/nav_2d_msgs/include/nav_2d_msgs/nav_2d_msgs/msg/detail/path2_d__traits.hpp
[1.648s] -- Up-to-date: /home/bilal/trail_tracer/install/nav_2d_msgs/include/nav_2d_msgs/nav_2d_msgs/msg/detail/pose2_d_stamped__struct.hpp
[1.648s] -- Up-to-date: /home/bilal/trail_tracer/install/nav_2d_msgs/include/nav_2d_msgs/nav_2d_msgs/msg/detail/twist2_d32__builder.hpp
[1.649s] -- Up-to-date: /home/bilal/trail_tracer/install/nav_2d_msgs/include/nav_2d_msgs/nav_2d_msgs/msg/detail/pose2_d32__struct.hpp
[1.649s] -- Up-to-date: /home/bilal/trail_tracer/install/nav_2d_msgs/include/nav_2d_msgs/nav_2d_msgs/msg/detail/twist2_d__struct.hpp
[1.649s] -- Up-to-date: /home/bilal/trail_tracer/install/nav_2d_msgs/include/nav_2d_msgs/nav_2d_msgs/msg/detail/pose2_d32__traits.hpp
[1.649s] -- Up-to-date: /home/bilal/trail_tracer/install/nav_2d_msgs/include/nav_2d_msgs/nav_2d_msgs/msg/detail/twist2_d32__struct.hpp
[1.649s] -- Up-to-date: /home/bilal/trail_tracer/install/nav_2d_msgs/include/nav_2d_msgs/nav_2d_msgs/msg/detail/twist2_d__traits.hpp
[1.649s] -- Up-to-date: /home/bilal/trail_tracer/install/nav_2d_msgs/include/nav_2d_msgs/nav_2d_msgs/msg/detail/twist2_d__builder.hpp
[1.649s] -- Up-to-date: /home/bilal/trail_tracer/install/nav_2d_msgs/include/nav_2d_msgs/nav_2d_msgs/msg/detail/twist2_d_stamped__struct.hpp
[1.649s] -- Up-to-date: /home/bilal/trail_tracer/install/nav_2d_msgs/include/nav_2d_msgs/nav_2d_msgs/msg/detail/pose2_d_stamped__traits.hpp
[1.649s] -- Up-to-date: /home/bilal/trail_tracer/install/nav_2d_msgs/include/nav_2d_msgs/nav_2d_msgs/msg/detail/twist2_d_stamped__builder.hpp
[1.649s] -- Up-to-date: /home/bilal/trail_tracer/install/nav_2d_msgs/include/nav_2d_msgs/nav_2d_msgs
[1.649s] -- Up-to-date: /home/bilal/trail_tracer/install/nav_2d_msgs/include/nav_2d_msgs/nav_2d_msgs/msg
[1.650s] -- Up-to-date: /home/bilal/trail_tracer/install/nav_2d_msgs/include/nav_2d_msgs/nav_2d_msgs/msg/rosidl_typesupport_fastrtps_cpp__visibility_control.h
[1.650s] -- Up-to-date: /home/bilal/trail_tracer/install/nav_2d_msgs/include/nav_2d_msgs/nav_2d_msgs/msg/detail
[1.651s] -- Up-to-date: /home/bilal/trail_tracer/install/nav_2d_msgs/include/nav_2d_msgs/nav_2d_msgs/msg/detail/twist2_d32__rosidl_typesupport_fastrtps_cpp.hpp
[1.651s] -- Up-to-date: /home/bilal/trail_tracer/install/nav_2d_msgs/include/nav_2d_msgs/nav_2d_msgs/msg/detail/pose2_d_stamped__rosidl_typesupport_fastrtps_cpp.hpp
[1.651s] -- Up-to-date: /home/bilal/trail_tracer/install/nav_2d_msgs/include/nav_2d_msgs/nav_2d_msgs/msg/detail/path2_d__rosidl_typesupport_fastrtps_cpp.hpp
[1.651s] -- Up-to-date: /home/bilal/trail_tracer/install/nav_2d_msgs/include/nav_2d_msgs/nav_2d_msgs/msg/detail/pose2_d32__rosidl_typesupport_fastrtps_cpp.hpp
[1.651s] -- Up-to-date: /home/bilal/trail_tracer/install/nav_2d_msgs/include/nav_2d_msgs/nav_2d_msgs/msg/detail/twist2_d__rosidl_typesupport_fastrtps_cpp.hpp
[1.651s] -- Up-to-date: /home/bilal/trail_tracer/install/nav_2d_msgs/include/nav_2d_msgs/nav_2d_msgs/msg/detail/twist2_d_stamped__rosidl_typesupport_fastrtps_cpp.hpp
[1.651s] -- Up-to-date: /home/bilal/trail_tracer/install/nav_2d_msgs/include/nav_2d_msgs/nav_2d_msgs/msg/detail/dds_fastrtps
[1.651s] -- Up-to-date: /home/bilal/trail_tracer/install/nav_2d_msgs/lib/libnav_2d_msgs__rosidl_typesupport_fastrtps_cpp.so
[1.651s] -- Up-to-date: /home/bilal/trail_tracer/install/nav_2d_msgs/include/nav_2d_msgs/nav_2d_msgs
[1.653s] -- Up-to-date: /home/bilal/trail_tracer/install/nav_2d_msgs/include/nav_2d_msgs/nav_2d_msgs/msg
[1.654s] -- Up-to-date: /home/bilal/trail_tracer/install/nav_2d_msgs/include/nav_2d_msgs/nav_2d_msgs/msg/detail
[1.654s] -- Up-to-date: /home/bilal/trail_tracer/install/nav_2d_msgs/include/nav_2d_msgs/nav_2d_msgs/msg/detail/path2_d__rosidl_typesupport_introspection_c.h
[1.654s] -- Up-to-date: /home/bilal/trail_tracer/install/nav_2d_msgs/include/nav_2d_msgs/nav_2d_msgs/msg/detail/twist2_d32__rosidl_typesupport_introspection_c.h
[1.654s] -- Up-to-date: /home/bilal/trail_tracer/install/nav_2d_msgs/include/nav_2d_msgs/nav_2d_msgs/msg/detail/path2_d__type_support.c
[1.654s] -- Up-to-date: /home/bilal/trail_tracer/install/nav_2d_msgs/include/nav_2d_msgs/nav_2d_msgs/msg/detail/twist2_d_stamped__rosidl_typesupport_introspection_c.h
[1.654s] -- Up-to-date: /home/bilal/trail_tracer/install/nav_2d_msgs/include/nav_2d_msgs/nav_2d_msgs/msg/detail/pose2_d_stamped__type_support.c
[1.655s] -- Up-to-date: /home/bilal/trail_tracer/install/nav_2d_msgs/include/nav_2d_msgs/nav_2d_msgs/msg/detail/pose2_d32__type_support.c
[1.655s] -- Up-to-date: /home/bilal/trail_tracer/install/nav_2d_msgs/include/nav_2d_msgs/nav_2d_msgs/msg/detail/pose2_d_stamped__rosidl_typesupport_introspection_c.h
[1.657s] -- Up-to-date: /home/bilal/trail_tracer/install/nav_2d_msgs/include/nav_2d_msgs/nav_2d_msgs/msg/detail/twist2_d32__type_support.c
[1.657s] -- Up-to-date: /home/bilal/trail_tracer/install/nav_2d_msgs/include/nav_2d_msgs/nav_2d_msgs/msg/detail/twist2_d__type_support.c
[1.657s] -- Up-to-date: /home/bilal/trail_tracer/install/nav_2d_msgs/include/nav_2d_msgs/nav_2d_msgs/msg/detail/pose2_d32__rosidl_typesupport_introspection_c.h
[1.657s] -- Up-to-date: /home/bilal/trail_tracer/install/nav_2d_msgs/include/nav_2d_msgs/nav_2d_msgs/msg/detail/twist2_d_stamped__type_support.c
[1.657s] -- Up-to-date: /home/bilal/trail_tracer/install/nav_2d_msgs/include/nav_2d_msgs/nav_2d_msgs/msg/detail/twist2_d__rosidl_typesupport_introspection_c.h
[1.657s] -- Up-to-date: /home/bilal/trail_tracer/install/nav_2d_msgs/include/nav_2d_msgs/nav_2d_msgs/msg/rosidl_typesupport_introspection_c__visibility_control.h
[1.657s] -- Up-to-date: /home/bilal/trail_tracer/install/nav_2d_msgs/lib/libnav_2d_msgs__rosidl_typesupport_introspection_c.so
[1.657s] -- Up-to-date: /home/bilal/trail_tracer/install/nav_2d_msgs/lib/libnav_2d_msgs__rosidl_typesupport_c.so
[1.657s] -- Up-to-date: /home/bilal/trail_tracer/install/nav_2d_msgs/include/nav_2d_msgs/nav_2d_msgs
[1.657s] -- Up-to-date: /home/bilal/trail_tracer/install/nav_2d_msgs/include/nav_2d_msgs/nav_2d_msgs/msg
[1.657s] -- Up-to-date: /home/bilal/trail_tracer/install/nav_2d_msgs/include/nav_2d_msgs/nav_2d_msgs/msg/detail
[1.657s] -- Up-to-date: /home/bilal/trail_tracer/install/nav_2d_msgs/include/nav_2d_msgs/nav_2d_msgs/msg/detail/twist2_d__rosidl_typesupport_introspection_cpp.hpp
[1.658s] -- Up-to-date: /home/bilal/trail_tracer/install/nav_2d_msgs/include/nav_2d_msgs/nav_2d_msgs/msg/detail/pose2_d_stamped__type_support.cpp
[1.658s] -- Up-to-date: /home/bilal/trail_tracer/install/nav_2d_msgs/include/nav_2d_msgs/nav_2d_msgs/msg/detail/pose2_d32__rosidl_typesupport_introspection_cpp.hpp
[1.658s] -- Up-to-date: /home/bilal/trail_tracer/install/nav_2d_msgs/include/nav_2d_msgs/nav_2d_msgs/msg/detail/twist2_d__type_support.cpp
[1.659s] -- Up-to-date: /home/bilal/trail_tracer/install/nav_2d_msgs/include/nav_2d_msgs/nav_2d_msgs/msg/detail/twist2_d_stamped__rosidl_typesupport_introspection_cpp.hpp
[1.659s] -- Up-to-date: /home/bilal/trail_tracer/install/nav_2d_msgs/include/nav_2d_msgs/nav_2d_msgs/msg/detail/pose2_d32__type_support.cpp
[1.659s] -- Up-to-date: /home/bilal/trail_tracer/install/nav_2d_msgs/include/nav_2d_msgs/nav_2d_msgs/msg/detail/twist2_d32__type_support.cpp
[1.659s] -- Up-to-date: /home/bilal/trail_tracer/install/nav_2d_msgs/include/nav_2d_msgs/nav_2d_msgs/msg/detail/pose2_d_stamped__rosidl_typesupport_introspection_cpp.hpp
[1.659s] -- Up-to-date: /home/bilal/trail_tracer/install/nav_2d_msgs/include/nav_2d_msgs/nav_2d_msgs/msg/detail/twist2_d32__rosidl_typesupport_introspection_cpp.hpp
[1.659s] -- Up-to-date: /home/bilal/trail_tracer/install/nav_2d_msgs/include/nav_2d_msgs/nav_2d_msgs/msg/detail/path2_d__type_support.cpp
[1.659s] -- Up-to-date: /home/bilal/trail_tracer/install/nav_2d_msgs/include/nav_2d_msgs/nav_2d_msgs/msg/detail/twist2_d_stamped__type_support.cpp
[1.659s] -- Up-to-date: /home/bilal/trail_tracer/install/nav_2d_msgs/include/nav_2d_msgs/nav_2d_msgs/msg/detail/path2_d__rosidl_typesupport_introspection_cpp.hpp
[1.661s] -- Up-to-date: /home/bilal/trail_tracer/install/nav_2d_msgs/lib/libnav_2d_msgs__rosidl_typesupport_introspection_cpp.so
[1.662s] -- Up-to-date: /home/bilal/trail_tracer/install/nav_2d_msgs/lib/libnav_2d_msgs__rosidl_typesupport_cpp.so
[1.662s] -- Up-to-date: /home/bilal/trail_tracer/install/nav_2d_msgs/share/nav_2d_msgs/environment/pythonpath.sh
[1.663s] -- Up-to-date: /home/bilal/trail_tracer/install/nav_2d_msgs/share/nav_2d_msgs/environment/pythonpath.dsv
[1.663s] -- Up-to-date: /home/bilal/trail_tracer/install/nav_2d_msgs/local/lib/python3.10/dist-packages/nav_2d_msgs-1.1.13-py3.10.egg-info
[1.664s] -- Installing: /home/bilal/trail_tracer/install/nav_2d_msgs/local/lib/python3.10/dist-packages/nav_2d_msgs-1.1.13-py3.10.egg-info/PKG-INFO
[1.664s] -- Installing: /home/bilal/trail_tracer/install/nav_2d_msgs/local/lib/python3.10/dist-packages/nav_2d_msgs-1.1.13-py3.10.egg-info/top_level.txt
[1.664s] -- Installing: /home/bilal/trail_tracer/install/nav_2d_msgs/local/lib/python3.10/dist-packages/nav_2d_msgs-1.1.13-py3.10.egg-info/dependency_links.txt
[1.664s] -- Installing: /home/bilal/trail_tracer/install/nav_2d_msgs/local/lib/python3.10/dist-packages/nav_2d_msgs-1.1.13-py3.10.egg-info/SOURCES.txt
[1.664s] -- Up-to-date: /home/bilal/trail_tracer/install/nav_2d_msgs/local/lib/python3.10/dist-packages/nav_2d_msgs
[1.665s] -- Up-to-date: /home/bilal/trail_tracer/install/nav_2d_msgs/local/lib/python3.10/dist-packages/nav_2d_msgs/nav_2d_msgs_s__rosidl_typesupport_introspection_c.cpython-310-x86_64-linux-gnu.so
[1.665s] -- Up-to-date: /home/bilal/trail_tracer/install/nav_2d_msgs/local/lib/python3.10/dist-packages/nav_2d_msgs/_nav_2d_msgs_s.ep.rosidl_typesupport_fastrtps_c.c
[1.665s] -- Up-to-date: /home/bilal/trail_tracer/install/nav_2d_msgs/local/lib/python3.10/dist-packages/nav_2d_msgs/libnav_2d_msgs__rosidl_generator_py.so
[1.665s] -- Up-to-date: /home/bilal/trail_tracer/install/nav_2d_msgs/local/lib/python3.10/dist-packages/nav_2d_msgs/nav_2d_msgs_s__rosidl_typesupport_fastrtps_c.cpython-310-x86_64-linux-gnu.so
[1.665s] -- Up-to-date: /home/bilal/trail_tracer/install/nav_2d_msgs/local/lib/python3.10/dist-packages/nav_2d_msgs/__init__.py
[1.665s] -- Up-to-date: /home/bilal/trail_tracer/install/nav_2d_msgs/local/lib/python3.10/dist-packages/nav_2d_msgs/_nav_2d_msgs_s.ep.rosidl_typesupport_introspection_c.c
[1.665s] -- Up-to-date: /home/bilal/trail_tracer/install/nav_2d_msgs/local/lib/python3.10/dist-packages/nav_2d_msgs/msg
[1.665s] -- Up-to-date: /home/bilal/trail_tracer/install/nav_2d_msgs/local/lib/python3.10/dist-packages/nav_2d_msgs/msg/_pose2_d_stamped_s.c
[1.666s] -- Up-to-date: /home/bilal/trail_tracer/install/nav_2d_msgs/local/lib/python3.10/dist-packages/nav_2d_msgs/msg/_path2_d.py
[1.666s] -- Up-to-date: /home/bilal/trail_tracer/install/nav_2d_msgs/local/lib/python3.10/dist-packages/nav_2d_msgs/msg/_path2_d_s.c
[1.666s] -- Up-to-date: /home/bilal/trail_tracer/install/nav_2d_msgs/local/lib/python3.10/dist-packages/nav_2d_msgs/msg/_twist2_d32.py
[1.666s] -- Up-to-date: /home/bilal/trail_tracer/install/nav_2d_msgs/local/lib/python3.10/dist-packages/nav_2d_msgs/msg/_pose2_d32.py
[1.666s] -- Up-to-date: /home/bilal/trail_tracer/install/nav_2d_msgs/local/lib/python3.10/dist-packages/nav_2d_msgs/msg/__init__.py
[1.666s] -- Up-to-date: /home/bilal/trail_tracer/install/nav_2d_msgs/local/lib/python3.10/dist-packages/nav_2d_msgs/msg/_twist2_d.py
[1.666s] -- Up-to-date: /home/bilal/trail_tracer/install/nav_2d_msgs/local/lib/python3.10/dist-packages/nav_2d_msgs/msg/_pose2_d_stamped.py
[1.666s] -- Up-to-date: /home/bilal/trail_tracer/install/nav_2d_msgs/local/lib/python3.10/dist-packages/nav_2d_msgs/msg/_twist2_d32_s.c
[1.666s] -- Up-to-date: /home/bilal/trail_tracer/install/nav_2d_msgs/local/lib/python3.10/dist-packages/nav_2d_msgs/msg/_pose2_d32_s.c
[1.666s] -- Up-to-date: /home/bilal/trail_tracer/install/nav_2d_msgs/local/lib/python3.10/dist-packages/nav_2d_msgs/msg/_twist2_d_s.c
[1.666s] -- Up-to-date: /home/bilal/trail_tracer/install/nav_2d_msgs/local/lib/python3.10/dist-packages/nav_2d_msgs/msg/_twist2_d_stamped_s.c
[1.666s] -- Up-to-date: /home/bilal/trail_tracer/install/nav_2d_msgs/local/lib/python3.10/dist-packages/nav_2d_msgs/msg/_twist2_d_stamped.py
[1.666s] -- Up-to-date: /home/bilal/trail_tracer/install/nav_2d_msgs/local/lib/python3.10/dist-packages/nav_2d_msgs/_nav_2d_msgs_s.ep.rosidl_typesupport_c.c
[1.666s] -- Up-to-date: /home/bilal/trail_tracer/install/nav_2d_msgs/local/lib/python3.10/dist-packages/nav_2d_msgs/nav_2d_msgs_s__rosidl_typesupport_c.cpython-310-x86_64-linux-gnu.so
[1.695s] Listing '/home/bilal/trail_tracer/install/nav_2d_msgs/local/lib/python3.10/dist-packages/nav_2d_msgs'...
[1.696s] Listing '/home/bilal/trail_tracer/install/nav_2d_msgs/local/lib/python3.10/dist-packages/nav_2d_msgs/msg'...
[1.701s] -- Up-to-date: /home/bilal/trail_tracer/install/nav_2d_msgs/local/lib/python3.10/dist-packages/nav_2d_msgs/nav_2d_msgs_s__rosidl_typesupport_fastrtps_c.cpython-310-x86_64-linux-gnu.so
[1.701s] -- Up-to-date: /home/bilal/trail_tracer/install/nav_2d_msgs/local/lib/python3.10/dist-packages/nav_2d_msgs/nav_2d_msgs_s__rosidl_typesupport_introspection_c.cpython-310-x86_64-linux-gnu.so
[1.702s] -- Up-to-date: /home/bilal/trail_tracer/install/nav_2d_msgs/local/lib/python3.10/dist-packages/nav_2d_msgs/nav_2d_msgs_s__rosidl_typesupport_c.cpython-310-x86_64-linux-gnu.so
[1.702s] -- Up-to-date: /home/bilal/trail_tracer/install/nav_2d_msgs/lib/libnav_2d_msgs__rosidl_generator_py.so
[1.702s] -- Up-to-date: /home/bilal/trail_tracer/install/nav_2d_msgs/share/nav_2d_msgs/msg/Path2D.idl
[1.702s] -- Up-to-date: /home/bilal/trail_tracer/install/nav_2d_msgs/share/nav_2d_msgs/msg/Pose2D32.idl
[1.702s] -- Up-to-date: /home/bilal/trail_tracer/install/nav_2d_msgs/share/nav_2d_msgs/msg/Pose2DStamped.idl
[1.702s] -- Up-to-date: /home/bilal/trail_tracer/install/nav_2d_msgs/share/nav_2d_msgs/msg/Twist2D.idl
[1.703s] -- Up-to-date: /home/bilal/trail_tracer/install/nav_2d_msgs/share/nav_2d_msgs/msg/Twist2D32.idl
[1.703s] -- Up-to-date: /home/bilal/trail_tracer/install/nav_2d_msgs/share/nav_2d_msgs/msg/Twist2DStamped.idl
[1.703s] -- Up-to-date: /home/bilal/trail_tracer/install/nav_2d_msgs/share/nav_2d_msgs/msg/Path2D.msg
[1.703s] -- Up-to-date: /home/bilal/trail_tracer/install/nav_2d_msgs/share/nav_2d_msgs/msg/Pose2D32.msg
[1.703s] -- Up-to-date: /home/bilal/trail_tracer/install/nav_2d_msgs/share/nav_2d_msgs/msg/Pose2DStamped.msg
[1.703s] -- Up-to-date: /home/bilal/trail_tracer/install/nav_2d_msgs/share/nav_2d_msgs/msg/Twist2D.msg
[1.703s] -- Up-to-date: /home/bilal/trail_tracer/install/nav_2d_msgs/share/nav_2d_msgs/msg/Twist2D32.msg
[1.703s] -- Up-to-date: /home/bilal/trail_tracer/install/nav_2d_msgs/share/nav_2d_msgs/msg/Twist2DStamped.msg
[1.703s] -- Up-to-date: /home/bilal/trail_tracer/install/nav_2d_msgs/share/ament_index/resource_index/package_run_dependencies/nav_2d_msgs
[1.703s] -- Up-to-date: /home/bilal/trail_tracer/install/nav_2d_msgs/share/ament_index/resource_index/parent_prefix_path/nav_2d_msgs
[1.703s] -- Up-to-date: /home/bilal/trail_tracer/install/nav_2d_msgs/share/nav_2d_msgs/environment/ament_prefix_path.sh
[1.703s] -- Up-to-date: /home/bilal/trail_tracer/install/nav_2d_msgs/share/nav_2d_msgs/environment/ament_prefix_path.dsv
[1.704s] -- Up-to-date: /home/bilal/trail_tracer/install/nav_2d_msgs/share/nav_2d_msgs/environment/path.sh
[1.704s] -- Up-to-date: /home/bilal/trail_tracer/install/nav_2d_msgs/share/nav_2d_msgs/environment/path.dsv
[1.704s] -- Up-to-date: /home/bilal/trail_tracer/install/nav_2d_msgs/share/nav_2d_msgs/local_setup.bash
[1.704s] -- Up-to-date: /home/bilal/trail_tracer/install/nav_2d_msgs/share/nav_2d_msgs/local_setup.sh
[1.704s] -- Up-to-date: /home/bilal/trail_tracer/install/nav_2d_msgs/share/nav_2d_msgs/local_setup.zsh
[1.704s] -- Up-to-date: /home/bilal/trail_tracer/install/nav_2d_msgs/share/nav_2d_msgs/local_setup.dsv
[1.704s] -- Installing: /home/bilal/trail_tracer/install/nav_2d_msgs/share/nav_2d_msgs/package.dsv
[1.704s] -- Up-to-date: /home/bilal/trail_tracer/install/nav_2d_msgs/share/ament_index/resource_index/packages/nav_2d_msgs
[1.704s] -- Up-to-date: /home/bilal/trail_tracer/install/nav_2d_msgs/share/nav_2d_msgs/cmake/export_nav_2d_msgs__rosidl_generator_cExport.cmake
[1.705s] -- Up-to-date: /home/bilal/trail_tracer/install/nav_2d_msgs/share/nav_2d_msgs/cmake/export_nav_2d_msgs__rosidl_generator_cExport-noconfig.cmake
[1.705s] -- Up-to-date: /home/bilal/trail_tracer/install/nav_2d_msgs/share/nav_2d_msgs/cmake/export_nav_2d_msgs__rosidl_typesupport_fastrtps_cExport.cmake
[1.705s] -- Up-to-date: /home/bilal/trail_tracer/install/nav_2d_msgs/share/nav_2d_msgs/cmake/export_nav_2d_msgs__rosidl_typesupport_fastrtps_cExport-noconfig.cmake
[1.705s] -- Up-to-date: /home/bilal/trail_tracer/install/nav_2d_msgs/share/nav_2d_msgs/cmake/export_nav_2d_msgs__rosidl_generator_cppExport.cmake
[1.705s] -- Up-to-date: /home/bilal/trail_tracer/install/nav_2d_msgs/share/nav_2d_msgs/cmake/export_nav_2d_msgs__rosidl_typesupport_fastrtps_cppExport.cmake
[1.705s] -- Up-to-date: /home/bilal/trail_tracer/install/nav_2d_msgs/share/nav_2d_msgs/cmake/export_nav_2d_msgs__rosidl_typesupport_fastrtps_cppExport-noconfig.cmake
[1.705s] -- Up-to-date: /home/bilal/trail_tracer/install/nav_2d_msgs/share/nav_2d_msgs/cmake/nav_2d_msgs__rosidl_typesupport_introspection_cExport.cmake
[1.705s] -- Up-to-date: /home/bilal/trail_tracer/install/nav_2d_msgs/share/nav_2d_msgs/cmake/nav_2d_msgs__rosidl_typesupport_introspection_cExport-noconfig.cmake
[1.705s] -- Up-to-date: /home/bilal/trail_tracer/install/nav_2d_msgs/share/nav_2d_msgs/cmake/nav_2d_msgs__rosidl_typesupport_cExport.cmake
[1.705s] -- Up-to-date: /home/bilal/trail_tracer/install/nav_2d_msgs/share/nav_2d_msgs/cmake/nav_2d_msgs__rosidl_typesupport_cExport-noconfig.cmake
[1.706s] -- Up-to-date: /home/bilal/trail_tracer/install/nav_2d_msgs/share/nav_2d_msgs/cmake/nav_2d_msgs__rosidl_typesupport_introspection_cppExport.cmake
[1.706s] -- Up-to-date: /home/bilal/trail_tracer/install/nav_2d_msgs/share/nav_2d_msgs/cmake/nav_2d_msgs__rosidl_typesupport_introspection_cppExport-noconfig.cmake
[1.706s] -- Up-to-date: /home/bilal/trail_tracer/install/nav_2d_msgs/share/nav_2d_msgs/cmake/nav_2d_msgs__rosidl_typesupport_cppExport.cmake
[1.706s] -- Up-to-date: /home/bilal/trail_tracer/install/nav_2d_msgs/share/nav_2d_msgs/cmake/nav_2d_msgs__rosidl_typesupport_cppExport-noconfig.cmake
[1.706s] -- Up-to-date: /home/bilal/trail_tracer/install/nav_2d_msgs/share/nav_2d_msgs/cmake/export_nav_2d_msgs__rosidl_generator_pyExport.cmake
[1.706s] -- Up-to-date: /home/bilal/trail_tracer/install/nav_2d_msgs/share/nav_2d_msgs/cmake/export_nav_2d_msgs__rosidl_generator_pyExport-noconfig.cmake
[1.706s] -- Up-to-date: /home/bilal/trail_tracer/install/nav_2d_msgs/share/nav_2d_msgs/cmake/rosidl_cmake-extras.cmake
[1.706s] -- Up-to-date: /home/bilal/trail_tracer/install/nav_2d_msgs/share/nav_2d_msgs/cmake/ament_cmake_export_dependencies-extras.cmake
[1.706s] -- Up-to-date: /home/bilal/trail_tracer/install/nav_2d_msgs/share/nav_2d_msgs/cmake/ament_cmake_export_include_directories-extras.cmake
[1.706s] -- Up-to-date: /home/bilal/trail_tracer/install/nav_2d_msgs/share/nav_2d_msgs/cmake/ament_cmake_export_libraries-extras.cmake
[1.706s] -- Up-to-date: /home/bilal/trail_tracer/install/nav_2d_msgs/share/nav_2d_msgs/cmake/ament_cmake_export_targets-extras.cmake
[1.706s] -- Up-to-date: /home/bilal/trail_tracer/install/nav_2d_msgs/share/nav_2d_msgs/cmake/rosidl_cmake_export_typesupport_targets-extras.cmake
[1.706s] -- Up-to-date: /home/bilal/trail_tracer/install/nav_2d_msgs/share/nav_2d_msgs/cmake/rosidl_cmake_export_typesupport_libraries-extras.cmake
[1.707s] -- Up-to-date: /home/bilal/trail_tracer/install/nav_2d_msgs/share/nav_2d_msgs/cmake/nav_2d_msgsConfig.cmake
[1.707s] -- Up-to-date: /home/bilal/trail_tracer/install/nav_2d_msgs/share/nav_2d_msgs/cmake/nav_2d_msgsConfig-version.cmake
[1.707s] -- Up-to-date: /home/bilal/trail_tracer/install/nav_2d_msgs/share/nav_2d_msgs/package.xml
[1.708s] Invoked command in '/home/bilal/trail_tracer/build/nav_2d_msgs' returned '0': CMAKE_PREFIX_PATH=${CMAKE_PREFIX_PATH}:/home/bilal/trail_tracer/install/web_gui:/home/bilal/trail_tracer/install/nav2_simple_commander:/home/bilal/learn_ros2_ws/install/web_gui:/home/bilal/learn_ros2_ws/install/nav2_simple_commander:/home/bilal/ros2_ws/install/web_gui:/home/bilal/ros2_ws/install/opencv_tools:/home/bilal/ros2_ws/install/biy1_ros360_py:/opt/ros/humble /usr/bin/cmake --install /home/bilal/trail_tracer/build/nav_2d_msgs
